[0.057s] Invoking command in '/home/alumnos/josetost/colcon_ws/src/navigation-grupo-dia-libre-1/build/bt_behavior': CMAKE_PREFIX_PATH=/opt/ros/foxy /usr/bin/cmake --build /home/alumnos/josetost/colcon_ws/src/navigation-grupo-dia-libre-1/build/bt_behavior -- -j8 -l8
[0.113s] -- Found ament_cmake: 0.9.9 (/opt/ros/foxy/share/ament_cmake/cmake)
[0.143s] -- Using PYTHON_EXECUTABLE: /usr/bin/python3
[0.530s] -- Override CMake install command with custom implementation using symlinks instead of copying resources
[0.573s] -- Found rclcpp: 2.4.1 (/opt/ros/foxy/share/rclcpp/cmake)
[0.629s] -- Using all available rosidl_typesupport_c: rosidl_typesupport_fastrtps_c;rosidl_typesupport_introspection_c
[0.634s] -- Found rosidl_adapter: 1.2.1 (/opt/ros/foxy/share/rosidl_adapter/cmake)
[0.846s] -- Using all available rosidl_typesupport_cpp: rosidl_typesupport_fastrtps_cpp;rosidl_typesupport_introspection_cpp
[0.912s] -- Found rmw_implementation_cmake: 1.0.3 (/opt/ros/foxy/share/rmw_implementation_cmake/cmake)
[0.914s] -- Using RMW implementation 'rmw_fastrtps_cpp' as default
[1.105s] -- Found rclcpp_lifecycle: 2.4.1 (/opt/ros/foxy/share/rclcpp_lifecycle/cmake)
[1.142s] -- Found rclcpp_action: 2.4.1 (/opt/ros/foxy/share/rclcpp_action/cmake)
[1.240s] -- Found behaviortree_cpp_v3: 3.6.0 (/opt/ros/foxy/share/behaviortree_cpp_v3/cmake)
[1.242s] -- Found geometry_msgs: 2.0.5 (/opt/ros/foxy/share/geometry_msgs/cmake)
[1.286s] -- Found nav2_msgs: 0.4.7 (/opt/ros/foxy/share/nav2_msgs/cmake)
[1.684s] -- Found ament_index_cpp: 1.1.0 (/opt/ros/foxy/share/ament_index_cpp/cmake)
[1.688s] -- ZeroMQ found.
[1.713s] -- Found ament_lint_auto: 0.9.6 (/opt/ros/foxy/share/ament_lint_auto/cmake)
[1.799s] -- Found gtest sources under '/opt/ros/foxy/src/gtest_vendor': C++ tests using 'Google Test' will be built
[1.889s] -- Added test 'copyright' to check source files copyright and LICENSE
[1.927s] -- Added test 'cppcheck' to perform static code analysis on C / C++ code
[1.928s] -- Configured cppcheck include dirs: /home/alumnos/josetost/colcon_ws/src/navigation-grupo-dia-libre-1/bt_behavior/include
[1.929s] -- Configured cppcheck exclude dirs and/or files: 
[1.951s] -- Added test 'cpplint' to check C / C++ code against the Google style
[1.952s] -- Configured cpplint exclude dirs and/or files: 
[1.955s] -- Added test 'flake8' to check Python code syntax and style conventions
[1.960s] -- Added test 'lint_cmake' to check CMake code style
[1.963s] -- Added test 'pep257' to check Python code against some of the style conventions in PEP 257
[1.986s] -- Added test 'uncrustify' to check C / C++ code style
[1.986s] -- Configured uncrustify additional arguments: 
[1.989s] -- Added test 'xmllint' to check XML markup files
[2.030s] -- Configuring done
[2.461s] -- Generating done
[2.603s] -- Build files have been written to: /home/alumnos/josetost/colcon_ws/src/navigation-grupo-dia-libre-1/build/bt_behavior
[2.680s] [35m[1mScanning dependencies of target br2_move_bt_node[0m
[2.703s] [ 28%] Built target gtest_main
[2.703s] [ 28%] Built target gtest
[2.722s] [ 71%] Built target br2_irf_bt_node
[2.722s] [ 71%] Built target nav_wp
[2.726s] [ 71%] Built target br2_gnw_bt_node
[2.769s] [ 85%] [32mBuilding CXX object CMakeFiles/br2_move_bt_node.dir/src/bt_behavior/Move.cpp.o[0m
[2.773s] [ 85%] Built target bt_action_test
[5.191s] [01m[K/home/alumnos/josetost/colcon_ws/src/navigation-grupo-dia-libre-1/bt_behavior/src/bt_behavior/Move.cpp:[m[K In member function â€˜[01m[Kvirtual BT::NodeStatus bt_behavior::Move::on_success()[m[Kâ€™:
[5.192s] [01m[K/home/alumnos/josetost/colcon_ws/src/navigation-grupo-dia-libre-1/bt_behavior/src/bt_behavior/Move.cpp:60:3:[m[K [01;31m[Kerror: [m[Kâ€˜[01m[Ksuccess_pub[m[Kâ€™ was not declared in this scope; did you mean â€˜[01m[Ksuccess_node[m[Kâ€™?
[5.192s]    60 |   [01;31m[Ksuccess_pub[m[K->publish(beep);
[5.192s]       |   [01;31m[K^~~~~~~~~~~[m[K
[5.192s]       |   [32m[Ksuccess_node[m[K
[5.192s] [01m[K/home/alumnos/josetost/colcon_ws/src/navigation-grupo-dia-libre-1/bt_behavior/src/bt_behavior/Move.cpp:60:24:[m[K [01;31m[Kerror: [m[Kâ€˜[01m[Kbeep[m[Kâ€™ was not declared in this scope
[5.192s]    60 |   success_pub->publish([01;31m[Kbeep[m[K);
[5.193s]       |                        [01;31m[K^~~~[m[K
[5.195s] [01m[K/home/alumnos/josetost/colcon_ws/src/navigation-grupo-dia-libre-1/bt_behavior/src/bt_behavior/Move.cpp:[m[K In member function â€˜[01m[Kvirtual BT::NodeStatus bt_behavior::Move::on_aborted()[m[Kâ€™:
[5.195s] [01m[K/home/alumnos/josetost/colcon_ws/src/navigation-grupo-dia-libre-1/bt_behavior/src/bt_behavior/Move.cpp:76:3:[m[K [01;31m[Kerror: [m[Kâ€˜[01m[Kfail_pub[m[Kâ€™ was not declared in this scope
[5.195s]    76 |   [01;31m[Kfail_pub[m[K->publish(beep);
[5.196s]       |   [01;31m[K^~~~~~~~[m[K
[5.196s] [01m[K/home/alumnos/josetost/colcon_ws/src/navigation-grupo-dia-libre-1/bt_behavior/src/bt_behavior/Move.cpp:76:21:[m[K [01;31m[Kerror: [m[Kâ€˜[01m[Kbeep[m[Kâ€™ was not declared in this scope
[5.196s]    76 |   fail_pub->publish([01;31m[Kbeep[m[K);
[5.197s]       |                     [01;31m[K^~~~[m[K
[5.199s] [01m[K/home/alumnos/josetost/colcon_ws/src/navigation-grupo-dia-libre-1/bt_behavior/src/bt_behavior/Move.cpp:[m[K In member function â€˜[01m[Kvirtual BT::NodeStatus bt_behavior::Move::on_cancelled()[m[Kâ€™:
[5.199s] [01m[K/home/alumnos/josetost/colcon_ws/src/navigation-grupo-dia-libre-1/bt_behavior/src/bt_behavior/Move.cpp:92:3:[m[K [01;31m[Kerror: [m[Kâ€˜[01m[Kcancel_pub[m[Kâ€™ was not declared in this scope
[5.199s]    92 |   [01;31m[Kcancel_pub[m[K->publish(beep);
[5.200s]       |   [01;31m[K^~~~~~~~~~[m[K
[5.200s] [01m[K/home/alumnos/josetost/colcon_ws/src/navigation-grupo-dia-libre-1/bt_behavior/src/bt_behavior/Move.cpp:92:23:[m[K [01;31m[Kerror: [m[Kâ€˜[01m[Kbeep[m[Kâ€™ was not declared in this scope
[5.200s]    92 |   cancel_pub->publish([01;31m[Kbeep[m[K);
[5.201s]       |                       [01;31m[K^~~~[m[K
[6.277s] make[2]: *** [CMakeFiles/br2_move_bt_node.dir/build.make:63: CMakeFiles/br2_move_bt_node.dir/src/bt_behavior/Move.cpp.o] Error 1
[6.279s] make[1]: *** [CMakeFiles/Makefile2:152: CMakeFiles/br2_move_bt_node.dir/all] Error 2
[6.280s] make: *** [Makefile:141: all] Error 2
[6.285s] Invoked command in '/home/alumnos/josetost/colcon_ws/src/navigation-grupo-dia-libre-1/build/bt_behavior' returned '2': CMAKE_PREFIX_PATH=/opt/ros/foxy /usr/bin/cmake --build /home/alumnos/josetost/colcon_ws/src/navigation-grupo-dia-libre-1/build/bt_behavior -- -j8 -l8
