[0.000000] (-) TimerEvent: {}
[0.000170] (bt_behavior) JobQueued: {'identifier': 'bt_behavior', 'dependencies': OrderedDict([('bt_behavior', '/home/alumnos/josetost/colcon_ws/src/navigation-grupo-dia-libre-1/install/bt_behavior')])}
[0.000579] (kobuki_navigation) JobQueued: {'identifier': 'kobuki_navigation', 'dependencies': OrderedDict([('kobuki_navigation', '/home/alumnos/josetost/colcon_ws/src/navigation-grupo-dia-libre-1/install/kobuki_navigation')])}
[0.001652] (bt_behavior) JobStarted: {'identifier': 'bt_behavior'}
[0.098242] (kobuki_navigation) JobStarted: {'identifier': 'kobuki_navigation'}
[0.099063] (-) TimerEvent: {}
[0.153762] (bt_behavior) Command: {'cmd': ['/usr/bin/ctest', '-C', 'Release', '-D', 'ExperimentalTest', '--no-compress-output', '-V', '--force-new-ctest-process'], 'cwd': '/home/alumnos/josetost/colcon_ws/src/navigation-grupo-dia-libre-1/build/bt_behavior', 'env': OrderedDict([('GJS_DEBUG_TOPICS', 'JS ERROR;JS LOG'), ('USER', 'josetost'), ('SSH_AGENT_PID', '101560'), ('XDG_SESSION_TYPE', 'x11'), ('SHLVL', '1'), ('LD_LIBRARY_PATH', '/home/alumnos/josetost/colcon_ws/src/navigation-grupo-dia-libre-1/install/bt_behavior/lib:/usr/lib/x86_64-linux-gnu/gazebo-11/plugins:/opt/ros/foxy/opt/yaml_cpp_vendor/lib:/opt/ros/foxy/opt/rviz_ogre_vendor/lib:/opt/ros/foxy/lib/x86_64-linux-gnu:/opt/ros/foxy/lib'), ('HOME', '/home/alumnos/josetost'), ('OLDPWD', '/home/alumnos/josetost/colcon_ws/src'), ('DESKTOP_SESSION', 'ubuntu'), ('ROS_PYTHON_VERSION', '3'), ('GNOME_SHELL_SESSION_MODE', 'ubuntu'), ('GTK_MODULES', 'gail:atk-bridge'), ('MANAGERPID', '101376'), ('GOROOT', '/usr/lib/go'), ('DBUS_SESSION_BUS_ADDRESS', 'unix:path=/run/user/9374/bus'), ('MESG', 'y'), ('COLORTERM', 'truecolor'), ('MANDATORY_PATH', '/usr/share/gconf/ubuntu.mandatory.path'), ('IM_CONFIG_PHASE', '1'), ('COLCON_PREFIX_PATH', '/home/alumnos/josetost/colcon_ws/install'), ('ROS_DISTRO', 'foxy'), ('LOGNAME', 'josetost'), ('JOURNAL_STREAM', '8:438354'), ('_', '/usr/bin/colcon'), ('ROS_VERSION', '2'), ('XDG_SESSION_CLASS', 'user'), ('DEFAULTS_PATH', '/usr/share/gconf/ubuntu.default.path'), ('USERNAME', 'josetost'), ('TERM', 'xterm-256color'), ('GNOME_DESKTOP_SESSION_ID', 'this-is-deprecated'), ('ROS_LOCALHOST_ONLY', '0'), ('WINDOWPATH', '2'), ('PATH', '/opt/ros/foxy/bin:/usr/local/sbin:/usr/local/bin:/usr/sbin:/usr/bin:/sbin:/bin:/usr/games:/usr/local/games:/usr/lib/go/bin:/opt/puppetlabs/bin/:./'), ('SESSION_MANAGER', 'local/f-l3210-pc24:@/tmp/.ICE-unix/101600,unix/f-l3210-pc24:/tmp/.ICE-unix/101600'), ('INVOCATION_ID', 'efc7516a5ce74a559c7c41caa41e7e04'), ('XDG_MENU_PREFIX', 'gnome-'), ('GNOME_TERMINAL_SCREEN', '/org/gnome/Terminal/screen/3a0758d9_5180_400d_b53e_98a4498e02ac'), ('XDG_RUNTIME_DIR', '/run/user/9374'), ('DISPLAY', ':0'), ('LANG', 'es_ES.UTF-8'), ('XDG_CURRENT_DESKTOP', 'ubuntu:GNOME'), ('XMODIFIERS', '@im=ibus'), ('XDG_SESSION_DESKTOP', 'ubuntu'), ('XAUTHORITY', '/run/user/9374/gdm/Xauthority'), ('GNOME_TERMINAL_SERVICE', ':1.109'), ('SSH_AUTH_SOCK', '/run/user/9374/keyring/ssh'), ('ROS_DOMAIN_ID', '22'), ('AMENT_PREFIX_PATH', '/home/alumnos/josetost/colcon_ws/src/navigation-grupo-dia-libre-1/install/bt_behavior:/opt/ros/foxy'), ('SHELL', '/bin/bash'), ('QT_ACCESSIBILITY', '1'), ('ROS_MASTER_URI', 'http://f-l3202-pc24:11332/'), ('GDMSESSION', 'ubuntu'), ('GPG_AGENT_INFO', '/run/user/9374/gnupg/S.gpg-agent:0:1'), ('GJS_DEBUG_OUTPUT', 'stderr'), ('QT_IM_MODULE', 'ibus'), ('PWD', '/home/alumnos/josetost/colcon_ws/src/navigation-grupo-dia-libre-1/build/bt_behavior'), ('XDG_CONFIG_DIRS', '/etc/xdg/xdg-ubuntu:/etc/xdg'), ('XDG_DATA_DIRS', '/usr/share/ubuntu:/usr/local/share/:/usr/share/'), ('PYTHONPATH', '/opt/ros/foxy/lib/python3.8/site-packages'), ('COLCON', '1'), ('MANPATH', ':/opt/puppetlabs/puppet/share/man'), ('VTE_VERSION', '6003'), ('EDITOR', '/usr/bin/vim'), ('CMAKE_PREFIX_PATH', '/home/alumnos/josetost/colcon_ws/src/navigation-grupo-dia-libre-1/install/bt_behavior')]), 'shell': False}
[0.162060] (kobuki_navigation) JobEnded: {'identifier': 'kobuki_navigation', 'rc': 0}
[0.168083] (bt_behavior) StdoutLine: {'line': b'UpdateCTestConfiguration  from :/home/alumnos/josetost/colcon_ws/src/navigation-grupo-dia-libre-1/build/bt_behavior/CTestConfiguration.ini\n'}
[0.168617] (bt_behavior) StdoutLine: {'line': b'Parse Config file:/home/alumnos/josetost/colcon_ws/src/navigation-grupo-dia-libre-1/build/bt_behavior/CTestConfiguration.ini\n'}
[0.169250] (bt_behavior) StdoutLine: {'line': b'   Site: f-l3210-pc24\n'}
[0.169941] (bt_behavior) StdoutLine: {'line': b'   Build name: (empty)\n'}
[0.170105] (bt_behavior) StdoutLine: {'line': b' Add coverage exclude regular expressions.\n'}
[0.175950] (bt_behavior) StdoutLine: {'line': b'SetCTestConfiguration:CMakeCommand:/usr/bin/cmake\n'}
[0.176314] (bt_behavior) StdoutLine: {'line': b'Create new tag: 20220307-0841 - Experimental\n'}
[0.176660] (bt_behavior) StdoutLine: {'line': b'UpdateCTestConfiguration  from :/home/alumnos/josetost/colcon_ws/src/navigation-grupo-dia-libre-1/build/bt_behavior/CTestConfiguration.ini\n'}
[0.176860] (bt_behavior) StdoutLine: {'line': b'Parse Config file:/home/alumnos/josetost/colcon_ws/src/navigation-grupo-dia-libre-1/build/bt_behavior/CTestConfiguration.ini\n'}
[0.177377] (bt_behavior) StdoutLine: {'line': b'Test project /home/alumnos/josetost/colcon_ws/src/navigation-grupo-dia-libre-1/build/bt_behavior\n'}
[0.177718] (bt_behavior) StdoutLine: {'line': b'Constructing a list of tests\n'}
[0.178745] (bt_behavior) StdoutLine: {'line': b'Done constructing a list of tests\n'}
[0.179365] (bt_behavior) StdoutLine: {'line': b'Updating test list for fixtures\n'}
[0.179506] (bt_behavior) StdoutLine: {'line': b'Added 0 tests to meet fixture requirements\n'}
[0.179903] (bt_behavior) StdoutLine: {'line': b'Checking test dependency graph...\n'}
[0.180289] (bt_behavior) StdoutLine: {'line': b'Checking test dependency graph end\n'}
[0.180391] (bt_behavior) StdoutLine: {'line': b'test 1\n'}
[0.181063] (bt_behavior) StdoutLine: {'line': b'    Start 1: copyright\n'}
[0.181208] (bt_behavior) StdoutLine: {'line': b'\n'}
[0.181805] (bt_behavior) StdoutLine: {'line': b'1: Test command: /usr/bin/python3 "-u" "/opt/ros/foxy/share/ament_cmake_test/cmake/run_test.py" "/home/alumnos/josetost/colcon_ws/src/navigation-grupo-dia-libre-1/build/bt_behavior/test_results/bt_behavior/copyright.xunit.xml" "--package-name" "bt_behavior" "--output-file" "/home/alumnos/josetost/colcon_ws/src/navigation-grupo-dia-libre-1/build/bt_behavior/ament_copyright/copyright.txt" "--command" "/opt/ros/foxy/bin/ament_copyright" "--xunit-file" "/home/alumnos/josetost/colcon_ws/src/navigation-grupo-dia-libre-1/build/bt_behavior/test_results/bt_behavior/copyright.xunit.xml"\n'}
[0.181941] (bt_behavior) StdoutLine: {'line': b'1: Test timeout computed to be: 60\n'}
[0.199189] (-) TimerEvent: {}
[0.259025] (bt_behavior) StdoutLine: {'line': b"1: -- run_test.py: invoking following command in '/home/alumnos/josetost/colcon_ws/src/navigation-grupo-dia-libre-1/bt_behavior':\n"}
[0.259266] (bt_behavior) StdoutLine: {'line': b'1:  - /opt/ros/foxy/bin/ament_copyright --xunit-file /home/alumnos/josetost/colcon_ws/src/navigation-grupo-dia-libre-1/build/bt_behavior/test_results/bt_behavior/copyright.xunit.xml\n'}
[0.299282] (-) TimerEvent: {}
[0.399650] (-) TimerEvent: {}
[0.500011] (-) TimerEvent: {}
[0.600346] (-) TimerEvent: {}
[0.700687] (-) TimerEvent: {}
[0.714341] (bt_behavior) StdoutLine: {'line': b'1: No problems found, checked 12 files\n'}
[0.734299] (bt_behavior) StdoutLine: {'line': b'1: -- run_test.py: return code 0\n'}
[0.735482] (bt_behavior) StdoutLine: {'line': b"1: -- run_test.py: verify result file '/home/alumnos/josetost/colcon_ws/src/navigation-grupo-dia-libre-1/build/bt_behavior/test_results/bt_behavior/copyright.xunit.xml'\n"}
[0.748703] (bt_behavior) StdoutLine: {'line': b'1/9 Test #1: copyright ........................   Passed    0.57 sec\n'}
[0.751178] (bt_behavior) StdoutLine: {'line': b'test 2\n'}
[0.752038] (bt_behavior) StdoutLine: {'line': b'    Start 2: cppcheck\n'}
[0.752161] (bt_behavior) StdoutLine: {'line': b'\n'}
[0.752782] (bt_behavior) StdoutLine: {'line': b'2: Test command: /usr/bin/python3 "-u" "/opt/ros/foxy/share/ament_cmake_test/cmake/run_test.py" "/home/alumnos/josetost/colcon_ws/src/navigation-grupo-dia-libre-1/build/bt_behavior/test_results/bt_behavior/cppcheck.xunit.xml" "--package-name" "bt_behavior" "--output-file" "/home/alumnos/josetost/colcon_ws/src/navigation-grupo-dia-libre-1/build/bt_behavior/ament_cppcheck/cppcheck.txt" "--command" "/opt/ros/foxy/bin/ament_cppcheck" "--xunit-file" "/home/alumnos/josetost/colcon_ws/src/navigation-grupo-dia-libre-1/build/bt_behavior/test_results/bt_behavior/cppcheck.xunit.xml" "--include_dirs" "/home/alumnos/josetost/colcon_ws/src/navigation-grupo-dia-libre-1/bt_behavior/include"\n'}
[0.752912] (bt_behavior) StdoutLine: {'line': b'2: Test timeout computed to be: 300\n'}
[0.800789] (-) TimerEvent: {}
[0.823503] (bt_behavior) StdoutLine: {'line': b"2: -- run_test.py: invoking following command in '/home/alumnos/josetost/colcon_ws/src/navigation-grupo-dia-libre-1/bt_behavior':\n"}
[0.823786] (bt_behavior) StdoutLine: {'line': b'2:  - /opt/ros/foxy/bin/ament_cppcheck --xunit-file /home/alumnos/josetost/colcon_ws/src/navigation-grupo-dia-libre-1/build/bt_behavior/test_results/bt_behavior/cppcheck.xunit.xml --include_dirs /home/alumnos/josetost/colcon_ws/src/navigation-grupo-dia-libre-1/bt_behavior/include\n'}
[0.900892] (-) TimerEvent: {}
[1.001252] (-) TimerEvent: {}
[1.101695] (-) TimerEvent: {}
[1.202112] (-) TimerEvent: {}
[1.236464] (bt_behavior) StdoutLine: {'line': b'2: No problems found\n'}
[1.256465] (bt_behavior) StdoutLine: {'line': b'2: -- run_test.py: return code 0\n'}
[1.257712] (bt_behavior) StdoutLine: {'line': b"2: -- run_test.py: verify result file '/home/alumnos/josetost/colcon_ws/src/navigation-grupo-dia-libre-1/build/bt_behavior/test_results/bt_behavior/cppcheck.xunit.xml'\n"}
[1.270728] (bt_behavior) StdoutLine: {'line': b'2/9 Test #2: cppcheck .........................   Passed    0.52 sec\n'}
[1.272983] (bt_behavior) StdoutLine: {'line': b'test 3\n'}
[1.273239] (bt_behavior) StdoutLine: {'line': b'    Start 3: cpplint\n'}
[1.273996] (bt_behavior) StdoutLine: {'line': b'\n'}
[1.274153] (bt_behavior) StdoutLine: {'line': b'3: Test command: /usr/bin/python3 "-u" "/opt/ros/foxy/share/ament_cmake_test/cmake/run_test.py" "/home/alumnos/josetost/colcon_ws/src/navigation-grupo-dia-libre-1/build/bt_behavior/test_results/bt_behavior/cpplint.xunit.xml" "--package-name" "bt_behavior" "--output-file" "/home/alumnos/josetost/colcon_ws/src/navigation-grupo-dia-libre-1/build/bt_behavior/ament_cpplint/cpplint.txt" "--command" "/opt/ros/foxy/bin/ament_cpplint" "--xunit-file" "/home/alumnos/josetost/colcon_ws/src/navigation-grupo-dia-libre-1/build/bt_behavior/test_results/bt_behavior/cpplint.xunit.xml"\n'}
[1.274859] (bt_behavior) StdoutLine: {'line': b'3: Test timeout computed to be: 120\n'}
[1.302217] (-) TimerEvent: {}
[1.343929] (bt_behavior) StdoutLine: {'line': b"3: -- run_test.py: invoking following command in '/home/alumnos/josetost/colcon_ws/src/navigation-grupo-dia-libre-1/bt_behavior':\n"}
[1.344132] (bt_behavior) StdoutLine: {'line': b'3:  - /opt/ros/foxy/bin/ament_cpplint --xunit-file /home/alumnos/josetost/colcon_ws/src/navigation-grupo-dia-libre-1/build/bt_behavior/test_results/bt_behavior/cpplint.xunit.xml\n'}
[1.402320] (-) TimerEvent: {}
[1.502654] (-) TimerEvent: {}
[1.602987] (-) TimerEvent: {}
[1.703297] (-) TimerEvent: {}
[1.803635] (-) TimerEvent: {}
[1.903974] (-) TimerEvent: {}
[2.004334] (-) TimerEvent: {}
[2.096880] (bt_behavior) StdoutLine: {'line': b'3: /home/alumnos/josetost/colcon_ws/src/navigation-grupo-dia-libre-1/bt_behavior/include/bt_behavior/GetNextWaypoint.hpp:25:  Found C++ system header after other header. Should be: GetNextWaypoint.h, c system, c++ system, other.  [build/include_order] [4]\n'}
[2.097099] (bt_behavior) StdoutLine: {'line': b'3: /home/alumnos/josetost/colcon_ws/src/navigation-grupo-dia-libre-1/bt_behavior/include/bt_behavior/GetNextWaypoint.hpp:55:  Redundant blank line at the end of a code block should be deleted.  [whitespace/blank_line] [3]\n'}
[2.097203] (bt_behavior) StdoutLine: {'line': b'3: /home/alumnos/josetost/colcon_ws/src/navigation-grupo-dia-libre-1/bt_behavior/include/bt_behavior/IsRaceFinished.hpp:26:  Found C++ system header after other header. Should be: IsRaceFinished.h, c system, c++ system, other.  [build/include_order] [4]\n'}
[2.097312] (bt_behavior) StdoutLine: {'line': b'3: /home/alumnos/josetost/colcon_ws/src/navigation-grupo-dia-libre-1/bt_behavior/src/nav_wp.cpp:32:  Should have a space between // and comment  [whitespace/comments] [4]\n'}
[2.097432] (bt_behavior) StdoutLine: {'line': b'3: /home/alumnos/josetost/colcon_ws/src/navigation-grupo-dia-libre-1/bt_behavior/src/nav_wp.cpp:49:  Should have a space between // and comment  [whitespace/comments] [4]\n'}
[2.097606] (bt_behavior) StdoutLine: {'line': b'3: /home/alumnos/josetost/colcon_ws/src/navigation-grupo-dia-libre-1/bt_behavior/src/nav_wp.cpp:58:  Should have a space between // and comment  [whitespace/comments] [4]\n'}
[2.097967] (bt_behavior) StdoutLine: {'line': b'3: /home/alumnos/josetost/colcon_ws/src/navigation-grupo-dia-libre-1/bt_behavior/src/nav_wp.cpp:63:  Should have a space between // and comment  [whitespace/comments] [4]\n'}
[2.098227] (bt_behavior) StdoutLine: {'line': b'3: /home/alumnos/josetost/colcon_ws/src/navigation-grupo-dia-libre-1/bt_behavior/src/nav_wp.cpp:42:  Add #include <vector> for vector<>  [build/include_what_you_use] [4]\n'}
[2.098337] (bt_behavior) StdoutLine: {'line': b'3: /home/alumnos/josetost/colcon_ws/src/navigation-grupo-dia-libre-1/bt_behavior/src/nav_wp.cpp:94:  Could not find a newline character at the end of the file.  [whitespace/ending_newline] [5]\n'}
[2.098443] (bt_behavior) StdoutLine: {'line': b'3: /home/alumnos/josetost/colcon_ws/src/navigation-grupo-dia-libre-1/bt_behavior/src/bt_behavior/GetNextWaypoint.cpp:27:  "rclcpp/rclcpp.hpp" already included at /home/alumnos/josetost/colcon_ws/src/navigation-grupo-dia-libre-1/bt_behavior/src/bt_behavior/GetNextWaypoint.cpp:24  [build/include] [4]\n'}
[2.098552] (bt_behavior) StdoutLine: {'line': b'3: /home/alumnos/josetost/colcon_ws/src/navigation-grupo-dia-libre-1/bt_behavior/src/bt_behavior/GetNextWaypoint.cpp:29:  Found C++ system header after other header. Should be: GetNextWaypoint.h, c system, c++ system, other.  [build/include_order] [4]\n'}
[2.098655] (bt_behavior) StdoutLine: {'line': b'3: /home/alumnos/josetost/colcon_ws/src/navigation-grupo-dia-libre-1/bt_behavior/src/bt_behavior/GetNextWaypoint.cpp:31:  "nav_msgs/msg/occupancy_grid.hpp" already included at /home/alumnos/josetost/colcon_ws/src/navigation-grupo-dia-libre-1/bt_behavior/src/bt_behavior/GetNextWaypoint.cpp:25  [build/include] [4]\n'}
[2.098762] (bt_behavior) StdoutLine: {'line': b'3: /home/alumnos/josetost/colcon_ws/src/navigation-grupo-dia-libre-1/bt_behavior/src/bt_behavior/GetNextWaypoint.cpp:32:  "std_msgs/msg/string.hpp" already included at /home/alumnos/josetost/colcon_ws/src/navigation-grupo-dia-libre-1/bt_behavior/src/bt_behavior/GetNextWaypoint.cpp:28  [build/include] [4]\n'}
[2.098864] (bt_behavior) StdoutLine: {'line': b'3: /home/alumnos/josetost/colcon_ws/src/navigation-grupo-dia-libre-1/bt_behavior/src/bt_behavior/GetNextWaypoint.cpp:33:  "memory" already included at /home/alumnos/josetost/colcon_ws/src/navigation-grupo-dia-libre-1/bt_behavior/src/bt_behavior/GetNextWaypoint.cpp:29  [build/include] [4]\n'}
[2.098963] (bt_behavior) StdoutLine: {'line': b'3: /home/alumnos/josetost/colcon_ws/src/navigation-grupo-dia-libre-1/bt_behavior/src/bt_behavior/GetNextWaypoint.cpp:36:  Should have a space between // and comment  [whitespace/comments] [4]\n'}
[2.099062] (bt_behavior) StdoutLine: {'line': b'3: /home/alumnos/josetost/colcon_ws/src/navigation-grupo-dia-libre-1/bt_behavior/src/bt_behavior/GetNextWaypoint.cpp:42:  Should have a space between // and comment  [whitespace/comments] [4]\n'}
[2.099168] (bt_behavior) StdoutLine: {'line': b'3: /home/alumnos/josetost/colcon_ws/src/navigation-grupo-dia-libre-1/bt_behavior/src/bt_behavior/GetNextWaypoint.cpp:60:  Redundant blank line at the start of a code block should be deleted.  [whitespace/blank_line] [2]\n'}
[2.099267] (bt_behavior) StdoutLine: {'line': b'3: /home/alumnos/josetost/colcon_ws/src/navigation-grupo-dia-libre-1/bt_behavior/src/bt_behavior/GetNextWaypoint.cpp:61:  Should have a space between // and comment  [whitespace/comments] [4]\n'}
[2.099368] (bt_behavior) StdoutLine: {'line': b'3: /home/alumnos/josetost/colcon_ws/src/navigation-grupo-dia-libre-1/bt_behavior/src/bt_behavior/GetNextWaypoint.cpp:78:  Redundant blank line at the start of a code block should be deleted.  [whitespace/blank_line] [2]\n'}
[2.099476] (bt_behavior) StdoutLine: {'line': b'3: /home/alumnos/josetost/colcon_ws/src/navigation-grupo-dia-libre-1/bt_behavior/src/bt_behavior/GetNextWaypoint.cpp:114:  Line ends in whitespace.  Consider deleting these extra spaces.  [whitespace/end_of_line] [4]\n'}
[2.099575] (bt_behavior) StdoutLine: {'line': b'3: /home/alumnos/josetost/colcon_ws/src/navigation-grupo-dia-libre-1/bt_behavior/src/bt_behavior/GetNextWaypoint.cpp:127:  Lines should be <= 100 characters long  [whitespace/line_length] [2]\n'}
[2.099673] (bt_behavior) StdoutLine: {'line': b'3: /home/alumnos/josetost/colcon_ws/src/navigation-grupo-dia-libre-1/bt_behavior/src/bt_behavior/GetNextWaypoint.cpp:131:  Line ends in whitespace.  Consider deleting these extra spaces.  [whitespace/end_of_line] [4]\n'}
[2.099770] (bt_behavior) StdoutLine: {'line': b'3: /home/alumnos/josetost/colcon_ws/src/navigation-grupo-dia-libre-1/bt_behavior/src/bt_behavior/GetNextWaypoint.cpp:120:  Add #include <vector> for vector<>  [build/include_what_you_use] [4]\n'}
[2.104278] (bt_behavior) StdoutLine: {'line': b'3: /home/alumnos/josetost/colcon_ws/src/navigation-grupo-dia-libre-1/bt_behavior/src/bt_behavior/IsRaceFinished.cpp:48:  Redundant blank line at the start of a code block should be deleted.  [whitespace/blank_line] [2]\n'}
[2.104558] (-) TimerEvent: {}
[2.105362] (bt_behavior) StdoutLine: {'line': b'3: /home/alumnos/josetost/colcon_ws/src/navigation-grupo-dia-libre-1/bt_behavior/src/bt_behavior/IsRaceFinished.cpp:52:  Add #include <vector> for vector<>  [build/include_what_you_use] [4]\n'}
[2.105514] (bt_behavior) StdoutLine: {'line': b'3: /home/alumnos/josetost/colcon_ws/src/navigation-grupo-dia-libre-1/bt_behavior/src/bt_behavior/Move.cpp:55:  Lines should be <= 100 characters long  [whitespace/line_length] [2]\n'}
[2.106310] (bt_behavior) StdoutLine: {'line': b'3: /home/alumnos/josetost/colcon_ws/src/navigation-grupo-dia-libre-1/bt_behavior/src/bt_behavior/Move.cpp:57:  Should have a space between // and comment  [whitespace/comments] [4]\n'}
[2.106436] (bt_behavior) StdoutLine: {'line': b'3: /home/alumnos/josetost/colcon_ws/src/navigation-grupo-dia-libre-1/bt_behavior/src/bt_behavior/Move.cpp:58:  Should have a space between // and comment  [whitespace/comments] [4]\n'}
[2.107176] (bt_behavior) StdoutLine: {'line': b'3: /home/alumnos/josetost/colcon_ws/src/navigation-grupo-dia-libre-1/bt_behavior/src/bt_behavior/Move.cpp:60:  Should have a space between // and comment  [whitespace/comments] [4]\n'}
[2.111738] (bt_behavior) StdoutLine: {'line': b'3: /home/alumnos/josetost/colcon_ws/src/navigation-grupo-dia-libre-1/bt_behavior/src/bt_behavior/Move.cpp:71:  Lines should be <= 100 characters long  [whitespace/line_length] [2]\n'}
[2.111952] (bt_behavior) StdoutLine: {'line': b'3: /home/alumnos/josetost/colcon_ws/src/navigation-grupo-dia-libre-1/bt_behavior/src/bt_behavior/Move.cpp:71:  Should have a space between // and comment  [whitespace/comments] [4]\n'}
[2.112705] (bt_behavior) StdoutLine: {'line': b'3: /home/alumnos/josetost/colcon_ws/src/navigation-grupo-dia-libre-1/bt_behavior/src/bt_behavior/Move.cpp:72:  Line ends in whitespace.  Consider deleting these extra spaces.  [whitespace/end_of_line] [4]\n'}
[2.112826] (bt_behavior) StdoutLine: {'line': b'3: /home/alumnos/josetost/colcon_ws/src/navigation-grupo-dia-libre-1/bt_behavior/src/bt_behavior/Move.cpp:73:  Should have a space between // and comment  [whitespace/comments] [4]\n'}
[2.113595] (bt_behavior) StdoutLine: {'line': b'3: /home/alumnos/josetost/colcon_ws/src/navigation-grupo-dia-libre-1/bt_behavior/src/bt_behavior/Move.cpp:74:  Should have a space between // and comment  [whitespace/comments] [4]\n'}
[2.113718] (bt_behavior) StdoutLine: {'line': b'3: /home/alumnos/josetost/colcon_ws/src/navigation-grupo-dia-libre-1/bt_behavior/src/bt_behavior/Move.cpp:76:  Should have a space between // and comment  [whitespace/comments] [4]\n'}
[2.114386] (bt_behavior) StdoutLine: {'line': b'3: /home/alumnos/josetost/colcon_ws/src/navigation-grupo-dia-libre-1/bt_behavior/src/bt_behavior/Move.cpp:87:  Lines should be <= 100 characters long  [whitespace/line_length] [2]\n'}
[2.114503] (bt_behavior) StdoutLine: {'line': b'3: /home/alumnos/josetost/colcon_ws/src/navigation-grupo-dia-libre-1/bt_behavior/src/bt_behavior/Move.cpp:87:  Should have a space between // and comment  [whitespace/comments] [4]\n'}
[2.115253] (bt_behavior) StdoutLine: {'line': b'3: /home/alumnos/josetost/colcon_ws/src/navigation-grupo-dia-libre-1/bt_behavior/src/bt_behavior/Move.cpp:88:  Line ends in whitespace.  Consider deleting these extra spaces.  [whitespace/end_of_line] [4]\n'}
[2.115372] (bt_behavior) StdoutLine: {'line': b'3: /home/alumnos/josetost/colcon_ws/src/navigation-grupo-dia-libre-1/bt_behavior/src/bt_behavior/Move.cpp:89:  Should have a space between // and comment  [whitespace/comments] [4]\n'}
[2.115528] (bt_behavior) StdoutLine: {'line': b'3: /home/alumnos/josetost/colcon_ws/src/navigation-grupo-dia-libre-1/bt_behavior/src/bt_behavior/Move.cpp:90:  Should have a space between // and comment  [whitespace/comments] [4]\n'}
[2.116403] (bt_behavior) StdoutLine: {'line': b'3: /home/alumnos/josetost/colcon_ws/src/navigation-grupo-dia-libre-1/bt_behavior/src/bt_behavior/Move.cpp:92:  Should have a space between // and comment  [whitespace/comments] [4]\n'}
[2.116503] (bt_behavior) StdoutLine: {'line': b"3: Category 'build/include' errors found: 4\n"}
[2.117256] (bt_behavior) StdoutLine: {'line': b"3: Category 'build/include_order' errors found: 3\n"}
[2.117356] (bt_behavior) StdoutLine: {'line': b"3: Category 'build/include_what_you_use' errors found: 3\n"}
[2.117453] (bt_behavior) StdoutLine: {'line': b"3: Category 'whitespace/blank_line' errors found: 4\n"}
[2.118235] (bt_behavior) StdoutLine: {'line': b"3: Category 'whitespace/comments' errors found: 18\n"}
[2.118334] (bt_behavior) StdoutLine: {'line': b"3: Category 'whitespace/end_of_line' errors found: 4\n"}
[2.118430] (bt_behavior) StdoutLine: {'line': b"3: Category 'whitespace/ending_newline' errors found: 1\n"}
[2.118994] (bt_behavior) StdoutLine: {'line': b"3: Category 'whitespace/line_length' errors found: 4\n"}
[2.119093] (bt_behavior) StdoutLine: {'line': b'3: Total errors found: 41\n'}
[2.119188] (bt_behavior) StdoutLine: {'line': b"3: Using '--root=..' argument\n"}
[2.119283] (bt_behavior) StdoutLine: {'line': b'3: \n'}
[2.119854] (bt_behavior) StdoutLine: {'line': b'3: Done processing /home/alumnos/josetost/colcon_ws/src/navigation-grupo-dia-libre-1/bt_behavior/tests/bt_action_test.cpp\n'}
[2.119979] (bt_behavior) StdoutLine: {'line': b'3: \n'}
[2.120801] (bt_behavior) StdoutLine: {'line': b"3: Using '--root=/home/alumnos/josetost/colcon_ws/src/navigation-grupo-dia-libre-1/bt_behavior/include' argument\n"}
[2.120954] (bt_behavior) StdoutLine: {'line': b'3: \n'}
[2.121569] (bt_behavior) StdoutLine: {'line': b'3: Done processing /home/alumnos/josetost/colcon_ws/src/navigation-grupo-dia-libre-1/bt_behavior/include/bt_behavior/GetNextWaypoint.hpp\n'}
[2.121698] (bt_behavior) StdoutLine: {'line': b'3: \n'}
[2.122357] (bt_behavior) StdoutLine: {'line': b'3: Done processing /home/alumnos/josetost/colcon_ws/src/navigation-grupo-dia-libre-1/bt_behavior/include/bt_behavior/IsRaceFinished.hpp\n'}
[2.122482] (bt_behavior) StdoutLine: {'line': b'3: \n'}
[2.122600] (bt_behavior) StdoutLine: {'line': b'3: Done processing /home/alumnos/josetost/colcon_ws/src/navigation-grupo-dia-libre-1/bt_behavior/include/bt_behavior/Move.hpp\n'}
[2.122719] (bt_behavior) StdoutLine: {'line': b'3: \n'}
[2.123280] (bt_behavior) StdoutLine: {'line': b'3: Done processing /home/alumnos/josetost/colcon_ws/src/navigation-grupo-dia-libre-1/bt_behavior/include/bt_behavior/ctrl_support/BTActionNode.hpp\n'}
[2.123436] (bt_behavior) StdoutLine: {'line': b'3: \n'}
[2.124102] (bt_behavior) StdoutLine: {'line': b'3: Done processing /home/alumnos/josetost/colcon_ws/src/navigation-grupo-dia-libre-1/bt_behavior/include/bt_behavior/ctrl_support/BTLifecycleCtrlNode.hpp\n'}
[2.124238] (bt_behavior) StdoutLine: {'line': b'3: \n'}
[2.124909] (bt_behavior) StdoutLine: {'line': b"3: Using '--root=/home/alumnos/josetost/colcon_ws/src/navigation-grupo-dia-libre-1/bt_behavior/src' argument\n"}
[2.125033] (bt_behavior) StdoutLine: {'line': b'3: \n'}
[2.125732] (bt_behavior) StdoutLine: {'line': b'3: Done processing /home/alumnos/josetost/colcon_ws/src/navigation-grupo-dia-libre-1/bt_behavior/src/nav_wp.cpp\n'}
[2.125942] (bt_behavior) StdoutLine: {'line': b'3: \n'}
[2.126678] (bt_behavior) StdoutLine: {'line': b'3: Done processing /home/alumnos/josetost/colcon_ws/src/navigation-grupo-dia-libre-1/bt_behavior/src/bt_behavior/GetNextWaypoint.cpp\n'}
[2.126810] (bt_behavior) StdoutLine: {'line': b'3: \n'}
[2.127615] (bt_behavior) StdoutLine: {'line': b'3: Done processing /home/alumnos/josetost/colcon_ws/src/navigation-grupo-dia-libre-1/bt_behavior/src/bt_behavior/IsRaceFinished.cpp\n'}
[2.127750] (bt_behavior) StdoutLine: {'line': b'3: \n'}
[2.128546] (bt_behavior) StdoutLine: {'line': b'3: Done processing /home/alumnos/josetost/colcon_ws/src/navigation-grupo-dia-libre-1/bt_behavior/src/bt_behavior/Move.cpp\n'}
[2.128683] (bt_behavior) StdoutLine: {'line': b'3: \n'}
[2.129503] (bt_behavior) StdoutLine: {'line': b'3: -- run_test.py: return code 1\n'}
[2.129654] (bt_behavior) StdoutLine: {'line': b"3: -- run_test.py: verify result file '/home/alumnos/josetost/colcon_ws/src/navigation-grupo-dia-libre-1/build/bt_behavior/test_results/bt_behavior/cpplint.xunit.xml'\n"}
[2.133985] (bt_behavior) StdoutLine: {'line': b'3/9 Test #3: cpplint ..........................***Failed    0.86 sec\n'}
[2.135508] (bt_behavior) StdoutLine: {'line': b'test 4\n'}
[2.135747] (bt_behavior) StdoutLine: {'line': b'    Start 4: flake8\n'}
[2.136320] (bt_behavior) StdoutLine: {'line': b'\n'}
[2.136444] (bt_behavior) StdoutLine: {'line': b'4: Test command: /usr/bin/python3 "-u" "/opt/ros/foxy/share/ament_cmake_test/cmake/run_test.py" "/home/alumnos/josetost/colcon_ws/src/navigation-grupo-dia-libre-1/build/bt_behavior/test_results/bt_behavior/flake8.xunit.xml" "--package-name" "bt_behavior" "--output-file" "/home/alumnos/josetost/colcon_ws/src/navigation-grupo-dia-libre-1/build/bt_behavior/ament_flake8/flake8.txt" "--command" "/opt/ros/foxy/bin/ament_flake8" "--xunit-file" "/home/alumnos/josetost/colcon_ws/src/navigation-grupo-dia-libre-1/build/bt_behavior/test_results/bt_behavior/flake8.xunit.xml"\n'}
[2.136997] (bt_behavior) StdoutLine: {'line': b'4: Test timeout computed to be: 60\n'}
[2.203563] (bt_behavior) StdoutLine: {'line': b"4: -- run_test.py: invoking following command in '/home/alumnos/josetost/colcon_ws/src/navigation-grupo-dia-libre-1/bt_behavior':\n"}
[2.203800] (bt_behavior) StdoutLine: {'line': b'4:  - /opt/ros/foxy/bin/ament_flake8 --xunit-file /home/alumnos/josetost/colcon_ws/src/navigation-grupo-dia-libre-1/build/bt_behavior/test_results/bt_behavior/flake8.xunit.xml\n'}
[2.204634] (-) TimerEvent: {}
[2.304885] (-) TimerEvent: {}
[2.405203] (-) TimerEvent: {}
[2.505530] (-) TimerEvent: {}
[2.605864] (-) TimerEvent: {}
[2.706186] (-) TimerEvent: {}
[2.780591] (bt_behavior) StdoutLine: {'line': b'4: \n'}
[2.780795] (bt_behavior) StdoutLine: {'line': b'4: 1 files checked\n'}
[2.780900] (bt_behavior) StdoutLine: {'line': b'4: No problems found\n'}
[2.781001] (bt_behavior) StdoutLine: {'line': b'4: \n'}
[2.781235] (bt_behavior) StdoutLine: {'line': b'4: Checked files:\n'}
[2.781378] (bt_behavior) StdoutLine: {'line': b'4: \n'}
[2.781525] (bt_behavior) StdoutLine: {'line': b'4: * ./launch/patrolling.launch.py\n'}
[2.806325] (-) TimerEvent: {}
[2.809840] (bt_behavior) StdoutLine: {'line': b'4: -- run_test.py: return code 0\n'}
[2.811331] (bt_behavior) StdoutLine: {'line': b"4: -- run_test.py: verify result file '/home/alumnos/josetost/colcon_ws/src/navigation-grupo-dia-libre-1/build/bt_behavior/test_results/bt_behavior/flake8.xunit.xml'\n"}
[2.825364] (bt_behavior) StdoutLine: {'line': b'4/9 Test #4: flake8 ...........................   Passed    0.69 sec\n'}
[2.828296] (bt_behavior) StdoutLine: {'line': b'test 5\n'}
[2.828446] (bt_behavior) StdoutLine: {'line': b'    Start 5: lint_cmake\n'}
[2.828547] (bt_behavior) StdoutLine: {'line': b'\n'}
[2.829353] (bt_behavior) StdoutLine: {'line': b'5: Test command: /usr/bin/python3 "-u" "/opt/ros/foxy/share/ament_cmake_test/cmake/run_test.py" "/home/alumnos/josetost/colcon_ws/src/navigation-grupo-dia-libre-1/build/bt_behavior/test_results/bt_behavior/lint_cmake.xunit.xml" "--package-name" "bt_behavior" "--output-file" "/home/alumnos/josetost/colcon_ws/src/navigation-grupo-dia-libre-1/build/bt_behavior/ament_lint_cmake/lint_cmake.txt" "--command" "/opt/ros/foxy/bin/ament_lint_cmake" "--xunit-file" "/home/alumnos/josetost/colcon_ws/src/navigation-grupo-dia-libre-1/build/bt_behavior/test_results/bt_behavior/lint_cmake.xunit.xml"\n'}
[2.829458] (bt_behavior) StdoutLine: {'line': b'5: Test timeout computed to be: 60\n'}
[2.898235] (bt_behavior) StdoutLine: {'line': b"5: -- run_test.py: invoking following command in '/home/alumnos/josetost/colcon_ws/src/navigation-grupo-dia-libre-1/bt_behavior':\n"}
[2.898450] (bt_behavior) StdoutLine: {'line': b'5:  - /opt/ros/foxy/bin/ament_lint_cmake --xunit-file /home/alumnos/josetost/colcon_ws/src/navigation-grupo-dia-libre-1/build/bt_behavior/test_results/bt_behavior/lint_cmake.xunit.xml\n'}
[2.906407] (-) TimerEvent: {}
[3.006709] (-) TimerEvent: {}
[3.107046] (-) TimerEvent: {}
[3.207390] (-) TimerEvent: {}
[3.248264] (bt_behavior) StdoutLine: {'line': b'5: CMakeLists.txt:40: Line ends in whitespace [whitespace/eol]\n'}
[3.248495] (bt_behavior) StdoutLine: {'line': b'5: \n'}
[3.248628] (bt_behavior) StdoutLine: {'line': b'5: \n'}
[3.248750] (bt_behavior) StdoutLine: {'line': b'5: 1 errors\n'}
[3.260791] (bt_behavior) StdoutLine: {'line': b'5: -- run_test.py: return code 1\n'}
[3.262362] (bt_behavior) StdoutLine: {'line': b"5: -- run_test.py: verify result file '/home/alumnos/josetost/colcon_ws/src/navigation-grupo-dia-libre-1/build/bt_behavior/test_results/bt_behavior/lint_cmake.xunit.xml'\n"}
[3.273625] (bt_behavior) StdoutLine: {'line': b'5/9 Test #5: lint_cmake .......................***Failed    0.45 sec\n'}
[3.275829] (bt_behavior) StdoutLine: {'line': b'test 6\n'}
[3.276474] (bt_behavior) StdoutLine: {'line': b'    Start 6: pep257\n'}
[3.276607] (bt_behavior) StdoutLine: {'line': b'\n'}
[3.277282] (bt_behavior) StdoutLine: {'line': b'6: Test command: /usr/bin/python3 "-u" "/opt/ros/foxy/share/ament_cmake_test/cmake/run_test.py" "/home/alumnos/josetost/colcon_ws/src/navigation-grupo-dia-libre-1/build/bt_behavior/test_results/bt_behavior/pep257.xunit.xml" "--package-name" "bt_behavior" "--output-file" "/home/alumnos/josetost/colcon_ws/src/navigation-grupo-dia-libre-1/build/bt_behavior/ament_pep257/pep257.txt" "--command" "/opt/ros/foxy/bin/ament_pep257" "--xunit-file" "/home/alumnos/josetost/colcon_ws/src/navigation-grupo-dia-libre-1/build/bt_behavior/test_results/bt_behavior/pep257.xunit.xml"\n'}
[3.277432] (bt_behavior) StdoutLine: {'line': b'6: Test timeout computed to be: 60\n'}
[3.307482] (-) TimerEvent: {}
[3.344656] (bt_behavior) StdoutLine: {'line': b"6: -- run_test.py: invoking following command in '/home/alumnos/josetost/colcon_ws/src/navigation-grupo-dia-libre-1/bt_behavior':\n"}
[3.344886] (bt_behavior) StdoutLine: {'line': b'6:  - /opt/ros/foxy/bin/ament_pep257 --xunit-file /home/alumnos/josetost/colcon_ws/src/navigation-grupo-dia-libre-1/build/bt_behavior/test_results/bt_behavior/pep257.xunit.xml\n'}
[3.407590] (-) TimerEvent: {}
[3.507954] (-) TimerEvent: {}
[3.608298] (-) TimerEvent: {}
[3.708600] (-) TimerEvent: {}
[3.754152] (bt_behavior) StdoutLine: {'line': b'6: checking ./launch/patrolling.launch.py\n'}
[3.754377] (bt_behavior) StdoutLine: {'line': b'6: No problems found\n'}
[3.771608] (bt_behavior) StdoutLine: {'line': b'6: -- run_test.py: return code 0\n'}
[3.772963] (bt_behavior) StdoutLine: {'line': b"6: -- run_test.py: verify result file '/home/alumnos/josetost/colcon_ws/src/navigation-grupo-dia-libre-1/build/bt_behavior/test_results/bt_behavior/pep257.xunit.xml'\n"}
[3.786526] (bt_behavior) StdoutLine: {'line': b'6/9 Test #6: pep257 ...........................   Passed    0.51 sec\n'}
[3.788704] (bt_behavior) StdoutLine: {'line': b'test 7\n'}
[3.789108] (bt_behavior) StdoutLine: {'line': b'    Start 7: uncrustify\n'}
[3.789236] (bt_behavior) StdoutLine: {'line': b'\n'}
[3.789833] (bt_behavior) StdoutLine: {'line': b'7: Test command: /usr/bin/python3 "-u" "/opt/ros/foxy/share/ament_cmake_test/cmake/run_test.py" "/home/alumnos/josetost/colcon_ws/src/navigation-grupo-dia-libre-1/build/bt_behavior/test_results/bt_behavior/uncrustify.xunit.xml" "--package-name" "bt_behavior" "--output-file" "/home/alumnos/josetost/colcon_ws/src/navigation-grupo-dia-libre-1/build/bt_behavior/ament_uncrustify/uncrustify.txt" "--command" "/opt/ros/foxy/bin/ament_uncrustify" "--xunit-file" "/home/alumnos/josetost/colcon_ws/src/navigation-grupo-dia-libre-1/build/bt_behavior/test_results/bt_behavior/uncrustify.xunit.xml"\n'}
[3.789969] (bt_behavior) StdoutLine: {'line': b'7: Test timeout computed to be: 60\n'}
[3.808690] (-) TimerEvent: {}
[3.857517] (bt_behavior) StdoutLine: {'line': b"7: -- run_test.py: invoking following command in '/home/alumnos/josetost/colcon_ws/src/navigation-grupo-dia-libre-1/bt_behavior':\n"}
[3.857709] (bt_behavior) StdoutLine: {'line': b'7:  - /opt/ros/foxy/bin/ament_uncrustify --xunit-file /home/alumnos/josetost/colcon_ws/src/navigation-grupo-dia-libre-1/build/bt_behavior/test_results/bt_behavior/uncrustify.xunit.xml\n'}
[3.908798] (-) TimerEvent: {}
[4.009116] (-) TimerEvent: {}
[4.109432] (-) TimerEvent: {}
[4.209768] (-) TimerEvent: {}
[4.266817] (bt_behavior) StdoutLine: {'line': b"7: Code style divergence in file 'src/bt_behavior/GetNextWaypoint.cpp':\n"}
[4.267079] (bt_behavior) StdoutLine: {'line': b'7: \n'}
[4.267515] (bt_behavior) StdoutLine: {'line': b'7: --- src/bt_behavior/GetNextWaypoint.cpp\n'}
[4.267633] (bt_behavior) StdoutLine: {'line': b'7: +++ src/bt_behavior/GetNextWaypoint.cpp.uncrustify\n'}
[4.267755] (bt_behavior) StdoutLine: {'line': b'7: @@ -73 +73 @@\n'}
[4.267865] (bt_behavior) StdoutLine: {'line': b'7: -{ return; }\n'}
[4.268157] (bt_behavior) StdoutLine: {'line': b'7: +{}\n'}
[4.268620] (bt_behavior) StdoutLine: {'line': b'7: @@ -114 +114 @@\n'}
[4.268732] (bt_behavior) StdoutLine: {'line': b'7: -{    \n'}
[4.269384] (bt_behavior) StdoutLine: {'line': b'7: +{\n'}
[4.269497] (bt_behavior) StdoutLine: {'line': b'7: @@ -127 +127,2 @@\n'}
[4.270420] (bt_behavior) StdoutLine: {'line': b'7: -  std::cerr << "Next waypoint on index " << ind << " is [" << waypoint[0] << "," << waypoint[1] << "]" << std::endl;\n'}
[4.271069] (bt_behavior) StdoutLine: {'line': b'7: +  std::cerr << "Next waypoint on index " << ind << " is [" << waypoint[0] << "," << waypoint[1] <<\n'}
[4.271214] (bt_behavior) StdoutLine: {'line': b'7: +    "]" << std::endl;\n'}
[4.271904] (bt_behavior) StdoutLine: {'line': b'7: @@ -131 +132 @@\n'}
[4.272037] (bt_behavior) StdoutLine: {'line': b'7: -  \n'}
[4.272156] (bt_behavior) StdoutLine: {'line': b'7: +\n'}
[4.272269] (bt_behavior) StdoutLine: {'line': b'7: \n'}
[4.272378] (bt_behavior) StdoutLine: {'line': b"7: Code style divergence in file 'src/bt_behavior/Move.cpp':\n"}
[4.272501] (bt_behavior) StdoutLine: {'line': b'7: \n'}
[4.272609] (bt_behavior) StdoutLine: {'line': b'7: --- src/bt_behavior/Move.cpp\n'}
[4.273147] (bt_behavior) StdoutLine: {'line': b'7: +++ src/bt_behavior/Move.cpp.uncrustify\n'}
[4.273284] (bt_behavior) StdoutLine: {'line': b'7: @@ -60 +60 @@\n'}
[4.273706] (bt_behavior) StdoutLine: {'line': b'7: - //success_pub->publish(beep);\n'}
[4.273819] (bt_behavior) StdoutLine: {'line': b'7: +  //success_pub->publish(beep);\n'}
[4.274376] (bt_behavior) StdoutLine: {'line': b'7: @@ -72 +72 @@\n'}
[4.274487] (bt_behavior) StdoutLine: {'line': b'7: - \n'}
[4.274612] (bt_behavior) StdoutLine: {'line': b'7: +\n'}
[4.275242] (bt_behavior) StdoutLine: {'line': b'7: @@ -88 +88 @@\n'}
[4.275363] (bt_behavior) StdoutLine: {'line': b'7: - \n'}
[4.275871] (bt_behavior) StdoutLine: {'line': b'7: +\n'}
[4.275992] (bt_behavior) StdoutLine: {'line': b'7: \n'}
[4.276459] (bt_behavior) StdoutLine: {'line': b"7: Code style divergence in file 'src/nav_wp.cpp':\n"}
[4.276580] (bt_behavior) StdoutLine: {'line': b'7: \n'}
[4.277067] (bt_behavior) StdoutLine: {'line': b'7: --- src/nav_wp.cpp\n'}
[4.277188] (bt_behavior) StdoutLine: {'line': b'7: +++ src/nav_wp.cpp.uncrustify\n'}
[4.277327] (bt_behavior) StdoutLine: {'line': b'7: @@ -94 +94 @@\n'}
[4.277977] (bt_behavior) StdoutLine: {'line': b'7: -// ros2 run pkg node --ros-args --params-file ruta absoluta\n'}
[4.278110] (bt_behavior) StdoutLine: {'line': b'7: +// ros2 run pkg node --ros-args --params-file ruta absoluta\n'}
[4.278622] (bt_behavior) StdoutLine: {'line': b'7: \n'}
[4.278740] (bt_behavior) StdoutLine: {'line': b'7: 3 files with code style divergence\n'}
[4.279326] (bt_behavior) StdoutLine: {'line': b"7: No code style divergence in file 'include/bt_behavior/GetNextWaypoint.hpp'\n"}
[4.279504] (bt_behavior) StdoutLine: {'line': b'7: \n'}
[4.280080] (bt_behavior) StdoutLine: {'line': b"7: No code style divergence in file 'include/bt_behavior/IsRaceFinished.hpp'\n"}
[4.280209] (bt_behavior) StdoutLine: {'line': b'7: \n'}
[4.280343] (bt_behavior) StdoutLine: {'line': b"7: No code style divergence in file 'include/bt_behavior/Move.hpp'\n"}
[4.280811] (bt_behavior) StdoutLine: {'line': b'7: \n'}
[4.280937] (bt_behavior) StdoutLine: {'line': b"7: No code style divergence in file 'include/bt_behavior/ctrl_support/BTActionNode.hpp'\n"}
[4.281367] (bt_behavior) StdoutLine: {'line': b'7: \n'}
[4.281485] (bt_behavior) StdoutLine: {'line': b"7: No code style divergence in file 'include/bt_behavior/ctrl_support/BTLifecycleCtrlNode.hpp'\n"}
[4.281993] (bt_behavior) StdoutLine: {'line': b'7: \n'}
[4.282110] (bt_behavior) StdoutLine: {'line': b"7: No code style divergence in file 'src/bt_behavior/IsRaceFinished.cpp'\n"}
[4.282698] (bt_behavior) StdoutLine: {'line': b'7: \n'}
[4.282819] (bt_behavior) StdoutLine: {'line': b"7: No code style divergence in file 'tests/bt_action_test.cpp'\n"}
[4.282972] (bt_behavior) StdoutLine: {'line': b'7: \n'}
[4.283111] (bt_behavior) StdoutLine: {'line': b'7: -- run_test.py: return code 1\n'}
[4.283366] (bt_behavior) StdoutLine: {'line': b"7: -- run_test.py: verify result file '/home/alumnos/josetost/colcon_ws/src/navigation-grupo-dia-libre-1/build/bt_behavior/test_results/bt_behavior/uncrustify.xunit.xml'\n"}
[4.294139] (bt_behavior) StdoutLine: {'line': b'7/9 Test #7: uncrustify .......................***Failed    0.51 sec\n'}
[4.296261] (bt_behavior) StdoutLine: {'line': b'test 8\n'}
[4.296491] (bt_behavior) StdoutLine: {'line': b'    Start 8: xmllint\n'}
[4.296940] (bt_behavior) StdoutLine: {'line': b'\n'}
[4.297056] (bt_behavior) StdoutLine: {'line': b'8: Test command: /usr/bin/python3 "-u" "/opt/ros/foxy/share/ament_cmake_test/cmake/run_test.py" "/home/alumnos/josetost/colcon_ws/src/navigation-grupo-dia-libre-1/build/bt_behavior/test_results/bt_behavior/xmllint.xunit.xml" "--package-name" "bt_behavior" "--output-file" "/home/alumnos/josetost/colcon_ws/src/navigation-grupo-dia-libre-1/build/bt_behavior/ament_xmllint/xmllint.txt" "--command" "/opt/ros/foxy/bin/ament_xmllint" "--xunit-file" "/home/alumnos/josetost/colcon_ws/src/navigation-grupo-dia-libre-1/build/bt_behavior/test_results/bt_behavior/xmllint.xunit.xml"\n'}
[4.297544] (bt_behavior) StdoutLine: {'line': b'8: Test timeout computed to be: 60\n'}
[4.309861] (-) TimerEvent: {}
[4.363198] (bt_behavior) StdoutLine: {'line': b"8: -- run_test.py: invoking following command in '/home/alumnos/josetost/colcon_ws/src/navigation-grupo-dia-libre-1/bt_behavior':\n"}
[4.363426] (bt_behavior) StdoutLine: {'line': b'8:  - /opt/ros/foxy/bin/ament_xmllint --xunit-file /home/alumnos/josetost/colcon_ws/src/navigation-grupo-dia-libre-1/build/bt_behavior/test_results/bt_behavior/xmllint.xunit.xml\n'}
[4.409962] (-) TimerEvent: {}
[4.510286] (-) TimerEvent: {}
[4.610614] (-) TimerEvent: {}
[4.710956] (-) TimerEvent: {}
[4.811300] (-) TimerEvent: {}
[4.911693] (-) TimerEvent: {}
[4.951929] (bt_behavior) StdoutLine: {'line': b"8: File 'package.xml' is valid\n"}
[4.952204] (bt_behavior) StdoutLine: {'line': b'8: \n'}
[4.952406] (bt_behavior) StdoutLine: {'line': b"8: File 'behavior_tree_xml/behavior.xml' is valid\n"}
[4.952623] (bt_behavior) StdoutLine: {'line': b'8: \n'}
[4.953272] (bt_behavior) StdoutLine: {'line': b'8: No problems found\n'}
[4.969367] (bt_behavior) StdoutLine: {'line': b'8: -- run_test.py: return code 0\n'}
[4.970914] (bt_behavior) StdoutLine: {'line': b"8: -- run_test.py: verify result file '/home/alumnos/josetost/colcon_ws/src/navigation-grupo-dia-libre-1/build/bt_behavior/test_results/bt_behavior/xmllint.xunit.xml'\n"}
[4.985379] (bt_behavior) StdoutLine: {'line': b'8/9 Test #8: xmllint ..........................   Passed    0.69 sec\n'}
[4.993126] (bt_behavior) StdoutLine: {'line': b'test 9\n'}
[4.993855] (bt_behavior) StdoutLine: {'line': b'    Start 9: bt_action_test\n'}
[4.994027] (bt_behavior) StdoutLine: {'line': b'\n'}
[4.994654] (bt_behavior) StdoutLine: {'line': b'9: Test command: /usr/bin/python3 "-u" "/opt/ros/foxy/share/ament_cmake_test/cmake/run_test.py" "/home/alumnos/josetost/colcon_ws/src/navigation-grupo-dia-libre-1/build/bt_behavior/test_results/bt_behavior/bt_action_test.gtest.xml" "--package-name" "bt_behavior" "--output-file" "/home/alumnos/josetost/colcon_ws/src/navigation-grupo-dia-libre-1/build/bt_behavior/ament_cmake_gtest/bt_action_test.txt" "--command" "/home/alumnos/josetost/colcon_ws/src/navigation-grupo-dia-libre-1/build/bt_behavior/tests/bt_action_test" "--gtest_output=xml:/home/alumnos/josetost/colcon_ws/src/navigation-grupo-dia-libre-1/build/bt_behavior/test_results/bt_behavior/bt_action_test.gtest.xml"\n'}
[4.994914] (bt_behavior) StdoutLine: {'line': b'9: Test timeout computed to be: 60\n'}
[5.011790] (-) TimerEvent: {}
[5.077514] (bt_behavior) StdoutLine: {'line': b"9: -- run_test.py: invoking following command in '/home/alumnos/josetost/colcon_ws/src/navigation-grupo-dia-libre-1/build/bt_behavior/tests':\n"}
[5.077728] (bt_behavior) StdoutLine: {'line': b'9:  - /home/alumnos/josetost/colcon_ws/src/navigation-grupo-dia-libre-1/build/bt_behavior/tests/bt_action_test --gtest_output=xml:/home/alumnos/josetost/colcon_ws/src/navigation-grupo-dia-libre-1/build/bt_behavior/test_results/bt_behavior/bt_action_test.gtest.xml\n'}
[5.097963] (bt_behavior) StdoutLine: {'line': b'9: [==========] Running 2 tests from 1 test case.\n'}
[5.098266] (bt_behavior) StdoutLine: {'line': b'9: [----------] Global test environment set-up.\n'}
[5.098376] (bt_behavior) StdoutLine: {'line': b'9: [----------] 2 tests from bt_action\n'}
[5.098478] (bt_behavior) StdoutLine: {'line': b'9: [ RUN      ] bt_action.patrol_btn\n'}
[5.111935] (-) TimerEvent: {}
[5.117359] (bt_behavior) StdoutLine: {'line': b'9: unknown file: Failure\n'}
[5.117585] (bt_behavior) StdoutLine: {'line': b'9: C++ exception with description "Could not load library: libbr2_patrol_bt_node.so: cannot open shared object file: No such file or directory" thrown in the test body.\n'}
[5.117694] (bt_behavior) StdoutLine: {'line': b'9: [  FAILED  ] bt_action.patrol_btn (19 ms)\n'}
[5.117797] (bt_behavior) StdoutLine: {'line': b'9: [ RUN      ] bt_action.move_btn\n'}
[5.127838] (bt_behavior) StdoutLine: {'line': b'9: [INFO] [1646642506.730949154] [move_btn_node]: Waiting for "navigate_to_pose" action server\n'}
[5.128109] (bt_behavior) StdoutLine: {'line': b'9: [INFO] [1646642506.731077845] [move_btn_node]: "move" BtActionNode initialized\n'}
[5.129209] (bt_behavior) StdoutLine: {'line': b'9: [INFO] [1646642506.732549448] [move_btn_node]: Waiting for "navigate_to_pose" action server\n'}
[5.212036] (-) TimerEvent: {}
[5.312397] (-) TimerEvent: {}
[5.412702] (-) TimerEvent: {}
[5.513063] (-) TimerEvent: {}
[5.613364] (-) TimerEvent: {}
[5.713696] (-) TimerEvent: {}
[5.814039] (-) TimerEvent: {}
[5.914377] (-) TimerEvent: {}
[6.014713] (-) TimerEvent: {}
[6.115050] (-) TimerEvent: {}
[6.215420] (-) TimerEvent: {}
[6.315778] (-) TimerEvent: {}
[6.335780] (bt_behavior) StdoutLine: {'line': b'9: -- run_test.py: return code -11\n'}
[6.337843] (bt_behavior) StdoutLine: {'line': b"9: -- run_test.py: generate result file '/home/alumnos/josetost/colcon_ws/src/navigation-grupo-dia-libre-1/build/bt_behavior/test_results/bt_behavior/bt_action_test.gtest.xml' with failed test\n"}
[6.340591] (bt_behavior) StdoutLine: {'line': b"9: -- run_test.py: verify result file '/home/alumnos/josetost/colcon_ws/src/navigation-grupo-dia-libre-1/build/bt_behavior/test_results/bt_behavior/bt_action_test.gtest.xml'\n"}
[6.351026] (bt_behavior) StdoutLine: {'line': b'9/9 Test #9: bt_action_test ...................***Failed    1.36 sec\n'}
[6.359944] (bt_behavior) StdoutLine: {'line': b'\n'}
[6.360315] (bt_behavior) StdoutLine: {'line': b'56% tests passed\x1b[0;0m, \x1b[0;31m4 tests failed\x1b[0;0m out of 9\n'}
[6.360459] (bt_behavior) StdoutLine: {'line': b'\n'}
[6.360599] (bt_behavior) StdoutLine: {'line': b'Label Time Summary:\n'}
[6.360755] (bt_behavior) StdoutLine: {'line': b'copyright     =   0.57 sec*proc (1 test)\n'}
[6.360953] (bt_behavior) StdoutLine: {'line': b'cppcheck      =   0.52 sec*proc (1 test)\n'}
[6.361534] (bt_behavior) StdoutLine: {'line': b'cpplint       =   0.86 sec*proc (1 test)\n'}
[6.361753] (bt_behavior) StdoutLine: {'line': b'flake8        =   0.69 sec*proc (1 test)\n'}
[6.362328] (bt_behavior) StdoutLine: {'line': b'gtest         =   1.36 sec*proc (1 test)\n'}
[6.362985] (bt_behavior) StdoutLine: {'line': b'lint_cmake    =   0.45 sec*proc (1 test)\n'}
[6.363613] (bt_behavior) StdoutLine: {'line': b'linter        =   4.79 sec*proc (8 tests)\n'}
[6.363799] (bt_behavior) StdoutLine: {'line': b'pep257        =   0.51 sec*proc (1 test)\n'}
[6.364493] (bt_behavior) StdoutLine: {'line': b'uncrustify    =   0.51 sec*proc (1 test)\n'}
[6.365052] (bt_behavior) StdoutLine: {'line': b'xmllint       =   0.69 sec*proc (1 test)\n'}
[6.365204] (bt_behavior) StdoutLine: {'line': b'\n'}
[6.365629] (bt_behavior) StdoutLine: {'line': b'Total Test time (real) =   6.18 sec\n'}
[6.365753] (bt_behavior) StdoutLine: {'line': b'\n'}
[6.366185] (bt_behavior) StdoutLine: {'line': b'The following tests FAILED:\n'}
[6.366308] (bt_behavior) StdoutLine: {'line': b'\t\x1b[0;31m  3 - cpplint (Failed)\x1b[0;0m\n'}
[6.366475] (bt_behavior) StdoutLine: {'line': b'\t\x1b[0;31m  5 - lint_cmake (Failed)\x1b[0;0m\n'}
[6.367115] (bt_behavior) StdoutLine: {'line': b'\t\x1b[0;31m  7 - uncrustify (Failed)\x1b[0;0m\n'}
[6.367262] (bt_behavior) StdoutLine: {'line': b'\t\x1b[0;31m  9 - bt_action_test (Failed)\x1b[0;0m\n'}
[6.414025] (bt_behavior) StderrLine: {'line': b'Errors while running CTest\n'}
[6.416108] (-) TimerEvent: {}
[6.417305] (bt_behavior) CommandEnded: {'returncode': 8}
[6.418529] (bt_behavior) TestFailure: {'identifier': 'bt_behavior'}
[6.418884] (bt_behavior) JobEnded: {'identifier': 'bt_behavior', 'rc': 0}
[6.433179] (-) EventReactorShutdown: {}
