[0.000000] (-) TimerEvent: {}
[0.000253] (bt_behavior) JobQueued: {'identifier': 'bt_behavior', 'dependencies': OrderedDict([('bt_behavior', '/home/alumnos/josetost/colcon_ws/src/navigation-grupo-dia-libre-1/install/bt_behavior')])}
[0.000360] (kobuki_navigation) JobQueued: {'identifier': 'kobuki_navigation', 'dependencies': OrderedDict([('kobuki_navigation', '/home/alumnos/josetost/colcon_ws/src/navigation-grupo-dia-libre-1/install/kobuki_navigation')])}
[0.000444] (bt_behavior) JobStarted: {'identifier': 'bt_behavior'}
[0.098921] (-) TimerEvent: {}
[0.120663] (kobuki_navigation) JobStarted: {'identifier': 'kobuki_navigation'}
[0.168903] (bt_behavior) Command: {'cmd': ['/usr/bin/ctest', '-C', 'Release', '-D', 'ExperimentalTest', '--no-compress-output', '-V', '--force-new-ctest-process'], 'cwd': '/home/alumnos/josetost/colcon_ws/src/navigation-grupo-dia-libre-1/build/bt_behavior', 'env': OrderedDict([('GJS_DEBUG_TOPICS', 'JS ERROR;JS LOG'), ('USER', 'josetost'), ('SSH_AGENT_PID', '101560'), ('XDG_SESSION_TYPE', 'x11'), ('SHLVL', '1'), ('LD_LIBRARY_PATH', '/home/alumnos/josetost/colcon_ws/src/navigation-grupo-dia-libre-1/install/bt_behavior/lib:/usr/lib/x86_64-linux-gnu/gazebo-11/plugins:/opt/ros/foxy/opt/yaml_cpp_vendor/lib:/opt/ros/foxy/opt/rviz_ogre_vendor/lib:/opt/ros/foxy/lib/x86_64-linux-gnu:/opt/ros/foxy/lib'), ('HOME', '/home/alumnos/josetost'), ('OLDPWD', '/home/alumnos/josetost/colcon_ws/src'), ('DESKTOP_SESSION', 'ubuntu'), ('ROS_PYTHON_VERSION', '3'), ('GNOME_SHELL_SESSION_MODE', 'ubuntu'), ('GTK_MODULES', 'gail:atk-bridge'), ('MANAGERPID', '101376'), ('GOROOT', '/usr/lib/go'), ('DBUS_SESSION_BUS_ADDRESS', 'unix:path=/run/user/9374/bus'), ('MESG', 'y'), ('COLORTERM', 'truecolor'), ('MANDATORY_PATH', '/usr/share/gconf/ubuntu.mandatory.path'), ('IM_CONFIG_PHASE', '1'), ('COLCON_PREFIX_PATH', '/home/alumnos/josetost/colcon_ws/install'), ('ROS_DISTRO', 'foxy'), ('LOGNAME', 'josetost'), ('JOURNAL_STREAM', '8:438354'), ('_', '/usr/bin/colcon'), ('ROS_VERSION', '2'), ('XDG_SESSION_CLASS', 'user'), ('DEFAULTS_PATH', '/usr/share/gconf/ubuntu.default.path'), ('USERNAME', 'josetost'), ('TERM', 'xterm-256color'), ('GNOME_DESKTOP_SESSION_ID', 'this-is-deprecated'), ('ROS_LOCALHOST_ONLY', '0'), ('WINDOWPATH', '2'), ('PATH', '/opt/ros/foxy/bin:/usr/local/sbin:/usr/local/bin:/usr/sbin:/usr/bin:/sbin:/bin:/usr/games:/usr/local/games:/usr/lib/go/bin:/opt/puppetlabs/bin/:./'), ('SESSION_MANAGER', 'local/f-l3210-pc24:@/tmp/.ICE-unix/101600,unix/f-l3210-pc24:/tmp/.ICE-unix/101600'), ('INVOCATION_ID', 'efc7516a5ce74a559c7c41caa41e7e04'), ('XDG_MENU_PREFIX', 'gnome-'), ('GNOME_TERMINAL_SCREEN', '/org/gnome/Terminal/screen/3a0758d9_5180_400d_b53e_98a4498e02ac'), ('XDG_RUNTIME_DIR', '/run/user/9374'), ('DISPLAY', ':0'), ('LANG', 'es_ES.UTF-8'), ('XDG_CURRENT_DESKTOP', 'ubuntu:GNOME'), ('XMODIFIERS', '@im=ibus'), ('XDG_SESSION_DESKTOP', 'ubuntu'), ('XAUTHORITY', '/run/user/9374/gdm/Xauthority'), ('GNOME_TERMINAL_SERVICE', ':1.109'), ('SSH_AUTH_SOCK', '/run/user/9374/keyring/ssh'), ('ROS_DOMAIN_ID', '22'), ('AMENT_PREFIX_PATH', '/home/alumnos/josetost/colcon_ws/src/navigation-grupo-dia-libre-1/install/bt_behavior:/opt/ros/foxy'), ('SHELL', '/bin/bash'), ('QT_ACCESSIBILITY', '1'), ('ROS_MASTER_URI', 'http://f-l3202-pc24:11332/'), ('GDMSESSION', 'ubuntu'), ('GPG_AGENT_INFO', '/run/user/9374/gnupg/S.gpg-agent:0:1'), ('GJS_DEBUG_OUTPUT', 'stderr'), ('QT_IM_MODULE', 'ibus'), ('PWD', '/home/alumnos/josetost/colcon_ws/src/navigation-grupo-dia-libre-1/build/bt_behavior'), ('XDG_CONFIG_DIRS', '/etc/xdg/xdg-ubuntu:/etc/xdg'), ('XDG_DATA_DIRS', '/usr/share/ubuntu:/usr/local/share/:/usr/share/'), ('PYTHONPATH', '/opt/ros/foxy/lib/python3.8/site-packages'), ('COLCON', '1'), ('MANPATH', ':/opt/puppetlabs/puppet/share/man'), ('VTE_VERSION', '6003'), ('EDITOR', '/usr/bin/vim'), ('CMAKE_PREFIX_PATH', '/home/alumnos/josetost/colcon_ws/src/navigation-grupo-dia-libre-1/install/bt_behavior')]), 'shell': False}
[0.179692] (kobuki_navigation) JobEnded: {'identifier': 'kobuki_navigation', 'rc': 0}
[0.186260] (bt_behavior) StdoutLine: {'line': b'UpdateCTestConfiguration  from :/home/alumnos/josetost/colcon_ws/src/navigation-grupo-dia-libre-1/build/bt_behavior/CTestConfiguration.ini\n'}
[0.186532] (bt_behavior) StdoutLine: {'line': b'Parse Config file:/home/alumnos/josetost/colcon_ws/src/navigation-grupo-dia-libre-1/build/bt_behavior/CTestConfiguration.ini\n'}
[0.187339] (bt_behavior) StdoutLine: {'line': b'   Site: f-l3210-pc24\n'}
[0.187509] (bt_behavior) StdoutLine: {'line': b'   Build name: (empty)\n'}
[0.188455] (bt_behavior) StdoutLine: {'line': b' Add coverage exclude regular expressions.\n'}
[0.188635] (bt_behavior) StdoutLine: {'line': b'SetCTestConfiguration:CMakeCommand:/usr/bin/cmake\n'}
[0.189480] (bt_behavior) StdoutLine: {'line': b'Create new tag: 20220307-0945 - Experimental\n'}
[0.190020] (bt_behavior) StdoutLine: {'line': b'UpdateCTestConfiguration  from :/home/alumnos/josetost/colcon_ws/src/navigation-grupo-dia-libre-1/build/bt_behavior/CTestConfiguration.ini\n'}
[0.190186] (bt_behavior) StdoutLine: {'line': b'Parse Config file:/home/alumnos/josetost/colcon_ws/src/navigation-grupo-dia-libre-1/build/bt_behavior/CTestConfiguration.ini\n'}
[0.190363] (bt_behavior) StdoutLine: {'line': b'Test project /home/alumnos/josetost/colcon_ws/src/navigation-grupo-dia-libre-1/build/bt_behavior\n'}
[0.190972] (bt_behavior) StdoutLine: {'line': b'Constructing a list of tests\n'}
[0.192715] (bt_behavior) StdoutLine: {'line': b'Done constructing a list of tests\n'}
[0.193320] (bt_behavior) StdoutLine: {'line': b'Updating test list for fixtures\n'}
[0.193505] (bt_behavior) StdoutLine: {'line': b'Added 0 tests to meet fixture requirements\n'}
[0.194264] (bt_behavior) StdoutLine: {'line': b'Checking test dependency graph...\n'}
[0.194801] (bt_behavior) StdoutLine: {'line': b'Checking test dependency graph end\n'}
[0.195057] (bt_behavior) StdoutLine: {'line': b'test 1\n'}
[0.195689] (bt_behavior) StdoutLine: {'line': b'    Start 1: copyright\n'}
[0.195921] (bt_behavior) StdoutLine: {'line': b'\n'}
[0.196573] (bt_behavior) StdoutLine: {'line': b'1: Test command: /usr/bin/python3 "-u" "/opt/ros/foxy/share/ament_cmake_test/cmake/run_test.py" "/home/alumnos/josetost/colcon_ws/src/navigation-grupo-dia-libre-1/build/bt_behavior/test_results/bt_behavior/copyright.xunit.xml" "--package-name" "bt_behavior" "--output-file" "/home/alumnos/josetost/colcon_ws/src/navigation-grupo-dia-libre-1/build/bt_behavior/ament_copyright/copyright.txt" "--command" "/opt/ros/foxy/bin/ament_copyright" "--xunit-file" "/home/alumnos/josetost/colcon_ws/src/navigation-grupo-dia-libre-1/build/bt_behavior/test_results/bt_behavior/copyright.xunit.xml"\n'}
[0.196742] (bt_behavior) StdoutLine: {'line': b'1: Test timeout computed to be: 60\n'}
[0.198984] (-) TimerEvent: {}
[0.264143] (bt_behavior) StdoutLine: {'line': b"1: -- run_test.py: invoking following command in '/home/alumnos/josetost/colcon_ws/src/navigation-grupo-dia-libre-1/bt_behavior':\n"}
[0.264609] (bt_behavior) StdoutLine: {'line': b'1:  - /opt/ros/foxy/bin/ament_copyright --xunit-file /home/alumnos/josetost/colcon_ws/src/navigation-grupo-dia-libre-1/build/bt_behavior/test_results/bt_behavior/copyright.xunit.xml\n'}
[0.299094] (-) TimerEvent: {}
[0.399426] (-) TimerEvent: {}
[0.499729] (-) TimerEvent: {}
[0.600043] (-) TimerEvent: {}
[0.674013] (bt_behavior) StdoutLine: {'line': b'1: No problems found, checked 12 files\n'}
[0.691172] (bt_behavior) StdoutLine: {'line': b'1: -- run_test.py: return code 0\n'}
[0.692570] (bt_behavior) StdoutLine: {'line': b"1: -- run_test.py: verify result file '/home/alumnos/josetost/colcon_ws/src/navigation-grupo-dia-libre-1/build/bt_behavior/test_results/bt_behavior/copyright.xunit.xml'\n"}
[0.700153] (-) TimerEvent: {}
[0.704220] (bt_behavior) StdoutLine: {'line': b'1/9 Test #1: copyright ........................   Passed    0.51 sec\n'}
[0.706399] (bt_behavior) StdoutLine: {'line': b'test 2\n'}
[0.706938] (bt_behavior) StdoutLine: {'line': b'    Start 2: cppcheck\n'}
[0.707121] (bt_behavior) StdoutLine: {'line': b'\n'}
[0.707904] (bt_behavior) StdoutLine: {'line': b'2: Test command: /usr/bin/python3 "-u" "/opt/ros/foxy/share/ament_cmake_test/cmake/run_test.py" "/home/alumnos/josetost/colcon_ws/src/navigation-grupo-dia-libre-1/build/bt_behavior/test_results/bt_behavior/cppcheck.xunit.xml" "--package-name" "bt_behavior" "--output-file" "/home/alumnos/josetost/colcon_ws/src/navigation-grupo-dia-libre-1/build/bt_behavior/ament_cppcheck/cppcheck.txt" "--command" "/opt/ros/foxy/bin/ament_cppcheck" "--xunit-file" "/home/alumnos/josetost/colcon_ws/src/navigation-grupo-dia-libre-1/build/bt_behavior/test_results/bt_behavior/cppcheck.xunit.xml" "--include_dirs" "/home/alumnos/josetost/colcon_ws/src/navigation-grupo-dia-libre-1/bt_behavior/include"\n'}
[0.708093] (bt_behavior) StdoutLine: {'line': b'2: Test timeout computed to be: 300\n'}
[0.785404] (bt_behavior) StdoutLine: {'line': b"2: -- run_test.py: invoking following command in '/home/alumnos/josetost/colcon_ws/src/navigation-grupo-dia-libre-1/bt_behavior':\n"}
[0.785636] (bt_behavior) StdoutLine: {'line': b'2:  - /opt/ros/foxy/bin/ament_cppcheck --xunit-file /home/alumnos/josetost/colcon_ws/src/navigation-grupo-dia-libre-1/build/bt_behavior/test_results/bt_behavior/cppcheck.xunit.xml --include_dirs /home/alumnos/josetost/colcon_ws/src/navigation-grupo-dia-libre-1/bt_behavior/include\n'}
[0.800242] (-) TimerEvent: {}
[0.900506] (-) TimerEvent: {}
[1.000824] (-) TimerEvent: {}
[1.101148] (-) TimerEvent: {}
[1.191755] (bt_behavior) StdoutLine: {'line': b'2: No problems found\n'}
[1.201318] (-) TimerEvent: {}
[1.209492] (bt_behavior) StdoutLine: {'line': b'2: -- run_test.py: return code 0\n'}
[1.210909] (bt_behavior) StdoutLine: {'line': b"2: -- run_test.py: verify result file '/home/alumnos/josetost/colcon_ws/src/navigation-grupo-dia-libre-1/build/bt_behavior/test_results/bt_behavior/cppcheck.xunit.xml'\n"}
[1.224049] (bt_behavior) StdoutLine: {'line': b'2/9 Test #2: cppcheck .........................   Passed    0.52 sec\n'}
[1.226337] (bt_behavior) StdoutLine: {'line': b'test 3\n'}
[1.226696] (bt_behavior) StdoutLine: {'line': b'    Start 3: cpplint\n'}
[1.227474] (bt_behavior) StdoutLine: {'line': b'\n'}
[1.227580] (bt_behavior) StdoutLine: {'line': b'3: Test command: /usr/bin/python3 "-u" "/opt/ros/foxy/share/ament_cmake_test/cmake/run_test.py" "/home/alumnos/josetost/colcon_ws/src/navigation-grupo-dia-libre-1/build/bt_behavior/test_results/bt_behavior/cpplint.xunit.xml" "--package-name" "bt_behavior" "--output-file" "/home/alumnos/josetost/colcon_ws/src/navigation-grupo-dia-libre-1/build/bt_behavior/ament_cpplint/cpplint.txt" "--command" "/opt/ros/foxy/bin/ament_cpplint" "--xunit-file" "/home/alumnos/josetost/colcon_ws/src/navigation-grupo-dia-libre-1/build/bt_behavior/test_results/bt_behavior/cpplint.xunit.xml"\n'}
[1.228319] (bt_behavior) StdoutLine: {'line': b'3: Test timeout computed to be: 120\n'}
[1.299429] (bt_behavior) StdoutLine: {'line': b"3: -- run_test.py: invoking following command in '/home/alumnos/josetost/colcon_ws/src/navigation-grupo-dia-libre-1/bt_behavior':\n"}
[1.299626] (bt_behavior) StdoutLine: {'line': b'3:  - /opt/ros/foxy/bin/ament_cpplint --xunit-file /home/alumnos/josetost/colcon_ws/src/navigation-grupo-dia-libre-1/build/bt_behavior/test_results/bt_behavior/cpplint.xunit.xml\n'}
[1.301394] (-) TimerEvent: {}
[1.401662] (-) TimerEvent: {}
[1.502033] (-) TimerEvent: {}
[1.602425] (-) TimerEvent: {}
[1.702814] (-) TimerEvent: {}
[1.803195] (-) TimerEvent: {}
[1.903598] (-) TimerEvent: {}
[2.003981] (-) TimerEvent: {}
[2.057752] (bt_behavior) StdoutLine: {'line': b'3: /home/alumnos/josetost/colcon_ws/src/navigation-grupo-dia-libre-1/bt_behavior/src/bt_behavior/Move.cpp:55:  Lines should be <= 100 characters long  [whitespace/line_length] [2]\n'}
[2.058197] (bt_behavior) StdoutLine: {'line': b'3: /home/alumnos/josetost/colcon_ws/src/navigation-grupo-dia-libre-1/bt_behavior/src/bt_behavior/Move.cpp:71:  Lines should be <= 100 characters long  [whitespace/line_length] [2]\n'}
[2.058675] (bt_behavior) StdoutLine: {'line': b'3: /home/alumnos/josetost/colcon_ws/src/navigation-grupo-dia-libre-1/bt_behavior/src/bt_behavior/Move.cpp:87:  Lines should be <= 100 characters long  [whitespace/line_length] [2]\n'}
[2.058952] (bt_behavior) StdoutLine: {'line': b"3: Category 'whitespace/line_length' errors found: 3\n"}
[2.059065] (bt_behavior) StdoutLine: {'line': b'3: Total errors found: 3\n'}
[2.059195] (bt_behavior) StdoutLine: {'line': b"3: Using '--root=..' argument\n"}
[2.059322] (bt_behavior) StdoutLine: {'line': b'3: \n'}
[2.059549] (bt_behavior) StdoutLine: {'line': b'3: Done processing /home/alumnos/josetost/colcon_ws/src/navigation-grupo-dia-libre-1/bt_behavior/tests/bt_action_test.cpp\n'}
[2.059668] (bt_behavior) StdoutLine: {'line': b'3: \n'}
[2.060849] (bt_behavior) StdoutLine: {'line': b"3: Using '--root=/home/alumnos/josetost/colcon_ws/src/navigation-grupo-dia-libre-1/bt_behavior/include' argument\n"}
[2.061623] (bt_behavior) StdoutLine: {'line': b'3: \n'}
[2.061867] (bt_behavior) StdoutLine: {'line': b'3: Done processing /home/alumnos/josetost/colcon_ws/src/navigation-grupo-dia-libre-1/bt_behavior/include/bt_behavior/GetNextWaypoint.hpp\n'}
[2.062421] (bt_behavior) StdoutLine: {'line': b'3: \n'}
[2.062656] (bt_behavior) StdoutLine: {'line': b'3: Done processing /home/alumnos/josetost/colcon_ws/src/navigation-grupo-dia-libre-1/bt_behavior/include/bt_behavior/IsRaceFinished.hpp\n'}
[2.063250] (bt_behavior) StdoutLine: {'line': b'3: \n'}
[2.063381] (bt_behavior) StdoutLine: {'line': b'3: Done processing /home/alumnos/josetost/colcon_ws/src/navigation-grupo-dia-libre-1/bt_behavior/include/bt_behavior/Move.hpp\n'}
[2.063513] (bt_behavior) StdoutLine: {'line': b'3: \n'}
[2.064038] (bt_behavior) StdoutLine: {'line': b'3: Done processing /home/alumnos/josetost/colcon_ws/src/navigation-grupo-dia-libre-1/bt_behavior/include/bt_behavior/ctrl_support/BTActionNode.hpp\n'}
[2.064164] (bt_behavior) StdoutLine: {'line': b'3: \n'}
[2.064280] (bt_behavior) StdoutLine: {'line': b'3: Done processing /home/alumnos/josetost/colcon_ws/src/navigation-grupo-dia-libre-1/bt_behavior/include/bt_behavior/ctrl_support/BTLifecycleCtrlNode.hpp\n'}
[2.064398] (bt_behavior) StdoutLine: {'line': b'3: \n'}
[2.064520] (bt_behavior) StdoutLine: {'line': b"3: Using '--root=/home/alumnos/josetost/colcon_ws/src/navigation-grupo-dia-libre-1/bt_behavior/src' argument\n"}
[2.064627] (bt_behavior) StdoutLine: {'line': b'3: \n'}
[2.064750] (bt_behavior) StdoutLine: {'line': b'3: Done processing /home/alumnos/josetost/colcon_ws/src/navigation-grupo-dia-libre-1/bt_behavior/src/nav_wp.cpp\n'}
[2.064865] (bt_behavior) StdoutLine: {'line': b'3: \n'}
[2.064986] (bt_behavior) StdoutLine: {'line': b'3: Done processing /home/alumnos/josetost/colcon_ws/src/navigation-grupo-dia-libre-1/bt_behavior/src/bt_behavior/GetNextWaypoint.cpp\n'}
[2.065630] (bt_behavior) StdoutLine: {'line': b'3: \n'}
[2.065737] (bt_behavior) StdoutLine: {'line': b'3: Done processing /home/alumnos/josetost/colcon_ws/src/navigation-grupo-dia-libre-1/bt_behavior/src/bt_behavior/IsRaceFinished.cpp\n'}
[2.065867] (bt_behavior) StdoutLine: {'line': b'3: \n'}
[2.066347] (bt_behavior) StdoutLine: {'line': b'3: Done processing /home/alumnos/josetost/colcon_ws/src/navigation-grupo-dia-libre-1/bt_behavior/src/bt_behavior/Move.cpp\n'}
[2.066468] (bt_behavior) StdoutLine: {'line': b'3: \n'}
[2.072345] (bt_behavior) StdoutLine: {'line': b'3: -- run_test.py: return code 1\n'}
[2.073859] (bt_behavior) StdoutLine: {'line': b"3: -- run_test.py: verify result file '/home/alumnos/josetost/colcon_ws/src/navigation-grupo-dia-libre-1/build/bt_behavior/test_results/bt_behavior/cpplint.xunit.xml'\n"}
[2.087265] (bt_behavior) StdoutLine: {'line': b'3/9 Test #3: cpplint ..........................***Failed    0.86 sec\n'}
[2.090287] (bt_behavior) StdoutLine: {'line': b'test 4\n'}
[2.090983] (bt_behavior) StdoutLine: {'line': b'    Start 4: flake8\n'}
[2.091824] (bt_behavior) StdoutLine: {'line': b'\n'}
[2.092064] (bt_behavior) StdoutLine: {'line': b'4: Test command: /usr/bin/python3 "-u" "/opt/ros/foxy/share/ament_cmake_test/cmake/run_test.py" "/home/alumnos/josetost/colcon_ws/src/navigation-grupo-dia-libre-1/build/bt_behavior/test_results/bt_behavior/flake8.xunit.xml" "--package-name" "bt_behavior" "--output-file" "/home/alumnos/josetost/colcon_ws/src/navigation-grupo-dia-libre-1/build/bt_behavior/ament_flake8/flake8.txt" "--command" "/opt/ros/foxy/bin/ament_flake8" "--xunit-file" "/home/alumnos/josetost/colcon_ws/src/navigation-grupo-dia-libre-1/build/bt_behavior/test_results/bt_behavior/flake8.xunit.xml"\n'}
[2.092695] (bt_behavior) StdoutLine: {'line': b'4: Test timeout computed to be: 60\n'}
[2.104067] (-) TimerEvent: {}
[2.167361] (bt_behavior) StdoutLine: {'line': b"4: -- run_test.py: invoking following command in '/home/alumnos/josetost/colcon_ws/src/navigation-grupo-dia-libre-1/bt_behavior':\n"}
[2.167594] (bt_behavior) StdoutLine: {'line': b'4:  - /opt/ros/foxy/bin/ament_flake8 --xunit-file /home/alumnos/josetost/colcon_ws/src/navigation-grupo-dia-libre-1/build/bt_behavior/test_results/bt_behavior/flake8.xunit.xml\n'}
[2.204198] (-) TimerEvent: {}
[2.304502] (-) TimerEvent: {}
[2.404814] (-) TimerEvent: {}
[2.505173] (-) TimerEvent: {}
[2.605519] (-) TimerEvent: {}
[2.705840] (-) TimerEvent: {}
[2.742934] (bt_behavior) StdoutLine: {'line': b'4: \n'}
[2.743198] (bt_behavior) StdoutLine: {'line': b'4: 1 files checked\n'}
[2.743326] (bt_behavior) StdoutLine: {'line': b'4: No problems found\n'}
[2.743428] (bt_behavior) StdoutLine: {'line': b'4: \n'}
[2.743528] (bt_behavior) StdoutLine: {'line': b'4: Checked files:\n'}
[2.743636] (bt_behavior) StdoutLine: {'line': b'4: \n'}
[2.744352] (bt_behavior) StdoutLine: {'line': b'4: * ./launch/patrolling.launch.py\n'}
[2.775668] (bt_behavior) StdoutLine: {'line': b'4: -- run_test.py: return code 0\n'}
[2.777504] (bt_behavior) StdoutLine: {'line': b"4: -- run_test.py: verify result file '/home/alumnos/josetost/colcon_ws/src/navigation-grupo-dia-libre-1/build/bt_behavior/test_results/bt_behavior/flake8.xunit.xml'\n"}
[2.791601] (bt_behavior) StdoutLine: {'line': b'4/9 Test #4: flake8 ...........................   Passed    0.70 sec\n'}
[2.794613] (bt_behavior) StdoutLine: {'line': b'test 5\n'}
[2.795426] (bt_behavior) StdoutLine: {'line': b'    Start 5: lint_cmake\n'}
[2.795644] (bt_behavior) StdoutLine: {'line': b'\n'}
[2.796266] (bt_behavior) StdoutLine: {'line': b'5: Test command: /usr/bin/python3 "-u" "/opt/ros/foxy/share/ament_cmake_test/cmake/run_test.py" "/home/alumnos/josetost/colcon_ws/src/navigation-grupo-dia-libre-1/build/bt_behavior/test_results/bt_behavior/lint_cmake.xunit.xml" "--package-name" "bt_behavior" "--output-file" "/home/alumnos/josetost/colcon_ws/src/navigation-grupo-dia-libre-1/build/bt_behavior/ament_lint_cmake/lint_cmake.txt" "--command" "/opt/ros/foxy/bin/ament_lint_cmake" "--xunit-file" "/home/alumnos/josetost/colcon_ws/src/navigation-grupo-dia-libre-1/build/bt_behavior/test_results/bt_behavior/lint_cmake.xunit.xml"\n'}
[2.796522] (bt_behavior) StdoutLine: {'line': b'5: Test timeout computed to be: 60\n'}
[2.805935] (-) TimerEvent: {}
[2.865380] (bt_behavior) StdoutLine: {'line': b"5: -- run_test.py: invoking following command in '/home/alumnos/josetost/colcon_ws/src/navigation-grupo-dia-libre-1/bt_behavior':\n"}
[2.865688] (bt_behavior) StdoutLine: {'line': b'5:  - /opt/ros/foxy/bin/ament_lint_cmake --xunit-file /home/alumnos/josetost/colcon_ws/src/navigation-grupo-dia-libre-1/build/bt_behavior/test_results/bt_behavior/lint_cmake.xunit.xml\n'}
[2.906042] (-) TimerEvent: {}
[3.006336] (-) TimerEvent: {}
[3.106664] (-) TimerEvent: {}
[3.206970] (-) TimerEvent: {}
[3.213761] (bt_behavior) StdoutLine: {'line': b'5: CMakeLists.txt:40: Line ends in whitespace [whitespace/eol]\n'}
[3.213959] (bt_behavior) StdoutLine: {'line': b'5: \n'}
[3.214084] (bt_behavior) StdoutLine: {'line': b'5: \n'}
[3.214320] (bt_behavior) StdoutLine: {'line': b'5: 1 errors\n'}
[3.225951] (bt_behavior) StdoutLine: {'line': b'5: -- run_test.py: return code 1\n'}
[3.227591] (bt_behavior) StdoutLine: {'line': b"5: -- run_test.py: verify result file '/home/alumnos/josetost/colcon_ws/src/navigation-grupo-dia-libre-1/build/bt_behavior/test_results/bt_behavior/lint_cmake.xunit.xml'\n"}
[3.241159] (bt_behavior) StdoutLine: {'line': b'5/9 Test #5: lint_cmake .......................***Failed    0.45 sec\n'}
[3.243238] (bt_behavior) StdoutLine: {'line': b'test 6\n'}
[3.243872] (bt_behavior) StdoutLine: {'line': b'    Start 6: pep257\n'}
[3.244017] (bt_behavior) StdoutLine: {'line': b'\n'}
[3.244568] (bt_behavior) StdoutLine: {'line': b'6: Test command: /usr/bin/python3 "-u" "/opt/ros/foxy/share/ament_cmake_test/cmake/run_test.py" "/home/alumnos/josetost/colcon_ws/src/navigation-grupo-dia-libre-1/build/bt_behavior/test_results/bt_behavior/pep257.xunit.xml" "--package-name" "bt_behavior" "--output-file" "/home/alumnos/josetost/colcon_ws/src/navigation-grupo-dia-libre-1/build/bt_behavior/ament_pep257/pep257.txt" "--command" "/opt/ros/foxy/bin/ament_pep257" "--xunit-file" "/home/alumnos/josetost/colcon_ws/src/navigation-grupo-dia-libre-1/build/bt_behavior/test_results/bt_behavior/pep257.xunit.xml"\n'}
[3.244714] (bt_behavior) StdoutLine: {'line': b'6: Test timeout computed to be: 60\n'}
[3.307072] (-) TimerEvent: {}
[3.309045] (bt_behavior) StdoutLine: {'line': b"6: -- run_test.py: invoking following command in '/home/alumnos/josetost/colcon_ws/src/navigation-grupo-dia-libre-1/bt_behavior':\n"}
[3.309245] (bt_behavior) StdoutLine: {'line': b'6:  - /opt/ros/foxy/bin/ament_pep257 --xunit-file /home/alumnos/josetost/colcon_ws/src/navigation-grupo-dia-libre-1/build/bt_behavior/test_results/bt_behavior/pep257.xunit.xml\n'}
[3.407181] (-) TimerEvent: {}
[3.507516] (-) TimerEvent: {}
[3.607834] (-) TimerEvent: {}
[3.708158] (-) TimerEvent: {}
[3.714863] (bt_behavior) StdoutLine: {'line': b'6: checking ./launch/patrolling.launch.py\n'}
[3.715050] (bt_behavior) StdoutLine: {'line': b'6: No problems found\n'}
[3.731666] (bt_behavior) StdoutLine: {'line': b'6: -- run_test.py: return code 0\n'}
[3.733253] (bt_behavior) StdoutLine: {'line': b"6: -- run_test.py: verify result file '/home/alumnos/josetost/colcon_ws/src/navigation-grupo-dia-libre-1/build/bt_behavior/test_results/bt_behavior/pep257.xunit.xml'\n"}
[3.745138] (bt_behavior) StdoutLine: {'line': b'6/9 Test #6: pep257 ...........................   Passed    0.50 sec\n'}
[3.747250] (bt_behavior) StdoutLine: {'line': b'test 7\n'}
[3.747827] (bt_behavior) StdoutLine: {'line': b'    Start 7: uncrustify\n'}
[3.748092] (bt_behavior) StdoutLine: {'line': b'\n'}
[3.748855] (bt_behavior) StdoutLine: {'line': b'7: Test command: /usr/bin/python3 "-u" "/opt/ros/foxy/share/ament_cmake_test/cmake/run_test.py" "/home/alumnos/josetost/colcon_ws/src/navigation-grupo-dia-libre-1/build/bt_behavior/test_results/bt_behavior/uncrustify.xunit.xml" "--package-name" "bt_behavior" "--output-file" "/home/alumnos/josetost/colcon_ws/src/navigation-grupo-dia-libre-1/build/bt_behavior/ament_uncrustify/uncrustify.txt" "--command" "/opt/ros/foxy/bin/ament_uncrustify" "--xunit-file" "/home/alumnos/josetost/colcon_ws/src/navigation-grupo-dia-libre-1/build/bt_behavior/test_results/bt_behavior/uncrustify.xunit.xml"\n'}
[3.749793] (bt_behavior) StdoutLine: {'line': b'7: Test timeout computed to be: 60\n'}
[3.808289] (-) TimerEvent: {}
[3.821307] (bt_behavior) StdoutLine: {'line': b"7: -- run_test.py: invoking following command in '/home/alumnos/josetost/colcon_ws/src/navigation-grupo-dia-libre-1/bt_behavior':\n"}
[3.821491] (bt_behavior) StdoutLine: {'line': b'7:  - /opt/ros/foxy/bin/ament_uncrustify --xunit-file /home/alumnos/josetost/colcon_ws/src/navigation-grupo-dia-libre-1/build/bt_behavior/test_results/bt_behavior/uncrustify.xunit.xml\n'}
[3.908379] (-) TimerEvent: {}
[4.008741] (-) TimerEvent: {}
[4.109103] (-) TimerEvent: {}
[4.209439] (-) TimerEvent: {}
[4.282454] (bt_behavior) StdoutLine: {'line': b"7: No code style divergence in file 'include/bt_behavior/GetNextWaypoint.hpp'\n"}
[4.282761] (bt_behavior) StdoutLine: {'line': b'7: \n'}
[4.283234] (bt_behavior) StdoutLine: {'line': b"7: No code style divergence in file 'include/bt_behavior/IsRaceFinished.hpp'\n"}
[4.283415] (bt_behavior) StdoutLine: {'line': b'7: \n'}
[4.283588] (bt_behavior) StdoutLine: {'line': b"7: No code style divergence in file 'include/bt_behavior/Move.hpp'\n"}
[4.283771] (bt_behavior) StdoutLine: {'line': b'7: \n'}
[4.283947] (bt_behavior) StdoutLine: {'line': b"7: No code style divergence in file 'include/bt_behavior/ctrl_support/BTActionNode.hpp'\n"}
[4.284117] (bt_behavior) StdoutLine: {'line': b'7: \n'}
[4.284282] (bt_behavior) StdoutLine: {'line': b"7: No code style divergence in file 'include/bt_behavior/ctrl_support/BTLifecycleCtrlNode.hpp'\n"}
[4.284449] (bt_behavior) StdoutLine: {'line': b'7: \n'}
[4.284617] (bt_behavior) StdoutLine: {'line': b"7: No code style divergence in file 'src/bt_behavior/GetNextWaypoint.cpp'\n"}
[4.284784] (bt_behavior) StdoutLine: {'line': b'7: \n'}
[4.284956] (bt_behavior) StdoutLine: {'line': b"7: No code style divergence in file 'src/bt_behavior/IsRaceFinished.cpp'\n"}
[4.285115] (bt_behavior) StdoutLine: {'line': b'7: \n'}
[4.285280] (bt_behavior) StdoutLine: {'line': b"7: No code style divergence in file 'src/bt_behavior/Move.cpp'\n"}
[4.285447] (bt_behavior) StdoutLine: {'line': b'7: \n'}
[4.285617] (bt_behavior) StdoutLine: {'line': b"7: No code style divergence in file 'src/nav_wp.cpp'\n"}
[4.285794] (bt_behavior) StdoutLine: {'line': b'7: \n'}
[4.285981] (bt_behavior) StdoutLine: {'line': b"7: No code style divergence in file 'tests/bt_action_test.cpp'\n"}
[4.286166] (bt_behavior) StdoutLine: {'line': b'7: \n'}
[4.286345] (bt_behavior) StdoutLine: {'line': b'7: No problems found\n'}
[4.306455] (bt_behavior) StdoutLine: {'line': b'7: -- run_test.py: return code 0\n'}
[4.308028] (bt_behavior) StdoutLine: {'line': b"7: -- run_test.py: verify result file '/home/alumnos/josetost/colcon_ws/src/navigation-grupo-dia-libre-1/build/bt_behavior/test_results/bt_behavior/uncrustify.xunit.xml'\n"}
[4.309536] (-) TimerEvent: {}
[4.320772] (bt_behavior) StdoutLine: {'line': b'7/9 Test #7: uncrustify .......................   Passed    0.57 sec\n'}
[4.322995] (bt_behavior) StdoutLine: {'line': b'test 8\n'}
[4.323300] (bt_behavior) StdoutLine: {'line': b'    Start 8: xmllint\n'}
[4.323813] (bt_behavior) StdoutLine: {'line': b'\n'}
[4.323985] (bt_behavior) StdoutLine: {'line': b'8: Test command: /usr/bin/python3 "-u" "/opt/ros/foxy/share/ament_cmake_test/cmake/run_test.py" "/home/alumnos/josetost/colcon_ws/src/navigation-grupo-dia-libre-1/build/bt_behavior/test_results/bt_behavior/xmllint.xunit.xml" "--package-name" "bt_behavior" "--output-file" "/home/alumnos/josetost/colcon_ws/src/navigation-grupo-dia-libre-1/build/bt_behavior/ament_xmllint/xmllint.txt" "--command" "/opt/ros/foxy/bin/ament_xmllint" "--xunit-file" "/home/alumnos/josetost/colcon_ws/src/navigation-grupo-dia-libre-1/build/bt_behavior/test_results/bt_behavior/xmllint.xunit.xml"\n'}
[4.324610] (bt_behavior) StdoutLine: {'line': b'8: Test timeout computed to be: 60\n'}
[4.397140] (bt_behavior) StdoutLine: {'line': b"8: -- run_test.py: invoking following command in '/home/alumnos/josetost/colcon_ws/src/navigation-grupo-dia-libre-1/bt_behavior':\n"}
[4.397427] (bt_behavior) StdoutLine: {'line': b'8:  - /opt/ros/foxy/bin/ament_xmllint --xunit-file /home/alumnos/josetost/colcon_ws/src/navigation-grupo-dia-libre-1/build/bt_behavior/test_results/bt_behavior/xmllint.xunit.xml\n'}
[4.409644] (-) TimerEvent: {}
[4.510012] (-) TimerEvent: {}
[4.610340] (-) TimerEvent: {}
[4.710654] (-) TimerEvent: {}
[4.811047] (-) TimerEvent: {}
[4.911534] (-) TimerEvent: {}
[5.011956] (-) TimerEvent: {}
[5.062936] (bt_behavior) StdoutLine: {'line': b"8: File 'package.xml' is valid\n"}
[5.063213] (bt_behavior) StdoutLine: {'line': b'8: \n'}
[5.063355] (bt_behavior) StdoutLine: {'line': b"8: File 'behavior_tree_xml/behavior.xml' is valid\n"}
[5.063481] (bt_behavior) StdoutLine: {'line': b'8: \n'}
[5.063604] (bt_behavior) StdoutLine: {'line': b'8: No problems found\n'}
[5.078764] (bt_behavior) StdoutLine: {'line': b'8: -- run_test.py: return code 0\n'}
[5.079938] (bt_behavior) StdoutLine: {'line': b"8: -- run_test.py: verify result file '/home/alumnos/josetost/colcon_ws/src/navigation-grupo-dia-libre-1/build/bt_behavior/test_results/bt_behavior/xmllint.xunit.xml'\n"}
[5.096484] (bt_behavior) StdoutLine: {'line': b'8/9 Test #8: xmllint ..........................   Passed    0.77 sec\n'}
[5.098890] (bt_behavior) StdoutLine: {'line': b'test 9\n'}
[5.099254] (bt_behavior) StdoutLine: {'line': b'    Start 9: bt_action_test\n'}
[5.099891] (bt_behavior) StdoutLine: {'line': b'\n'}
[5.100003] (bt_behavior) StdoutLine: {'line': b'9: Test command: /usr/bin/python3 "-u" "/opt/ros/foxy/share/ament_cmake_test/cmake/run_test.py" "/home/alumnos/josetost/colcon_ws/src/navigation-grupo-dia-libre-1/build/bt_behavior/test_results/bt_behavior/bt_action_test.gtest.xml" "--package-name" "bt_behavior" "--output-file" "/home/alumnos/josetost/colcon_ws/src/navigation-grupo-dia-libre-1/build/bt_behavior/ament_cmake_gtest/bt_action_test.txt" "--command" "/home/alumnos/josetost/colcon_ws/src/navigation-grupo-dia-libre-1/build/bt_behavior/tests/bt_action_test" "--gtest_output=xml:/home/alumnos/josetost/colcon_ws/src/navigation-grupo-dia-libre-1/build/bt_behavior/test_results/bt_behavior/bt_action_test.gtest.xml"\n'}
[5.100569] (bt_behavior) StdoutLine: {'line': b'9: Test timeout computed to be: 60\n'}
[5.112044] (-) TimerEvent: {}
[5.178054] (bt_behavior) StdoutLine: {'line': b"9: -- run_test.py: invoking following command in '/home/alumnos/josetost/colcon_ws/src/navigation-grupo-dia-libre-1/build/bt_behavior/tests':\n"}
[5.178286] (bt_behavior) StdoutLine: {'line': b'9:  - /home/alumnos/josetost/colcon_ws/src/navigation-grupo-dia-libre-1/build/bt_behavior/tests/bt_action_test --gtest_output=xml:/home/alumnos/josetost/colcon_ws/src/navigation-grupo-dia-libre-1/build/bt_behavior/test_results/bt_behavior/bt_action_test.gtest.xml\n'}
[5.197915] (bt_behavior) StdoutLine: {'line': b'9: [==========] Running 2 tests from 1 test case.\n'}
[5.198173] (bt_behavior) StdoutLine: {'line': b'9: [----------] Global test environment set-up.\n'}
[5.198284] (bt_behavior) StdoutLine: {'line': b'9: [----------] 2 tests from bt_action\n'}
[5.198454] (bt_behavior) StdoutLine: {'line': b'9: [ RUN      ] bt_action.patrol_btn\n'}
[5.212165] (-) TimerEvent: {}
[5.212477] (bt_behavior) StdoutLine: {'line': b'9: unknown file: Failure\n'}
[5.213121] (bt_behavior) StdoutLine: {'line': b'9: C++ exception with description "Could not load library: libbr2_patrol_bt_node.so: cannot open shared object file: No such file or directory" thrown in the test body.\n'}
[5.213253] (bt_behavior) StdoutLine: {'line': b'9: [  FAILED  ] bt_action.patrol_btn (14 ms)\n'}
[5.213364] (bt_behavior) StdoutLine: {'line': b'9: [ RUN      ] bt_action.move_btn\n'}
[5.223110] (bt_behavior) StdoutLine: {'line': b'9: [INFO] [1646646317.570497584] [move_btn_node]: Waiting for "navigate_to_pose" action server\n'}
[5.223401] (bt_behavior) StdoutLine: {'line': b'9: [INFO] [1646646317.570637357] [move_btn_node]: "move" BtActionNode initialized\n'}
[5.225178] (bt_behavior) StdoutLine: {'line': b'9: [INFO] [1646646317.572631922] [move_btn_node]: Waiting for "navigate_to_pose" action server\n'}
[5.312289] (-) TimerEvent: {}
[5.412640] (-) TimerEvent: {}
[5.513032] (-) TimerEvent: {}
[5.613395] (-) TimerEvent: {}
[5.713735] (-) TimerEvent: {}
[5.814122] (-) TimerEvent: {}
[5.914497] (-) TimerEvent: {}
[6.014875] (-) TimerEvent: {}
[6.115210] (-) TimerEvent: {}
[6.215630] (-) TimerEvent: {}
[6.315971] (-) TimerEvent: {}
[6.416366] (-) TimerEvent: {}
[6.516758] (-) TimerEvent: {}
[6.617138] (-) TimerEvent: {}
[6.717535] (-) TimerEvent: {}
[6.817902] (-) TimerEvent: {}
[6.918272] (-) TimerEvent: {}
[7.018637] (-) TimerEvent: {}
[7.119030] (-) TimerEvent: {}
[7.219411] (-) TimerEvent: {}
[7.319736] (-) TimerEvent: {}
[7.420067] (-) TimerEvent: {}
[7.520390] (-) TimerEvent: {}
[7.620752] (-) TimerEvent: {}
[7.721166] (-) TimerEvent: {}
[7.821563] (-) TimerEvent: {}
[7.921978] (-) TimerEvent: {}
[8.022353] (-) TimerEvent: {}
[8.122685] (-) TimerEvent: {}
[8.223019] (-) TimerEvent: {}
[8.323400] (-) TimerEvent: {}
[8.423735] (-) TimerEvent: {}
[8.524089] (-) TimerEvent: {}
[8.624471] (-) TimerEvent: {}
[8.724805] (-) TimerEvent: {}
[8.825118] (-) TimerEvent: {}
[8.925443] (-) TimerEvent: {}
[9.025878] (-) TimerEvent: {}
[9.126258] (-) TimerEvent: {}
[9.226641] (-) TimerEvent: {}
[9.327061] (-) TimerEvent: {}
[9.427511] (-) TimerEvent: {}
[9.527859] (-) TimerEvent: {}
[9.628274] (-) TimerEvent: {}
[9.728705] (-) TimerEvent: {}
[9.829039] (-) TimerEvent: {}
[9.929421] (-) TimerEvent: {}
[10.029732] (-) TimerEvent: {}
[10.130094] (-) TimerEvent: {}
[10.230410] (-) TimerEvent: {}
[10.330749] (-) TimerEvent: {}
[10.431082] (-) TimerEvent: {}
[10.531447] (-) TimerEvent: {}
[10.631779] (-) TimerEvent: {}
[10.732126] (-) TimerEvent: {}
[10.832481] (-) TimerEvent: {}
[10.932804] (-) TimerEvent: {}
[11.033144] (-) TimerEvent: {}
[11.133440] (-) TimerEvent: {}
[11.233762] (-) TimerEvent: {}
[11.334121] (-) TimerEvent: {}
[11.423542] (bt_behavior) StdoutLine: {'line': b'9: [INFO] [1646646323.770909001] [move_btn_node]: navigation Suceeded\n'}
[11.434237] (-) TimerEvent: {}
[11.527845] (bt_behavior) StdoutLine: {'line': b'9: [       OK ] bt_action.move_btn (6316 ms)\n'}
[11.528074] (bt_behavior) StdoutLine: {'line': b'9: [----------] 2 tests from bt_action (6330 ms total)\n'}
[11.528203] (bt_behavior) StdoutLine: {'line': b'9: \n'}
[11.528327] (bt_behavior) StdoutLine: {'line': b'9: [----------] Global test environment tear-down\n'}
[11.530924] (bt_behavior) StdoutLine: {'line': b'9: [==========] 2 tests from 1 test case ran. (6330 ms total)\n'}
[11.531106] (bt_behavior) StdoutLine: {'line': b'9: [  PASSED  ] 1 test.\n'}
[11.531903] (bt_behavior) StdoutLine: {'line': b'9: [  FAILED  ] 1 test, listed below:\n'}
[11.532048] (bt_behavior) StdoutLine: {'line': b'9: [  FAILED  ] bt_action.patrol_btn\n'}
[11.532197] (bt_behavior) StdoutLine: {'line': b'9: \n'}
[11.532723] (bt_behavior) StdoutLine: {'line': b'9:  1 FAILED TEST\n'}
[11.534300] (-) TimerEvent: {}
[11.534564] (bt_behavior) StdoutLine: {'line': b'9: -- run_test.py: return code 1\n'}
[11.535851] (bt_behavior) StdoutLine: {'line': b"9: -- run_test.py: inject classname prefix into gtest result file '/home/alumnos/josetost/colcon_ws/src/navigation-grupo-dia-libre-1/build/bt_behavior/test_results/bt_behavior/bt_action_test.gtest.xml'\n"}
[11.537532] (bt_behavior) StdoutLine: {'line': b"9: -- run_test.py: verify result file '/home/alumnos/josetost/colcon_ws/src/navigation-grupo-dia-libre-1/build/bt_behavior/test_results/bt_behavior/bt_action_test.gtest.xml'\n"}
[11.548302] (bt_behavior) StdoutLine: {'line': b'9/9 Test #9: bt_action_test ...................***Failed    6.45 sec\n'}
[11.554139] (bt_behavior) StdoutLine: {'line': b'\n'}
[11.554340] (bt_behavior) StdoutLine: {'line': b'67% tests passed\x1b[0;0m, \x1b[0;31m3 tests failed\x1b[0;0m out of 9\n'}
[11.554618] (bt_behavior) StdoutLine: {'line': b'\n'}
[11.554817] (bt_behavior) StdoutLine: {'line': b'Label Time Summary:\n'}
[11.554960] (bt_behavior) StdoutLine: {'line': b'copyright     =   0.51 sec*proc (1 test)\n'}
[11.555114] (bt_behavior) StdoutLine: {'line': b'cppcheck      =   0.52 sec*proc (1 test)\n'}
[11.555686] (bt_behavior) StdoutLine: {'line': b'cpplint       =   0.86 sec*proc (1 test)\n'}
[11.555833] (bt_behavior) StdoutLine: {'line': b'flake8        =   0.70 sec*proc (1 test)\n'}
[11.556315] (bt_behavior) StdoutLine: {'line': b'gtest         =   6.45 sec*proc (1 test)\n'}
[11.556460] (bt_behavior) StdoutLine: {'line': b'lint_cmake    =   0.45 sec*proc (1 test)\n'}
[11.556992] (bt_behavior) StdoutLine: {'line': b'linter        =   4.88 sec*proc (8 tests)\n'}
[11.557134] (bt_behavior) StdoutLine: {'line': b'pep257        =   0.50 sec*proc (1 test)\n'}
[11.557616] (bt_behavior) StdoutLine: {'line': b'uncrustify    =   0.57 sec*proc (1 test)\n'}
[11.557746] (bt_behavior) StdoutLine: {'line': b'xmllint       =   0.77 sec*proc (1 test)\n'}
[11.557903] (bt_behavior) StdoutLine: {'line': b'\n'}
[11.558345] (bt_behavior) StdoutLine: {'line': b'Total Test time (real) =  11.36 sec\n'}
[11.558501] (bt_behavior) StdoutLine: {'line': b'\n'}
[11.558893] (bt_behavior) StdoutLine: {'line': b'The following tests FAILED:\n'}
[11.559032] (bt_behavior) StdoutLine: {'line': b'\t\x1b[0;31m  3 - cpplint (Failed)\x1b[0;0m\n'}
[11.559634] (bt_behavior) StdoutLine: {'line': b'\t\x1b[0;31m  5 - lint_cmake (Failed)\x1b[0;0m\n'}
[11.559767] (bt_behavior) StdoutLine: {'line': b'\t\x1b[0;31m  9 - bt_action_test (Failed)\x1b[0;0m\n'}
[11.590493] (bt_behavior) StderrLine: {'line': b'Errors while running CTest\n'}
[11.592645] (bt_behavior) CommandEnded: {'returncode': 8}
[11.593275] (bt_behavior) TestFailure: {'identifier': 'bt_behavior'}
[11.593327] (bt_behavior) JobEnded: {'identifier': 'bt_behavior', 'rc': 0}
[11.597564] (-) EventReactorShutdown: {}
