[0.178s] Invoking command in '/home/alumnos/josetost/colcon_ws/src/navigation-grupo-dia-libre-1/build/bt_behavior': AMENT_PREFIX_PATH=/home/alumnos/josetost/colcon_ws/src/navigation-grupo-dia-libre-1/install/bt_behavior:${AMENT_PREFIX_PATH} CMAKE_PREFIX_PATH=/home/alumnos/josetost/colcon_ws/src/navigation-grupo-dia-libre-1/install/bt_behavior LD_LIBRARY_PATH=/home/alumnos/josetost/colcon_ws/src/navigation-grupo-dia-libre-1/install/bt_behavior/lib:${LD_LIBRARY_PATH} /usr/bin/ctest -C Release -D ExperimentalTest --no-compress-output -V --force-new-ctest-process
[0.186s] UpdateCTestConfiguration  from :/home/alumnos/josetost/colcon_ws/src/navigation-grupo-dia-libre-1/build/bt_behavior/CTestConfiguration.ini
[0.187s] Parse Config file:/home/alumnos/josetost/colcon_ws/src/navigation-grupo-dia-libre-1/build/bt_behavior/CTestConfiguration.ini
[0.187s]    Site: f-l3210-pc24
[0.188s]    Build name: (empty)
[0.188s]  Add coverage exclude regular expressions.
[0.188s] SetCTestConfiguration:CMakeCommand:/usr/bin/cmake
[0.189s] Create new tag: 20220307-0945 - Experimental
[0.189s] UpdateCTestConfiguration  from :/home/alumnos/josetost/colcon_ws/src/navigation-grupo-dia-libre-1/build/bt_behavior/CTestConfiguration.ini
[0.190s] Parse Config file:/home/alumnos/josetost/colcon_ws/src/navigation-grupo-dia-libre-1/build/bt_behavior/CTestConfiguration.ini
[0.190s] Test project /home/alumnos/josetost/colcon_ws/src/navigation-grupo-dia-libre-1/build/bt_behavior
[0.190s] Constructing a list of tests
[0.192s] Done constructing a list of tests
[0.193s] Updating test list for fixtures
[0.193s] Added 0 tests to meet fixture requirements
[0.194s] Checking test dependency graph...
[0.194s] Checking test dependency graph end
[0.195s] test 1
[0.195s]     Start 1: copyright
[0.195s] 
[0.196s] 1: Test command: /usr/bin/python3 "-u" "/opt/ros/foxy/share/ament_cmake_test/cmake/run_test.py" "/home/alumnos/josetost/colcon_ws/src/navigation-grupo-dia-libre-1/build/bt_behavior/test_results/bt_behavior/copyright.xunit.xml" "--package-name" "bt_behavior" "--output-file" "/home/alumnos/josetost/colcon_ws/src/navigation-grupo-dia-libre-1/build/bt_behavior/ament_copyright/copyright.txt" "--command" "/opt/ros/foxy/bin/ament_copyright" "--xunit-file" "/home/alumnos/josetost/colcon_ws/src/navigation-grupo-dia-libre-1/build/bt_behavior/test_results/bt_behavior/copyright.xunit.xml"
[0.196s] 1: Test timeout computed to be: 60
[0.264s] 1: -- run_test.py: invoking following command in '/home/alumnos/josetost/colcon_ws/src/navigation-grupo-dia-libre-1/bt_behavior':
[0.264s] 1:  - /opt/ros/foxy/bin/ament_copyright --xunit-file /home/alumnos/josetost/colcon_ws/src/navigation-grupo-dia-libre-1/build/bt_behavior/test_results/bt_behavior/copyright.xunit.xml
[0.674s] 1: No problems found, checked 12 files
[0.691s] 1: -- run_test.py: return code 0
[0.692s] 1: -- run_test.py: verify result file '/home/alumnos/josetost/colcon_ws/src/navigation-grupo-dia-libre-1/build/bt_behavior/test_results/bt_behavior/copyright.xunit.xml'
[0.704s] 1/9 Test #1: copyright ........................   Passed    0.51 sec
[0.706s] test 2
[0.706s]     Start 2: cppcheck
[0.707s] 
[0.707s] 2: Test command: /usr/bin/python3 "-u" "/opt/ros/foxy/share/ament_cmake_test/cmake/run_test.py" "/home/alumnos/josetost/colcon_ws/src/navigation-grupo-dia-libre-1/build/bt_behavior/test_results/bt_behavior/cppcheck.xunit.xml" "--package-name" "bt_behavior" "--output-file" "/home/alumnos/josetost/colcon_ws/src/navigation-grupo-dia-libre-1/build/bt_behavior/ament_cppcheck/cppcheck.txt" "--command" "/opt/ros/foxy/bin/ament_cppcheck" "--xunit-file" "/home/alumnos/josetost/colcon_ws/src/navigation-grupo-dia-libre-1/build/bt_behavior/test_results/bt_behavior/cppcheck.xunit.xml" "--include_dirs" "/home/alumnos/josetost/colcon_ws/src/navigation-grupo-dia-libre-1/bt_behavior/include"
[0.707s] 2: Test timeout computed to be: 300
[0.785s] 2: -- run_test.py: invoking following command in '/home/alumnos/josetost/colcon_ws/src/navigation-grupo-dia-libre-1/bt_behavior':
[0.785s] 2:  - /opt/ros/foxy/bin/ament_cppcheck --xunit-file /home/alumnos/josetost/colcon_ws/src/navigation-grupo-dia-libre-1/build/bt_behavior/test_results/bt_behavior/cppcheck.xunit.xml --include_dirs /home/alumnos/josetost/colcon_ws/src/navigation-grupo-dia-libre-1/bt_behavior/include
[1.191s] 2: No problems found
[1.209s] 2: -- run_test.py: return code 0
[1.211s] 2: -- run_test.py: verify result file '/home/alumnos/josetost/colcon_ws/src/navigation-grupo-dia-libre-1/build/bt_behavior/test_results/bt_behavior/cppcheck.xunit.xml'
[1.224s] 2/9 Test #2: cppcheck .........................   Passed    0.52 sec
[1.226s] test 3
[1.227s]     Start 3: cpplint
[1.227s] 
[1.228s] 3: Test command: /usr/bin/python3 "-u" "/opt/ros/foxy/share/ament_cmake_test/cmake/run_test.py" "/home/alumnos/josetost/colcon_ws/src/navigation-grupo-dia-libre-1/build/bt_behavior/test_results/bt_behavior/cpplint.xunit.xml" "--package-name" "bt_behavior" "--output-file" "/home/alumnos/josetost/colcon_ws/src/navigation-grupo-dia-libre-1/build/bt_behavior/ament_cpplint/cpplint.txt" "--command" "/opt/ros/foxy/bin/ament_cpplint" "--xunit-file" "/home/alumnos/josetost/colcon_ws/src/navigation-grupo-dia-libre-1/build/bt_behavior/test_results/bt_behavior/cpplint.xunit.xml"
[1.228s] 3: Test timeout computed to be: 120
[1.299s] 3: -- run_test.py: invoking following command in '/home/alumnos/josetost/colcon_ws/src/navigation-grupo-dia-libre-1/bt_behavior':
[1.299s] 3:  - /opt/ros/foxy/bin/ament_cpplint --xunit-file /home/alumnos/josetost/colcon_ws/src/navigation-grupo-dia-libre-1/build/bt_behavior/test_results/bt_behavior/cpplint.xunit.xml
[2.057s] 3: /home/alumnos/josetost/colcon_ws/src/navigation-grupo-dia-libre-1/bt_behavior/src/bt_behavior/Move.cpp:55:  Lines should be <= 100 characters long  [whitespace/line_length] [2]
[2.058s] 3: /home/alumnos/josetost/colcon_ws/src/navigation-grupo-dia-libre-1/bt_behavior/src/bt_behavior/Move.cpp:71:  Lines should be <= 100 characters long  [whitespace/line_length] [2]
[2.058s] 3: /home/alumnos/josetost/colcon_ws/src/navigation-grupo-dia-libre-1/bt_behavior/src/bt_behavior/Move.cpp:87:  Lines should be <= 100 characters long  [whitespace/line_length] [2]
[2.058s] 3: Category 'whitespace/line_length' errors found: 3
[2.058s] 3: Total errors found: 3
[2.059s] 3: Using '--root=..' argument
[2.059s] 3: 
[2.059s] 3: Done processing /home/alumnos/josetost/colcon_ws/src/navigation-grupo-dia-libre-1/bt_behavior/tests/bt_action_test.cpp
[2.060s] 3: 
[2.061s] 3: Using '--root=/home/alumnos/josetost/colcon_ws/src/navigation-grupo-dia-libre-1/bt_behavior/include' argument
[2.061s] 3: 
[2.062s] 3: Done processing /home/alumnos/josetost/colcon_ws/src/navigation-grupo-dia-libre-1/bt_behavior/include/bt_behavior/GetNextWaypoint.hpp
[2.062s] 3: 
[2.062s] 3: Done processing /home/alumnos/josetost/colcon_ws/src/navigation-grupo-dia-libre-1/bt_behavior/include/bt_behavior/IsRaceFinished.hpp
[2.063s] 3: 
[2.063s] 3: Done processing /home/alumnos/josetost/colcon_ws/src/navigation-grupo-dia-libre-1/bt_behavior/include/bt_behavior/Move.hpp
[2.063s] 3: 
[2.063s] 3: Done processing /home/alumnos/josetost/colcon_ws/src/navigation-grupo-dia-libre-1/bt_behavior/include/bt_behavior/ctrl_support/BTActionNode.hpp
[2.064s] 3: 
[2.064s] 3: Done processing /home/alumnos/josetost/colcon_ws/src/navigation-grupo-dia-libre-1/bt_behavior/include/bt_behavior/ctrl_support/BTLifecycleCtrlNode.hpp
[2.064s] 3: 
[2.064s] 3: Using '--root=/home/alumnos/josetost/colcon_ws/src/navigation-grupo-dia-libre-1/bt_behavior/src' argument
[2.064s] 3: 
[2.064s] 3: Done processing /home/alumnos/josetost/colcon_ws/src/navigation-grupo-dia-libre-1/bt_behavior/src/nav_wp.cpp
[2.064s] 3: 
[2.065s] 3: Done processing /home/alumnos/josetost/colcon_ws/src/navigation-grupo-dia-libre-1/bt_behavior/src/bt_behavior/GetNextWaypoint.cpp
[2.065s] 3: 
[2.065s] 3: Done processing /home/alumnos/josetost/colcon_ws/src/navigation-grupo-dia-libre-1/bt_behavior/src/bt_behavior/IsRaceFinished.cpp
[2.066s] 3: 
[2.066s] 3: Done processing /home/alumnos/josetost/colcon_ws/src/navigation-grupo-dia-libre-1/bt_behavior/src/bt_behavior/Move.cpp
[2.066s] 3: 
[2.072s] 3: -- run_test.py: return code 1
[2.074s] 3: -- run_test.py: verify result file '/home/alumnos/josetost/colcon_ws/src/navigation-grupo-dia-libre-1/build/bt_behavior/test_results/bt_behavior/cpplint.xunit.xml'
[2.087s] 3/9 Test #3: cpplint ..........................***Failed    0.86 sec
[2.090s] test 4
[2.091s]     Start 4: flake8
[2.091s] 
[2.092s] 4: Test command: /usr/bin/python3 "-u" "/opt/ros/foxy/share/ament_cmake_test/cmake/run_test.py" "/home/alumnos/josetost/colcon_ws/src/navigation-grupo-dia-libre-1/build/bt_behavior/test_results/bt_behavior/flake8.xunit.xml" "--package-name" "bt_behavior" "--output-file" "/home/alumnos/josetost/colcon_ws/src/navigation-grupo-dia-libre-1/build/bt_behavior/ament_flake8/flake8.txt" "--command" "/opt/ros/foxy/bin/ament_flake8" "--xunit-file" "/home/alumnos/josetost/colcon_ws/src/navigation-grupo-dia-libre-1/build/bt_behavior/test_results/bt_behavior/flake8.xunit.xml"
[2.092s] 4: Test timeout computed to be: 60
[2.167s] 4: -- run_test.py: invoking following command in '/home/alumnos/josetost/colcon_ws/src/navigation-grupo-dia-libre-1/bt_behavior':
[2.167s] 4:  - /opt/ros/foxy/bin/ament_flake8 --xunit-file /home/alumnos/josetost/colcon_ws/src/navigation-grupo-dia-libre-1/build/bt_behavior/test_results/bt_behavior/flake8.xunit.xml
[2.742s] 4: 
[2.743s] 4: 1 files checked
[2.743s] 4: No problems found
[2.743s] 4: 
[2.743s] 4: Checked files:
[2.744s] 4: 
[2.744s] 4: * ./launch/patrolling.launch.py
[2.775s] 4: -- run_test.py: return code 0
[2.777s] 4: -- run_test.py: verify result file '/home/alumnos/josetost/colcon_ws/src/navigation-grupo-dia-libre-1/build/bt_behavior/test_results/bt_behavior/flake8.xunit.xml'
[2.791s] 4/9 Test #4: flake8 ...........................   Passed    0.70 sec
[2.795s] test 5
[2.795s]     Start 5: lint_cmake
[2.795s] 
[2.796s] 5: Test command: /usr/bin/python3 "-u" "/opt/ros/foxy/share/ament_cmake_test/cmake/run_test.py" "/home/alumnos/josetost/colcon_ws/src/navigation-grupo-dia-libre-1/build/bt_behavior/test_results/bt_behavior/lint_cmake.xunit.xml" "--package-name" "bt_behavior" "--output-file" "/home/alumnos/josetost/colcon_ws/src/navigation-grupo-dia-libre-1/build/bt_behavior/ament_lint_cmake/lint_cmake.txt" "--command" "/opt/ros/foxy/bin/ament_lint_cmake" "--xunit-file" "/home/alumnos/josetost/colcon_ws/src/navigation-grupo-dia-libre-1/build/bt_behavior/test_results/bt_behavior/lint_cmake.xunit.xml"
[2.796s] 5: Test timeout computed to be: 60
[2.865s] 5: -- run_test.py: invoking following command in '/home/alumnos/josetost/colcon_ws/src/navigation-grupo-dia-libre-1/bt_behavior':
[2.865s] 5:  - /opt/ros/foxy/bin/ament_lint_cmake --xunit-file /home/alumnos/josetost/colcon_ws/src/navigation-grupo-dia-libre-1/build/bt_behavior/test_results/bt_behavior/lint_cmake.xunit.xml
[3.213s] 5: CMakeLists.txt:40: Line ends in whitespace [whitespace/eol]
[3.213s] 5: 
[3.213s] 5: 
[3.214s] 5: 1 errors
[3.225s] 5: -- run_test.py: return code 1
[3.227s] 5: -- run_test.py: verify result file '/home/alumnos/josetost/colcon_ws/src/navigation-grupo-dia-libre-1/build/bt_behavior/test_results/bt_behavior/lint_cmake.xunit.xml'
[3.241s] 5/9 Test #5: lint_cmake .......................***Failed    0.45 sec
[3.243s] test 6
[3.243s]     Start 6: pep257
[3.244s] 
[3.244s] 6: Test command: /usr/bin/python3 "-u" "/opt/ros/foxy/share/ament_cmake_test/cmake/run_test.py" "/home/alumnos/josetost/colcon_ws/src/navigation-grupo-dia-libre-1/build/bt_behavior/test_results/bt_behavior/pep257.xunit.xml" "--package-name" "bt_behavior" "--output-file" "/home/alumnos/josetost/colcon_ws/src/navigation-grupo-dia-libre-1/build/bt_behavior/ament_pep257/pep257.txt" "--command" "/opt/ros/foxy/bin/ament_pep257" "--xunit-file" "/home/alumnos/josetost/colcon_ws/src/navigation-grupo-dia-libre-1/build/bt_behavior/test_results/bt_behavior/pep257.xunit.xml"
[3.244s] 6: Test timeout computed to be: 60
[3.308s] 6: -- run_test.py: invoking following command in '/home/alumnos/josetost/colcon_ws/src/navigation-grupo-dia-libre-1/bt_behavior':
[3.309s] 6:  - /opt/ros/foxy/bin/ament_pep257 --xunit-file /home/alumnos/josetost/colcon_ws/src/navigation-grupo-dia-libre-1/build/bt_behavior/test_results/bt_behavior/pep257.xunit.xml
[3.714s] 6: checking ./launch/patrolling.launch.py
[3.714s] 6: No problems found
[3.731s] 6: -- run_test.py: return code 0
[3.733s] 6: -- run_test.py: verify result file '/home/alumnos/josetost/colcon_ws/src/navigation-grupo-dia-libre-1/build/bt_behavior/test_results/bt_behavior/pep257.xunit.xml'
[3.745s] 6/9 Test #6: pep257 ...........................   Passed    0.50 sec
[3.747s] test 7
[3.747s]     Start 7: uncrustify
[3.748s] 
[3.748s] 7: Test command: /usr/bin/python3 "-u" "/opt/ros/foxy/share/ament_cmake_test/cmake/run_test.py" "/home/alumnos/josetost/colcon_ws/src/navigation-grupo-dia-libre-1/build/bt_behavior/test_results/bt_behavior/uncrustify.xunit.xml" "--package-name" "bt_behavior" "--output-file" "/home/alumnos/josetost/colcon_ws/src/navigation-grupo-dia-libre-1/build/bt_behavior/ament_uncrustify/uncrustify.txt" "--command" "/opt/ros/foxy/bin/ament_uncrustify" "--xunit-file" "/home/alumnos/josetost/colcon_ws/src/navigation-grupo-dia-libre-1/build/bt_behavior/test_results/bt_behavior/uncrustify.xunit.xml"
[3.749s] 7: Test timeout computed to be: 60
[3.821s] 7: -- run_test.py: invoking following command in '/home/alumnos/josetost/colcon_ws/src/navigation-grupo-dia-libre-1/bt_behavior':
[3.821s] 7:  - /opt/ros/foxy/bin/ament_uncrustify --xunit-file /home/alumnos/josetost/colcon_ws/src/navigation-grupo-dia-libre-1/build/bt_behavior/test_results/bt_behavior/uncrustify.xunit.xml
[4.282s] 7: No code style divergence in file 'include/bt_behavior/GetNextWaypoint.hpp'
[4.282s] 7: 
[4.283s] 7: No code style divergence in file 'include/bt_behavior/IsRaceFinished.hpp'
[4.283s] 7: 
[4.283s] 7: No code style divergence in file 'include/bt_behavior/Move.hpp'
[4.283s] 7: 
[4.283s] 7: No code style divergence in file 'include/bt_behavior/ctrl_support/BTActionNode.hpp'
[4.284s] 7: 
[4.284s] 7: No code style divergence in file 'include/bt_behavior/ctrl_support/BTLifecycleCtrlNode.hpp'
[4.284s] 7: 
[4.284s] 7: No code style divergence in file 'src/bt_behavior/GetNextWaypoint.cpp'
[4.284s] 7: 
[4.284s] 7: No code style divergence in file 'src/bt_behavior/IsRaceFinished.cpp'
[4.285s] 7: 
[4.285s] 7: No code style divergence in file 'src/bt_behavior/Move.cpp'
[4.285s] 7: 
[4.285s] 7: No code style divergence in file 'src/nav_wp.cpp'
[4.285s] 7: 
[4.285s] 7: No code style divergence in file 'tests/bt_action_test.cpp'
[4.286s] 7: 
[4.286s] 7: No problems found
[4.306s] 7: -- run_test.py: return code 0
[4.307s] 7: -- run_test.py: verify result file '/home/alumnos/josetost/colcon_ws/src/navigation-grupo-dia-libre-1/build/bt_behavior/test_results/bt_behavior/uncrustify.xunit.xml'
[4.320s] 7/9 Test #7: uncrustify .......................   Passed    0.57 sec
[4.323s] test 8
[4.323s]     Start 8: xmllint
[4.323s] 
[4.324s] 8: Test command: /usr/bin/python3 "-u" "/opt/ros/foxy/share/ament_cmake_test/cmake/run_test.py" "/home/alumnos/josetost/colcon_ws/src/navigation-grupo-dia-libre-1/build/bt_behavior/test_results/bt_behavior/xmllint.xunit.xml" "--package-name" "bt_behavior" "--output-file" "/home/alumnos/josetost/colcon_ws/src/navigation-grupo-dia-libre-1/build/bt_behavior/ament_xmllint/xmllint.txt" "--command" "/opt/ros/foxy/bin/ament_xmllint" "--xunit-file" "/home/alumnos/josetost/colcon_ws/src/navigation-grupo-dia-libre-1/build/bt_behavior/test_results/bt_behavior/xmllint.xunit.xml"
[4.324s] 8: Test timeout computed to be: 60
[4.397s] 8: -- run_test.py: invoking following command in '/home/alumnos/josetost/colcon_ws/src/navigation-grupo-dia-libre-1/bt_behavior':
[4.397s] 8:  - /opt/ros/foxy/bin/ament_xmllint --xunit-file /home/alumnos/josetost/colcon_ws/src/navigation-grupo-dia-libre-1/build/bt_behavior/test_results/bt_behavior/xmllint.xunit.xml
[5.062s] 8: File 'package.xml' is valid
[5.063s] 8: 
[5.063s] 8: File 'behavior_tree_xml/behavior.xml' is valid
[5.063s] 8: 
[5.063s] 8: No problems found
[5.078s] 8: -- run_test.py: return code 0
[5.080s] 8: -- run_test.py: verify result file '/home/alumnos/josetost/colcon_ws/src/navigation-grupo-dia-libre-1/build/bt_behavior/test_results/bt_behavior/xmllint.xunit.xml'
[5.096s] 8/9 Test #8: xmllint ..........................   Passed    0.77 sec
[5.098s] test 9
[5.099s]     Start 9: bt_action_test
[5.099s] 
[5.100s] 9: Test command: /usr/bin/python3 "-u" "/opt/ros/foxy/share/ament_cmake_test/cmake/run_test.py" "/home/alumnos/josetost/colcon_ws/src/navigation-grupo-dia-libre-1/build/bt_behavior/test_results/bt_behavior/bt_action_test.gtest.xml" "--package-name" "bt_behavior" "--output-file" "/home/alumnos/josetost/colcon_ws/src/navigation-grupo-dia-libre-1/build/bt_behavior/ament_cmake_gtest/bt_action_test.txt" "--command" "/home/alumnos/josetost/colcon_ws/src/navigation-grupo-dia-libre-1/build/bt_behavior/tests/bt_action_test" "--gtest_output=xml:/home/alumnos/josetost/colcon_ws/src/navigation-grupo-dia-libre-1/build/bt_behavior/test_results/bt_behavior/bt_action_test.gtest.xml"
[5.100s] 9: Test timeout computed to be: 60
[5.178s] 9: -- run_test.py: invoking following command in '/home/alumnos/josetost/colcon_ws/src/navigation-grupo-dia-libre-1/build/bt_behavior/tests':
[5.178s] 9:  - /home/alumnos/josetost/colcon_ws/src/navigation-grupo-dia-libre-1/build/bt_behavior/tests/bt_action_test --gtest_output=xml:/home/alumnos/josetost/colcon_ws/src/navigation-grupo-dia-libre-1/build/bt_behavior/test_results/bt_behavior/bt_action_test.gtest.xml
[5.197s] 9: [==========] Running 2 tests from 1 test case.
[5.198s] 9: [----------] Global test environment set-up.
[5.198s] 9: [----------] 2 tests from bt_action
[5.198s] 9: [ RUN      ] bt_action.patrol_btn
[5.212s] 9: unknown file: Failure
[5.213s] 9: C++ exception with description "Could not load library: libbr2_patrol_bt_node.so: cannot open shared object file: No such file or directory" thrown in the test body.
[5.213s] 9: [  FAILED  ] bt_action.patrol_btn (14 ms)
[5.213s] 9: [ RUN      ] bt_action.move_btn
[5.223s] 9: [INFO] [1646646317.570497584] [move_btn_node]: Waiting for "navigate_to_pose" action server
[5.223s] 9: [INFO] [1646646317.570637357] [move_btn_node]: "move" BtActionNode initialized
[5.225s] 9: [INFO] [1646646317.572631922] [move_btn_node]: Waiting for "navigate_to_pose" action server
[11.423s] 9: [INFO] [1646646323.770909001] [move_btn_node]: navigation Suceeded
[11.527s] 9: [       OK ] bt_action.move_btn (6316 ms)
[11.527s] 9: [----------] 2 tests from bt_action (6330 ms total)
[11.528s] 9: 
[11.528s] 9: [----------] Global test environment tear-down
[11.530s] 9: [==========] 2 tests from 1 test case ran. (6330 ms total)
[11.531s] 9: [  PASSED  ] 1 test.
[11.531s] 9: [  FAILED  ] 1 test, listed below:
[11.531s] 9: [  FAILED  ] bt_action.patrol_btn
[11.532s] 9: 
[11.532s] 9:  1 FAILED TEST
[11.534s] 9: -- run_test.py: return code 1
[11.535s] 9: -- run_test.py: inject classname prefix into gtest result file '/home/alumnos/josetost/colcon_ws/src/navigation-grupo-dia-libre-1/build/bt_behavior/test_results/bt_behavior/bt_action_test.gtest.xml'
[11.537s] 9: -- run_test.py: verify result file '/home/alumnos/josetost/colcon_ws/src/navigation-grupo-dia-libre-1/build/bt_behavior/test_results/bt_behavior/bt_action_test.gtest.xml'
[11.548s] 9/9 Test #9: bt_action_test ...................***Failed    6.45 sec
[11.554s] 
[11.554s] 67% tests passed[0;0m, [0;31m3 tests failed[0;0m out of 9
[11.554s] 
[11.554s] Label Time Summary:
[11.554s] copyright     =   0.51 sec*proc (1 test)
[11.555s] cppcheck      =   0.52 sec*proc (1 test)
[11.555s] cpplint       =   0.86 sec*proc (1 test)
[11.556s] flake8        =   0.70 sec*proc (1 test)
[11.556s] gtest         =   6.45 sec*proc (1 test)
[11.556s] lint_cmake    =   0.45 sec*proc (1 test)
[11.556s] linter        =   4.88 sec*proc (8 tests)
[11.557s] pep257        =   0.50 sec*proc (1 test)
[11.557s] uncrustify    =   0.57 sec*proc (1 test)
[11.557s] xmllint       =   0.77 sec*proc (1 test)
[11.558s] 
[11.558s] Total Test time (real) =  11.36 sec
[11.558s] 
[11.558s] The following tests FAILED:
[11.559s] 	[0;31m  3 - cpplint (Failed)[0;0m
[11.559s] 	[0;31m  5 - lint_cmake (Failed)[0;0m
[11.559s] 	[0;31m  9 - bt_action_test (Failed)[0;0m
[11.590s] Errors while running CTest
[11.592s] Invoked command in '/home/alumnos/josetost/colcon_ws/src/navigation-grupo-dia-libre-1/build/bt_behavior' returned '8': AMENT_PREFIX_PATH=/home/alumnos/josetost/colcon_ws/src/navigation-grupo-dia-libre-1/install/bt_behavior:${AMENT_PREFIX_PATH} CMAKE_PREFIX_PATH=/home/alumnos/josetost/colcon_ws/src/navigation-grupo-dia-libre-1/install/bt_behavior LD_LIBRARY_PATH=/home/alumnos/josetost/colcon_ws/src/navigation-grupo-dia-libre-1/install/bt_behavior/lib:${LD_LIBRARY_PATH} /usr/bin/ctest -C Release -D ExperimentalTest --no-compress-output -V --force-new-ctest-process
