[0.187s] Invoking command in '/home/alumnos/josetost/colcon_ws/src/navigation-grupo-dia-libre-1/build/bt_behavior': AMENT_PREFIX_PATH=/home/alumnos/josetost/colcon_ws/src/navigation-grupo-dia-libre-1/install/bt_behavior:${AMENT_PREFIX_PATH} CMAKE_PREFIX_PATH=/home/alumnos/josetost/colcon_ws/src/navigation-grupo-dia-libre-1/install/bt_behavior LD_LIBRARY_PATH=/home/alumnos/josetost/colcon_ws/src/navigation-grupo-dia-libre-1/install/bt_behavior/lib:${LD_LIBRARY_PATH} /usr/bin/ctest -C Release -D ExperimentalTest --no-compress-output -V --force-new-ctest-process
[0.200s] UpdateCTestConfiguration  from :/home/alumnos/josetost/colcon_ws/src/navigation-grupo-dia-libre-1/build/bt_behavior/CTestConfiguration.ini
[0.201s] Parse Config file:/home/alumnos/josetost/colcon_ws/src/navigation-grupo-dia-libre-1/build/bt_behavior/CTestConfiguration.ini
[0.201s]    Site: f-l3210-pc24
[0.201s]    Build name: (empty)
[0.201s]  Add coverage exclude regular expressions.
[0.201s] SetCTestConfiguration:CMakeCommand:/usr/bin/cmake
[0.207s] Create new tag: 20220307-0943 - Experimental
[0.207s] UpdateCTestConfiguration  from :/home/alumnos/josetost/colcon_ws/src/navigation-grupo-dia-libre-1/build/bt_behavior/CTestConfiguration.ini
[0.207s] Parse Config file:/home/alumnos/josetost/colcon_ws/src/navigation-grupo-dia-libre-1/build/bt_behavior/CTestConfiguration.ini
[0.208s] Test project /home/alumnos/josetost/colcon_ws/src/navigation-grupo-dia-libre-1/build/bt_behavior
[0.208s] Constructing a list of tests
[0.209s] Done constructing a list of tests
[0.209s] Updating test list for fixtures
[0.209s] Added 0 tests to meet fixture requirements
[0.211s] Checking test dependency graph...
[0.211s] Checking test dependency graph end
[0.211s] test 1
[0.211s]     Start 1: copyright
[0.212s] 
[0.212s] 1: Test command: /usr/bin/python3 "-u" "/opt/ros/foxy/share/ament_cmake_test/cmake/run_test.py" "/home/alumnos/josetost/colcon_ws/src/navigation-grupo-dia-libre-1/build/bt_behavior/test_results/bt_behavior/copyright.xunit.xml" "--package-name" "bt_behavior" "--output-file" "/home/alumnos/josetost/colcon_ws/src/navigation-grupo-dia-libre-1/build/bt_behavior/ament_copyright/copyright.txt" "--command" "/opt/ros/foxy/bin/ament_copyright" "--xunit-file" "/home/alumnos/josetost/colcon_ws/src/navigation-grupo-dia-libre-1/build/bt_behavior/test_results/bt_behavior/copyright.xunit.xml"
[0.213s] 1: Test timeout computed to be: 60
[0.288s] 1: -- run_test.py: invoking following command in '/home/alumnos/josetost/colcon_ws/src/navigation-grupo-dia-libre-1/bt_behavior':
[0.288s] 1:  - /opt/ros/foxy/bin/ament_copyright --xunit-file /home/alumnos/josetost/colcon_ws/src/navigation-grupo-dia-libre-1/build/bt_behavior/test_results/bt_behavior/copyright.xunit.xml
[0.703s] 1: No problems found, checked 12 files
[0.720s] 1: -- run_test.py: return code 0
[0.721s] 1: -- run_test.py: verify result file '/home/alumnos/josetost/colcon_ws/src/navigation-grupo-dia-libre-1/build/bt_behavior/test_results/bt_behavior/copyright.xunit.xml'
[0.738s] 1/9 Test #1: copyright ........................   Passed    0.53 sec
[0.745s] test 2
[0.745s]     Start 2: cppcheck
[0.745s] 
[0.746s] 2: Test command: /usr/bin/python3 "-u" "/opt/ros/foxy/share/ament_cmake_test/cmake/run_test.py" "/home/alumnos/josetost/colcon_ws/src/navigation-grupo-dia-libre-1/build/bt_behavior/test_results/bt_behavior/cppcheck.xunit.xml" "--package-name" "bt_behavior" "--output-file" "/home/alumnos/josetost/colcon_ws/src/navigation-grupo-dia-libre-1/build/bt_behavior/ament_cppcheck/cppcheck.txt" "--command" "/opt/ros/foxy/bin/ament_cppcheck" "--xunit-file" "/home/alumnos/josetost/colcon_ws/src/navigation-grupo-dia-libre-1/build/bt_behavior/test_results/bt_behavior/cppcheck.xunit.xml" "--include_dirs" "/home/alumnos/josetost/colcon_ws/src/navigation-grupo-dia-libre-1/bt_behavior/include"
[0.746s] 2: Test timeout computed to be: 300
[0.823s] 2: -- run_test.py: invoking following command in '/home/alumnos/josetost/colcon_ws/src/navigation-grupo-dia-libre-1/bt_behavior':
[0.823s] 2:  - /opt/ros/foxy/bin/ament_cppcheck --xunit-file /home/alumnos/josetost/colcon_ws/src/navigation-grupo-dia-libre-1/build/bt_behavior/test_results/bt_behavior/cppcheck.xunit.xml --include_dirs /home/alumnos/josetost/colcon_ws/src/navigation-grupo-dia-libre-1/bt_behavior/include
[1.243s] 2: No problems found
[1.262s] 2: -- run_test.py: return code 0
[1.263s] 2: -- run_test.py: verify result file '/home/alumnos/josetost/colcon_ws/src/navigation-grupo-dia-libre-1/build/bt_behavior/test_results/bt_behavior/cppcheck.xunit.xml'
[1.277s] 2/9 Test #2: cppcheck .........................   Passed    0.53 sec
[1.279s] test 3
[1.280s]     Start 3: cpplint
[1.280s] 
[1.281s] 3: Test command: /usr/bin/python3 "-u" "/opt/ros/foxy/share/ament_cmake_test/cmake/run_test.py" "/home/alumnos/josetost/colcon_ws/src/navigation-grupo-dia-libre-1/build/bt_behavior/test_results/bt_behavior/cpplint.xunit.xml" "--package-name" "bt_behavior" "--output-file" "/home/alumnos/josetost/colcon_ws/src/navigation-grupo-dia-libre-1/build/bt_behavior/ament_cpplint/cpplint.txt" "--command" "/opt/ros/foxy/bin/ament_cpplint" "--xunit-file" "/home/alumnos/josetost/colcon_ws/src/navigation-grupo-dia-libre-1/build/bt_behavior/test_results/bt_behavior/cpplint.xunit.xml"
[1.281s] 3: Test timeout computed to be: 120
[1.363s] 3: -- run_test.py: invoking following command in '/home/alumnos/josetost/colcon_ws/src/navigation-grupo-dia-libre-1/bt_behavior':
[1.363s] 3:  - /opt/ros/foxy/bin/ament_cpplint --xunit-file /home/alumnos/josetost/colcon_ws/src/navigation-grupo-dia-libre-1/build/bt_behavior/test_results/bt_behavior/cpplint.xunit.xml
[2.180s] 3: /home/alumnos/josetost/colcon_ws/src/navigation-grupo-dia-libre-1/bt_behavior/include/bt_behavior/IsRaceFinished.hpp:26:  Found C++ system header after other header. Should be: IsRaceFinished.h, c system, c++ system, other.  [build/include_order] [4]
[2.180s] 3: /home/alumnos/josetost/colcon_ws/src/navigation-grupo-dia-libre-1/bt_behavior/src/nav_wp.cpp:23:  Found C++ system header after other header. Should be: nav_wp.h, c system, c++ system, other.  [build/include_order] [4]
[2.180s] 3: /home/alumnos/josetost/colcon_ws/src/navigation-grupo-dia-libre-1/bt_behavior/src/bt_behavior/GetNextWaypoint.cpp:29:  Found C++ system header after other header. Should be: GetNextWaypoint.h, c system, c++ system, other.  [build/include_order] [4]
[2.180s] 3: /home/alumnos/josetost/colcon_ws/src/navigation-grupo-dia-libre-1/bt_behavior/src/bt_behavior/IsRaceFinished.cpp:49:  Redundant blank line at the start of a code block should be deleted.  [whitespace/blank_line] [2]
[2.181s] 3: /home/alumnos/josetost/colcon_ws/src/navigation-grupo-dia-libre-1/bt_behavior/src/bt_behavior/Move.cpp:55:  Lines should be <= 100 characters long  [whitespace/line_length] [2]
[2.181s] 3: /home/alumnos/josetost/colcon_ws/src/navigation-grupo-dia-libre-1/bt_behavior/src/bt_behavior/Move.cpp:71:  Lines should be <= 100 characters long  [whitespace/line_length] [2]
[2.181s] 3: /home/alumnos/josetost/colcon_ws/src/navigation-grupo-dia-libre-1/bt_behavior/src/bt_behavior/Move.cpp:87:  Lines should be <= 100 characters long  [whitespace/line_length] [2]
[2.181s] 3: Category 'build/include_order' errors found: 3
[2.181s] 3: Category 'whitespace/blank_line' errors found: 1
[2.181s] 3: Category 'whitespace/line_length' errors found: 3
[2.182s] 3: Total errors found: 7
[2.182s] 3: Using '--root=..' argument
[2.183s] 3: 
[2.183s] 3: Done processing /home/alumnos/josetost/colcon_ws/src/navigation-grupo-dia-libre-1/bt_behavior/tests/bt_action_test.cpp
[2.184s] 3: 
[2.184s] 3: Using '--root=/home/alumnos/josetost/colcon_ws/src/navigation-grupo-dia-libre-1/bt_behavior/include' argument
[2.184s] 3: 
[2.185s] 3: Done processing /home/alumnos/josetost/colcon_ws/src/navigation-grupo-dia-libre-1/bt_behavior/include/bt_behavior/GetNextWaypoint.hpp
[2.185s] 3: 
[2.186s] 3: Done processing /home/alumnos/josetost/colcon_ws/src/navigation-grupo-dia-libre-1/bt_behavior/include/bt_behavior/IsRaceFinished.hpp
[2.186s] 3: 
[2.186s] 3: Done processing /home/alumnos/josetost/colcon_ws/src/navigation-grupo-dia-libre-1/bt_behavior/include/bt_behavior/Move.hpp
[2.187s] 3: 
[2.187s] 3: Done processing /home/alumnos/josetost/colcon_ws/src/navigation-grupo-dia-libre-1/bt_behavior/include/bt_behavior/ctrl_support/BTActionNode.hpp
[2.187s] 3: 
[2.187s] 3: Done processing /home/alumnos/josetost/colcon_ws/src/navigation-grupo-dia-libre-1/bt_behavior/include/bt_behavior/ctrl_support/BTLifecycleCtrlNode.hpp
[2.188s] 3: 
[2.188s] 3: Using '--root=/home/alumnos/josetost/colcon_ws/src/navigation-grupo-dia-libre-1/bt_behavior/src' argument
[2.189s] 3: 
[2.190s] 3: Done processing /home/alumnos/josetost/colcon_ws/src/navigation-grupo-dia-libre-1/bt_behavior/src/nav_wp.cpp
[2.190s] 3: 
[2.191s] 3: Done processing /home/alumnos/josetost/colcon_ws/src/navigation-grupo-dia-libre-1/bt_behavior/src/bt_behavior/GetNextWaypoint.cpp
[2.191s] 3: 
[2.191s] 3: Done processing /home/alumnos/josetost/colcon_ws/src/navigation-grupo-dia-libre-1/bt_behavior/src/bt_behavior/IsRaceFinished.cpp
[2.192s] 3: 
[2.192s] 3: Done processing /home/alumnos/josetost/colcon_ws/src/navigation-grupo-dia-libre-1/bt_behavior/src/bt_behavior/Move.cpp
[2.193s] 3: 
[2.195s] 3: -- run_test.py: return code 1
[2.197s] 3: -- run_test.py: verify result file '/home/alumnos/josetost/colcon_ws/src/navigation-grupo-dia-libre-1/build/bt_behavior/test_results/bt_behavior/cpplint.xunit.xml'
[2.210s] 3/9 Test #3: cpplint ..........................***Failed    0.93 sec
[2.213s] test 4
[2.214s]     Start 4: flake8
[2.214s] 
[2.215s] 4: Test command: /usr/bin/python3 "-u" "/opt/ros/foxy/share/ament_cmake_test/cmake/run_test.py" "/home/alumnos/josetost/colcon_ws/src/navigation-grupo-dia-libre-1/build/bt_behavior/test_results/bt_behavior/flake8.xunit.xml" "--package-name" "bt_behavior" "--output-file" "/home/alumnos/josetost/colcon_ws/src/navigation-grupo-dia-libre-1/build/bt_behavior/ament_flake8/flake8.txt" "--command" "/opt/ros/foxy/bin/ament_flake8" "--xunit-file" "/home/alumnos/josetost/colcon_ws/src/navigation-grupo-dia-libre-1/build/bt_behavior/test_results/bt_behavior/flake8.xunit.xml"
[2.216s] 4: Test timeout computed to be: 60
[2.286s] 4: -- run_test.py: invoking following command in '/home/alumnos/josetost/colcon_ws/src/navigation-grupo-dia-libre-1/bt_behavior':
[2.286s] 4:  - /opt/ros/foxy/bin/ament_flake8 --xunit-file /home/alumnos/josetost/colcon_ws/src/navigation-grupo-dia-libre-1/build/bt_behavior/test_results/bt_behavior/flake8.xunit.xml
[2.947s] 4: 
[2.947s] 4: 1 files checked
[2.948s] 4: No problems found
[2.948s] 4: 
[2.948s] 4: Checked files:
[2.948s] 4: 
[2.948s] 4: * ./launch/patrolling.launch.py
[2.982s] 4: -- run_test.py: return code 0
[2.983s] 4: -- run_test.py: verify result file '/home/alumnos/josetost/colcon_ws/src/navigation-grupo-dia-libre-1/build/bt_behavior/test_results/bt_behavior/flake8.xunit.xml'
[2.997s] 4/9 Test #4: flake8 ...........................   Passed    0.78 sec
[3.007s] test 5
[3.007s]     Start 5: lint_cmake
[3.008s] 
[3.008s] 5: Test command: /usr/bin/python3 "-u" "/opt/ros/foxy/share/ament_cmake_test/cmake/run_test.py" "/home/alumnos/josetost/colcon_ws/src/navigation-grupo-dia-libre-1/build/bt_behavior/test_results/bt_behavior/lint_cmake.xunit.xml" "--package-name" "bt_behavior" "--output-file" "/home/alumnos/josetost/colcon_ws/src/navigation-grupo-dia-libre-1/build/bt_behavior/ament_lint_cmake/lint_cmake.txt" "--command" "/opt/ros/foxy/bin/ament_lint_cmake" "--xunit-file" "/home/alumnos/josetost/colcon_ws/src/navigation-grupo-dia-libre-1/build/bt_behavior/test_results/bt_behavior/lint_cmake.xunit.xml"
[3.009s] 5: Test timeout computed to be: 60
[3.082s] 5: -- run_test.py: invoking following command in '/home/alumnos/josetost/colcon_ws/src/navigation-grupo-dia-libre-1/bt_behavior':
[3.082s] 5:  - /opt/ros/foxy/bin/ament_lint_cmake --xunit-file /home/alumnos/josetost/colcon_ws/src/navigation-grupo-dia-libre-1/build/bt_behavior/test_results/bt_behavior/lint_cmake.xunit.xml
[3.446s] 5: CMakeLists.txt:40: Line ends in whitespace [whitespace/eol]
[3.447s] 5: 
[3.447s] 5: 
[3.447s] 5: 1 errors
[3.459s] 5: -- run_test.py: return code 1
[3.460s] 5: -- run_test.py: verify result file '/home/alumnos/josetost/colcon_ws/src/navigation-grupo-dia-libre-1/build/bt_behavior/test_results/bt_behavior/lint_cmake.xunit.xml'
[3.471s] 5/9 Test #5: lint_cmake .......................***Failed    0.46 sec
[3.473s] test 6
[3.474s]     Start 6: pep257
[3.474s] 
[3.474s] 6: Test command: /usr/bin/python3 "-u" "/opt/ros/foxy/share/ament_cmake_test/cmake/run_test.py" "/home/alumnos/josetost/colcon_ws/src/navigation-grupo-dia-libre-1/build/bt_behavior/test_results/bt_behavior/pep257.xunit.xml" "--package-name" "bt_behavior" "--output-file" "/home/alumnos/josetost/colcon_ws/src/navigation-grupo-dia-libre-1/build/bt_behavior/ament_pep257/pep257.txt" "--command" "/opt/ros/foxy/bin/ament_pep257" "--xunit-file" "/home/alumnos/josetost/colcon_ws/src/navigation-grupo-dia-libre-1/build/bt_behavior/test_results/bt_behavior/pep257.xunit.xml"
[3.474s] 6: Test timeout computed to be: 60
[3.541s] 6: -- run_test.py: invoking following command in '/home/alumnos/josetost/colcon_ws/src/navigation-grupo-dia-libre-1/bt_behavior':
[3.541s] 6:  - /opt/ros/foxy/bin/ament_pep257 --xunit-file /home/alumnos/josetost/colcon_ws/src/navigation-grupo-dia-libre-1/build/bt_behavior/test_results/bt_behavior/pep257.xunit.xml
[3.966s] 6: checking ./launch/patrolling.launch.py
[3.966s] 6: No problems found
[3.983s] 6: -- run_test.py: return code 0
[3.984s] 6: -- run_test.py: verify result file '/home/alumnos/josetost/colcon_ws/src/navigation-grupo-dia-libre-1/build/bt_behavior/test_results/bt_behavior/pep257.xunit.xml'
[4.000s] 6/9 Test #6: pep257 ...........................   Passed    0.53 sec
[4.003s] test 7
[4.003s]     Start 7: uncrustify
[4.006s] 
[4.007s] 7: Test command: /usr/bin/python3 "-u" "/opt/ros/foxy/share/ament_cmake_test/cmake/run_test.py" "/home/alumnos/josetost/colcon_ws/src/navigation-grupo-dia-libre-1/build/bt_behavior/test_results/bt_behavior/uncrustify.xunit.xml" "--package-name" "bt_behavior" "--output-file" "/home/alumnos/josetost/colcon_ws/src/navigation-grupo-dia-libre-1/build/bt_behavior/ament_uncrustify/uncrustify.txt" "--command" "/opt/ros/foxy/bin/ament_uncrustify" "--xunit-file" "/home/alumnos/josetost/colcon_ws/src/navigation-grupo-dia-libre-1/build/bt_behavior/test_results/bt_behavior/uncrustify.xunit.xml"
[4.007s] 7: Test timeout computed to be: 60
[4.070s] 7: -- run_test.py: invoking following command in '/home/alumnos/josetost/colcon_ws/src/navigation-grupo-dia-libre-1/bt_behavior':
[4.070s] 7:  - /opt/ros/foxy/bin/ament_uncrustify --xunit-file /home/alumnos/josetost/colcon_ws/src/navigation-grupo-dia-libre-1/build/bt_behavior/test_results/bt_behavior/uncrustify.xunit.xml
[4.459s] 7: No code style divergence in file 'include/bt_behavior/GetNextWaypoint.hpp'
[4.459s] 7: 
[4.459s] 7: No code style divergence in file 'include/bt_behavior/IsRaceFinished.hpp'
[4.459s] 7: 
[4.459s] 7: No code style divergence in file 'include/bt_behavior/Move.hpp'
[4.459s] 7: 
[4.459s] 7: No code style divergence in file 'include/bt_behavior/ctrl_support/BTActionNode.hpp'
[4.460s] 7: 
[4.460s] 7: No code style divergence in file 'include/bt_behavior/ctrl_support/BTLifecycleCtrlNode.hpp'
[4.460s] 7: 
[4.461s] 7: No code style divergence in file 'src/bt_behavior/GetNextWaypoint.cpp'
[4.461s] 7: 
[4.461s] 7: No code style divergence in file 'src/bt_behavior/IsRaceFinished.cpp'
[4.461s] 7: 
[4.462s] 7: No code style divergence in file 'src/bt_behavior/Move.cpp'
[4.462s] 7: 
[4.462s] 7: No code style divergence in file 'src/nav_wp.cpp'
[4.462s] 7: 
[4.462s] 7: No code style divergence in file 'tests/bt_action_test.cpp'
[4.463s] 7: 
[4.463s] 7: No problems found
[4.474s] 7: -- run_test.py: return code 0
[4.476s] 7: -- run_test.py: verify result file '/home/alumnos/josetost/colcon_ws/src/navigation-grupo-dia-libre-1/build/bt_behavior/test_results/bt_behavior/uncrustify.xunit.xml'
[4.489s] 7/9 Test #7: uncrustify .......................   Passed    0.49 sec
[4.492s] test 8
[4.492s]     Start 8: xmllint
[4.493s] 
[4.493s] 8: Test command: /usr/bin/python3 "-u" "/opt/ros/foxy/share/ament_cmake_test/cmake/run_test.py" "/home/alumnos/josetost/colcon_ws/src/navigation-grupo-dia-libre-1/build/bt_behavior/test_results/bt_behavior/xmllint.xunit.xml" "--package-name" "bt_behavior" "--output-file" "/home/alumnos/josetost/colcon_ws/src/navigation-grupo-dia-libre-1/build/bt_behavior/ament_xmllint/xmllint.txt" "--command" "/opt/ros/foxy/bin/ament_xmllint" "--xunit-file" "/home/alumnos/josetost/colcon_ws/src/navigation-grupo-dia-libre-1/build/bt_behavior/test_results/bt_behavior/xmllint.xunit.xml"
[4.494s] 8: Test timeout computed to be: 60
[4.567s] 8: -- run_test.py: invoking following command in '/home/alumnos/josetost/colcon_ws/src/navigation-grupo-dia-libre-1/bt_behavior':
[4.567s] 8:  - /opt/ros/foxy/bin/ament_xmllint --xunit-file /home/alumnos/josetost/colcon_ws/src/navigation-grupo-dia-libre-1/build/bt_behavior/test_results/bt_behavior/xmllint.xunit.xml
[5.203s] 8: File 'package.xml' is valid
[5.203s] 8: 
[5.204s] 8: File 'behavior_tree_xml/behavior.xml' is valid
[5.204s] 8: 
[5.204s] 8: No problems found
[5.221s] 8: -- run_test.py: return code 0
[5.223s] 8: -- run_test.py: verify result file '/home/alumnos/josetost/colcon_ws/src/navigation-grupo-dia-libre-1/build/bt_behavior/test_results/bt_behavior/xmllint.xunit.xml'
[5.235s] 8/9 Test #8: xmllint ..........................   Passed    0.74 sec
[5.237s] test 9
[5.237s]     Start 9: bt_action_test
[5.237s] 
[5.238s] 9: Test command: /usr/bin/python3 "-u" "/opt/ros/foxy/share/ament_cmake_test/cmake/run_test.py" "/home/alumnos/josetost/colcon_ws/src/navigation-grupo-dia-libre-1/build/bt_behavior/test_results/bt_behavior/bt_action_test.gtest.xml" "--package-name" "bt_behavior" "--output-file" "/home/alumnos/josetost/colcon_ws/src/navigation-grupo-dia-libre-1/build/bt_behavior/ament_cmake_gtest/bt_action_test.txt" "--command" "/home/alumnos/josetost/colcon_ws/src/navigation-grupo-dia-libre-1/build/bt_behavior/tests/bt_action_test" "--gtest_output=xml:/home/alumnos/josetost/colcon_ws/src/navigation-grupo-dia-libre-1/build/bt_behavior/test_results/bt_behavior/bt_action_test.gtest.xml"
[5.238s] 9: Test timeout computed to be: 60
[5.311s] 9: -- run_test.py: invoking following command in '/home/alumnos/josetost/colcon_ws/src/navigation-grupo-dia-libre-1/build/bt_behavior/tests':
[5.311s] 9:  - /home/alumnos/josetost/colcon_ws/src/navigation-grupo-dia-libre-1/build/bt_behavior/tests/bt_action_test --gtest_output=xml:/home/alumnos/josetost/colcon_ws/src/navigation-grupo-dia-libre-1/build/bt_behavior/test_results/bt_behavior/bt_action_test.gtest.xml
[5.335s] 9: [==========] Running 2 tests from 1 test case.
[5.335s] 9: [----------] Global test environment set-up.
[5.335s] 9: [----------] 2 tests from bt_action
[5.335s] 9: [ RUN      ] bt_action.patrol_btn
[5.349s] 9: unknown file: Failure
[5.349s] 9: C++ exception with description "Could not load library: libbr2_patrol_bt_node.so: cannot open shared object file: No such file or directory" thrown in the test body.
[5.350s] 9: [  FAILED  ] bt_action.patrol_btn (15 ms)
[5.350s] 9: [ RUN      ] bt_action.move_btn
[5.361s] 9: [INFO] [1646646242.236044756] [move_btn_node]: Waiting for "navigate_to_pose" action server
[5.361s] 9: [INFO] [1646646242.236178044] [move_btn_node]: "move" BtActionNode initialized
[5.363s] 9: [INFO] [1646646242.237728191] [move_btn_node]: Waiting for "navigate_to_pose" action server
[11.561s] 9: [INFO] [1646646248.436392259] [move_btn_node]: navigation Suceeded
[11.668s] 9: [       OK ] bt_action.move_btn (6318 ms)
[11.668s] 9: [----------] 2 tests from bt_action (6333 ms total)
[11.668s] 9: 
[11.668s] 9: [----------] Global test environment tear-down
[11.681s] 9: [==========] 2 tests from 1 test case ran. (6333 ms total)
[11.682s] 9: [  PASSED  ] 1 test.
[11.682s] 9: [  FAILED  ] 1 test, listed below:
[11.683s] 9: [  FAILED  ] bt_action.patrol_btn
[11.683s] 9: 
[11.683s] 9:  1 FAILED TEST
[11.685s] 9: -- run_test.py: return code 1
[11.687s] 9: -- run_test.py: inject classname prefix into gtest result file '/home/alumnos/josetost/colcon_ws/src/navigation-grupo-dia-libre-1/build/bt_behavior/test_results/bt_behavior/bt_action_test.gtest.xml'
[11.689s] 9: -- run_test.py: verify result file '/home/alumnos/josetost/colcon_ws/src/navigation-grupo-dia-libre-1/build/bt_behavior/test_results/bt_behavior/bt_action_test.gtest.xml'
[11.701s] 9/9 Test #9: bt_action_test ...................***Failed    6.46 sec
[11.708s] 
[11.708s] 67% tests passed[0;0m, [0;31m3 tests failed[0;0m out of 9
[11.708s] 
[11.708s] Label Time Summary:
[11.708s] copyright     =   0.53 sec*proc (1 test)
[11.708s] cppcheck      =   0.53 sec*proc (1 test)
[11.716s] cpplint       =   0.93 sec*proc (1 test)
[11.717s] flake8        =   0.78 sec*proc (1 test)
[11.717s] gtest         =   6.46 sec*proc (1 test)
[11.717s] lint_cmake    =   0.46 sec*proc (1 test)
[11.718s] linter        =   4.99 sec*proc (8 tests)
[11.718s] pep257        =   0.53 sec*proc (1 test)
[11.718s] uncrustify    =   0.49 sec*proc (1 test)
[11.719s] xmllint       =   0.74 sec*proc (1 test)
[11.720s] 
[11.720s] Total Test time (real) =  11.50 sec
[11.720s] 
[11.720s] The following tests FAILED:
[11.720s] 	[0;31m  3 - cpplint (Failed)[0;0m
[11.721s] 	[0;31m  5 - lint_cmake (Failed)[0;0m
[11.721s] 	[0;31m  9 - bt_action_test (Failed)[0;0m
[11.747s] Errors while running CTest
[11.750s] Invoked command in '/home/alumnos/josetost/colcon_ws/src/navigation-grupo-dia-libre-1/build/bt_behavior' returned '8': AMENT_PREFIX_PATH=/home/alumnos/josetost/colcon_ws/src/navigation-grupo-dia-libre-1/install/bt_behavior:${AMENT_PREFIX_PATH} CMAKE_PREFIX_PATH=/home/alumnos/josetost/colcon_ws/src/navigation-grupo-dia-libre-1/install/bt_behavior LD_LIBRARY_PATH=/home/alumnos/josetost/colcon_ws/src/navigation-grupo-dia-libre-1/install/bt_behavior/lib:${LD_LIBRARY_PATH} /usr/bin/ctest -C Release -D ExperimentalTest --no-compress-output -V --force-new-ctest-process
