[0.171s] Invoking command in '/home/alumnos/josetost/colcon_ws/src/navigation-grupo-dia-libre-1/build/bt_behavior': AMENT_PREFIX_PATH=/home/alumnos/josetost/colcon_ws/src/navigation-grupo-dia-libre-1/install/bt_behavior:${AMENT_PREFIX_PATH} CMAKE_PREFIX_PATH=/home/alumnos/josetost/colcon_ws/src/navigation-grupo-dia-libre-1/install/bt_behavior LD_LIBRARY_PATH=/home/alumnos/josetost/colcon_ws/src/navigation-grupo-dia-libre-1/install/bt_behavior/lib:${LD_LIBRARY_PATH} /usr/bin/ctest -C Release -D ExperimentalTest --no-compress-output -V --force-new-ctest-process
[0.178s] UpdateCTestConfiguration  from :/home/alumnos/josetost/colcon_ws/src/navigation-grupo-dia-libre-1/build/bt_behavior/CTestConfiguration.ini
[0.179s] Parse Config file:/home/alumnos/josetost/colcon_ws/src/navigation-grupo-dia-libre-1/build/bt_behavior/CTestConfiguration.ini
[0.180s]    Site: f-l3210-pc24
[0.180s]    Build name: (empty)
[0.181s]  Add coverage exclude regular expressions.
[0.181s] SetCTestConfiguration:CMakeCommand:/usr/bin/cmake
[0.181s] Create new tag: 20220307-0836 - Experimental
[0.182s] UpdateCTestConfiguration  from :/home/alumnos/josetost/colcon_ws/src/navigation-grupo-dia-libre-1/build/bt_behavior/CTestConfiguration.ini
[0.183s] Parse Config file:/home/alumnos/josetost/colcon_ws/src/navigation-grupo-dia-libre-1/build/bt_behavior/CTestConfiguration.ini
[0.184s] Test project /home/alumnos/josetost/colcon_ws/src/navigation-grupo-dia-libre-1/build/bt_behavior
[0.184s] Constructing a list of tests
[0.185s] Done constructing a list of tests
[0.185s] Updating test list for fixtures
[0.186s] Added 0 tests to meet fixture requirements
[0.187s] Checking test dependency graph...
[0.187s] Checking test dependency graph end
[0.188s] test 1
[0.188s]     Start 1: copyright
[0.188s] 
[0.189s] 1: Test command: /usr/bin/python3 "-u" "/opt/ros/foxy/share/ament_cmake_test/cmake/run_test.py" "/home/alumnos/josetost/colcon_ws/src/navigation-grupo-dia-libre-1/build/bt_behavior/test_results/bt_behavior/copyright.xunit.xml" "--package-name" "bt_behavior" "--output-file" "/home/alumnos/josetost/colcon_ws/src/navigation-grupo-dia-libre-1/build/bt_behavior/ament_copyright/copyright.txt" "--command" "/opt/ros/foxy/bin/ament_copyright" "--xunit-file" "/home/alumnos/josetost/colcon_ws/src/navigation-grupo-dia-libre-1/build/bt_behavior/test_results/bt_behavior/copyright.xunit.xml"
[0.189s] 1: Test timeout computed to be: 60
[0.260s] 1: -- run_test.py: invoking following command in '/home/alumnos/josetost/colcon_ws/src/navigation-grupo-dia-libre-1/bt_behavior':
[0.260s] 1:  - /opt/ros/foxy/bin/ament_copyright --xunit-file /home/alumnos/josetost/colcon_ws/src/navigation-grupo-dia-libre-1/build/bt_behavior/test_results/bt_behavior/copyright.xunit.xml
[0.682s] 1: No problems found, checked 12 files
[0.699s] 1: -- run_test.py: return code 0
[0.699s] 1: -- run_test.py: verify result file '/home/alumnos/josetost/colcon_ws/src/navigation-grupo-dia-libre-1/build/bt_behavior/test_results/bt_behavior/copyright.xunit.xml'
[0.712s] 1/9 Test #1: copyright ........................   Passed    0.53 sec
[0.715s] test 2
[0.716s]     Start 2: cppcheck
[0.716s] 
[0.716s] 2: Test command: /usr/bin/python3 "-u" "/opt/ros/foxy/share/ament_cmake_test/cmake/run_test.py" "/home/alumnos/josetost/colcon_ws/src/navigation-grupo-dia-libre-1/build/bt_behavior/test_results/bt_behavior/cppcheck.xunit.xml" "--package-name" "bt_behavior" "--output-file" "/home/alumnos/josetost/colcon_ws/src/navigation-grupo-dia-libre-1/build/bt_behavior/ament_cppcheck/cppcheck.txt" "--command" "/opt/ros/foxy/bin/ament_cppcheck" "--xunit-file" "/home/alumnos/josetost/colcon_ws/src/navigation-grupo-dia-libre-1/build/bt_behavior/test_results/bt_behavior/cppcheck.xunit.xml" "--include_dirs" "/home/alumnos/josetost/colcon_ws/src/navigation-grupo-dia-libre-1/bt_behavior/include"
[0.717s] 2: Test timeout computed to be: 300
[0.792s] 2: -- run_test.py: invoking following command in '/home/alumnos/josetost/colcon_ws/src/navigation-grupo-dia-libre-1/bt_behavior':
[0.792s] 2:  - /opt/ros/foxy/bin/ament_cppcheck --xunit-file /home/alumnos/josetost/colcon_ws/src/navigation-grupo-dia-libre-1/build/bt_behavior/test_results/bt_behavior/cppcheck.xunit.xml --include_dirs /home/alumnos/josetost/colcon_ws/src/navigation-grupo-dia-libre-1/bt_behavior/include
[1.183s] 2: No problems found
[1.200s] 2: -- run_test.py: return code 0
[1.201s] 2: -- run_test.py: verify result file '/home/alumnos/josetost/colcon_ws/src/navigation-grupo-dia-libre-1/build/bt_behavior/test_results/bt_behavior/cppcheck.xunit.xml'
[1.213s] 2/9 Test #2: cppcheck .........................   Passed    0.50 sec
[1.215s] test 3
[1.215s]     Start 3: cpplint
[1.216s] 
[1.216s] 3: Test command: /usr/bin/python3 "-u" "/opt/ros/foxy/share/ament_cmake_test/cmake/run_test.py" "/home/alumnos/josetost/colcon_ws/src/navigation-grupo-dia-libre-1/build/bt_behavior/test_results/bt_behavior/cpplint.xunit.xml" "--package-name" "bt_behavior" "--output-file" "/home/alumnos/josetost/colcon_ws/src/navigation-grupo-dia-libre-1/build/bt_behavior/ament_cpplint/cpplint.txt" "--command" "/opt/ros/foxy/bin/ament_cpplint" "--xunit-file" "/home/alumnos/josetost/colcon_ws/src/navigation-grupo-dia-libre-1/build/bt_behavior/test_results/bt_behavior/cpplint.xunit.xml"
[1.217s] 3: Test timeout computed to be: 120
[1.292s] 3: -- run_test.py: invoking following command in '/home/alumnos/josetost/colcon_ws/src/navigation-grupo-dia-libre-1/bt_behavior':
[1.292s] 3:  - /opt/ros/foxy/bin/ament_cpplint --xunit-file /home/alumnos/josetost/colcon_ws/src/navigation-grupo-dia-libre-1/build/bt_behavior/test_results/bt_behavior/cpplint.xunit.xml
[2.052s] 3: /home/alumnos/josetost/colcon_ws/src/navigation-grupo-dia-libre-1/bt_behavior/include/bt_behavior/GetNextWaypoint.hpp:25:  Found C++ system header after other header. Should be: GetNextWaypoint.h, c system, c++ system, other.  [build/include_order] [4]
[2.052s] 3: /home/alumnos/josetost/colcon_ws/src/navigation-grupo-dia-libre-1/bt_behavior/include/bt_behavior/GetNextWaypoint.hpp:55:  Redundant blank line at the end of a code block should be deleted.  [whitespace/blank_line] [3]
[2.052s] 3: /home/alumnos/josetost/colcon_ws/src/navigation-grupo-dia-libre-1/bt_behavior/include/bt_behavior/IsRaceFinished.hpp:26:  Found C++ system header after other header. Should be: IsRaceFinished.h, c system, c++ system, other.  [build/include_order] [4]
[2.052s] 3: /home/alumnos/josetost/colcon_ws/src/navigation-grupo-dia-libre-1/bt_behavior/src/nav_wp.cpp:32:  Should have a space between // and comment  [whitespace/comments] [4]
[2.052s] 3: /home/alumnos/josetost/colcon_ws/src/navigation-grupo-dia-libre-1/bt_behavior/src/nav_wp.cpp:49:  Should have a space between // and comment  [whitespace/comments] [4]
[2.053s] 3: /home/alumnos/josetost/colcon_ws/src/navigation-grupo-dia-libre-1/bt_behavior/src/nav_wp.cpp:58:  Should have a space between // and comment  [whitespace/comments] [4]
[2.053s] 3: /home/alumnos/josetost/colcon_ws/src/navigation-grupo-dia-libre-1/bt_behavior/src/nav_wp.cpp:63:  Should have a space between // and comment  [whitespace/comments] [4]
[2.053s] 3: /home/alumnos/josetost/colcon_ws/src/navigation-grupo-dia-libre-1/bt_behavior/src/nav_wp.cpp:42:  Add #include <vector> for vector<>  [build/include_what_you_use] [4]
[2.053s] 3: /home/alumnos/josetost/colcon_ws/src/navigation-grupo-dia-libre-1/bt_behavior/src/nav_wp.cpp:94:  Could not find a newline character at the end of the file.  [whitespace/ending_newline] [5]
[2.053s] 3: /home/alumnos/josetost/colcon_ws/src/navigation-grupo-dia-libre-1/bt_behavior/src/bt_behavior/GetNextWaypoint.cpp:27:  "rclcpp/rclcpp.hpp" already included at /home/alumnos/josetost/colcon_ws/src/navigation-grupo-dia-libre-1/bt_behavior/src/bt_behavior/GetNextWaypoint.cpp:24  [build/include] [4]
[2.053s] 3: /home/alumnos/josetost/colcon_ws/src/navigation-grupo-dia-libre-1/bt_behavior/src/bt_behavior/GetNextWaypoint.cpp:29:  Line ends in whitespace.  Consider deleting these extra spaces.  [whitespace/end_of_line] [4]
[2.054s] 3: /home/alumnos/josetost/colcon_ws/src/navigation-grupo-dia-libre-1/bt_behavior/src/bt_behavior/GetNextWaypoint.cpp:29:  Found C++ system header after other header. Should be: GetNextWaypoint.h, c system, c++ system, other.  [build/include_order] [4]
[2.054s] 3: /home/alumnos/josetost/colcon_ws/src/navigation-grupo-dia-libre-1/bt_behavior/src/bt_behavior/GetNextWaypoint.cpp:31:  "nav_msgs/msg/occupancy_grid.hpp" already included at /home/alumnos/josetost/colcon_ws/src/navigation-grupo-dia-libre-1/bt_behavior/src/bt_behavior/GetNextWaypoint.cpp:25  [build/include] [4]
[2.054s] 3: /home/alumnos/josetost/colcon_ws/src/navigation-grupo-dia-libre-1/bt_behavior/src/bt_behavior/GetNextWaypoint.cpp:32:  "std_msgs/msg/string.hpp" already included at /home/alumnos/josetost/colcon_ws/src/navigation-grupo-dia-libre-1/bt_behavior/src/bt_behavior/GetNextWaypoint.cpp:28  [build/include] [4]
[2.054s] 3: /home/alumnos/josetost/colcon_ws/src/navigation-grupo-dia-libre-1/bt_behavior/src/bt_behavior/GetNextWaypoint.cpp:33:  "memory" already included at /home/alumnos/josetost/colcon_ws/src/navigation-grupo-dia-libre-1/bt_behavior/src/bt_behavior/GetNextWaypoint.cpp:29  [build/include] [4]
[2.054s] 3: /home/alumnos/josetost/colcon_ws/src/navigation-grupo-dia-libre-1/bt_behavior/src/bt_behavior/GetNextWaypoint.cpp:36:  Should have a space between // and comment  [whitespace/comments] [4]
[2.054s] 3: /home/alumnos/josetost/colcon_ws/src/navigation-grupo-dia-libre-1/bt_behavior/src/bt_behavior/GetNextWaypoint.cpp:42:  Should have a space between // and comment  [whitespace/comments] [4]
[2.054s] 3: /home/alumnos/josetost/colcon_ws/src/navigation-grupo-dia-libre-1/bt_behavior/src/bt_behavior/GetNextWaypoint.cpp:60:  Redundant blank line at the start of a code block should be deleted.  [whitespace/blank_line] [2]
[2.054s] 3: /home/alumnos/josetost/colcon_ws/src/navigation-grupo-dia-libre-1/bt_behavior/src/bt_behavior/GetNextWaypoint.cpp:61:  Should have a space between // and comment  [whitespace/comments] [4]
[2.054s] 3: /home/alumnos/josetost/colcon_ws/src/navigation-grupo-dia-libre-1/bt_behavior/src/bt_behavior/GetNextWaypoint.cpp:80:  Redundant blank line at the start of a code block should be deleted.  [whitespace/blank_line] [2]
[2.054s] 3: /home/alumnos/josetost/colcon_ws/src/navigation-grupo-dia-libre-1/bt_behavior/src/bt_behavior/GetNextWaypoint.cpp:116:  Line ends in whitespace.  Consider deleting these extra spaces.  [whitespace/end_of_line] [4]
[2.055s] 3: /home/alumnos/josetost/colcon_ws/src/navigation-grupo-dia-libre-1/bt_behavior/src/bt_behavior/GetNextWaypoint.cpp:129:  Lines should be <= 100 characters long  [whitespace/line_length] [2]
[2.055s] 3: /home/alumnos/josetost/colcon_ws/src/navigation-grupo-dia-libre-1/bt_behavior/src/bt_behavior/GetNextWaypoint.cpp:133:  Line ends in whitespace.  Consider deleting these extra spaces.  [whitespace/end_of_line] [4]
[2.055s] 3: /home/alumnos/josetost/colcon_ws/src/navigation-grupo-dia-libre-1/bt_behavior/src/bt_behavior/GetNextWaypoint.cpp:122:  Add #include <vector> for vector<>  [build/include_what_you_use] [4]
[2.055s] 3: /home/alumnos/josetost/colcon_ws/src/navigation-grupo-dia-libre-1/bt_behavior/src/bt_behavior/IsRaceFinished.cpp:48:  Redundant blank line at the start of a code block should be deleted.  [whitespace/blank_line] [2]
[2.055s] 3: /home/alumnos/josetost/colcon_ws/src/navigation-grupo-dia-libre-1/bt_behavior/src/bt_behavior/IsRaceFinished.cpp:52:  Add #include <vector> for vector<>  [build/include_what_you_use] [4]
[2.055s] 3: /home/alumnos/josetost/colcon_ws/src/navigation-grupo-dia-libre-1/bt_behavior/src/bt_behavior/Move.cpp:55:  Lines should be <= 100 characters long  [whitespace/line_length] [2]
[2.055s] 3: /home/alumnos/josetost/colcon_ws/src/navigation-grupo-dia-libre-1/bt_behavior/src/bt_behavior/Move.cpp:57:  Should have a space between // and comment  [whitespace/comments] [4]
[2.055s] 3: /home/alumnos/josetost/colcon_ws/src/navigation-grupo-dia-libre-1/bt_behavior/src/bt_behavior/Move.cpp:58:  Should have a space between // and comment  [whitespace/comments] [4]
[2.056s] 3: /home/alumnos/josetost/colcon_ws/src/navigation-grupo-dia-libre-1/bt_behavior/src/bt_behavior/Move.cpp:60:  Should have a space between // and comment  [whitespace/comments] [4]
[2.056s] 3: /home/alumnos/josetost/colcon_ws/src/navigation-grupo-dia-libre-1/bt_behavior/src/bt_behavior/Move.cpp:71:  Lines should be <= 100 characters long  [whitespace/line_length] [2]
[2.056s] 3: /home/alumnos/josetost/colcon_ws/src/navigation-grupo-dia-libre-1/bt_behavior/src/bt_behavior/Move.cpp:71:  Should have a space between // and comment  [whitespace/comments] [4]
[2.056s] 3: /home/alumnos/josetost/colcon_ws/src/navigation-grupo-dia-libre-1/bt_behavior/src/bt_behavior/Move.cpp:72:  Line ends in whitespace.  Consider deleting these extra spaces.  [whitespace/end_of_line] [4]
[2.056s] 3: /home/alumnos/josetost/colcon_ws/src/navigation-grupo-dia-libre-1/bt_behavior/src/bt_behavior/Move.cpp:73:  Should have a space between // and comment  [whitespace/comments] [4]
[2.056s] 3: /home/alumnos/josetost/colcon_ws/src/navigation-grupo-dia-libre-1/bt_behavior/src/bt_behavior/Move.cpp:74:  Should have a space between // and comment  [whitespace/comments] [4]
[2.056s] 3: /home/alumnos/josetost/colcon_ws/src/navigation-grupo-dia-libre-1/bt_behavior/src/bt_behavior/Move.cpp:76:  Should have a space between // and comment  [whitespace/comments] [4]
[2.056s] 3: /home/alumnos/josetost/colcon_ws/src/navigation-grupo-dia-libre-1/bt_behavior/src/bt_behavior/Move.cpp:87:  Lines should be <= 100 characters long  [whitespace/line_length] [2]
[2.056s] 3: /home/alumnos/josetost/colcon_ws/src/navigation-grupo-dia-libre-1/bt_behavior/src/bt_behavior/Move.cpp:87:  Should have a space between // and comment  [whitespace/comments] [4]
[2.057s] 3: /home/alumnos/josetost/colcon_ws/src/navigation-grupo-dia-libre-1/bt_behavior/src/bt_behavior/Move.cpp:88:  Line ends in whitespace.  Consider deleting these extra spaces.  [whitespace/end_of_line] [4]
[2.057s] 3: /home/alumnos/josetost/colcon_ws/src/navigation-grupo-dia-libre-1/bt_behavior/src/bt_behavior/Move.cpp:89:  Should have a space between // and comment  [whitespace/comments] [4]
[2.084s] 3: /home/alumnos/josetost/colcon_ws/src/navigation-grupo-dia-libre-1/bt_behavior/src/bt_behavior/Move.cpp:90:  Should have a space between // and comment  [whitespace/comments] [4]
[2.084s] 3: /home/alumnos/josetost/colcon_ws/src/navigation-grupo-dia-libre-1/bt_behavior/src/bt_behavior/Move.cpp:92:  Should have a space between // and comment  [whitespace/comments] [4]
[2.085s] 3: Category 'build/include' errors found: 4
[2.085s] 3: Category 'build/include_order' errors found: 3
[2.085s] 3: Category 'build/include_what_you_use' errors found: 3
[2.085s] 3: Category 'whitespace/blank_line' errors found: 4
[2.086s] 3: Category 'whitespace/comments' errors found: 18
[2.087s] 3: Category 'whitespace/end_of_line' errors found: 5
[2.087s] 3: Category 'whitespace/ending_newline' errors found: 1
[2.088s] 3: Category 'whitespace/line_length' errors found: 4
[2.088s] 3: Total errors found: 42
[2.089s] 3: Using '--root=..' argument
[2.090s] 3: 
[2.090s] 3: Done processing /home/alumnos/josetost/colcon_ws/src/navigation-grupo-dia-libre-1/bt_behavior/tests/bt_action_test.cpp
[2.090s] 3: 
[2.091s] 3: Using '--root=/home/alumnos/josetost/colcon_ws/src/navigation-grupo-dia-libre-1/bt_behavior/include' argument
[2.091s] 3: 
[2.091s] 3: Done processing /home/alumnos/josetost/colcon_ws/src/navigation-grupo-dia-libre-1/bt_behavior/include/bt_behavior/GetNextWaypoint.hpp
[2.092s] 3: 
[2.092s] 3: Done processing /home/alumnos/josetost/colcon_ws/src/navigation-grupo-dia-libre-1/bt_behavior/include/bt_behavior/IsRaceFinished.hpp
[2.093s] 3: 
[2.093s] 3: Done processing /home/alumnos/josetost/colcon_ws/src/navigation-grupo-dia-libre-1/bt_behavior/include/bt_behavior/Move.hpp
[2.093s] 3: 
[2.094s] 3: Done processing /home/alumnos/josetost/colcon_ws/src/navigation-grupo-dia-libre-1/bt_behavior/include/bt_behavior/ctrl_support/BTActionNode.hpp
[2.094s] 3: 
[2.095s] 3: Done processing /home/alumnos/josetost/colcon_ws/src/navigation-grupo-dia-libre-1/bt_behavior/include/bt_behavior/ctrl_support/BTLifecycleCtrlNode.hpp
[2.095s] 3: 
[2.095s] 3: Using '--root=/home/alumnos/josetost/colcon_ws/src/navigation-grupo-dia-libre-1/bt_behavior/src' argument
[2.096s] 3: 
[2.096s] 3: Done processing /home/alumnos/josetost/colcon_ws/src/navigation-grupo-dia-libre-1/bt_behavior/src/nav_wp.cpp
[2.097s] 3: 
[2.097s] 3: Done processing /home/alumnos/josetost/colcon_ws/src/navigation-grupo-dia-libre-1/bt_behavior/src/bt_behavior/GetNextWaypoint.cpp
[2.097s] 3: 
[2.098s] 3: Done processing /home/alumnos/josetost/colcon_ws/src/navigation-grupo-dia-libre-1/bt_behavior/src/bt_behavior/IsRaceFinished.cpp
[2.098s] 3: 
[2.098s] 3: Done processing /home/alumnos/josetost/colcon_ws/src/navigation-grupo-dia-libre-1/bt_behavior/src/bt_behavior/Move.cpp
[2.099s] 3: 
[2.099s] 3: -- run_test.py: return code 1
[2.101s] 3: -- run_test.py: verify result file '/home/alumnos/josetost/colcon_ws/src/navigation-grupo-dia-libre-1/build/bt_behavior/test_results/bt_behavior/cpplint.xunit.xml'
[2.116s] 3/9 Test #3: cpplint ..........................***Failed    0.90 sec
[2.125s] test 4
[2.125s]     Start 4: flake8
[2.126s] 
[2.126s] 4: Test command: /usr/bin/python3 "-u" "/opt/ros/foxy/share/ament_cmake_test/cmake/run_test.py" "/home/alumnos/josetost/colcon_ws/src/navigation-grupo-dia-libre-1/build/bt_behavior/test_results/bt_behavior/flake8.xunit.xml" "--package-name" "bt_behavior" "--output-file" "/home/alumnos/josetost/colcon_ws/src/navigation-grupo-dia-libre-1/build/bt_behavior/ament_flake8/flake8.txt" "--command" "/opt/ros/foxy/bin/ament_flake8" "--xunit-file" "/home/alumnos/josetost/colcon_ws/src/navigation-grupo-dia-libre-1/build/bt_behavior/test_results/bt_behavior/flake8.xunit.xml"
[2.127s] 4: Test timeout computed to be: 60
[2.196s] 4: -- run_test.py: invoking following command in '/home/alumnos/josetost/colcon_ws/src/navigation-grupo-dia-libre-1/bt_behavior':
[2.196s] 4:  - /opt/ros/foxy/bin/ament_flake8 --xunit-file /home/alumnos/josetost/colcon_ws/src/navigation-grupo-dia-libre-1/build/bt_behavior/test_results/bt_behavior/flake8.xunit.xml
[2.808s] 4: 
[2.808s] 4: 1 files checked
[2.808s] 4: No problems found
[2.808s] 4: 
[2.808s] 4: Checked files:
[2.809s] 4: 
[2.809s] 4: * ./launch/patrolling.launch.py
[2.834s] 4: -- run_test.py: return code 0
[2.835s] 4: -- run_test.py: verify result file '/home/alumnos/josetost/colcon_ws/src/navigation-grupo-dia-libre-1/build/bt_behavior/test_results/bt_behavior/flake8.xunit.xml'
[2.847s] 4/9 Test #4: flake8 ...........................   Passed    0.72 sec
[2.850s] test 5
[2.850s]     Start 5: lint_cmake
[2.851s] 
[2.851s] 5: Test command: /usr/bin/python3 "-u" "/opt/ros/foxy/share/ament_cmake_test/cmake/run_test.py" "/home/alumnos/josetost/colcon_ws/src/navigation-grupo-dia-libre-1/build/bt_behavior/test_results/bt_behavior/lint_cmake.xunit.xml" "--package-name" "bt_behavior" "--output-file" "/home/alumnos/josetost/colcon_ws/src/navigation-grupo-dia-libre-1/build/bt_behavior/ament_lint_cmake/lint_cmake.txt" "--command" "/opt/ros/foxy/bin/ament_lint_cmake" "--xunit-file" "/home/alumnos/josetost/colcon_ws/src/navigation-grupo-dia-libre-1/build/bt_behavior/test_results/bt_behavior/lint_cmake.xunit.xml"
[2.852s] 5: Test timeout computed to be: 60
[2.918s] 5: -- run_test.py: invoking following command in '/home/alumnos/josetost/colcon_ws/src/navigation-grupo-dia-libre-1/bt_behavior':
[2.919s] 5:  - /opt/ros/foxy/bin/ament_lint_cmake --xunit-file /home/alumnos/josetost/colcon_ws/src/navigation-grupo-dia-libre-1/build/bt_behavior/test_results/bt_behavior/lint_cmake.xunit.xml
[3.287s] 5: CMakeLists.txt:40: Line ends in whitespace [whitespace/eol]
[3.287s] 5: 
[3.287s] 5: 
[3.287s] 5: 1 errors
[3.302s] 5: -- run_test.py: return code 1
[3.304s] 5: -- run_test.py: verify result file '/home/alumnos/josetost/colcon_ws/src/navigation-grupo-dia-libre-1/build/bt_behavior/test_results/bt_behavior/lint_cmake.xunit.xml'
[3.317s] 5/9 Test #5: lint_cmake .......................***Failed    0.47 sec
[3.320s] test 6
[3.320s]     Start 6: pep257
[3.320s] 
[3.321s] 6: Test command: /usr/bin/python3 "-u" "/opt/ros/foxy/share/ament_cmake_test/cmake/run_test.py" "/home/alumnos/josetost/colcon_ws/src/navigation-grupo-dia-libre-1/build/bt_behavior/test_results/bt_behavior/pep257.xunit.xml" "--package-name" "bt_behavior" "--output-file" "/home/alumnos/josetost/colcon_ws/src/navigation-grupo-dia-libre-1/build/bt_behavior/ament_pep257/pep257.txt" "--command" "/opt/ros/foxy/bin/ament_pep257" "--xunit-file" "/home/alumnos/josetost/colcon_ws/src/navigation-grupo-dia-libre-1/build/bt_behavior/test_results/bt_behavior/pep257.xunit.xml"
[3.321s] 6: Test timeout computed to be: 60
[3.397s] 6: -- run_test.py: invoking following command in '/home/alumnos/josetost/colcon_ws/src/navigation-grupo-dia-libre-1/bt_behavior':
[3.397s] 6:  - /opt/ros/foxy/bin/ament_pep257 --xunit-file /home/alumnos/josetost/colcon_ws/src/navigation-grupo-dia-libre-1/build/bt_behavior/test_results/bt_behavior/pep257.xunit.xml
[3.818s] 6: checking ./launch/patrolling.launch.py
[3.818s] 6: No problems found
[3.835s] 6: -- run_test.py: return code 0
[3.836s] 6: -- run_test.py: verify result file '/home/alumnos/josetost/colcon_ws/src/navigation-grupo-dia-libre-1/build/bt_behavior/test_results/bt_behavior/pep257.xunit.xml'
[3.847s] 6/9 Test #6: pep257 ...........................   Passed    0.53 sec
[3.850s] test 7
[3.851s]     Start 7: uncrustify
[3.851s] 
[3.852s] 7: Test command: /usr/bin/python3 "-u" "/opt/ros/foxy/share/ament_cmake_test/cmake/run_test.py" "/home/alumnos/josetost/colcon_ws/src/navigation-grupo-dia-libre-1/build/bt_behavior/test_results/bt_behavior/uncrustify.xunit.xml" "--package-name" "bt_behavior" "--output-file" "/home/alumnos/josetost/colcon_ws/src/navigation-grupo-dia-libre-1/build/bt_behavior/ament_uncrustify/uncrustify.txt" "--command" "/opt/ros/foxy/bin/ament_uncrustify" "--xunit-file" "/home/alumnos/josetost/colcon_ws/src/navigation-grupo-dia-libre-1/build/bt_behavior/test_results/bt_behavior/uncrustify.xunit.xml"
[3.853s] 7: Test timeout computed to be: 60
[3.924s] 7: -- run_test.py: invoking following command in '/home/alumnos/josetost/colcon_ws/src/navigation-grupo-dia-libre-1/bt_behavior':
[3.925s] 7:  - /opt/ros/foxy/bin/ament_uncrustify --xunit-file /home/alumnos/josetost/colcon_ws/src/navigation-grupo-dia-libre-1/build/bt_behavior/test_results/bt_behavior/uncrustify.xunit.xml
[4.343s] 7: Code style divergence in file 'include/bt_behavior/Move.hpp':
[4.343s] 7: 
[4.344s] 7: --- include/bt_behavior/Move.hpp
[4.344s] 7: +++ include/bt_behavior/Move.hpp.uncrustify
[4.344s] 7: @@ -30,9 +30,10 @@
[4.344s] 7: -  enum sounds {
[4.344s] 7: -    ON            = 0,
[4.345s] 7: -    OFF           = 1,
[4.345s] 7: -    RECHARGE      = 2,
[4.346s] 7: -    BUTTON        = 3,
[4.346s] 7: -    ERROR         = 4,
[4.346s] 7: -    CLEANINGSTART = 5,
[4.346s] 7: -    CLEANINGEND   = 6
[4.346s] 7: -  };
[4.347s] 7: +enum sounds
[4.347s] 7: +{
[4.348s] 7: +  ON            = 0,
[4.348s] 7: +  OFF           = 1,
[4.348s] 7: +  RECHARGE      = 2,
[4.349s] 7: +  BUTTON        = 3,
[4.349s] 7: +  ERROR         = 4,
[4.349s] 7: +  CLEANINGSTART = 5,
[4.350s] 7: +  CLEANINGEND   = 6
[4.350s] 7: +};
[4.350s] 7: 
[4.350s] 7: Code style divergence in file 'src/bt_behavior/GetNextWaypoint.cpp':
[4.350s] 7: 
[4.350s] 7: --- src/bt_behavior/GetNextWaypoint.cpp
[4.350s] 7: +++ src/bt_behavior/GetNextWaypoint.cpp.uncrustify
[4.350s] 7: @@ -29 +29 @@
[4.351s] 7: -#include <memory> 
[4.351s] 7: +#include <memory>
[4.351s] 7: @@ -74 +73,0 @@
[4.351s] 7: -  return;
[4.352s] 7: @@ -89 +88 @@
[4.352s] 7: -  unsigned char *costmap_ = new unsigned char[size_x_ * size_y_];
[4.352s] 7: +  unsigned char * costmap_ = new unsigned char[size_x_ * size_y_];
[4.352s] 7: @@ -116 +115 @@
[4.353s] 7: -{    
[4.353s] 7: +{
[4.353s] 7: @@ -129 +128,2 @@
[4.353s] 7: -  std::cerr << "Next waypoint on index " << ind << " is [" << waypoint[0] << "," << waypoint[1] << "]" << std::endl;
[4.354s] 7: +  std::cerr << "Next waypoint on index " << ind << " is [" << waypoint[0] << "," << waypoint[1] <<
[4.354s] 7: +    "]" << std::endl;
[4.354s] 7: @@ -133 +133 @@
[4.355s] 7: -  
[4.355s] 7: +
[4.355s] 7: 
[4.355s] 7: Code style divergence in file 'src/bt_behavior/Move.cpp':
[4.355s] 7: 
[4.356s] 7: --- src/bt_behavior/Move.cpp
[4.356s] 7: +++ src/bt_behavior/Move.cpp.uncrustify
[4.356s] 7: @@ -60 +60 @@
[4.357s] 7: - //success_pub->publish(beep);
[4.357s] 7: +  //success_pub->publish(beep);
[4.357s] 7: @@ -72 +72 @@
[4.357s] 7: - 
[4.358s] 7: +
[4.358s] 7: @@ -88 +88 @@
[4.359s] 7: - 
[4.359s] 7: +
[4.359s] 7: 
[4.359s] 7: Code style divergence in file 'src/nav_wp.cpp':
[4.360s] 7: 
[4.360s] 7: --- src/nav_wp.cpp
[4.360s] 7: +++ src/nav_wp.cpp.uncrustify
[4.361s] 7: @@ -94 +94 @@
[4.361s] 7: -// ros2 run pkg node --ros-args --params-file ruta absoluta
[4.362s] 7: +// ros2 run pkg node --ros-args --params-file ruta absoluta
[4.362s] 7: 
[4.363s] 7: 4 files with code style divergence
[4.363s] 7: No code style divergence in file 'include/bt_behavior/GetNextWaypoint.hpp'
[4.363s] 7: 
[4.363s] 7: No code style divergence in file 'include/bt_behavior/IsRaceFinished.hpp'
[4.363s] 7: 
[4.364s] 7: No code style divergence in file 'include/bt_behavior/ctrl_support/BTActionNode.hpp'
[4.364s] 7: 
[4.365s] 7: No code style divergence in file 'include/bt_behavior/ctrl_support/BTLifecycleCtrlNode.hpp'
[4.365s] 7: 
[4.365s] 7: No code style divergence in file 'src/bt_behavior/IsRaceFinished.cpp'
[4.366s] 7: 
[4.366s] 7: No code style divergence in file 'tests/bt_action_test.cpp'
[4.366s] 7: 
[4.366s] 7: -- run_test.py: return code 1
[4.367s] 7: -- run_test.py: verify result file '/home/alumnos/josetost/colcon_ws/src/navigation-grupo-dia-libre-1/build/bt_behavior/test_results/bt_behavior/uncrustify.xunit.xml'
[4.377s] 7/9 Test #7: uncrustify .......................***Failed    0.53 sec
[4.380s] test 8
[4.380s]     Start 8: xmllint
[4.380s] 
[4.384s] 8: Test command: /usr/bin/python3 "-u" "/opt/ros/foxy/share/ament_cmake_test/cmake/run_test.py" "/home/alumnos/josetost/colcon_ws/src/navigation-grupo-dia-libre-1/build/bt_behavior/test_results/bt_behavior/xmllint.xunit.xml" "--package-name" "bt_behavior" "--output-file" "/home/alumnos/josetost/colcon_ws/src/navigation-grupo-dia-libre-1/build/bt_behavior/ament_xmllint/xmllint.txt" "--command" "/opt/ros/foxy/bin/ament_xmllint" "--xunit-file" "/home/alumnos/josetost/colcon_ws/src/navigation-grupo-dia-libre-1/build/bt_behavior/test_results/bt_behavior/xmllint.xunit.xml"
[4.384s] 8: Test timeout computed to be: 60
[4.457s] 8: -- run_test.py: invoking following command in '/home/alumnos/josetost/colcon_ws/src/navigation-grupo-dia-libre-1/bt_behavior':
[4.457s] 8:  - /opt/ros/foxy/bin/ament_xmllint --xunit-file /home/alumnos/josetost/colcon_ws/src/navigation-grupo-dia-libre-1/build/bt_behavior/test_results/bt_behavior/xmllint.xunit.xml
[5.092s] 8: File 'package.xml' is valid
[5.092s] 8: 
[5.092s] 8: File 'behavior_tree_xml/behavior.xml' is valid
[5.092s] 8: 
[5.092s] 8: No problems found
[5.107s] 8: -- run_test.py: return code 0
[5.109s] 8: -- run_test.py: verify result file '/home/alumnos/josetost/colcon_ws/src/navigation-grupo-dia-libre-1/build/bt_behavior/test_results/bt_behavior/xmllint.xunit.xml'
[5.120s] 8/9 Test #8: xmllint ..........................   Passed    0.74 sec
[5.125s] test 9
[5.126s]     Start 9: bt_action_test
[5.126s] 
[5.127s] 9: Test command: /usr/bin/python3 "-u" "/opt/ros/foxy/share/ament_cmake_test/cmake/run_test.py" "/home/alumnos/josetost/colcon_ws/src/navigation-grupo-dia-libre-1/build/bt_behavior/test_results/bt_behavior/bt_action_test.gtest.xml" "--package-name" "bt_behavior" "--output-file" "/home/alumnos/josetost/colcon_ws/src/navigation-grupo-dia-libre-1/build/bt_behavior/ament_cmake_gtest/bt_action_test.txt" "--command" "/home/alumnos/josetost/colcon_ws/src/navigation-grupo-dia-libre-1/build/bt_behavior/tests/bt_action_test" "--gtest_output=xml:/home/alumnos/josetost/colcon_ws/src/navigation-grupo-dia-libre-1/build/bt_behavior/test_results/bt_behavior/bt_action_test.gtest.xml"
[5.127s] 9: Test timeout computed to be: 60
[5.199s] 9: -- run_test.py: invoking following command in '/home/alumnos/josetost/colcon_ws/src/navigation-grupo-dia-libre-1/build/bt_behavior/tests':
[5.199s] 9:  - /home/alumnos/josetost/colcon_ws/src/navigation-grupo-dia-libre-1/build/bt_behavior/tests/bt_action_test --gtest_output=xml:/home/alumnos/josetost/colcon_ws/src/navigation-grupo-dia-libre-1/build/bt_behavior/test_results/bt_behavior/bt_action_test.gtest.xml
[5.220s] 9: [==========] Running 2 tests from 1 test case.
[5.220s] 9: [----------] Global test environment set-up.
[5.220s] 9: [----------] 2 tests from bt_action
[5.220s] 9: [ RUN      ] bt_action.patrol_btn
[5.233s] 9: unknown file: Failure
[5.233s] 9: C++ exception with description "Could not load library: libbr2_patrol_bt_node.so: cannot open shared object file: No such file or directory" thrown in the test body.
[5.233s] 9: [  FAILED  ] bt_action.patrol_btn (13 ms)
[5.234s] 9: [ RUN      ] bt_action.move_btn
[5.244s] 9: [INFO] [1646642222.543273525] [move_btn_node]: Waiting for "navigate_to_pose" action server
[5.244s] 9: [INFO] [1646642222.543395477] [move_btn_node]: "move" BtActionNode initialized
[5.246s] 9: [INFO] [1646642222.545016144] [move_btn_node]: Waiting for "navigate_to_pose" action server
[11.444s] 9: [INFO] [1646642228.743621011] [move_btn_node]: navigation Suceeded
[11.549s] 9: [       OK ] bt_action.move_btn (6315 ms)
[11.549s] 9: [----------] 2 tests from bt_action (6328 ms total)
[11.549s] 9: 
[11.549s] 9: [----------] Global test environment tear-down
[11.552s] 9: [==========] 2 tests from 1 test case ran. (6328 ms total)
[11.552s] 9: [  PASSED  ] 1 test.
[11.552s] 9: [  FAILED  ] 1 test, listed below:
[11.553s] 9: [  FAILED  ] bt_action.patrol_btn
[11.553s] 9: 
[11.554s] 9:  1 FAILED TEST
[11.556s] 9: -- run_test.py: return code 1
[11.557s] 9: -- run_test.py: inject classname prefix into gtest result file '/home/alumnos/josetost/colcon_ws/src/navigation-grupo-dia-libre-1/build/bt_behavior/test_results/bt_behavior/bt_action_test.gtest.xml'
[11.560s] 9: -- run_test.py: verify result file '/home/alumnos/josetost/colcon_ws/src/navigation-grupo-dia-libre-1/build/bt_behavior/test_results/bt_behavior/bt_action_test.gtest.xml'
[11.570s] 9/9 Test #9: bt_action_test ...................***Failed    6.44 sec
[11.576s] 
[11.576s] 56% tests passed[0;0m, [0;31m4 tests failed[0;0m out of 9
[11.576s] 
[11.576s] Label Time Summary:
[11.577s] copyright     =   0.53 sec*proc (1 test)
[11.577s] cppcheck      =   0.50 sec*proc (1 test)
[11.578s] cpplint       =   0.90 sec*proc (1 test)
[11.578s] flake8        =   0.72 sec*proc (1 test)
[11.578s] gtest         =   6.44 sec*proc (1 test)
[11.579s] lint_cmake    =   0.47 sec*proc (1 test)
[11.579s] linter        =   4.91 sec*proc (8 tests)
[11.579s] pep257        =   0.53 sec*proc (1 test)
[11.579s] uncrustify    =   0.53 sec*proc (1 test)
[11.580s] xmllint       =   0.74 sec*proc (1 test)
[11.580s] 
[11.581s] Total Test time (real) =  11.39 sec
[11.581s] 
[11.581s] The following tests FAILED:
[11.581s] 	[0;31m  3 - cpplint (Failed)[0;0m
[11.582s] 	[0;31m  5 - lint_cmake (Failed)[0;0m
[11.582s] 	[0;31m  7 - uncrustify (Failed)[0;0m
[11.582s] 	[0;31m  9 - bt_action_test (Failed)[0;0m
[11.607s] Errors while running CTest
[11.609s] Invoked command in '/home/alumnos/josetost/colcon_ws/src/navigation-grupo-dia-libre-1/build/bt_behavior' returned '8': AMENT_PREFIX_PATH=/home/alumnos/josetost/colcon_ws/src/navigation-grupo-dia-libre-1/install/bt_behavior:${AMENT_PREFIX_PATH} CMAKE_PREFIX_PATH=/home/alumnos/josetost/colcon_ws/src/navigation-grupo-dia-libre-1/install/bt_behavior LD_LIBRARY_PATH=/home/alumnos/josetost/colcon_ws/src/navigation-grupo-dia-libre-1/install/bt_behavior/lib:${LD_LIBRARY_PATH} /usr/bin/ctest -C Release -D ExperimentalTest --no-compress-output -V --force-new-ctest-process
