[01m[K/home/alumnos/josetost/colcon_ws/src/navigation-grupo-dia-libre-1/bt_behavior/src/bt_behavior/Move.cpp:[m[K In member function â€˜[01m[Kvirtual BT::NodeStatus bt_behavior::Move::on_success()[m[Kâ€™:
[01m[K/home/alumnos/josetost/colcon_ws/src/navigation-grupo-dia-libre-1/bt_behavior/src/bt_behavior/Move.cpp:55:53:[m[K [01;31m[Kerror: [m[Kâ€˜[01m[Kkobuki_ros_interfaces[m[Kâ€™ was not declared in this scope; did you mean â€˜[01m[Kbuiltin_interfaces[m[Kâ€™?
   55 |   auto success_pub = success_node->create_publisher<[01;31m[Kkobuki_ros_interfaces[m[K::msg::Sound>("/commands/sound", 10);
      |                                                     [01;31m[K^~~~~~~~~~~~~~~~~~~~~[m[K
      |                                                     [32m[Kbuiltin_interfaces[m[K
[01m[K/home/alumnos/josetost/colcon_ws/src/navigation-grupo-dia-libre-1/bt_behavior/src/bt_behavior/Move.cpp:55:36:[m[K [01;31m[Kerror: [m[Kparse error in template argument list
   55 |   auto success_pub = success_node->[01;31m[Kcreate_publisher<kobuki_ros_interfaces::msg::Sound>[m[K("/commands/sound", 10);
      |                                    [01;31m[K^~~~~~~~~~~~~~~~~~~~~~~~~~~~~~~~~~~~~~~~~~~~~~~~~~~[m[K
[01m[K/home/alumnos/josetost/colcon_ws/src/navigation-grupo-dia-libre-1/bt_behavior/src/bt_behavior/Move.cpp:55:109:[m[K [01;31m[Kerror: [m[Kno matching function for call to â€˜[01m[Krclcpp::Node::create_publisher<<expression error> >(const char [16], int)[m[Kâ€™
   55 |   auto success_pub = success_node->create_publisher<kobuki_ros_interfaces::msg::Sound>("/commands/sound", 10[01;31m[K)[m[K;
      |                                                                                                             [01;31m[K^[m[K
In file included from [01m[K/opt/ros/foxy/include/rclcpp/executors/single_threaded_executor.hpp:28[m[K,
                 from [01m[K/opt/ros/foxy/include/rclcpp/executors.hpp:22[m[K,
                 from [01m[K/opt/ros/foxy/include/rclcpp/rclcpp.hpp:146[m[K,
                 from [01m[K/home/alumnos/josetost/colcon_ws/src/navigation-grupo-dia-libre-1/bt_behavior/include/bt_behavior/ctrl_support/BTActionNode.hpp:22[m[K,
                 from [01m[K/home/alumnos/josetost/colcon_ws/src/navigation-grupo-dia-libre-1/bt_behavior/include/bt_behavior/Move.hpp:23[m[K,
                 from [01m[K/home/alumnos/josetost/colcon_ws/src/navigation-grupo-dia-libre-1/bt_behavior/src/bt_behavior/Move.cpp:20[m[K:
[01m[K/opt/ros/foxy/include/rclcpp/node.hpp:184:3:[m[K [01;36m[Knote: [m[Kcandidate: â€˜[01m[Ktemplate<class MessageT, class AllocatorT, class PublisherT> std::shared_ptr<PublisherT> rclcpp::Node::create_publisher(const string&, const rclcpp::QoS&, const rclcpp::PublisherOptionsWithAllocator<AllocatorT>&)[m[Kâ€™
  184 |   [01;36m[Kcreate_publisher[m[K(
      |   [01;36m[K^~~~~~~~~~~~~~~~[m[K
[01m[K/opt/ros/foxy/include/rclcpp/node.hpp:184:3:[m[K [01;36m[Knote: [m[K  template argument deduction/substitution failed:
[01m[K/home/alumnos/josetost/colcon_ws/src/navigation-grupo-dia-libre-1/bt_behavior/src/bt_behavior/Move.cpp:55:109:[m[K [01;31m[Kerror: [m[Ktemplate argument 1 is invalid
   55 |   auto success_pub = success_node->create_publisher<kobuki_ros_interfaces::msg::Sound>("/commands/sound", 10[01;31m[K)[m[K;
      |                                                                                                             [01;31m[K^[m[K
[01m[K/home/alumnos/josetost/colcon_ws/src/navigation-grupo-dia-libre-1/bt_behavior/src/bt_behavior/Move.cpp:57:3:[m[K [01;31m[Kerror: [m[Kâ€˜[01m[Kkobuki_ros_interfaces[m[Kâ€™ is not a class, namespace, or enumeration
   57 |   [01;31m[Kkobuki_ros_interfaces[m[K::msg::Sound beep;
      |   [01;31m[K^~~~~~~~~~~~~~~~~~~~~[m[K
[01m[K/home/alumnos/josetost/colcon_ws/src/navigation-grupo-dia-libre-1/bt_behavior/src/bt_behavior/Move.cpp:58:3:[m[K [01;31m[Kerror: [m[Kâ€˜[01m[Kbeep[m[Kâ€™ was not declared in this scope
   58 |   [01;31m[Kbeep[m[K.value = ON;
      |   [01;31m[K^~~~[m[K
[01m[K/home/alumnos/josetost/colcon_ws/src/navigation-grupo-dia-libre-1/bt_behavior/src/bt_behavior/Move.cpp:[m[K In member function â€˜[01m[Kvirtual BT::NodeStatus bt_behavior::Move::on_aborted()[m[Kâ€™:
[01m[K/home/alumnos/josetost/colcon_ws/src/navigation-grupo-dia-libre-1/bt_behavior/src/bt_behavior/Move.cpp:71:47:[m[K [01;31m[Kerror: [m[Kâ€˜[01m[Kkobuki_ros_interfaces[m[Kâ€™ was not declared in this scope; did you mean â€˜[01m[Kbuiltin_interfaces[m[Kâ€™?
   71 |   auto fail_pub = fail_node->create_publisher<[01;31m[Kkobuki_ros_interfaces[m[K::msg::Sound>("/commands/sound", 10);
      |                                               [01;31m[K^~~~~~~~~~~~~~~~~~~~~[m[K
      |                                               [32m[Kbuiltin_interfaces[m[K
[01m[K/home/alumnos/josetost/colcon_ws/src/navigation-grupo-dia-libre-1/bt_behavior/src/bt_behavior/Move.cpp:71:30:[m[K [01;31m[Kerror: [m[Kparse error in template argument list
   71 |   auto fail_pub = fail_node->[01;31m[Kcreate_publisher<kobuki_ros_interfaces::msg::Sound>[m[K("/commands/sound", 10);
      |                              [01;31m[K^~~~~~~~~~~~~~~~~~~~~~~~~~~~~~~~~~~~~~~~~~~~~~~~~~~[m[K
[01m[K/home/alumnos/josetost/colcon_ws/src/navigation-grupo-dia-libre-1/bt_behavior/src/bt_behavior/Move.cpp:71:103:[m[K [01;31m[Kerror: [m[Kno matching function for call to â€˜[01m[Krclcpp::Node::create_publisher<<expression error> >(const char [16], int)[m[Kâ€™
   71 |   auto fail_pub = fail_node->create_publisher<kobuki_ros_interfaces::msg::Sound>("/commands/sound", 10[01;31m[K)[m[K;
      |                                                                                                       [01;31m[K^[m[K
In file included from [01m[K/opt/ros/foxy/include/rclcpp/executors/single_threaded_executor.hpp:28[m[K,
                 from [01m[K/opt/ros/foxy/include/rclcpp/executors.hpp:22[m[K,
                 from [01m[K/opt/ros/foxy/include/rclcpp/rclcpp.hpp:146[m[K,
                 from [01m[K/home/alumnos/josetost/colcon_ws/src/navigation-grupo-dia-libre-1/bt_behavior/include/bt_behavior/ctrl_support/BTActionNode.hpp:22[m[K,
                 from [01m[K/home/alumnos/josetost/colcon_ws/src/navigation-grupo-dia-libre-1/bt_behavior/include/bt_behavior/Move.hpp:23[m[K,
                 from [01m[K/home/alumnos/josetost/colcon_ws/src/navigation-grupo-dia-libre-1/bt_behavior/src/bt_behavior/Move.cpp:20[m[K:
[01m[K/opt/ros/foxy/include/rclcpp/node.hpp:184:3:[m[K [01;36m[Knote: [m[Kcandidate: â€˜[01m[Ktemplate<class MessageT, class AllocatorT, class PublisherT> std::shared_ptr<PublisherT> rclcpp::Node::create_publisher(const string&, const rclcpp::QoS&, const rclcpp::PublisherOptionsWithAllocator<AllocatorT>&)[m[Kâ€™
  184 |   [01;36m[Kcreate_publisher[m[K(
      |   [01;36m[K^~~~~~~~~~~~~~~~[m[K
[01m[K/opt/ros/foxy/include/rclcpp/node.hpp:184:3:[m[K [01;36m[Knote: [m[K  template argument deduction/substitution failed:
[01m[K/home/alumnos/josetost/colcon_ws/src/navigation-grupo-dia-libre-1/bt_behavior/src/bt_behavior/Move.cpp:71:103:[m[K [01;31m[Kerror: [m[Ktemplate argument 1 is invalid
   71 |   auto fail_pub = fail_node->create_publisher<kobuki_ros_interfaces::msg::Sound>("/commands/sound", 10[01;31m[K)[m[K;
      |                                                                                                       [01;31m[K^[m[K
[01m[K/home/alumnos/josetost/colcon_ws/src/navigation-grupo-dia-libre-1/bt_behavior/src/bt_behavior/Move.cpp:73:3:[m[K [01;31m[Kerror: [m[Kâ€˜[01m[Kkobuki_ros_interfaces[m[Kâ€™ is not a class, namespace, or enumeration
   73 |   [01;31m[Kkobuki_ros_interfaces[m[K::msg::Sound beep;
      |   [01;31m[K^~~~~~~~~~~~~~~~~~~~~[m[K
[01m[K/home/alumnos/josetost/colcon_ws/src/navigation-grupo-dia-libre-1/bt_behavior/src/bt_behavior/Move.cpp:74:3:[m[K [01;31m[Kerror: [m[Kâ€˜[01m[Kbeep[m[Kâ€™ was not declared in this scope
   74 |   [01;31m[Kbeep[m[K.value = OFF;
      |   [01;31m[K^~~~[m[K
[01m[K/home/alumnos/josetost/colcon_ws/src/navigation-grupo-dia-libre-1/bt_behavior/src/bt_behavior/Move.cpp:[m[K In member function â€˜[01m[Kvirtual BT::NodeStatus bt_behavior::Move::on_cancelled()[m[Kâ€™:
[01m[K/home/alumnos/josetost/colcon_ws/src/navigation-grupo-dia-libre-1/bt_behavior/src/bt_behavior/Move.cpp:87:51:[m[K [01;31m[Kerror: [m[Kâ€˜[01m[Kkobuki_ros_interfaces[m[Kâ€™ was not declared in this scope; did you mean â€˜[01m[Kbuiltin_interfaces[m[Kâ€™?
   87 |   auto cancel_pub = cancel_node->create_publisher<[01;31m[Kkobuki_ros_interfaces[m[K::msg::Sound>("/commands/sound", 10);
      |                                                   [01;31m[K^~~~~~~~~~~~~~~~~~~~~[m[K
      |                                                   [32m[Kbuiltin_interfaces[m[K
[01m[K/home/alumnos/josetost/colcon_ws/src/navigation-grupo-dia-libre-1/bt_behavior/src/bt_behavior/Move.cpp:87:34:[m[K [01;31m[Kerror: [m[Kparse error in template argument list
   87 |   auto cancel_pub = cancel_node->[01;31m[Kcreate_publisher<kobuki_ros_interfaces::msg::Sound>[m[K("/commands/sound", 10);
      |                                  [01;31m[K^~~~~~~~~~~~~~~~~~~~~~~~~~~~~~~~~~~~~~~~~~~~~~~~~~~[m[K
[01m[K/home/alumnos/josetost/colcon_ws/src/navigation-grupo-dia-libre-1/bt_behavior/src/bt_behavior/Move.cpp:87:107:[m[K [01;31m[Kerror: [m[Kno matching function for call to â€˜[01m[Krclcpp::Node::create_publisher<<expression error> >(const char [16], int)[m[Kâ€™
   87 |   auto cancel_pub = cancel_node->create_publisher<kobuki_ros_interfaces::msg::Sound>("/commands/sound", 10[01;31m[K)[m[K;
      |                                                                                                           [01;31m[K^[m[K
In file included from [01m[K/opt/ros/foxy/include/rclcpp/executors/single_threaded_executor.hpp:28[m[K,
                 from [01m[K/opt/ros/foxy/include/rclcpp/executors.hpp:22[m[K,
                 from [01m[K/opt/ros/foxy/include/rclcpp/rclcpp.hpp:146[m[K,
                 from [01m[K/home/alumnos/josetost/colcon_ws/src/navigation-grupo-dia-libre-1/bt_behavior/include/bt_behavior/ctrl_support/BTActionNode.hpp:22[m[K,
                 from [01m[K/home/alumnos/josetost/colcon_ws/src/navigation-grupo-dia-libre-1/bt_behavior/include/bt_behavior/Move.hpp:23[m[K,
                 from [01m[K/home/alumnos/josetost/colcon_ws/src/navigation-grupo-dia-libre-1/bt_behavior/src/bt_behavior/Move.cpp:20[m[K:
[01m[K/opt/ros/foxy/include/rclcpp/node.hpp:184:3:[m[K [01;36m[Knote: [m[Kcandidate: â€˜[01m[Ktemplate<class MessageT, class AllocatorT, class PublisherT> std::shared_ptr<PublisherT> rclcpp::Node::create_publisher(const string&, const rclcpp::QoS&, const rclcpp::PublisherOptionsWithAllocator<AllocatorT>&)[m[Kâ€™
  184 |   [01;36m[Kcreate_publisher[m[K(
      |   [01;36m[K^~~~~~~~~~~~~~~~[m[K
[01m[K/opt/ros/foxy/include/rclcpp/node.hpp:184:3:[m[K [01;36m[Knote: [m[K  template argument deduction/substitution failed:
[01m[K/home/alumnos/josetost/colcon_ws/src/navigation-grupo-dia-libre-1/bt_behavior/src/bt_behavior/Move.cpp:87:107:[m[K [01;31m[Kerror: [m[Ktemplate argument 1 is invalid
   87 |   auto cancel_pub = cancel_node->create_publisher<kobuki_ros_interfaces::msg::Sound>("/commands/sound", 10[01;31m[K)[m[K;
      |                                                                                                           [01;31m[K^[m[K
[01m[K/home/alumnos/josetost/colcon_ws/src/navigation-grupo-dia-libre-1/bt_behavior/src/bt_behavior/Move.cpp:89:3:[m[K [01;31m[Kerror: [m[Kâ€˜[01m[Kkobuki_ros_interfaces[m[Kâ€™ is not a class, namespace, or enumeration
   89 |   [01;31m[Kkobuki_ros_interfaces[m[K::msg::Sound beep;
      |   [01;31m[K^~~~~~~~~~~~~~~~~~~~~[m[K
[01m[K/home/alumnos/josetost/colcon_ws/src/navigation-grupo-dia-libre-1/bt_behavior/src/bt_behavior/Move.cpp:90:3:[m[K [01;31m[Kerror: [m[Kâ€˜[01m[Kbeep[m[Kâ€™ was not declared in this scope
   90 |   [01;31m[Kbeep[m[K.value = CLEANINGEND;
      |   [01;31m[K^~~~[m[K
make[2]: *** [CMakeFiles/br2_move_bt_node.dir/build.make:63: CMakeFiles/br2_move_bt_node.dir/src/bt_behavior/Move.cpp.o] Error 1
make[1]: *** [CMakeFiles/Makefile2:152: CMakeFiles/br2_move_bt_node.dir/all] Error 2
make[1]: *** Se espera a que terminen otras tareas....
make: *** [Makefile:141: all] Error 2
