[0.000000] (-) TimerEvent: {}
[0.000699] (bt_behavior) JobQueued: {'identifier': 'bt_behavior', 'dependencies': OrderedDict([('bt_behavior', '/home/alumnos/josetost/colcon_ws/src/navigation-grupo-dia-libre-1/install/bt_behavior')])}
[0.001556] (kobuki_navigation) JobQueued: {'identifier': 'kobuki_navigation', 'dependencies': OrderedDict([('kobuki_navigation', '/home/alumnos/josetost/colcon_ws/src/navigation-grupo-dia-libre-1/install/kobuki_navigation')])}
[0.001670] (bt_behavior) JobStarted: {'identifier': 'bt_behavior'}
[0.098917] (-) TimerEvent: {}
[0.119070] (kobuki_navigation) JobStarted: {'identifier': 'kobuki_navigation'}
[0.180198] (bt_behavior) Command: {'cmd': ['/usr/bin/ctest', '-C', 'Release', '-D', 'ExperimentalTest', '--no-compress-output', '-V', '--force-new-ctest-process'], 'cwd': '/home/alumnos/josetost/colcon_ws/src/navigation-grupo-dia-libre-1/build/bt_behavior', 'env': OrderedDict([('GJS_DEBUG_TOPICS', 'JS ERROR;JS LOG'), ('USER', 'josetost'), ('SSH_AGENT_PID', '101560'), ('XDG_SESSION_TYPE', 'x11'), ('SHLVL', '1'), ('LD_LIBRARY_PATH', '/home/alumnos/josetost/colcon_ws/src/navigation-grupo-dia-libre-1/install/bt_behavior/lib:/usr/lib/x86_64-linux-gnu/gazebo-11/plugins:/opt/ros/foxy/opt/yaml_cpp_vendor/lib:/opt/ros/foxy/opt/rviz_ogre_vendor/lib:/opt/ros/foxy/lib/x86_64-linux-gnu:/opt/ros/foxy/lib'), ('HOME', '/home/alumnos/josetost'), ('OLDPWD', '/home/alumnos/josetost/colcon_ws/src'), ('DESKTOP_SESSION', 'ubuntu'), ('ROS_PYTHON_VERSION', '3'), ('GNOME_SHELL_SESSION_MODE', 'ubuntu'), ('GTK_MODULES', 'gail:atk-bridge'), ('MANAGERPID', '101376'), ('GOROOT', '/usr/lib/go'), ('DBUS_SESSION_BUS_ADDRESS', 'unix:path=/run/user/9374/bus'), ('MESG', 'y'), ('COLORTERM', 'truecolor'), ('MANDATORY_PATH', '/usr/share/gconf/ubuntu.mandatory.path'), ('IM_CONFIG_PHASE', '1'), ('COLCON_PREFIX_PATH', '/home/alumnos/josetost/colcon_ws/install'), ('ROS_DISTRO', 'foxy'), ('LOGNAME', 'josetost'), ('JOURNAL_STREAM', '8:438354'), ('_', '/usr/bin/colcon'), ('ROS_VERSION', '2'), ('XDG_SESSION_CLASS', 'user'), ('DEFAULTS_PATH', '/usr/share/gconf/ubuntu.default.path'), ('USERNAME', 'josetost'), ('TERM', 'xterm-256color'), ('GNOME_DESKTOP_SESSION_ID', 'this-is-deprecated'), ('ROS_LOCALHOST_ONLY', '0'), ('WINDOWPATH', '2'), ('PATH', '/opt/ros/foxy/bin:/usr/local/sbin:/usr/local/bin:/usr/sbin:/usr/bin:/sbin:/bin:/usr/games:/usr/local/games:/usr/lib/go/bin:/opt/puppetlabs/bin/:./'), ('SESSION_MANAGER', 'local/f-l3210-pc24:@/tmp/.ICE-unix/101600,unix/f-l3210-pc24:/tmp/.ICE-unix/101600'), ('INVOCATION_ID', 'efc7516a5ce74a559c7c41caa41e7e04'), ('XDG_MENU_PREFIX', 'gnome-'), ('GNOME_TERMINAL_SCREEN', '/org/gnome/Terminal/screen/3a0758d9_5180_400d_b53e_98a4498e02ac'), ('XDG_RUNTIME_DIR', '/run/user/9374'), ('DISPLAY', ':0'), ('LANG', 'es_ES.UTF-8'), ('XDG_CURRENT_DESKTOP', 'ubuntu:GNOME'), ('XMODIFIERS', '@im=ibus'), ('XDG_SESSION_DESKTOP', 'ubuntu'), ('XAUTHORITY', '/run/user/9374/gdm/Xauthority'), ('GNOME_TERMINAL_SERVICE', ':1.109'), ('SSH_AUTH_SOCK', '/run/user/9374/keyring/ssh'), ('ROS_DOMAIN_ID', '22'), ('AMENT_PREFIX_PATH', '/home/alumnos/josetost/colcon_ws/src/navigation-grupo-dia-libre-1/install/bt_behavior:/opt/ros/foxy'), ('SHELL', '/bin/bash'), ('QT_ACCESSIBILITY', '1'), ('ROS_MASTER_URI', 'http://f-l3202-pc24:11332/'), ('GDMSESSION', 'ubuntu'), ('GPG_AGENT_INFO', '/run/user/9374/gnupg/S.gpg-agent:0:1'), ('GJS_DEBUG_OUTPUT', 'stderr'), ('QT_IM_MODULE', 'ibus'), ('PWD', '/home/alumnos/josetost/colcon_ws/src/navigation-grupo-dia-libre-1/build/bt_behavior'), ('XDG_CONFIG_DIRS', '/etc/xdg/xdg-ubuntu:/etc/xdg'), ('XDG_DATA_DIRS', '/usr/share/ubuntu:/usr/local/share/:/usr/share/'), ('PYTHONPATH', '/opt/ros/foxy/lib/python3.8/site-packages'), ('COLCON', '1'), ('MANPATH', ':/opt/puppetlabs/puppet/share/man'), ('VTE_VERSION', '6003'), ('EDITOR', '/usr/bin/vim'), ('CMAKE_PREFIX_PATH', '/home/alumnos/josetost/colcon_ws/src/navigation-grupo-dia-libre-1/install/bt_behavior')]), 'shell': False}
[0.190898] (kobuki_navigation) JobEnded: {'identifier': 'kobuki_navigation', 'rc': 0}
[0.203568] (-) TimerEvent: {}
[0.203789] (bt_behavior) StdoutLine: {'line': b'UpdateCTestConfiguration  from :/home/alumnos/josetost/colcon_ws/src/navigation-grupo-dia-libre-1/build/bt_behavior/CTestConfiguration.ini\n'}
[0.204016] (bt_behavior) StdoutLine: {'line': b'Parse Config file:/home/alumnos/josetost/colcon_ws/src/navigation-grupo-dia-libre-1/build/bt_behavior/CTestConfiguration.ini\n'}
[0.204132] (bt_behavior) StdoutLine: {'line': b'   Site: f-l3210-pc24\n'}
[0.204243] (bt_behavior) StdoutLine: {'line': b'   Build name: (empty)\n'}
[0.204351] (bt_behavior) StdoutLine: {'line': b' Add coverage exclude regular expressions.\n'}
[0.204461] (bt_behavior) StdoutLine: {'line': b'SetCTestConfiguration:CMakeCommand:/usr/bin/cmake\n'}
[0.209458] (bt_behavior) StdoutLine: {'line': b'Create new tag: 20220307-0943 - Experimental\n'}
[0.210322] (bt_behavior) StdoutLine: {'line': b'UpdateCTestConfiguration  from :/home/alumnos/josetost/colcon_ws/src/navigation-grupo-dia-libre-1/build/bt_behavior/CTestConfiguration.ini\n'}
[0.210474] (bt_behavior) StdoutLine: {'line': b'Parse Config file:/home/alumnos/josetost/colcon_ws/src/navigation-grupo-dia-libre-1/build/bt_behavior/CTestConfiguration.ini\n'}
[0.211045] (bt_behavior) StdoutLine: {'line': b'Test project /home/alumnos/josetost/colcon_ws/src/navigation-grupo-dia-libre-1/build/bt_behavior\n'}
[0.211266] (bt_behavior) StdoutLine: {'line': b'Constructing a list of tests\n'}
[0.212449] (bt_behavior) StdoutLine: {'line': b'Done constructing a list of tests\n'}
[0.212725] (bt_behavior) StdoutLine: {'line': b'Updating test list for fixtures\n'}
[0.212883] (bt_behavior) StdoutLine: {'line': b'Added 0 tests to meet fixture requirements\n'}
[0.213695] (bt_behavior) StdoutLine: {'line': b'Checking test dependency graph...\n'}
[0.214160] (bt_behavior) StdoutLine: {'line': b'Checking test dependency graph end\n'}
[0.214317] (bt_behavior) StdoutLine: {'line': b'test 1\n'}
[0.214701] (bt_behavior) StdoutLine: {'line': b'    Start 1: copyright\n'}
[0.214825] (bt_behavior) StdoutLine: {'line': b'\n'}
[0.215503] (bt_behavior) StdoutLine: {'line': b'1: Test command: /usr/bin/python3 "-u" "/opt/ros/foxy/share/ament_cmake_test/cmake/run_test.py" "/home/alumnos/josetost/colcon_ws/src/navigation-grupo-dia-libre-1/build/bt_behavior/test_results/bt_behavior/copyright.xunit.xml" "--package-name" "bt_behavior" "--output-file" "/home/alumnos/josetost/colcon_ws/src/navigation-grupo-dia-libre-1/build/bt_behavior/ament_copyright/copyright.txt" "--command" "/opt/ros/foxy/bin/ament_copyright" "--xunit-file" "/home/alumnos/josetost/colcon_ws/src/navigation-grupo-dia-libre-1/build/bt_behavior/test_results/bt_behavior/copyright.xunit.xml"\n'}
[0.216241] (bt_behavior) StdoutLine: {'line': b'1: Test timeout computed to be: 60\n'}
[0.291678] (bt_behavior) StdoutLine: {'line': b"1: -- run_test.py: invoking following command in '/home/alumnos/josetost/colcon_ws/src/navigation-grupo-dia-libre-1/bt_behavior':\n"}
[0.291923] (bt_behavior) StdoutLine: {'line': b'1:  - /opt/ros/foxy/bin/ament_copyright --xunit-file /home/alumnos/josetost/colcon_ws/src/navigation-grupo-dia-libre-1/build/bt_behavior/test_results/bt_behavior/copyright.xunit.xml\n'}
[0.303657] (-) TimerEvent: {}
[0.403956] (-) TimerEvent: {}
[0.504295] (-) TimerEvent: {}
[0.604610] (-) TimerEvent: {}
[0.704978] (-) TimerEvent: {}
[0.705839] (bt_behavior) StdoutLine: {'line': b'1: No problems found, checked 12 files\n'}
[0.723008] (bt_behavior) StdoutLine: {'line': b'1: -- run_test.py: return code 0\n'}
[0.724558] (bt_behavior) StdoutLine: {'line': b"1: -- run_test.py: verify result file '/home/alumnos/josetost/colcon_ws/src/navigation-grupo-dia-libre-1/build/bt_behavior/test_results/bt_behavior/copyright.xunit.xml'\n"}
[0.741674] (bt_behavior) StdoutLine: {'line': b'1/9 Test #1: copyright ........................   Passed    0.53 sec\n'}
[0.747933] (bt_behavior) StdoutLine: {'line': b'test 2\n'}
[0.748345] (bt_behavior) StdoutLine: {'line': b'    Start 2: cppcheck\n'}
[0.748498] (bt_behavior) StdoutLine: {'line': b'\n'}
[0.749073] (bt_behavior) StdoutLine: {'line': b'2: Test command: /usr/bin/python3 "-u" "/opt/ros/foxy/share/ament_cmake_test/cmake/run_test.py" "/home/alumnos/josetost/colcon_ws/src/navigation-grupo-dia-libre-1/build/bt_behavior/test_results/bt_behavior/cppcheck.xunit.xml" "--package-name" "bt_behavior" "--output-file" "/home/alumnos/josetost/colcon_ws/src/navigation-grupo-dia-libre-1/build/bt_behavior/ament_cppcheck/cppcheck.txt" "--command" "/opt/ros/foxy/bin/ament_cppcheck" "--xunit-file" "/home/alumnos/josetost/colcon_ws/src/navigation-grupo-dia-libre-1/build/bt_behavior/test_results/bt_behavior/cppcheck.xunit.xml" "--include_dirs" "/home/alumnos/josetost/colcon_ws/src/navigation-grupo-dia-libre-1/bt_behavior/include"\n'}
[0.749187] (bt_behavior) StdoutLine: {'line': b'2: Test timeout computed to be: 300\n'}
[0.805081] (-) TimerEvent: {}
[0.826279] (bt_behavior) StdoutLine: {'line': b"2: -- run_test.py: invoking following command in '/home/alumnos/josetost/colcon_ws/src/navigation-grupo-dia-libre-1/bt_behavior':\n"}
[0.826714] (bt_behavior) StdoutLine: {'line': b'2:  - /opt/ros/foxy/bin/ament_cppcheck --xunit-file /home/alumnos/josetost/colcon_ws/src/navigation-grupo-dia-libre-1/build/bt_behavior/test_results/bt_behavior/cppcheck.xunit.xml --include_dirs /home/alumnos/josetost/colcon_ws/src/navigation-grupo-dia-libre-1/bt_behavior/include\n'}
[0.905180] (-) TimerEvent: {}
[1.005508] (-) TimerEvent: {}
[1.105864] (-) TimerEvent: {}
[1.206244] (-) TimerEvent: {}
[1.246025] (bt_behavior) StdoutLine: {'line': b'2: No problems found\n'}
[1.265056] (bt_behavior) StdoutLine: {'line': b'2: -- run_test.py: return code 0\n'}
[1.266520] (bt_behavior) StdoutLine: {'line': b"2: -- run_test.py: verify result file '/home/alumnos/josetost/colcon_ws/src/navigation-grupo-dia-libre-1/build/bt_behavior/test_results/bt_behavior/cppcheck.xunit.xml'\n"}
[1.280540] (bt_behavior) StdoutLine: {'line': b'2/9 Test #2: cppcheck .........................   Passed    0.53 sec\n'}
[1.282630] (bt_behavior) StdoutLine: {'line': b'test 3\n'}
[1.282864] (bt_behavior) StdoutLine: {'line': b'    Start 3: cpplint\n'}
[1.283575] (bt_behavior) StdoutLine: {'line': b'\n'}
[1.283742] (bt_behavior) StdoutLine: {'line': b'3: Test command: /usr/bin/python3 "-u" "/opt/ros/foxy/share/ament_cmake_test/cmake/run_test.py" "/home/alumnos/josetost/colcon_ws/src/navigation-grupo-dia-libre-1/build/bt_behavior/test_results/bt_behavior/cpplint.xunit.xml" "--package-name" "bt_behavior" "--output-file" "/home/alumnos/josetost/colcon_ws/src/navigation-grupo-dia-libre-1/build/bt_behavior/ament_cpplint/cpplint.txt" "--command" "/opt/ros/foxy/bin/ament_cpplint" "--xunit-file" "/home/alumnos/josetost/colcon_ws/src/navigation-grupo-dia-libre-1/build/bt_behavior/test_results/bt_behavior/cpplint.xunit.xml"\n'}
[1.284605] (bt_behavior) StdoutLine: {'line': b'3: Test timeout computed to be: 120\n'}
[1.306365] (-) TimerEvent: {}
[1.366040] (bt_behavior) StdoutLine: {'line': b"3: -- run_test.py: invoking following command in '/home/alumnos/josetost/colcon_ws/src/navigation-grupo-dia-libre-1/bt_behavior':\n"}
[1.366356] (bt_behavior) StdoutLine: {'line': b'3:  - /opt/ros/foxy/bin/ament_cpplint --xunit-file /home/alumnos/josetost/colcon_ws/src/navigation-grupo-dia-libre-1/build/bt_behavior/test_results/bt_behavior/cpplint.xunit.xml\n'}
[1.406465] (-) TimerEvent: {}
[1.506778] (-) TimerEvent: {}
[1.607131] (-) TimerEvent: {}
[1.707455] (-) TimerEvent: {}
[1.807824] (-) TimerEvent: {}
[1.908157] (-) TimerEvent: {}
[2.008573] (-) TimerEvent: {}
[2.108899] (-) TimerEvent: {}
[2.182896] (bt_behavior) StdoutLine: {'line': b'3: /home/alumnos/josetost/colcon_ws/src/navigation-grupo-dia-libre-1/bt_behavior/include/bt_behavior/IsRaceFinished.hpp:26:  Found C++ system header after other header. Should be: IsRaceFinished.h, c system, c++ system, other.  [build/include_order] [4]\n'}
[2.183212] (bt_behavior) StdoutLine: {'line': b'3: /home/alumnos/josetost/colcon_ws/src/navigation-grupo-dia-libre-1/bt_behavior/src/nav_wp.cpp:23:  Found C++ system header after other header. Should be: nav_wp.h, c system, c++ system, other.  [build/include_order] [4]\n'}
[2.183376] (bt_behavior) StdoutLine: {'line': b'3: /home/alumnos/josetost/colcon_ws/src/navigation-grupo-dia-libre-1/bt_behavior/src/bt_behavior/GetNextWaypoint.cpp:29:  Found C++ system header after other header. Should be: GetNextWaypoint.h, c system, c++ system, other.  [build/include_order] [4]\n'}
[2.183790] (bt_behavior) StdoutLine: {'line': b'3: /home/alumnos/josetost/colcon_ws/src/navigation-grupo-dia-libre-1/bt_behavior/src/bt_behavior/IsRaceFinished.cpp:49:  Redundant blank line at the start of a code block should be deleted.  [whitespace/blank_line] [2]\n'}
[2.184020] (bt_behavior) StdoutLine: {'line': b'3: /home/alumnos/josetost/colcon_ws/src/navigation-grupo-dia-libre-1/bt_behavior/src/bt_behavior/Move.cpp:55:  Lines should be <= 100 characters long  [whitespace/line_length] [2]\n'}
[2.184188] (bt_behavior) StdoutLine: {'line': b'3: /home/alumnos/josetost/colcon_ws/src/navigation-grupo-dia-libre-1/bt_behavior/src/bt_behavior/Move.cpp:71:  Lines should be <= 100 characters long  [whitespace/line_length] [2]\n'}
[2.184338] (bt_behavior) StdoutLine: {'line': b'3: /home/alumnos/josetost/colcon_ws/src/navigation-grupo-dia-libre-1/bt_behavior/src/bt_behavior/Move.cpp:87:  Lines should be <= 100 characters long  [whitespace/line_length] [2]\n'}
[2.184501] (bt_behavior) StdoutLine: {'line': b"3: Category 'build/include_order' errors found: 3\n"}
[2.184643] (bt_behavior) StdoutLine: {'line': b"3: Category 'whitespace/blank_line' errors found: 1\n"}
[2.184788] (bt_behavior) StdoutLine: {'line': b"3: Category 'whitespace/line_length' errors found: 3\n"}
[2.184938] (bt_behavior) StdoutLine: {'line': b'3: Total errors found: 7\n'}
[2.185722] (bt_behavior) StdoutLine: {'line': b"3: Using '--root=..' argument\n"}
[2.185882] (bt_behavior) StdoutLine: {'line': b'3: \n'}
[2.186320] (bt_behavior) StdoutLine: {'line': b'3: Done processing /home/alumnos/josetost/colcon_ws/src/navigation-grupo-dia-libre-1/bt_behavior/tests/bt_action_test.cpp\n'}
[2.186480] (bt_behavior) StdoutLine: {'line': b'3: \n'}
[2.187170] (bt_behavior) StdoutLine: {'line': b"3: Using '--root=/home/alumnos/josetost/colcon_ws/src/navigation-grupo-dia-libre-1/bt_behavior/include' argument\n"}
[2.187365] (bt_behavior) StdoutLine: {'line': b'3: \n'}
[2.188174] (bt_behavior) StdoutLine: {'line': b'3: Done processing /home/alumnos/josetost/colcon_ws/src/navigation-grupo-dia-libre-1/bt_behavior/include/bt_behavior/GetNextWaypoint.hpp\n'}
[2.188373] (bt_behavior) StdoutLine: {'line': b'3: \n'}
[2.188555] (bt_behavior) StdoutLine: {'line': b'3: Done processing /home/alumnos/josetost/colcon_ws/src/navigation-grupo-dia-libre-1/bt_behavior/include/bt_behavior/IsRaceFinished.hpp\n'}
[2.189173] (bt_behavior) StdoutLine: {'line': b'3: \n'}
[2.189361] (bt_behavior) StdoutLine: {'line': b'3: Done processing /home/alumnos/josetost/colcon_ws/src/navigation-grupo-dia-libre-1/bt_behavior/include/bt_behavior/Move.hpp\n'}
[2.189938] (bt_behavior) StdoutLine: {'line': b'3: \n'}
[2.190142] (bt_behavior) StdoutLine: {'line': b'3: Done processing /home/alumnos/josetost/colcon_ws/src/navigation-grupo-dia-libre-1/bt_behavior/include/bt_behavior/ctrl_support/BTActionNode.hpp\n'}
[2.190591] (bt_behavior) StdoutLine: {'line': b'3: \n'}
[2.190771] (bt_behavior) StdoutLine: {'line': b'3: Done processing /home/alumnos/josetost/colcon_ws/src/navigation-grupo-dia-libre-1/bt_behavior/include/bt_behavior/ctrl_support/BTLifecycleCtrlNode.hpp\n'}
[2.191636] (bt_behavior) StdoutLine: {'line': b'3: \n'}
[2.191835] (bt_behavior) StdoutLine: {'line': b"3: Using '--root=/home/alumnos/josetost/colcon_ws/src/navigation-grupo-dia-libre-1/bt_behavior/src' argument\n"}
[2.192026] (bt_behavior) StdoutLine: {'line': b'3: \n'}
[2.192679] (bt_behavior) StdoutLine: {'line': b'3: Done processing /home/alumnos/josetost/colcon_ws/src/navigation-grupo-dia-libre-1/bt_behavior/src/nav_wp.cpp\n'}
[2.193365] (bt_behavior) StdoutLine: {'line': b'3: \n'}
[2.193561] (bt_behavior) StdoutLine: {'line': b'3: Done processing /home/alumnos/josetost/colcon_ws/src/navigation-grupo-dia-libre-1/bt_behavior/src/bt_behavior/GetNextWaypoint.cpp\n'}
[2.194246] (bt_behavior) StdoutLine: {'line': b'3: \n'}
[2.194449] (bt_behavior) StdoutLine: {'line': b'3: Done processing /home/alumnos/josetost/colcon_ws/src/navigation-grupo-dia-libre-1/bt_behavior/src/bt_behavior/IsRaceFinished.cpp\n'}
[2.195040] (bt_behavior) StdoutLine: {'line': b'3: \n'}
[2.195207] (bt_behavior) StdoutLine: {'line': b'3: Done processing /home/alumnos/josetost/colcon_ws/src/navigation-grupo-dia-libre-1/bt_behavior/src/bt_behavior/Move.cpp\n'}
[2.195369] (bt_behavior) StdoutLine: {'line': b'3: \n'}
[2.198115] (bt_behavior) StdoutLine: {'line': b'3: -- run_test.py: return code 1\n'}
[2.199648] (bt_behavior) StdoutLine: {'line': b"3: -- run_test.py: verify result file '/home/alumnos/josetost/colcon_ws/src/navigation-grupo-dia-libre-1/build/bt_behavior/test_results/bt_behavior/cpplint.xunit.xml'\n"}
[2.209007] (-) TimerEvent: {}
[2.213217] (bt_behavior) StdoutLine: {'line': b'3/9 Test #3: cpplint ..........................***Failed    0.93 sec\n'}
[2.216069] (bt_behavior) StdoutLine: {'line': b'test 4\n'}
[2.216935] (bt_behavior) StdoutLine: {'line': b'    Start 4: flake8\n'}
[2.217740] (bt_behavior) StdoutLine: {'line': b'\n'}
[2.218339] (bt_behavior) StdoutLine: {'line': b'4: Test command: /usr/bin/python3 "-u" "/opt/ros/foxy/share/ament_cmake_test/cmake/run_test.py" "/home/alumnos/josetost/colcon_ws/src/navigation-grupo-dia-libre-1/build/bt_behavior/test_results/bt_behavior/flake8.xunit.xml" "--package-name" "bt_behavior" "--output-file" "/home/alumnos/josetost/colcon_ws/src/navigation-grupo-dia-libre-1/build/bt_behavior/ament_flake8/flake8.txt" "--command" "/opt/ros/foxy/bin/ament_flake8" "--xunit-file" "/home/alumnos/josetost/colcon_ws/src/navigation-grupo-dia-libre-1/build/bt_behavior/test_results/bt_behavior/flake8.xunit.xml"\n'}
[2.218562] (bt_behavior) StdoutLine: {'line': b'4: Test timeout computed to be: 60\n'}
[2.289173] (bt_behavior) StdoutLine: {'line': b"4: -- run_test.py: invoking following command in '/home/alumnos/josetost/colcon_ws/src/navigation-grupo-dia-libre-1/bt_behavior':\n"}
[2.289462] (bt_behavior) StdoutLine: {'line': b'4:  - /opt/ros/foxy/bin/ament_flake8 --xunit-file /home/alumnos/josetost/colcon_ws/src/navigation-grupo-dia-libre-1/build/bt_behavior/test_results/bt_behavior/flake8.xunit.xml\n'}
[2.309109] (-) TimerEvent: {}
[2.409484] (-) TimerEvent: {}
[2.509849] (-) TimerEvent: {}
[2.610194] (-) TimerEvent: {}
[2.710579] (-) TimerEvent: {}
[2.810894] (-) TimerEvent: {}
[2.911335] (-) TimerEvent: {}
[2.950701] (bt_behavior) StdoutLine: {'line': b'4: \n'}
[2.950901] (bt_behavior) StdoutLine: {'line': b'4: 1 files checked\n'}
[2.951040] (bt_behavior) StdoutLine: {'line': b'4: No problems found\n'}
[2.951156] (bt_behavior) StdoutLine: {'line': b'4: \n'}
[2.951389] (bt_behavior) StdoutLine: {'line': b'4: Checked files:\n'}
[2.951552] (bt_behavior) StdoutLine: {'line': b'4: \n'}
[2.951670] (bt_behavior) StdoutLine: {'line': b'4: * ./launch/patrolling.launch.py\n'}
[2.985152] (bt_behavior) StdoutLine: {'line': b'4: -- run_test.py: return code 0\n'}
[2.986888] (bt_behavior) StdoutLine: {'line': b"4: -- run_test.py: verify result file '/home/alumnos/josetost/colcon_ws/src/navigation-grupo-dia-libre-1/build/bt_behavior/test_results/bt_behavior/flake8.xunit.xml'\n"}
[3.000686] (bt_behavior) StdoutLine: {'line': b'4/9 Test #4: flake8 ...........................   Passed    0.78 sec\n'}
[3.010032] (bt_behavior) StdoutLine: {'line': b'test 5\n'}
[3.010672] (bt_behavior) StdoutLine: {'line': b'    Start 5: lint_cmake\n'}
[3.010853] (bt_behavior) StdoutLine: {'line': b'\n'}
[3.011523] (-) TimerEvent: {}
[3.011726] (bt_behavior) StdoutLine: {'line': b'5: Test command: /usr/bin/python3 "-u" "/opt/ros/foxy/share/ament_cmake_test/cmake/run_test.py" "/home/alumnos/josetost/colcon_ws/src/navigation-grupo-dia-libre-1/build/bt_behavior/test_results/bt_behavior/lint_cmake.xunit.xml" "--package-name" "bt_behavior" "--output-file" "/home/alumnos/josetost/colcon_ws/src/navigation-grupo-dia-libre-1/build/bt_behavior/ament_lint_cmake/lint_cmake.txt" "--command" "/opt/ros/foxy/bin/ament_lint_cmake" "--xunit-file" "/home/alumnos/josetost/colcon_ws/src/navigation-grupo-dia-libre-1/build/bt_behavior/test_results/bt_behavior/lint_cmake.xunit.xml"\n'}
[3.012338] (bt_behavior) StdoutLine: {'line': b'5: Test timeout computed to be: 60\n'}
[3.085099] (bt_behavior) StdoutLine: {'line': b"5: -- run_test.py: invoking following command in '/home/alumnos/josetost/colcon_ws/src/navigation-grupo-dia-libre-1/bt_behavior':\n"}
[3.085325] (bt_behavior) StdoutLine: {'line': b'5:  - /opt/ros/foxy/bin/ament_lint_cmake --xunit-file /home/alumnos/josetost/colcon_ws/src/navigation-grupo-dia-libre-1/build/bt_behavior/test_results/bt_behavior/lint_cmake.xunit.xml\n'}
[3.111697] (-) TimerEvent: {}
[3.212024] (-) TimerEvent: {}
[3.312365] (-) TimerEvent: {}
[3.412653] (-) TimerEvent: {}
[3.449788] (bt_behavior) StdoutLine: {'line': b'5: CMakeLists.txt:40: Line ends in whitespace [whitespace/eol]\n'}
[3.450024] (bt_behavior) StdoutLine: {'line': b'5: \n'}
[3.450153] (bt_behavior) StdoutLine: {'line': b'5: \n'}
[3.450274] (bt_behavior) StdoutLine: {'line': b'5: 1 errors\n'}
[3.462184] (bt_behavior) StdoutLine: {'line': b'5: -- run_test.py: return code 1\n'}
[3.463621] (bt_behavior) StdoutLine: {'line': b"5: -- run_test.py: verify result file '/home/alumnos/josetost/colcon_ws/src/navigation-grupo-dia-libre-1/build/bt_behavior/test_results/bt_behavior/lint_cmake.xunit.xml'\n"}
[3.474457] (bt_behavior) StdoutLine: {'line': b'5/9 Test #5: lint_cmake .......................***Failed    0.46 sec\n'}
[3.476522] (bt_behavior) StdoutLine: {'line': b'test 6\n'}
[3.477023] (bt_behavior) StdoutLine: {'line': b'    Start 6: pep257\n'}
[3.477166] (bt_behavior) StdoutLine: {'line': b'\n'}
[3.477728] (bt_behavior) StdoutLine: {'line': b'6: Test command: /usr/bin/python3 "-u" "/opt/ros/foxy/share/ament_cmake_test/cmake/run_test.py" "/home/alumnos/josetost/colcon_ws/src/navigation-grupo-dia-libre-1/build/bt_behavior/test_results/bt_behavior/pep257.xunit.xml" "--package-name" "bt_behavior" "--output-file" "/home/alumnos/josetost/colcon_ws/src/navigation-grupo-dia-libre-1/build/bt_behavior/ament_pep257/pep257.txt" "--command" "/opt/ros/foxy/bin/ament_pep257" "--xunit-file" "/home/alumnos/josetost/colcon_ws/src/navigation-grupo-dia-libre-1/build/bt_behavior/test_results/bt_behavior/pep257.xunit.xml"\n'}
[3.477874] (bt_behavior) StdoutLine: {'line': b'6: Test timeout computed to be: 60\n'}
[3.512744] (-) TimerEvent: {}
[3.544391] (bt_behavior) StdoutLine: {'line': b"6: -- run_test.py: invoking following command in '/home/alumnos/josetost/colcon_ws/src/navigation-grupo-dia-libre-1/bt_behavior':\n"}
[3.544626] (bt_behavior) StdoutLine: {'line': b'6:  - /opt/ros/foxy/bin/ament_pep257 --xunit-file /home/alumnos/josetost/colcon_ws/src/navigation-grupo-dia-libre-1/build/bt_behavior/test_results/bt_behavior/pep257.xunit.xml\n'}
[3.612839] (-) TimerEvent: {}
[3.713203] (-) TimerEvent: {}
[3.813662] (-) TimerEvent: {}
[3.913999] (-) TimerEvent: {}
[3.969350] (bt_behavior) StdoutLine: {'line': b'6: checking ./launch/patrolling.launch.py\n'}
[3.969580] (bt_behavior) StdoutLine: {'line': b'6: No problems found\n'}
[3.986489] (bt_behavior) StdoutLine: {'line': b'6: -- run_test.py: return code 0\n'}
[3.987730] (bt_behavior) StdoutLine: {'line': b"6: -- run_test.py: verify result file '/home/alumnos/josetost/colcon_ws/src/navigation-grupo-dia-libre-1/build/bt_behavior/test_results/bt_behavior/pep257.xunit.xml'\n"}
[4.003708] (bt_behavior) StdoutLine: {'line': b'6/9 Test #6: pep257 ...........................   Passed    0.53 sec\n'}
[4.005904] (bt_behavior) StdoutLine: {'line': b'test 7\n'}
[4.006424] (bt_behavior) StdoutLine: {'line': b'    Start 7: uncrustify\n'}
[4.006553] (bt_behavior) StdoutLine: {'line': b'\n'}
[4.010071] (bt_behavior) StdoutLine: {'line': b'7: Test command: /usr/bin/python3 "-u" "/opt/ros/foxy/share/ament_cmake_test/cmake/run_test.py" "/home/alumnos/josetost/colcon_ws/src/navigation-grupo-dia-libre-1/build/bt_behavior/test_results/bt_behavior/uncrustify.xunit.xml" "--package-name" "bt_behavior" "--output-file" "/home/alumnos/josetost/colcon_ws/src/navigation-grupo-dia-libre-1/build/bt_behavior/ament_uncrustify/uncrustify.txt" "--command" "/opt/ros/foxy/bin/ament_uncrustify" "--xunit-file" "/home/alumnos/josetost/colcon_ws/src/navigation-grupo-dia-libre-1/build/bt_behavior/test_results/bt_behavior/uncrustify.xunit.xml"\n'}
[4.010215] (bt_behavior) StdoutLine: {'line': b'7: Test timeout computed to be: 60\n'}
[4.014080] (-) TimerEvent: {}
[4.073044] (bt_behavior) StdoutLine: {'line': b"7: -- run_test.py: invoking following command in '/home/alumnos/josetost/colcon_ws/src/navigation-grupo-dia-libre-1/bt_behavior':\n"}
[4.073244] (bt_behavior) StdoutLine: {'line': b'7:  - /opt/ros/foxy/bin/ament_uncrustify --xunit-file /home/alumnos/josetost/colcon_ws/src/navigation-grupo-dia-libre-1/build/bt_behavior/test_results/bt_behavior/uncrustify.xunit.xml\n'}
[4.114227] (-) TimerEvent: {}
[4.214678] (-) TimerEvent: {}
[4.315020] (-) TimerEvent: {}
[4.415375] (-) TimerEvent: {}
[4.461919] (bt_behavior) StdoutLine: {'line': b"7: No code style divergence in file 'include/bt_behavior/GetNextWaypoint.hpp'\n"}
[4.462178] (bt_behavior) StdoutLine: {'line': b'7: \n'}
[4.462365] (bt_behavior) StdoutLine: {'line': b"7: No code style divergence in file 'include/bt_behavior/IsRaceFinished.hpp'\n"}
[4.462616] (bt_behavior) StdoutLine: {'line': b'7: \n'}
[4.462726] (bt_behavior) StdoutLine: {'line': b"7: No code style divergence in file 'include/bt_behavior/Move.hpp'\n"}
[4.462827] (bt_behavior) StdoutLine: {'line': b'7: \n'}
[4.462927] (bt_behavior) StdoutLine: {'line': b"7: No code style divergence in file 'include/bt_behavior/ctrl_support/BTActionNode.hpp'\n"}
[4.463067] (bt_behavior) StdoutLine: {'line': b'7: \n'}
[4.463168] (bt_behavior) StdoutLine: {'line': b"7: No code style divergence in file 'include/bt_behavior/ctrl_support/BTLifecycleCtrlNode.hpp'\n"}
[4.463268] (bt_behavior) StdoutLine: {'line': b'7: \n'}
[4.463387] (bt_behavior) StdoutLine: {'line': b"7: No code style divergence in file 'src/bt_behavior/GetNextWaypoint.cpp'\n"}
[4.464194] (bt_behavior) StdoutLine: {'line': b'7: \n'}
[4.464296] (bt_behavior) StdoutLine: {'line': b"7: No code style divergence in file 'src/bt_behavior/IsRaceFinished.cpp'\n"}
[4.464416] (bt_behavior) StdoutLine: {'line': b'7: \n'}
[4.465087] (bt_behavior) StdoutLine: {'line': b"7: No code style divergence in file 'src/bt_behavior/Move.cpp'\n"}
[4.465196] (bt_behavior) StdoutLine: {'line': b'7: \n'}
[4.465312] (bt_behavior) StdoutLine: {'line': b"7: No code style divergence in file 'src/nav_wp.cpp'\n"}
[4.465878] (bt_behavior) StdoutLine: {'line': b'7: \n'}
[4.465980] (bt_behavior) StdoutLine: {'line': b"7: No code style divergence in file 'tests/bt_action_test.cpp'\n"}
[4.466080] (bt_behavior) StdoutLine: {'line': b'7: \n'}
[4.466668] (bt_behavior) StdoutLine: {'line': b'7: No problems found\n'}
[4.477665] (bt_behavior) StdoutLine: {'line': b'7: -- run_test.py: return code 0\n'}
[4.479387] (bt_behavior) StdoutLine: {'line': b"7: -- run_test.py: verify result file '/home/alumnos/josetost/colcon_ws/src/navigation-grupo-dia-libre-1/build/bt_behavior/test_results/bt_behavior/uncrustify.xunit.xml'\n"}
[4.492511] (bt_behavior) StdoutLine: {'line': b'7/9 Test #7: uncrustify .......................   Passed    0.49 sec\n'}
[4.494887] (bt_behavior) StdoutLine: {'line': b'test 8\n'}
[4.495429] (bt_behavior) StdoutLine: {'line': b'    Start 8: xmllint\n'}
[4.496053] (bt_behavior) StdoutLine: {'line': b'\n'}
[4.496320] (bt_behavior) StdoutLine: {'line': b'8: Test command: /usr/bin/python3 "-u" "/opt/ros/foxy/share/ament_cmake_test/cmake/run_test.py" "/home/alumnos/josetost/colcon_ws/src/navigation-grupo-dia-libre-1/build/bt_behavior/test_results/bt_behavior/xmllint.xunit.xml" "--package-name" "bt_behavior" "--output-file" "/home/alumnos/josetost/colcon_ws/src/navigation-grupo-dia-libre-1/build/bt_behavior/ament_xmllint/xmllint.txt" "--command" "/opt/ros/foxy/bin/ament_xmllint" "--xunit-file" "/home/alumnos/josetost/colcon_ws/src/navigation-grupo-dia-libre-1/build/bt_behavior/test_results/bt_behavior/xmllint.xunit.xml"\n'}
[4.496952] (bt_behavior) StdoutLine: {'line': b'8: Test timeout computed to be: 60\n'}
[4.515468] (-) TimerEvent: {}
[4.570399] (bt_behavior) StdoutLine: {'line': b"8: -- run_test.py: invoking following command in '/home/alumnos/josetost/colcon_ws/src/navigation-grupo-dia-libre-1/bt_behavior':\n"}
[4.570614] (bt_behavior) StdoutLine: {'line': b'8:  - /opt/ros/foxy/bin/ament_xmllint --xunit-file /home/alumnos/josetost/colcon_ws/src/navigation-grupo-dia-libre-1/build/bt_behavior/test_results/bt_behavior/xmllint.xunit.xml\n'}
[4.615567] (-) TimerEvent: {}
[4.715912] (-) TimerEvent: {}
[4.816272] (-) TimerEvent: {}
[4.916599] (-) TimerEvent: {}
[5.016960] (-) TimerEvent: {}
[5.117322] (-) TimerEvent: {}
[5.206125] (bt_behavior) StdoutLine: {'line': b"8: File 'package.xml' is valid\n"}
[5.206475] (bt_behavior) StdoutLine: {'line': b'8: \n'}
[5.206706] (bt_behavior) StdoutLine: {'line': b"8: File 'behavior_tree_xml/behavior.xml' is valid\n"}
[5.207365] (bt_behavior) StdoutLine: {'line': b'8: \n'}
[5.207519] (bt_behavior) StdoutLine: {'line': b'8: No problems found\n'}
[5.217450] (-) TimerEvent: {}
[5.224756] (bt_behavior) StdoutLine: {'line': b'8: -- run_test.py: return code 0\n'}
[5.225997] (bt_behavior) StdoutLine: {'line': b"8: -- run_test.py: verify result file '/home/alumnos/josetost/colcon_ws/src/navigation-grupo-dia-libre-1/build/bt_behavior/test_results/bt_behavior/xmllint.xunit.xml'\n"}
[5.237949] (bt_behavior) StdoutLine: {'line': b'8/9 Test #8: xmllint ..........................   Passed    0.74 sec\n'}
[5.239982] (bt_behavior) StdoutLine: {'line': b'test 9\n'}
[5.240340] (bt_behavior) StdoutLine: {'line': b'    Start 9: bt_action_test\n'}
[5.240776] (bt_behavior) StdoutLine: {'line': b'\n'}
[5.240923] (bt_behavior) StdoutLine: {'line': b'9: Test command: /usr/bin/python3 "-u" "/opt/ros/foxy/share/ament_cmake_test/cmake/run_test.py" "/home/alumnos/josetost/colcon_ws/src/navigation-grupo-dia-libre-1/build/bt_behavior/test_results/bt_behavior/bt_action_test.gtest.xml" "--package-name" "bt_behavior" "--output-file" "/home/alumnos/josetost/colcon_ws/src/navigation-grupo-dia-libre-1/build/bt_behavior/ament_cmake_gtest/bt_action_test.txt" "--command" "/home/alumnos/josetost/colcon_ws/src/navigation-grupo-dia-libre-1/build/bt_behavior/tests/bt_action_test" "--gtest_output=xml:/home/alumnos/josetost/colcon_ws/src/navigation-grupo-dia-libre-1/build/bt_behavior/test_results/bt_behavior/bt_action_test.gtest.xml"\n'}
[5.241563] (bt_behavior) StdoutLine: {'line': b'9: Test timeout computed to be: 60\n'}
[5.313947] (bt_behavior) StdoutLine: {'line': b"9: -- run_test.py: invoking following command in '/home/alumnos/josetost/colcon_ws/src/navigation-grupo-dia-libre-1/build/bt_behavior/tests':\n"}
[5.314242] (bt_behavior) StdoutLine: {'line': b'9:  - /home/alumnos/josetost/colcon_ws/src/navigation-grupo-dia-libre-1/build/bt_behavior/tests/bt_action_test --gtest_output=xml:/home/alumnos/josetost/colcon_ws/src/navigation-grupo-dia-libre-1/build/bt_behavior/test_results/bt_behavior/bt_action_test.gtest.xml\n'}
[5.317514] (-) TimerEvent: {}
[5.337922] (bt_behavior) StdoutLine: {'line': b'9: [==========] Running 2 tests from 1 test case.\n'}
[5.338148] (bt_behavior) StdoutLine: {'line': b'9: [----------] Global test environment set-up.\n'}
[5.338267] (bt_behavior) StdoutLine: {'line': b'9: [----------] 2 tests from bt_action\n'}
[5.338376] (bt_behavior) StdoutLine: {'line': b'9: [ RUN      ] bt_action.patrol_btn\n'}
[5.352753] (bt_behavior) StdoutLine: {'line': b'9: unknown file: Failure\n'}
[5.352962] (bt_behavior) StdoutLine: {'line': b'9: C++ exception with description "Could not load library: libbr2_patrol_bt_node.so: cannot open shared object file: No such file or directory" thrown in the test body.\n'}
[5.353073] (bt_behavior) StdoutLine: {'line': b'9: [  FAILED  ] bt_action.patrol_btn (15 ms)\n'}
[5.353214] (bt_behavior) StdoutLine: {'line': b'9: [ RUN      ] bt_action.move_btn\n'}
[5.364437] (bt_behavior) StdoutLine: {'line': b'9: [INFO] [1646646242.236044756] [move_btn_node]: Waiting for "navigate_to_pose" action server\n'}
[5.364708] (bt_behavior) StdoutLine: {'line': b'9: [INFO] [1646646242.236178044] [move_btn_node]: "move" BtActionNode initialized\n'}
[5.366026] (bt_behavior) StdoutLine: {'line': b'9: [INFO] [1646646242.237728191] [move_btn_node]: Waiting for "navigate_to_pose" action server\n'}
[5.417650] (-) TimerEvent: {}
[5.518047] (-) TimerEvent: {}
[5.618430] (-) TimerEvent: {}
[5.718827] (-) TimerEvent: {}
[5.819260] (-) TimerEvent: {}
[5.919669] (-) TimerEvent: {}
[6.020080] (-) TimerEvent: {}
[6.120540] (-) TimerEvent: {}
[6.220884] (-) TimerEvent: {}
[6.321252] (-) TimerEvent: {}
[6.421595] (-) TimerEvent: {}
[6.521970] (-) TimerEvent: {}
[6.622290] (-) TimerEvent: {}
[6.722629] (-) TimerEvent: {}
[6.823023] (-) TimerEvent: {}
[6.923388] (-) TimerEvent: {}
[7.023724] (-) TimerEvent: {}
[7.124133] (-) TimerEvent: {}
[7.224559] (-) TimerEvent: {}
[7.325009] (-) TimerEvent: {}
[7.425409] (-) TimerEvent: {}
[7.525750] (-) TimerEvent: {}
[7.626128] (-) TimerEvent: {}
[7.726508] (-) TimerEvent: {}
[7.826991] (-) TimerEvent: {}
[7.927416] (-) TimerEvent: {}
[8.027916] (-) TimerEvent: {}
[8.128334] (-) TimerEvent: {}
[8.228750] (-) TimerEvent: {}
[8.329127] (-) TimerEvent: {}
[8.429581] (-) TimerEvent: {}
[8.529949] (-) TimerEvent: {}
[8.630285] (-) TimerEvent: {}
[8.730653] (-) TimerEvent: {}
[8.831014] (-) TimerEvent: {}
[8.931451] (-) TimerEvent: {}
[9.031799] (-) TimerEvent: {}
[9.132155] (-) TimerEvent: {}
[9.232528] (-) TimerEvent: {}
[9.332891] (-) TimerEvent: {}
[9.433251] (-) TimerEvent: {}
[9.533597] (-) TimerEvent: {}
[9.633943] (-) TimerEvent: {}
[9.734358] (-) TimerEvent: {}
[9.834699] (-) TimerEvent: {}
[9.935017] (-) TimerEvent: {}
[10.035349] (-) TimerEvent: {}
[10.135793] (-) TimerEvent: {}
[10.236151] (-) TimerEvent: {}
[10.336492] (-) TimerEvent: {}
[10.436817] (-) TimerEvent: {}
[10.537176] (-) TimerEvent: {}
[10.637521] (-) TimerEvent: {}
[10.737873] (-) TimerEvent: {}
[10.838218] (-) TimerEvent: {}
[10.938565] (-) TimerEvent: {}
[11.038965] (-) TimerEvent: {}
[11.139374] (-) TimerEvent: {}
[11.239743] (-) TimerEvent: {}
[11.340077] (-) TimerEvent: {}
[11.440449] (-) TimerEvent: {}
[11.540765] (-) TimerEvent: {}
[11.564785] (bt_behavior) StdoutLine: {'line': b'9: [INFO] [1646646248.436392259] [move_btn_node]: navigation Suceeded\n'}
[11.640946] (-) TimerEvent: {}
[11.670863] (bt_behavior) StdoutLine: {'line': b'9: [       OK ] bt_action.move_btn (6318 ms)\n'}
[11.671149] (bt_behavior) StdoutLine: {'line': b'9: [----------] 2 tests from bt_action (6333 ms total)\n'}
[11.671282] (bt_behavior) StdoutLine: {'line': b'9: \n'}
[11.671409] (bt_behavior) StdoutLine: {'line': b'9: [----------] Global test environment tear-down\n'}
[11.684294] (bt_behavior) StdoutLine: {'line': b'9: [==========] 2 tests from 1 test case ran. (6333 ms total)\n'}
[11.684748] (bt_behavior) StdoutLine: {'line': b'9: [  PASSED  ] 1 test.\n'}
[11.685378] (bt_behavior) StdoutLine: {'line': b'9: [  FAILED  ] 1 test, listed below:\n'}
[11.685514] (bt_behavior) StdoutLine: {'line': b'9: [  FAILED  ] bt_action.patrol_btn\n'}
[11.686104] (bt_behavior) StdoutLine: {'line': b'9: \n'}
[11.686237] (bt_behavior) StdoutLine: {'line': b'9:  1 FAILED TEST\n'}
[11.688628] (bt_behavior) StdoutLine: {'line': b'9: -- run_test.py: return code 1\n'}
[11.690159] (bt_behavior) StdoutLine: {'line': b"9: -- run_test.py: inject classname prefix into gtest result file '/home/alumnos/josetost/colcon_ws/src/navigation-grupo-dia-libre-1/build/bt_behavior/test_results/bt_behavior/bt_action_test.gtest.xml'\n"}
[11.692464] (bt_behavior) StdoutLine: {'line': b"9: -- run_test.py: verify result file '/home/alumnos/josetost/colcon_ws/src/navigation-grupo-dia-libre-1/build/bt_behavior/test_results/bt_behavior/bt_action_test.gtest.xml'\n"}
[11.703943] (bt_behavior) StdoutLine: {'line': b'9/9 Test #9: bt_action_test ...................***Failed    6.46 sec\n'}
[11.710885] (bt_behavior) StdoutLine: {'line': b'\n'}
[11.711184] (bt_behavior) StdoutLine: {'line': b'67% tests passed\x1b[0;0m, \x1b[0;31m3 tests failed\x1b[0;0m out of 9\n'}
[11.711315] (bt_behavior) StdoutLine: {'line': b'\n'}
[11.711439] (bt_behavior) StdoutLine: {'line': b'Label Time Summary:\n'}
[11.711562] (bt_behavior) StdoutLine: {'line': b'copyright     =   0.53 sec*proc (1 test)\n'}
[11.711690] (bt_behavior) StdoutLine: {'line': b'cppcheck      =   0.53 sec*proc (1 test)\n'}
[11.711810] (bt_behavior) StdoutLine: {'line': b'cpplint       =   0.93 sec*proc (1 test)\n'}
[11.719455] (bt_behavior) StdoutLine: {'line': b'flake8        =   0.78 sec*proc (1 test)\n'}
[11.720191] (bt_behavior) StdoutLine: {'line': b'gtest         =   6.46 sec*proc (1 test)\n'}
[11.720320] (bt_behavior) StdoutLine: {'line': b'lint_cmake    =   0.46 sec*proc (1 test)\n'}
[11.720988] (bt_behavior) StdoutLine: {'line': b'linter        =   4.99 sec*proc (8 tests)\n'}
[11.721099] (bt_behavior) StdoutLine: {'line': b'pep257        =   0.53 sec*proc (1 test)\n'}
[11.721656] (bt_behavior) StdoutLine: {'line': b'uncrustify    =   0.49 sec*proc (1 test)\n'}
[11.721782] (bt_behavior) StdoutLine: {'line': b'xmllint       =   0.74 sec*proc (1 test)\n'}
[11.722461] (bt_behavior) StdoutLine: {'line': b'\n'}
[11.723148] (bt_behavior) StdoutLine: {'line': b'Total Test time (real) =  11.50 sec\n'}
[11.723265] (bt_behavior) StdoutLine: {'line': b'\n'}
[11.723824] (bt_behavior) StdoutLine: {'line': b'The following tests FAILED:\n'}
[11.723928] (bt_behavior) StdoutLine: {'line': b'\t\x1b[0;31m  3 - cpplint (Failed)\x1b[0;0m\n'}
[11.724533] (bt_behavior) StdoutLine: {'line': b'\t\x1b[0;31m  5 - lint_cmake (Failed)\x1b[0;0m\n'}
[11.724647] (bt_behavior) StdoutLine: {'line': b'\t\x1b[0;31m  9 - bt_action_test (Failed)\x1b[0;0m\n'}
[11.741031] (-) TimerEvent: {}
[11.750552] (bt_behavior) StderrLine: {'line': b'Errors while running CTest\n'}
[11.752867] (bt_behavior) CommandEnded: {'returncode': 8}
[11.753951] (bt_behavior) TestFailure: {'identifier': 'bt_behavior'}
[11.753995] (bt_behavior) JobEnded: {'identifier': 'bt_behavior', 'rc': 0}
[11.758762] (-) EventReactorShutdown: {}
