[0.000000] (-) TimerEvent: {}
[0.000350] (bt_behavior) JobQueued: {'identifier': 'bt_behavior', 'dependencies': OrderedDict([('bt_behavior', '/home/alumnos/josetost/colcon_ws/src/navigation-grupo-dia-libre-1/install/bt_behavior')])}
[0.000739] (kobuki_navigation) JobQueued: {'identifier': 'kobuki_navigation', 'dependencies': OrderedDict([('kobuki_navigation', '/home/alumnos/josetost/colcon_ws/src/navigation-grupo-dia-libre-1/install/kobuki_navigation')])}
[0.004640] (bt_behavior) JobStarted: {'identifier': 'bt_behavior'}
[0.098941] (-) TimerEvent: {}
[0.124171] (kobuki_navigation) JobStarted: {'identifier': 'kobuki_navigation'}
[0.181231] (kobuki_navigation) JobEnded: {'identifier': 'kobuki_navigation', 'rc': 0}
[0.197848] (bt_behavior) Command: {'cmd': ['/usr/bin/ctest', '-C', 'Release', '-D', 'ExperimentalTest', '--no-compress-output', '-V', '--force-new-ctest-process'], 'cwd': '/home/alumnos/josetost/colcon_ws/src/navigation-grupo-dia-libre-1/build/bt_behavior', 'env': OrderedDict([('GJS_DEBUG_TOPICS', 'JS ERROR;JS LOG'), ('USER', 'josetost'), ('SSH_AGENT_PID', '101560'), ('XDG_SESSION_TYPE', 'x11'), ('SHLVL', '1'), ('LD_LIBRARY_PATH', '/home/alumnos/josetost/colcon_ws/src/navigation-grupo-dia-libre-1/install/bt_behavior/lib:/usr/lib/x86_64-linux-gnu/gazebo-11/plugins:/opt/ros/foxy/opt/yaml_cpp_vendor/lib:/opt/ros/foxy/opt/rviz_ogre_vendor/lib:/opt/ros/foxy/lib/x86_64-linux-gnu:/opt/ros/foxy/lib'), ('HOME', '/home/alumnos/josetost'), ('OLDPWD', '/home/alumnos/josetost/colcon_ws/src'), ('DESKTOP_SESSION', 'ubuntu'), ('ROS_PYTHON_VERSION', '3'), ('GNOME_SHELL_SESSION_MODE', 'ubuntu'), ('GTK_MODULES', 'gail:atk-bridge'), ('MANAGERPID', '101376'), ('GOROOT', '/usr/lib/go'), ('DBUS_SESSION_BUS_ADDRESS', 'unix:path=/run/user/9374/bus'), ('MESG', 'y'), ('COLORTERM', 'truecolor'), ('MANDATORY_PATH', '/usr/share/gconf/ubuntu.mandatory.path'), ('IM_CONFIG_PHASE', '1'), ('COLCON_PREFIX_PATH', '/home/alumnos/josetost/colcon_ws/install'), ('ROS_DISTRO', 'foxy'), ('LOGNAME', 'josetost'), ('JOURNAL_STREAM', '8:438354'), ('_', '/usr/bin/colcon'), ('ROS_VERSION', '2'), ('XDG_SESSION_CLASS', 'user'), ('DEFAULTS_PATH', '/usr/share/gconf/ubuntu.default.path'), ('USERNAME', 'josetost'), ('TERM', 'xterm-256color'), ('GNOME_DESKTOP_SESSION_ID', 'this-is-deprecated'), ('ROS_LOCALHOST_ONLY', '0'), ('WINDOWPATH', '2'), ('PATH', '/opt/ros/foxy/bin:/usr/local/sbin:/usr/local/bin:/usr/sbin:/usr/bin:/sbin:/bin:/usr/games:/usr/local/games:/usr/lib/go/bin:/opt/puppetlabs/bin/:./'), ('SESSION_MANAGER', 'local/f-l3210-pc24:@/tmp/.ICE-unix/101600,unix/f-l3210-pc24:/tmp/.ICE-unix/101600'), ('INVOCATION_ID', 'efc7516a5ce74a559c7c41caa41e7e04'), ('XDG_MENU_PREFIX', 'gnome-'), ('GNOME_TERMINAL_SCREEN', '/org/gnome/Terminal/screen/3a0758d9_5180_400d_b53e_98a4498e02ac'), ('XDG_RUNTIME_DIR', '/run/user/9374'), ('DISPLAY', ':0'), ('LANG', 'es_ES.UTF-8'), ('XDG_CURRENT_DESKTOP', 'ubuntu:GNOME'), ('XMODIFIERS', '@im=ibus'), ('XDG_SESSION_DESKTOP', 'ubuntu'), ('XAUTHORITY', '/run/user/9374/gdm/Xauthority'), ('GNOME_TERMINAL_SERVICE', ':1.109'), ('SSH_AUTH_SOCK', '/run/user/9374/keyring/ssh'), ('ROS_DOMAIN_ID', '22'), ('AMENT_PREFIX_PATH', '/home/alumnos/josetost/colcon_ws/src/navigation-grupo-dia-libre-1/install/bt_behavior:/opt/ros/foxy'), ('SHELL', '/bin/bash'), ('QT_ACCESSIBILITY', '1'), ('ROS_MASTER_URI', 'http://f-l3202-pc24:11332/'), ('GDMSESSION', 'ubuntu'), ('GPG_AGENT_INFO', '/run/user/9374/gnupg/S.gpg-agent:0:1'), ('GJS_DEBUG_OUTPUT', 'stderr'), ('QT_IM_MODULE', 'ibus'), ('PWD', '/home/alumnos/josetost/colcon_ws/src/navigation-grupo-dia-libre-1/build/bt_behavior'), ('XDG_CONFIG_DIRS', '/etc/xdg/xdg-ubuntu:/etc/xdg'), ('XDG_DATA_DIRS', '/usr/share/ubuntu:/usr/local/share/:/usr/share/'), ('PYTHONPATH', '/opt/ros/foxy/lib/python3.8/site-packages'), ('COLCON', '1'), ('MANPATH', ':/opt/puppetlabs/puppet/share/man'), ('VTE_VERSION', '6003'), ('EDITOR', '/usr/bin/vim'), ('CMAKE_PREFIX_PATH', '/home/alumnos/josetost/colcon_ws/src/navigation-grupo-dia-libre-1/install/bt_behavior')]), 'shell': False}
[0.206732] (-) TimerEvent: {}
[0.212684] (bt_behavior) StdoutLine: {'line': b'UpdateCTestConfiguration  from :/home/alumnos/josetost/colcon_ws/src/navigation-grupo-dia-libre-1/build/bt_behavior/CTestConfiguration.ini\n'}
[0.213002] (bt_behavior) StdoutLine: {'line': b'Parse Config file:/home/alumnos/josetost/colcon_ws/src/navigation-grupo-dia-libre-1/build/bt_behavior/CTestConfiguration.ini\n'}
[0.213618] (bt_behavior) StdoutLine: {'line': b'   Site: f-l3210-pc24\n'}
[0.213769] (bt_behavior) StdoutLine: {'line': b'   Build name: (empty)\n'}
[0.214554] (bt_behavior) StdoutLine: {'line': b' Add coverage exclude regular expressions.\n'}
[0.214702] (bt_behavior) StdoutLine: {'line': b'SetCTestConfiguration:CMakeCommand:/usr/bin/cmake\n'}
[0.215472] (bt_behavior) StdoutLine: {'line': b'Create new tag: 20220307-0832 - Experimental\n'}
[0.215653] (bt_behavior) StdoutLine: {'line': b'UpdateCTestConfiguration  from :/home/alumnos/josetost/colcon_ws/src/navigation-grupo-dia-libre-1/build/bt_behavior/CTestConfiguration.ini\n'}
[0.216262] (bt_behavior) StdoutLine: {'line': b'Parse Config file:/home/alumnos/josetost/colcon_ws/src/navigation-grupo-dia-libre-1/build/bt_behavior/CTestConfiguration.ini\n'}
[0.216382] (bt_behavior) StdoutLine: {'line': b'Test project /home/alumnos/josetost/colcon_ws/src/navigation-grupo-dia-libre-1/build/bt_behavior\n'}
[0.216525] (bt_behavior) StdoutLine: {'line': b'Constructing a list of tests\n'}
[0.217182] (bt_behavior) StdoutLine: {'line': b'Done constructing a list of tests\n'}
[0.217395] (bt_behavior) StdoutLine: {'line': b'Updating test list for fixtures\n'}
[0.217810] (bt_behavior) StdoutLine: {'line': b'Added 0 tests to meet fixture requirements\n'}
[0.218491] (bt_behavior) StdoutLine: {'line': b'Checking test dependency graph...\n'}
[0.218611] (bt_behavior) StdoutLine: {'line': b'Checking test dependency graph end\n'}
[0.219216] (bt_behavior) StdoutLine: {'line': b'test 1\n'}
[0.219326] (bt_behavior) StdoutLine: {'line': b'    Start 1: copyright\n'}
[0.219443] (bt_behavior) StdoutLine: {'line': b'\n'}
[0.220060] (bt_behavior) StdoutLine: {'line': b'1: Test command: /usr/bin/python3 "-u" "/opt/ros/foxy/share/ament_cmake_test/cmake/run_test.py" "/home/alumnos/josetost/colcon_ws/src/navigation-grupo-dia-libre-1/build/bt_behavior/test_results/bt_behavior/copyright.xunit.xml" "--package-name" "bt_behavior" "--output-file" "/home/alumnos/josetost/colcon_ws/src/navigation-grupo-dia-libre-1/build/bt_behavior/ament_copyright/copyright.txt" "--command" "/opt/ros/foxy/bin/ament_copyright" "--xunit-file" "/home/alumnos/josetost/colcon_ws/src/navigation-grupo-dia-libre-1/build/bt_behavior/test_results/bt_behavior/copyright.xunit.xml"\n'}
[0.220232] (bt_behavior) StdoutLine: {'line': b'1: Test timeout computed to be: 60\n'}
[0.287709] (bt_behavior) StdoutLine: {'line': b"1: -- run_test.py: invoking following command in '/home/alumnos/josetost/colcon_ws/src/navigation-grupo-dia-libre-1/bt_behavior':\n"}
[0.287953] (bt_behavior) StdoutLine: {'line': b'1:  - /opt/ros/foxy/bin/ament_copyright --xunit-file /home/alumnos/josetost/colcon_ws/src/navigation-grupo-dia-libre-1/build/bt_behavior/test_results/bt_behavior/copyright.xunit.xml\n'}
[0.306832] (-) TimerEvent: {}
[0.407133] (-) TimerEvent: {}
[0.507448] (-) TimerEvent: {}
[0.607751] (-) TimerEvent: {}
[0.705103] (bt_behavior) StdoutLine: {'line': b'1: No problems found, checked 12 files\n'}
[0.707860] (-) TimerEvent: {}
[0.721200] (bt_behavior) StdoutLine: {'line': b'1: -- run_test.py: return code 0\n'}
[0.722671] (bt_behavior) StdoutLine: {'line': b"1: -- run_test.py: verify result file '/home/alumnos/josetost/colcon_ws/src/navigation-grupo-dia-libre-1/build/bt_behavior/test_results/bt_behavior/copyright.xunit.xml'\n"}
[0.734576] (bt_behavior) StdoutLine: {'line': b'1/9 Test #1: copyright ........................   Passed    0.52 sec\n'}
[0.737129] (bt_behavior) StdoutLine: {'line': b'test 2\n'}
[0.737584] (bt_behavior) StdoutLine: {'line': b'    Start 2: cppcheck\n'}
[0.737725] (bt_behavior) StdoutLine: {'line': b'\n'}
[0.738329] (bt_behavior) StdoutLine: {'line': b'2: Test command: /usr/bin/python3 "-u" "/opt/ros/foxy/share/ament_cmake_test/cmake/run_test.py" "/home/alumnos/josetost/colcon_ws/src/navigation-grupo-dia-libre-1/build/bt_behavior/test_results/bt_behavior/cppcheck.xunit.xml" "--package-name" "bt_behavior" "--output-file" "/home/alumnos/josetost/colcon_ws/src/navigation-grupo-dia-libre-1/build/bt_behavior/ament_cppcheck/cppcheck.txt" "--command" "/opt/ros/foxy/bin/ament_cppcheck" "--xunit-file" "/home/alumnos/josetost/colcon_ws/src/navigation-grupo-dia-libre-1/build/bt_behavior/test_results/bt_behavior/cppcheck.xunit.xml" "--include_dirs" "/home/alumnos/josetost/colcon_ws/src/navigation-grupo-dia-libre-1/bt_behavior/include"\n'}
[0.738458] (bt_behavior) StdoutLine: {'line': b'2: Test timeout computed to be: 300\n'}
[0.805887] (bt_behavior) StdoutLine: {'line': b"2: -- run_test.py: invoking following command in '/home/alumnos/josetost/colcon_ws/src/navigation-grupo-dia-libre-1/bt_behavior':\n"}
[0.806095] (bt_behavior) StdoutLine: {'line': b'2:  - /opt/ros/foxy/bin/ament_cppcheck --xunit-file /home/alumnos/josetost/colcon_ws/src/navigation-grupo-dia-libre-1/build/bt_behavior/test_results/bt_behavior/cppcheck.xunit.xml --include_dirs /home/alumnos/josetost/colcon_ws/src/navigation-grupo-dia-libre-1/bt_behavior/include\n'}
[0.807952] (-) TimerEvent: {}
[0.908356] (-) TimerEvent: {}
[1.008768] (-) TimerEvent: {}
[1.109103] (-) TimerEvent: {}
[1.209470] (-) TimerEvent: {}
[1.220063] (bt_behavior) StdoutLine: {'line': b'2: No problems found\n'}
[1.241514] (bt_behavior) StdoutLine: {'line': b'2: -- run_test.py: return code 0\n'}
[1.242926] (bt_behavior) StdoutLine: {'line': b"2: -- run_test.py: verify result file '/home/alumnos/josetost/colcon_ws/src/navigation-grupo-dia-libre-1/build/bt_behavior/test_results/bt_behavior/cppcheck.xunit.xml'\n"}
[1.255267] (bt_behavior) StdoutLine: {'line': b'2/9 Test #2: cppcheck .........................   Passed    0.52 sec\n'}
[1.257989] (bt_behavior) StdoutLine: {'line': b'test 3\n'}
[1.258677] (bt_behavior) StdoutLine: {'line': b'    Start 3: cpplint\n'}
[1.258906] (bt_behavior) StdoutLine: {'line': b'\n'}
[1.259564] (bt_behavior) StdoutLine: {'line': b'3: Test command: /usr/bin/python3 "-u" "/opt/ros/foxy/share/ament_cmake_test/cmake/run_test.py" "/home/alumnos/josetost/colcon_ws/src/navigation-grupo-dia-libre-1/build/bt_behavior/test_results/bt_behavior/cpplint.xunit.xml" "--package-name" "bt_behavior" "--output-file" "/home/alumnos/josetost/colcon_ws/src/navigation-grupo-dia-libre-1/build/bt_behavior/ament_cpplint/cpplint.txt" "--command" "/opt/ros/foxy/bin/ament_cpplint" "--xunit-file" "/home/alumnos/josetost/colcon_ws/src/navigation-grupo-dia-libre-1/build/bt_behavior/test_results/bt_behavior/cpplint.xunit.xml"\n'}
[1.259779] (bt_behavior) StdoutLine: {'line': b'3: Test timeout computed to be: 120\n'}
[1.309571] (-) TimerEvent: {}
[1.331482] (bt_behavior) StdoutLine: {'line': b"3: -- run_test.py: invoking following command in '/home/alumnos/josetost/colcon_ws/src/navigation-grupo-dia-libre-1/bt_behavior':\n"}
[1.331701] (bt_behavior) StdoutLine: {'line': b'3:  - /opt/ros/foxy/bin/ament_cpplint --xunit-file /home/alumnos/josetost/colcon_ws/src/navigation-grupo-dia-libre-1/build/bt_behavior/test_results/bt_behavior/cpplint.xunit.xml\n'}
[1.409674] (-) TimerEvent: {}
[1.509987] (-) TimerEvent: {}
[1.610317] (-) TimerEvent: {}
[1.710678] (-) TimerEvent: {}
[1.811158] (-) TimerEvent: {}
[1.911458] (-) TimerEvent: {}
[2.011771] (-) TimerEvent: {}
[2.072925] (bt_behavior) StdoutLine: {'line': b'3: /home/alumnos/josetost/colcon_ws/src/navigation-grupo-dia-libre-1/bt_behavior/include/bt_behavior/GetNextWaypoint.hpp:25:  Found C++ system header after other header. Should be: GetNextWaypoint.h, c system, c++ system, other.  [build/include_order] [4]\n'}
[2.073116] (bt_behavior) StdoutLine: {'line': b'3: /home/alumnos/josetost/colcon_ws/src/navigation-grupo-dia-libre-1/bt_behavior/include/bt_behavior/GetNextWaypoint.hpp:37:  Do not leave a blank line after "public:"  [whitespace/blank_line] [3]\n'}
[2.073222] (bt_behavior) StdoutLine: {'line': b'3: /home/alumnos/josetost/colcon_ws/src/navigation-grupo-dia-libre-1/bt_behavior/include/bt_behavior/GetNextWaypoint.hpp:42:  Line ends in whitespace.  Consider deleting these extra spaces.  [whitespace/end_of_line] [4]\n'}
[2.073330] (bt_behavior) StdoutLine: {'line': b'3: /home/alumnos/josetost/colcon_ws/src/navigation-grupo-dia-libre-1/bt_behavior/include/bt_behavior/GetNextWaypoint.hpp:57:  Redundant blank line at the end of a code block should be deleted.  [whitespace/blank_line] [3]\n'}
[2.073729] (bt_behavior) StdoutLine: {'line': b'3: /home/alumnos/josetost/colcon_ws/src/navigation-grupo-dia-libre-1/bt_behavior/include/bt_behavior/IsRaceFinished.hpp:26:  Found C++ system header after other header. Should be: IsRaceFinished.h, c system, c++ system, other.  [build/include_order] [4]\n'}
[2.074118] (bt_behavior) StdoutLine: {'line': b'3: /home/alumnos/josetost/colcon_ws/src/navigation-grupo-dia-libre-1/bt_behavior/src/nav_wp.cpp:32:  Should have a space between // and comment  [whitespace/comments] [4]\n'}
[2.074247] (bt_behavior) StdoutLine: {'line': b'3: /home/alumnos/josetost/colcon_ws/src/navigation-grupo-dia-libre-1/bt_behavior/src/nav_wp.cpp:49:  Should have a space between // and comment  [whitespace/comments] [4]\n'}
[2.074357] (bt_behavior) StdoutLine: {'line': b'3: /home/alumnos/josetost/colcon_ws/src/navigation-grupo-dia-libre-1/bt_behavior/src/nav_wp.cpp:58:  Should have a space between // and comment  [whitespace/comments] [4]\n'}
[2.074462] (bt_behavior) StdoutLine: {'line': b'3: /home/alumnos/josetost/colcon_ws/src/navigation-grupo-dia-libre-1/bt_behavior/src/nav_wp.cpp:63:  Should have a space between // and comment  [whitespace/comments] [4]\n'}
[2.074564] (bt_behavior) StdoutLine: {'line': b'3: /home/alumnos/josetost/colcon_ws/src/navigation-grupo-dia-libre-1/bt_behavior/src/nav_wp.cpp:42:  Add #include <vector> for vector<>  [build/include_what_you_use] [4]\n'}
[2.074667] (bt_behavior) StdoutLine: {'line': b'3: /home/alumnos/josetost/colcon_ws/src/navigation-grupo-dia-libre-1/bt_behavior/src/nav_wp.cpp:94:  Could not find a newline character at the end of the file.  [whitespace/ending_newline] [5]\n'}
[2.074847] (bt_behavior) StdoutLine: {'line': b'3: /home/alumnos/josetost/colcon_ws/src/navigation-grupo-dia-libre-1/bt_behavior/src/bt_behavior/GetNextWaypoint.cpp:27:  "rclcpp/rclcpp.hpp" already included at /home/alumnos/josetost/colcon_ws/src/navigation-grupo-dia-libre-1/bt_behavior/src/bt_behavior/GetNextWaypoint.cpp:24  [build/include] [4]\n'}
[2.074957] (bt_behavior) StdoutLine: {'line': b'3: /home/alumnos/josetost/colcon_ws/src/navigation-grupo-dia-libre-1/bt_behavior/src/bt_behavior/GetNextWaypoint.cpp:29:  Line ends in whitespace.  Consider deleting these extra spaces.  [whitespace/end_of_line] [4]\n'}
[2.075073] (bt_behavior) StdoutLine: {'line': b'3: /home/alumnos/josetost/colcon_ws/src/navigation-grupo-dia-libre-1/bt_behavior/src/bt_behavior/GetNextWaypoint.cpp:29:  Found C++ system header after other header. Should be: GetNextWaypoint.h, c system, c++ system, other.  [build/include_order] [4]\n'}
[2.076029] (bt_behavior) StdoutLine: {'line': b'3: /home/alumnos/josetost/colcon_ws/src/navigation-grupo-dia-libre-1/bt_behavior/src/bt_behavior/GetNextWaypoint.cpp:31:  "nav_msgs/msg/occupancy_grid.hpp" already included at /home/alumnos/josetost/colcon_ws/src/navigation-grupo-dia-libre-1/bt_behavior/src/bt_behavior/GetNextWaypoint.cpp:25  [build/include] [4]\n'}
[2.076170] (bt_behavior) StdoutLine: {'line': b'3: /home/alumnos/josetost/colcon_ws/src/navigation-grupo-dia-libre-1/bt_behavior/src/bt_behavior/GetNextWaypoint.cpp:32:  "std_msgs/msg/string.hpp" already included at /home/alumnos/josetost/colcon_ws/src/navigation-grupo-dia-libre-1/bt_behavior/src/bt_behavior/GetNextWaypoint.cpp:28  [build/include] [4]\n'}
[2.076286] (bt_behavior) StdoutLine: {'line': b'3: /home/alumnos/josetost/colcon_ws/src/navigation-grupo-dia-libre-1/bt_behavior/src/bt_behavior/GetNextWaypoint.cpp:33:  "memory" already included at /home/alumnos/josetost/colcon_ws/src/navigation-grupo-dia-libre-1/bt_behavior/src/bt_behavior/GetNextWaypoint.cpp:29  [build/include] [4]\n'}
[2.076400] (bt_behavior) StdoutLine: {'line': b'3: /home/alumnos/josetost/colcon_ws/src/navigation-grupo-dia-libre-1/bt_behavior/src/bt_behavior/GetNextWaypoint.cpp:36:  Should have a space between // and comment  [whitespace/comments] [4]\n'}
[2.076501] (bt_behavior) StdoutLine: {'line': b'3: /home/alumnos/josetost/colcon_ws/src/navigation-grupo-dia-libre-1/bt_behavior/src/bt_behavior/GetNextWaypoint.cpp:42:  Should have a space between // and comment  [whitespace/comments] [4]\n'}
[2.076615] (bt_behavior) StdoutLine: {'line': b'3: /home/alumnos/josetost/colcon_ws/src/navigation-grupo-dia-libre-1/bt_behavior/src/bt_behavior/GetNextWaypoint.cpp:60:  Redundant blank line at the start of a code block should be deleted.  [whitespace/blank_line] [2]\n'}
[2.076714] (bt_behavior) StdoutLine: {'line': b'3: /home/alumnos/josetost/colcon_ws/src/navigation-grupo-dia-libre-1/bt_behavior/src/bt_behavior/GetNextWaypoint.cpp:61:  Should have a space between // and comment  [whitespace/comments] [4]\n'}
[2.076811] (bt_behavior) StdoutLine: {'line': b'3: /home/alumnos/josetost/colcon_ws/src/navigation-grupo-dia-libre-1/bt_behavior/src/bt_behavior/GetNextWaypoint.cpp:80:  Redundant blank line at the start of a code block should be deleted.  [whitespace/blank_line] [2]\n'}
[2.076917] (bt_behavior) StdoutLine: {'line': b'3: /home/alumnos/josetost/colcon_ws/src/navigation-grupo-dia-libre-1/bt_behavior/src/bt_behavior/GetNextWaypoint.cpp:116:  Line ends in whitespace.  Consider deleting these extra spaces.  [whitespace/end_of_line] [4]\n'}
[2.077061] (bt_behavior) StdoutLine: {'line': b'3: /home/alumnos/josetost/colcon_ws/src/navigation-grupo-dia-libre-1/bt_behavior/src/bt_behavior/GetNextWaypoint.cpp:129:  Lines should be <= 100 characters long  [whitespace/line_length] [2]\n'}
[2.077163] (bt_behavior) StdoutLine: {'line': b'3: /home/alumnos/josetost/colcon_ws/src/navigation-grupo-dia-libre-1/bt_behavior/src/bt_behavior/GetNextWaypoint.cpp:133:  Line ends in whitespace.  Consider deleting these extra spaces.  [whitespace/end_of_line] [4]\n'}
[2.077266] (bt_behavior) StdoutLine: {'line': b'3: /home/alumnos/josetost/colcon_ws/src/navigation-grupo-dia-libre-1/bt_behavior/src/bt_behavior/GetNextWaypoint.cpp:122:  Add #include <vector> for vector<>  [build/include_what_you_use] [4]\n'}
[2.078169] (bt_behavior) StdoutLine: {'line': b'3: /home/alumnos/josetost/colcon_ws/src/navigation-grupo-dia-libre-1/bt_behavior/src/bt_behavior/IsRaceFinished.cpp:48:  Redundant blank line at the start of a code block should be deleted.  [whitespace/blank_line] [2]\n'}
[2.078286] (bt_behavior) StdoutLine: {'line': b'3: /home/alumnos/josetost/colcon_ws/src/navigation-grupo-dia-libre-1/bt_behavior/src/bt_behavior/IsRaceFinished.cpp:52:  Add #include <vector> for vector<>  [build/include_what_you_use] [4]\n'}
[2.078417] (bt_behavior) StdoutLine: {'line': b'3: /home/alumnos/josetost/colcon_ws/src/navigation-grupo-dia-libre-1/bt_behavior/src/bt_behavior/Move.cpp:55:  Lines should be <= 100 characters long  [whitespace/line_length] [2]\n'}
[2.079278] (bt_behavior) StdoutLine: {'line': b'3: /home/alumnos/josetost/colcon_ws/src/navigation-grupo-dia-libre-1/bt_behavior/src/bt_behavior/Move.cpp:57:  Should have a space between // and comment  [whitespace/comments] [4]\n'}
[2.079408] (bt_behavior) StdoutLine: {'line': b'3: /home/alumnos/josetost/colcon_ws/src/navigation-grupo-dia-libre-1/bt_behavior/src/bt_behavior/Move.cpp:58:  Should have a space between // and comment  [whitespace/comments] [4]\n'}
[2.079514] (bt_behavior) StdoutLine: {'line': b'3: /home/alumnos/josetost/colcon_ws/src/navigation-grupo-dia-libre-1/bt_behavior/src/bt_behavior/Move.cpp:60:  Should have a space between // and comment  [whitespace/comments] [4]\n'}
[2.079626] (bt_behavior) StdoutLine: {'line': b'3: /home/alumnos/josetost/colcon_ws/src/navigation-grupo-dia-libre-1/bt_behavior/src/bt_behavior/Move.cpp:71:  Lines should be <= 100 characters long  [whitespace/line_length] [2]\n'}
[2.080521] (bt_behavior) StdoutLine: {'line': b'3: /home/alumnos/josetost/colcon_ws/src/navigation-grupo-dia-libre-1/bt_behavior/src/bt_behavior/Move.cpp:71:  Should have a space between // and comment  [whitespace/comments] [4]\n'}
[2.080662] (bt_behavior) StdoutLine: {'line': b'3: /home/alumnos/josetost/colcon_ws/src/navigation-grupo-dia-libre-1/bt_behavior/src/bt_behavior/Move.cpp:72:  Line ends in whitespace.  Consider deleting these extra spaces.  [whitespace/end_of_line] [4]\n'}
[2.080816] (bt_behavior) StdoutLine: {'line': b'3: /home/alumnos/josetost/colcon_ws/src/navigation-grupo-dia-libre-1/bt_behavior/src/bt_behavior/Move.cpp:73:  Should have a space between // and comment  [whitespace/comments] [4]\n'}
[2.081591] (bt_behavior) StdoutLine: {'line': b'3: /home/alumnos/josetost/colcon_ws/src/navigation-grupo-dia-libre-1/bt_behavior/src/bt_behavior/Move.cpp:74:  Should have a space between // and comment  [whitespace/comments] [4]\n'}
[2.081745] (bt_behavior) StdoutLine: {'line': b'3: /home/alumnos/josetost/colcon_ws/src/navigation-grupo-dia-libre-1/bt_behavior/src/bt_behavior/Move.cpp:76:  Should have a space between // and comment  [whitespace/comments] [4]\n'}
[2.082441] (bt_behavior) StdoutLine: {'line': b'3: /home/alumnos/josetost/colcon_ws/src/navigation-grupo-dia-libre-1/bt_behavior/src/bt_behavior/Move.cpp:87:  Lines should be <= 100 characters long  [whitespace/line_length] [2]\n'}
[2.082578] (bt_behavior) StdoutLine: {'line': b'3: /home/alumnos/josetost/colcon_ws/src/navigation-grupo-dia-libre-1/bt_behavior/src/bt_behavior/Move.cpp:87:  Should have a space between // and comment  [whitespace/comments] [4]\n'}
[2.084082] (bt_behavior) StdoutLine: {'line': b'3: /home/alumnos/josetost/colcon_ws/src/navigation-grupo-dia-libre-1/bt_behavior/src/bt_behavior/Move.cpp:88:  Line ends in whitespace.  Consider deleting these extra spaces.  [whitespace/end_of_line] [4]\n'}
[2.084674] (bt_behavior) StdoutLine: {'line': b'3: /home/alumnos/josetost/colcon_ws/src/navigation-grupo-dia-libre-1/bt_behavior/src/bt_behavior/Move.cpp:89:  Should have a space between // and comment  [whitespace/comments] [4]\n'}
[2.084803] (bt_behavior) StdoutLine: {'line': b'3: /home/alumnos/josetost/colcon_ws/src/navigation-grupo-dia-libre-1/bt_behavior/src/bt_behavior/Move.cpp:90:  Should have a space between // and comment  [whitespace/comments] [4]\n'}
[2.085590] (bt_behavior) StdoutLine: {'line': b'3: /home/alumnos/josetost/colcon_ws/src/navigation-grupo-dia-libre-1/bt_behavior/src/bt_behavior/Move.cpp:92:  Should have a space between // and comment  [whitespace/comments] [4]\n'}
[2.085733] (bt_behavior) StdoutLine: {'line': b"3: Category 'build/include' errors found: 4\n"}
[2.086439] (bt_behavior) StdoutLine: {'line': b"3: Category 'build/include_order' errors found: 3\n"}
[2.086560] (bt_behavior) StdoutLine: {'line': b"3: Category 'build/include_what_you_use' errors found: 3\n"}
[2.086689] (bt_behavior) StdoutLine: {'line': b"3: Category 'whitespace/blank_line' errors found: 5\n"}
[2.087218] (bt_behavior) StdoutLine: {'line': b"3: Category 'whitespace/comments' errors found: 18\n"}
[2.087336] (bt_behavior) StdoutLine: {'line': b"3: Category 'whitespace/end_of_line' errors found: 6\n"}
[2.087457] (bt_behavior) StdoutLine: {'line': b"3: Category 'whitespace/ending_newline' errors found: 1\n"}
[2.088078] (bt_behavior) StdoutLine: {'line': b"3: Category 'whitespace/line_length' errors found: 4\n"}
[2.088241] (bt_behavior) StdoutLine: {'line': b'3: Total errors found: 44\n'}
[2.088889] (bt_behavior) StdoutLine: {'line': b"3: Using '--root=..' argument\n"}
[2.089006] (bt_behavior) StdoutLine: {'line': b'3: \n'}
[2.089118] (bt_behavior) StdoutLine: {'line': b'3: Done processing /home/alumnos/josetost/colcon_ws/src/navigation-grupo-dia-libre-1/bt_behavior/tests/bt_action_test.cpp\n'}
[2.089567] (bt_behavior) StdoutLine: {'line': b'3: \n'}
[2.089678] (bt_behavior) StdoutLine: {'line': b"3: Using '--root=/home/alumnos/josetost/colcon_ws/src/navigation-grupo-dia-libre-1/bt_behavior/include' argument\n"}
[2.089789] (bt_behavior) StdoutLine: {'line': b'3: \n'}
[2.090313] (bt_behavior) StdoutLine: {'line': b'3: Done processing /home/alumnos/josetost/colcon_ws/src/navigation-grupo-dia-libre-1/bt_behavior/include/bt_behavior/GetNextWaypoint.hpp\n'}
[2.090434] (bt_behavior) StdoutLine: {'line': b'3: \n'}
[2.090543] (bt_behavior) StdoutLine: {'line': b'3: Done processing /home/alumnos/josetost/colcon_ws/src/navigation-grupo-dia-libre-1/bt_behavior/include/bt_behavior/IsRaceFinished.hpp\n'}
[2.090652] (bt_behavior) StdoutLine: {'line': b'3: \n'}
[2.090760] (bt_behavior) StdoutLine: {'line': b'3: Done processing /home/alumnos/josetost/colcon_ws/src/navigation-grupo-dia-libre-1/bt_behavior/include/bt_behavior/Move.hpp\n'}
[2.090876] (bt_behavior) StdoutLine: {'line': b'3: \n'}
[2.090985] (bt_behavior) StdoutLine: {'line': b'3: Done processing /home/alumnos/josetost/colcon_ws/src/navigation-grupo-dia-libre-1/bt_behavior/include/bt_behavior/ctrl_support/BTActionNode.hpp\n'}
[2.091095] (bt_behavior) StdoutLine: {'line': b'3: \n'}
[2.091204] (bt_behavior) StdoutLine: {'line': b'3: Done processing /home/alumnos/josetost/colcon_ws/src/navigation-grupo-dia-libre-1/bt_behavior/include/bt_behavior/ctrl_support/BTLifecycleCtrlNode.hpp\n'}
[2.091313] (bt_behavior) StdoutLine: {'line': b'3: \n'}
[2.091420] (bt_behavior) StdoutLine: {'line': b"3: Using '--root=/home/alumnos/josetost/colcon_ws/src/navigation-grupo-dia-libre-1/bt_behavior/src' argument\n"}
[2.091530] (bt_behavior) StdoutLine: {'line': b'3: \n'}
[2.092200] (bt_behavior) StdoutLine: {'line': b'3: Done processing /home/alumnos/josetost/colcon_ws/src/navigation-grupo-dia-libre-1/bt_behavior/src/nav_wp.cpp\n'}
[2.092298] (bt_behavior) StdoutLine: {'line': b'3: \n'}
[2.092391] (bt_behavior) StdoutLine: {'line': b'3: Done processing /home/alumnos/josetost/colcon_ws/src/navigation-grupo-dia-libre-1/bt_behavior/src/bt_behavior/GetNextWaypoint.cpp\n'}
[2.093038] (bt_behavior) StdoutLine: {'line': b'3: \n'}
[2.093135] (bt_behavior) StdoutLine: {'line': b'3: Done processing /home/alumnos/josetost/colcon_ws/src/navigation-grupo-dia-libre-1/bt_behavior/src/bt_behavior/IsRaceFinished.cpp\n'}
[2.093232] (bt_behavior) StdoutLine: {'line': b'3: \n'}
[2.093943] (bt_behavior) StdoutLine: {'line': b'3: Done processing /home/alumnos/josetost/colcon_ws/src/navigation-grupo-dia-libre-1/bt_behavior/src/bt_behavior/Move.cpp\n'}
[2.094040] (bt_behavior) StdoutLine: {'line': b'3: \n'}
[2.097144] (bt_behavior) StdoutLine: {'line': b'3: -- run_test.py: return code 1\n'}
[2.098378] (bt_behavior) StdoutLine: {'line': b"3: -- run_test.py: verify result file '/home/alumnos/josetost/colcon_ws/src/navigation-grupo-dia-libre-1/build/bt_behavior/test_results/bt_behavior/cpplint.xunit.xml'\n"}
[2.109546] (bt_behavior) StdoutLine: {'line': b'3/9 Test #3: cpplint ..........................***Failed    0.85 sec\n'}
[2.111860] (-) TimerEvent: {}
[2.112193] (bt_behavior) StdoutLine: {'line': b'test 4\n'}
[2.112655] (bt_behavior) StdoutLine: {'line': b'    Start 4: flake8\n'}
[2.113281] (bt_behavior) StdoutLine: {'line': b'\n'}
[2.114039] (bt_behavior) StdoutLine: {'line': b'4: Test command: /usr/bin/python3 "-u" "/opt/ros/foxy/share/ament_cmake_test/cmake/run_test.py" "/home/alumnos/josetost/colcon_ws/src/navigation-grupo-dia-libre-1/build/bt_behavior/test_results/bt_behavior/flake8.xunit.xml" "--package-name" "bt_behavior" "--output-file" "/home/alumnos/josetost/colcon_ws/src/navigation-grupo-dia-libre-1/build/bt_behavior/ament_flake8/flake8.txt" "--command" "/opt/ros/foxy/bin/ament_flake8" "--xunit-file" "/home/alumnos/josetost/colcon_ws/src/navigation-grupo-dia-libre-1/build/bt_behavior/test_results/bt_behavior/flake8.xunit.xml"\n'}
[2.114184] (bt_behavior) StdoutLine: {'line': b'4: Test timeout computed to be: 60\n'}
[2.181305] (bt_behavior) StdoutLine: {'line': b"4: -- run_test.py: invoking following command in '/home/alumnos/josetost/colcon_ws/src/navigation-grupo-dia-libre-1/bt_behavior':\n"}
[2.181516] (bt_behavior) StdoutLine: {'line': b'4:  - /opt/ros/foxy/bin/ament_flake8 --xunit-file /home/alumnos/josetost/colcon_ws/src/navigation-grupo-dia-libre-1/build/bt_behavior/test_results/bt_behavior/flake8.xunit.xml\n'}
[2.211988] (-) TimerEvent: {}
[2.312297] (-) TimerEvent: {}
[2.412642] (-) TimerEvent: {}
[2.513008] (-) TimerEvent: {}
[2.613326] (-) TimerEvent: {}
[2.713645] (-) TimerEvent: {}
[2.764523] (bt_behavior) StdoutLine: {'line': b'4: \n'}
[2.764793] (bt_behavior) StdoutLine: {'line': b'4: 1 files checked\n'}
[2.764974] (bt_behavior) StdoutLine: {'line': b'4: No problems found\n'}
[2.765113] (bt_behavior) StdoutLine: {'line': b'4: \n'}
[2.765371] (bt_behavior) StdoutLine: {'line': b'4: Checked files:\n'}
[2.765496] (bt_behavior) StdoutLine: {'line': b'4: \n'}
[2.765619] (bt_behavior) StdoutLine: {'line': b'4: * ./launch/patrolling.launch.py\n'}
[2.790981] (bt_behavior) StdoutLine: {'line': b'4: -- run_test.py: return code 0\n'}
[2.792114] (bt_behavior) StdoutLine: {'line': b"4: -- run_test.py: verify result file '/home/alumnos/josetost/colcon_ws/src/navigation-grupo-dia-libre-1/build/bt_behavior/test_results/bt_behavior/flake8.xunit.xml'\n"}
[2.803585] (bt_behavior) StdoutLine: {'line': b'4/9 Test #4: flake8 ...........................   Passed    0.69 sec\n'}
[2.805675] (bt_behavior) StdoutLine: {'line': b'test 5\n'}
[2.805938] (bt_behavior) StdoutLine: {'line': b'    Start 5: lint_cmake\n'}
[2.806106] (bt_behavior) StdoutLine: {'line': b'\n'}
[2.806624] (bt_behavior) StdoutLine: {'line': b'5: Test command: /usr/bin/python3 "-u" "/opt/ros/foxy/share/ament_cmake_test/cmake/run_test.py" "/home/alumnos/josetost/colcon_ws/src/navigation-grupo-dia-libre-1/build/bt_behavior/test_results/bt_behavior/lint_cmake.xunit.xml" "--package-name" "bt_behavior" "--output-file" "/home/alumnos/josetost/colcon_ws/src/navigation-grupo-dia-libre-1/build/bt_behavior/ament_lint_cmake/lint_cmake.txt" "--command" "/opt/ros/foxy/bin/ament_lint_cmake" "--xunit-file" "/home/alumnos/josetost/colcon_ws/src/navigation-grupo-dia-libre-1/build/bt_behavior/test_results/bt_behavior/lint_cmake.xunit.xml"\n'}
[2.806768] (bt_behavior) StdoutLine: {'line': b'5: Test timeout computed to be: 60\n'}
[2.813720] (-) TimerEvent: {}
[2.872248] (bt_behavior) StdoutLine: {'line': b"5: -- run_test.py: invoking following command in '/home/alumnos/josetost/colcon_ws/src/navigation-grupo-dia-libre-1/bt_behavior':\n"}
[2.872478] (bt_behavior) StdoutLine: {'line': b'5:  - /opt/ros/foxy/bin/ament_lint_cmake --xunit-file /home/alumnos/josetost/colcon_ws/src/navigation-grupo-dia-libre-1/build/bt_behavior/test_results/bt_behavior/lint_cmake.xunit.xml\n'}
[2.913823] (-) TimerEvent: {}
[3.014145] (-) TimerEvent: {}
[3.114518] (-) TimerEvent: {}
[3.214962] (-) TimerEvent: {}
[3.241955] (bt_behavior) StdoutLine: {'line': b'5: CMakeLists.txt:40: Line ends in whitespace [whitespace/eol]\n'}
[3.242231] (bt_behavior) StdoutLine: {'line': b'5: \n'}
[3.242375] (bt_behavior) StdoutLine: {'line': b'5: \n'}
[3.242517] (bt_behavior) StdoutLine: {'line': b'5: 1 errors\n'}
[3.254663] (bt_behavior) StdoutLine: {'line': b'5: -- run_test.py: return code 1\n'}
[3.255922] (bt_behavior) StdoutLine: {'line': b"5: -- run_test.py: verify result file '/home/alumnos/josetost/colcon_ws/src/navigation-grupo-dia-libre-1/build/bt_behavior/test_results/bt_behavior/lint_cmake.xunit.xml'\n"}
[3.267126] (bt_behavior) StdoutLine: {'line': b'5/9 Test #5: lint_cmake .......................***Failed    0.46 sec\n'}
[3.269093] (bt_behavior) StdoutLine: {'line': b'test 6\n'}
[3.269761] (bt_behavior) StdoutLine: {'line': b'    Start 6: pep257\n'}
[3.270403] (bt_behavior) StdoutLine: {'line': b'\n'}
[3.270534] (bt_behavior) StdoutLine: {'line': b'6: Test command: /usr/bin/python3 "-u" "/opt/ros/foxy/share/ament_cmake_test/cmake/run_test.py" "/home/alumnos/josetost/colcon_ws/src/navigation-grupo-dia-libre-1/build/bt_behavior/test_results/bt_behavior/pep257.xunit.xml" "--package-name" "bt_behavior" "--output-file" "/home/alumnos/josetost/colcon_ws/src/navigation-grupo-dia-libre-1/build/bt_behavior/ament_pep257/pep257.txt" "--command" "/opt/ros/foxy/bin/ament_pep257" "--xunit-file" "/home/alumnos/josetost/colcon_ws/src/navigation-grupo-dia-libre-1/build/bt_behavior/test_results/bt_behavior/pep257.xunit.xml"\n'}
[3.271033] (bt_behavior) StdoutLine: {'line': b'6: Test timeout computed to be: 60\n'}
[3.315093] (-) TimerEvent: {}
[3.347122] (bt_behavior) StdoutLine: {'line': b"6: -- run_test.py: invoking following command in '/home/alumnos/josetost/colcon_ws/src/navigation-grupo-dia-libre-1/bt_behavior':\n"}
[3.347331] (bt_behavior) StdoutLine: {'line': b'6:  - /opt/ros/foxy/bin/ament_pep257 --xunit-file /home/alumnos/josetost/colcon_ws/src/navigation-grupo-dia-libre-1/build/bt_behavior/test_results/bt_behavior/pep257.xunit.xml\n'}
[3.415177] (-) TimerEvent: {}
[3.515494] (-) TimerEvent: {}
[3.615869] (-) TimerEvent: {}
[3.716183] (-) TimerEvent: {}
[3.781506] (bt_behavior) StdoutLine: {'line': b'6: checking ./launch/patrolling.launch.py\n'}
[3.781739] (bt_behavior) StdoutLine: {'line': b'6: No problems found\n'}
[3.798533] (bt_behavior) StdoutLine: {'line': b'6: -- run_test.py: return code 0\n'}
[3.799703] (bt_behavior) StdoutLine: {'line': b"6: -- run_test.py: verify result file '/home/alumnos/josetost/colcon_ws/src/navigation-grupo-dia-libre-1/build/bt_behavior/test_results/bt_behavior/pep257.xunit.xml'\n"}
[3.812566] (bt_behavior) StdoutLine: {'line': b'6/9 Test #6: pep257 ...........................   Passed    0.54 sec\n'}
[3.814742] (bt_behavior) StdoutLine: {'line': b'test 7\n'}
[3.815019] (bt_behavior) StdoutLine: {'line': b'    Start 7: uncrustify\n'}
[3.815675] (bt_behavior) StdoutLine: {'line': b'\n'}
[3.816592] (-) TimerEvent: {}
[3.816835] (bt_behavior) StdoutLine: {'line': b'7: Test command: /usr/bin/python3 "-u" "/opt/ros/foxy/share/ament_cmake_test/cmake/run_test.py" "/home/alumnos/josetost/colcon_ws/src/navigation-grupo-dia-libre-1/build/bt_behavior/test_results/bt_behavior/uncrustify.xunit.xml" "--package-name" "bt_behavior" "--output-file" "/home/alumnos/josetost/colcon_ws/src/navigation-grupo-dia-libre-1/build/bt_behavior/ament_uncrustify/uncrustify.txt" "--command" "/opt/ros/foxy/bin/ament_uncrustify" "--xunit-file" "/home/alumnos/josetost/colcon_ws/src/navigation-grupo-dia-libre-1/build/bt_behavior/test_results/bt_behavior/uncrustify.xunit.xml"\n'}
[3.817437] (bt_behavior) StdoutLine: {'line': b'7: Test timeout computed to be: 60\n'}
[3.883603] (bt_behavior) StdoutLine: {'line': b"7: -- run_test.py: invoking following command in '/home/alumnos/josetost/colcon_ws/src/navigation-grupo-dia-libre-1/bt_behavior':\n"}
[3.883808] (bt_behavior) StdoutLine: {'line': b'7:  - /opt/ros/foxy/bin/ament_uncrustify --xunit-file /home/alumnos/josetost/colcon_ws/src/navigation-grupo-dia-libre-1/build/bt_behavior/test_results/bt_behavior/uncrustify.xunit.xml\n'}
[3.916693] (-) TimerEvent: {}
[4.017026] (-) TimerEvent: {}
[4.117331] (-) TimerEvent: {}
[4.217649] (-) TimerEvent: {}
[4.287019] (bt_behavior) StdoutLine: {'line': b"7: Code style divergence in file 'include/bt_behavior/GetNextWaypoint.hpp':\n"}
[4.287251] (bt_behavior) StdoutLine: {'line': b'7: \n'}
[4.287380] (bt_behavior) StdoutLine: {'line': b'7: --- include/bt_behavior/GetNextWaypoint.hpp\n'}
[4.287827] (bt_behavior) StdoutLine: {'line': b'7: +++ include/bt_behavior/GetNextWaypoint.hpp.uncrustify\n'}
[4.288020] (bt_behavior) StdoutLine: {'line': b'7: @@ -37 +36,0 @@\n'}
[4.288177] (bt_behavior) StdoutLine: {'line': b'7: -\n'}
[4.288333] (bt_behavior) StdoutLine: {'line': b'7: @@ -42 +41 @@\n'}
[4.288452] (bt_behavior) StdoutLine: {'line': b'7: -  void halt();    \n'}
[4.288997] (bt_behavior) StdoutLine: {'line': b'7: +  void halt();\n'}
[4.289173] (bt_behavior) StdoutLine: {'line': b'7: \n'}
[4.289304] (bt_behavior) StdoutLine: {'line': b"7: Code style divergence in file 'include/bt_behavior/IsRaceFinished.hpp':\n"}
[4.290016] (bt_behavior) StdoutLine: {'line': b'7: \n'}
[4.290144] (bt_behavior) StdoutLine: {'line': b'7: --- include/bt_behavior/IsRaceFinished.hpp\n'}
[4.290885] (bt_behavior) StdoutLine: {'line': b'7: +++ include/bt_behavior/IsRaceFinished.hpp.uncrustify\n'}
[4.291025] (bt_behavior) StdoutLine: {'line': b'7: @@ -27 +26,0 @@\n'}
[4.291545] (bt_behavior) StdoutLine: {'line': b'7: -\n'}
[4.291663] (bt_behavior) StdoutLine: {'line': b'7: \n'}
[4.291815] (bt_behavior) StdoutLine: {'line': b"7: Code style divergence in file 'include/bt_behavior/Move.hpp':\n"}
[4.292374] (bt_behavior) StdoutLine: {'line': b'7: \n'}
[4.292495] (bt_behavior) StdoutLine: {'line': b'7: --- include/bt_behavior/Move.hpp\n'}
[4.293099] (bt_behavior) StdoutLine: {'line': b'7: +++ include/bt_behavior/Move.hpp.uncrustify\n'}
[4.293227] (bt_behavior) StdoutLine: {'line': b'7: @@ -30,9 +30,10 @@\n'}
[4.293810] (bt_behavior) StdoutLine: {'line': b'7: -  enum sounds {\n'}
[4.293916] (bt_behavior) StdoutLine: {'line': b'7: -    ON            = 0,\n'}
[4.294516] (bt_behavior) StdoutLine: {'line': b'7: -    OFF           = 1,\n'}
[4.294630] (bt_behavior) StdoutLine: {'line': b'7: -    RECHARGE      = 2,\n'}
[4.294772] (bt_behavior) StdoutLine: {'line': b'7: -    BUTTON        = 3,\n'}
[4.295369] (bt_behavior) StdoutLine: {'line': b'7: -    ERROR         = 4,\n'}
[4.295505] (bt_behavior) StdoutLine: {'line': b'7: -    CLEANINGSTART = 5,\n'}
[4.295621] (bt_behavior) StdoutLine: {'line': b'7: -    CLEANINGEND   = 6\n'}
[4.295737] (bt_behavior) StdoutLine: {'line': b'7: -  };\n'}
[4.295841] (bt_behavior) StdoutLine: {'line': b'7: +enum sounds\n'}
[4.295971] (bt_behavior) StdoutLine: {'line': b'7: +{\n'}
[4.296086] (bt_behavior) StdoutLine: {'line': b'7: +  ON            = 0,\n'}
[4.296257] (bt_behavior) StdoutLine: {'line': b'7: +  OFF           = 1,\n'}
[4.296768] (bt_behavior) StdoutLine: {'line': b'7: +  RECHARGE      = 2,\n'}
[4.296907] (bt_behavior) StdoutLine: {'line': b'7: +  BUTTON        = 3,\n'}
[4.297455] (bt_behavior) StdoutLine: {'line': b'7: +  ERROR         = 4,\n'}
[4.297567] (bt_behavior) StdoutLine: {'line': b'7: +  CLEANINGSTART = 5,\n'}
[4.298232] (bt_behavior) StdoutLine: {'line': b'7: +  CLEANINGEND   = 6\n'}
[4.298353] (bt_behavior) StdoutLine: {'line': b'7: +};\n'}
[4.298506] (bt_behavior) StdoutLine: {'line': b'7: \n'}
[4.298648] (bt_behavior) StdoutLine: {'line': b"7: Code style divergence in file 'src/bt_behavior/GetNextWaypoint.cpp':\n"}
[4.299134] (bt_behavior) StdoutLine: {'line': b'7: \n'}
[4.299283] (bt_behavior) StdoutLine: {'line': b'7: --- src/bt_behavior/GetNextWaypoint.cpp\n'}
[4.299841] (bt_behavior) StdoutLine: {'line': b'7: +++ src/bt_behavior/GetNextWaypoint.cpp.uncrustify\n'}
[4.299976] (bt_behavior) StdoutLine: {'line': b'7: @@ -29 +29 @@\n'}
[4.300581] (bt_behavior) StdoutLine: {'line': b'7: -#include <memory> \n'}
[4.300693] (bt_behavior) StdoutLine: {'line': b'7: +#include <memory>\n'}
[4.301319] (bt_behavior) StdoutLine: {'line': b'7: @@ -74 +73,0 @@\n'}
[4.301447] (bt_behavior) StdoutLine: {'line': b'7: -  return;\n'}
[4.301590] (bt_behavior) StdoutLine: {'line': b'7: @@ -89 +88 @@\n'}
[4.302083] (bt_behavior) StdoutLine: {'line': b'7: -  unsigned char *costmap_ = new unsigned char[size_x_ * size_y_];\n'}
[4.302230] (bt_behavior) StdoutLine: {'line': b'7: +  unsigned char * costmap_ = new unsigned char[size_x_ * size_y_];\n'}
[4.302810] (bt_behavior) StdoutLine: {'line': b'7: @@ -116 +115 @@\n'}
[4.303446] (bt_behavior) StdoutLine: {'line': b'7: -{    \n'}
[4.303589] (bt_behavior) StdoutLine: {'line': b'7: +{\n'}
[4.304090] (bt_behavior) StdoutLine: {'line': b'7: @@ -129 +128,2 @@\n'}
[4.304214] (bt_behavior) StdoutLine: {'line': b'7: -  std::cerr << "Next waypoint on index " << ind << " is [" << waypoint[0] << "," << waypoint[1] << "]" << std::endl;\n'}
[4.304357] (bt_behavior) StdoutLine: {'line': b'7: +  std::cerr << "Next waypoint on index " << ind << " is [" << waypoint[0] << "," << waypoint[1] <<\n'}
[4.305022] (bt_behavior) StdoutLine: {'line': b'7: +    "]" << std::endl;\n'}
[4.305694] (bt_behavior) StdoutLine: {'line': b'7: @@ -133 +133 @@\n'}
[4.305810] (bt_behavior) StdoutLine: {'line': b'7: -  \n'}
[4.306437] (bt_behavior) StdoutLine: {'line': b'7: +\n'}
[4.306535] (bt_behavior) StdoutLine: {'line': b'7: \n'}
[4.307086] (bt_behavior) StdoutLine: {'line': b"7: Code style divergence in file 'src/bt_behavior/Move.cpp':\n"}
[4.307198] (bt_behavior) StdoutLine: {'line': b'7: \n'}
[4.307342] (bt_behavior) StdoutLine: {'line': b'7: --- src/bt_behavior/Move.cpp\n'}
[4.307844] (bt_behavior) StdoutLine: {'line': b'7: +++ src/bt_behavior/Move.cpp.uncrustify\n'}
[4.307985] (bt_behavior) StdoutLine: {'line': b'7: @@ -60 +60 @@\n'}
[4.308609] (bt_behavior) StdoutLine: {'line': b'7: - //success_pub->publish(beep);\n'}
[4.308741] (bt_behavior) StdoutLine: {'line': b'7: +  //success_pub->publish(beep);\n'}
[4.309252] (bt_behavior) StdoutLine: {'line': b'7: @@ -72 +72 @@\n'}
[4.309370] (bt_behavior) StdoutLine: {'line': b'7: - \n'}
[4.309879] (bt_behavior) StdoutLine: {'line': b'7: +\n'}
[4.309984] (bt_behavior) StdoutLine: {'line': b'7: @@ -88 +88 @@\n'}
[4.310120] (bt_behavior) StdoutLine: {'line': b'7: - \n'}
[4.310829] (bt_behavior) StdoutLine: {'line': b'7: +\n'}
[4.310963] (bt_behavior) StdoutLine: {'line': b'7: \n'}
[4.311582] (bt_behavior) StdoutLine: {'line': b"7: Code style divergence in file 'src/nav_wp.cpp':\n"}
[4.311679] (bt_behavior) StdoutLine: {'line': b'7: \n'}
[4.312386] (bt_behavior) StdoutLine: {'line': b'7: --- src/nav_wp.cpp\n'}
[4.312484] (bt_behavior) StdoutLine: {'line': b'7: +++ src/nav_wp.cpp.uncrustify\n'}
[4.313029] (bt_behavior) StdoutLine: {'line': b'7: @@ -94 +94 @@\n'}
[4.313130] (bt_behavior) StdoutLine: {'line': b'7: -// ros2 run pkg node --ros-args --params-file ruta absoluta\n'}
[4.313263] (bt_behavior) StdoutLine: {'line': b'7: +// ros2 run pkg node --ros-args --params-file ruta absoluta\n'}
[4.313848] (bt_behavior) StdoutLine: {'line': b'7: \n'}
[4.313966] (bt_behavior) StdoutLine: {'line': b'7: 6 files with code style divergence\n'}
[4.314526] (bt_behavior) StdoutLine: {'line': b"7: No code style divergence in file 'include/bt_behavior/ctrl_support/BTActionNode.hpp'\n"}
[4.314625] (bt_behavior) StdoutLine: {'line': b'7: \n'}
[4.315319] (bt_behavior) StdoutLine: {'line': b"7: No code style divergence in file 'include/bt_behavior/ctrl_support/BTLifecycleCtrlNode.hpp'\n"}
[4.315419] (bt_behavior) StdoutLine: {'line': b'7: \n'}
[4.316033] (bt_behavior) StdoutLine: {'line': b"7: No code style divergence in file 'src/bt_behavior/IsRaceFinished.cpp'\n"}
[4.316231] (bt_behavior) StdoutLine: {'line': b'7: \n'}
[4.316897] (bt_behavior) StdoutLine: {'line': b"7: No code style divergence in file 'tests/bt_action_test.cpp'\n"}
[4.317186] (bt_behavior) StdoutLine: {'line': b'7: \n'}
[4.317722] (-) TimerEvent: {}
[4.317963] (bt_behavior) StdoutLine: {'line': b'7: -- run_test.py: return code 1\n'}
[4.318592] (bt_behavior) StdoutLine: {'line': b"7: -- run_test.py: verify result file '/home/alumnos/josetost/colcon_ws/src/navigation-grupo-dia-libre-1/build/bt_behavior/test_results/bt_behavior/uncrustify.xunit.xml'\n"}
[4.318797] (bt_behavior) StdoutLine: {'line': b'7/9 Test #7: uncrustify .......................***Failed    0.50 sec\n'}
[4.319409] (bt_behavior) StdoutLine: {'line': b'test 8\n'}
[4.319609] (bt_behavior) StdoutLine: {'line': b'    Start 8: xmllint\n'}
[4.319821] (bt_behavior) StdoutLine: {'line': b'\n'}
[4.320369] (bt_behavior) StdoutLine: {'line': b'8: Test command: /usr/bin/python3 "-u" "/opt/ros/foxy/share/ament_cmake_test/cmake/run_test.py" "/home/alumnos/josetost/colcon_ws/src/navigation-grupo-dia-libre-1/build/bt_behavior/test_results/bt_behavior/xmllint.xunit.xml" "--package-name" "bt_behavior" "--output-file" "/home/alumnos/josetost/colcon_ws/src/navigation-grupo-dia-libre-1/build/bt_behavior/ament_xmllint/xmllint.txt" "--command" "/opt/ros/foxy/bin/ament_xmllint" "--xunit-file" "/home/alumnos/josetost/colcon_ws/src/navigation-grupo-dia-libre-1/build/bt_behavior/test_results/bt_behavior/xmllint.xunit.xml"\n'}
[4.320565] (bt_behavior) StdoutLine: {'line': b'8: Test timeout computed to be: 60\n'}
[4.391823] (bt_behavior) StdoutLine: {'line': b"8: -- run_test.py: invoking following command in '/home/alumnos/josetost/colcon_ws/src/navigation-grupo-dia-libre-1/bt_behavior':\n"}
[4.392024] (bt_behavior) StdoutLine: {'line': b'8:  - /opt/ros/foxy/bin/ament_xmllint --xunit-file /home/alumnos/josetost/colcon_ws/src/navigation-grupo-dia-libre-1/build/bt_behavior/test_results/bt_behavior/xmllint.xunit.xml\n'}
[4.417825] (-) TimerEvent: {}
[4.518117] (-) TimerEvent: {}
[4.618431] (-) TimerEvent: {}
[4.718759] (-) TimerEvent: {}
[4.819110] (-) TimerEvent: {}
[4.919487] (-) TimerEvent: {}
[5.019966] (-) TimerEvent: {}
[5.021346] (bt_behavior) StdoutLine: {'line': b"8: File 'package.xml' is valid\n"}
[5.021959] (bt_behavior) StdoutLine: {'line': b'8: \n'}
[5.022171] (bt_behavior) StdoutLine: {'line': b"8: File 'behavior_tree_xml/behavior.xml' is valid\n"}
[5.022361] (bt_behavior) StdoutLine: {'line': b'8: \n'}
[5.022552] (bt_behavior) StdoutLine: {'line': b'8: No problems found\n'}
[5.038615] (bt_behavior) StdoutLine: {'line': b'8: -- run_test.py: return code 0\n'}
[5.040334] (bt_behavior) StdoutLine: {'line': b"8: -- run_test.py: verify result file '/home/alumnos/josetost/colcon_ws/src/navigation-grupo-dia-libre-1/build/bt_behavior/test_results/bt_behavior/xmllint.xunit.xml'\n"}
[5.054974] (bt_behavior) StdoutLine: {'line': b'8/9 Test #8: xmllint ..........................   Passed    0.74 sec\n'}
[5.057843] (bt_behavior) StdoutLine: {'line': b'test 9\n'}
[5.058267] (bt_behavior) StdoutLine: {'line': b'    Start 9: bt_action_test\n'}
[5.058709] (bt_behavior) StdoutLine: {'line': b'\n'}
[5.058946] (bt_behavior) StdoutLine: {'line': b'9: Test command: /usr/bin/python3 "-u" "/opt/ros/foxy/share/ament_cmake_test/cmake/run_test.py" "/home/alumnos/josetost/colcon_ws/src/navigation-grupo-dia-libre-1/build/bt_behavior/test_results/bt_behavior/bt_action_test.gtest.xml" "--package-name" "bt_behavior" "--output-file" "/home/alumnos/josetost/colcon_ws/src/navigation-grupo-dia-libre-1/build/bt_behavior/ament_cmake_gtest/bt_action_test.txt" "--command" "/home/alumnos/josetost/colcon_ws/src/navigation-grupo-dia-libre-1/build/bt_behavior/tests/bt_action_test" "--gtest_output=xml:/home/alumnos/josetost/colcon_ws/src/navigation-grupo-dia-libre-1/build/bt_behavior/test_results/bt_behavior/bt_action_test.gtest.xml"\n'}
[5.059634] (bt_behavior) StdoutLine: {'line': b'9: Test timeout computed to be: 60\n'}
[5.120058] (-) TimerEvent: {}
[5.127282] (bt_behavior) StdoutLine: {'line': b"9: -- run_test.py: invoking following command in '/home/alumnos/josetost/colcon_ws/src/navigation-grupo-dia-libre-1/build/bt_behavior/tests':\n"}
[5.127466] (bt_behavior) StdoutLine: {'line': b'9:  - /home/alumnos/josetost/colcon_ws/src/navigation-grupo-dia-libre-1/build/bt_behavior/tests/bt_action_test --gtest_output=xml:/home/alumnos/josetost/colcon_ws/src/navigation-grupo-dia-libre-1/build/bt_behavior/test_results/bt_behavior/bt_action_test.gtest.xml\n'}
[5.203304] (bt_behavior) StdoutLine: {'line': b'9: [==========] Running 2 tests from 1 test case.\n'}
[5.203665] (bt_behavior) StdoutLine: {'line': b'9: [----------] Global test environment set-up.\n'}
[5.203855] (bt_behavior) StdoutLine: {'line': b'9: [----------] 2 tests from bt_action\n'}
[5.204044] (bt_behavior) StdoutLine: {'line': b'9: [ RUN      ] bt_action.patrol_btn\n'}
[5.220239] (-) TimerEvent: {}
[5.235033] (bt_behavior) StdoutLine: {'line': b'9: unknown file: Failure\n'}
[5.235246] (bt_behavior) StdoutLine: {'line': b'9: C++ exception with description "Could not load library: libbr2_patrol_bt_node.so: cannot open shared object file: No such file or directory" thrown in the test body.\n'}
[5.235364] (bt_behavior) StdoutLine: {'line': b'9: [  FAILED  ] bt_action.patrol_btn (32 ms)\n'}
[5.235474] (bt_behavior) StdoutLine: {'line': b'9: [ RUN      ] bt_action.move_btn\n'}
[5.265134] (bt_behavior) StdoutLine: {'line': b'9: [INFO] [1646641959.871490198] [move_btn_node]: Waiting for "navigate_to_pose" action server\n'}
[5.265496] (bt_behavior) StdoutLine: {'line': b'9: [INFO] [1646641959.871676755] [move_btn_node]: "move" BtActionNode initialized\n'}
[5.266853] (bt_behavior) StdoutLine: {'line': b'9: [INFO] [1646641959.873473024] [move_btn_node]: Waiting for "navigate_to_pose" action server\n'}
[5.320350] (-) TimerEvent: {}
[5.420745] (-) TimerEvent: {}
[5.521078] (-) TimerEvent: {}
[5.621413] (-) TimerEvent: {}
[5.721722] (-) TimerEvent: {}
[5.822050] (-) TimerEvent: {}
[5.922374] (-) TimerEvent: {}
[6.022765] (-) TimerEvent: {}
[6.123088] (-) TimerEvent: {}
[6.223375] (-) TimerEvent: {}
[6.323712] (-) TimerEvent: {}
[6.424032] (-) TimerEvent: {}
[6.524391] (-) TimerEvent: {}
[6.624714] (-) TimerEvent: {}
[6.725030] (-) TimerEvent: {}
[6.825348] (-) TimerEvent: {}
[6.925726] (-) TimerEvent: {}
[7.026083] (-) TimerEvent: {}
[7.126466] (-) TimerEvent: {}
[7.226783] (-) TimerEvent: {}
[7.327086] (-) TimerEvent: {}
[7.427410] (-) TimerEvent: {}
[7.527712] (-) TimerEvent: {}
[7.628018] (-) TimerEvent: {}
[7.728393] (-) TimerEvent: {}
[7.828732] (-) TimerEvent: {}
[7.929054] (-) TimerEvent: {}
[8.029387] (-) TimerEvent: {}
[8.129710] (-) TimerEvent: {}
[8.230005] (-) TimerEvent: {}
[8.330307] (-) TimerEvent: {}
[8.430627] (-) TimerEvent: {}
[8.530948] (-) TimerEvent: {}
[8.631328] (-) TimerEvent: {}
[8.731631] (-) TimerEvent: {}
[8.831918] (-) TimerEvent: {}
[8.932238] (-) TimerEvent: {}
[9.032593] (-) TimerEvent: {}
[9.132952] (-) TimerEvent: {}
[9.233239] (-) TimerEvent: {}
[9.333526] (-) TimerEvent: {}
[9.433874] (-) TimerEvent: {}
[9.534187] (-) TimerEvent: {}
[9.634513] (-) TimerEvent: {}
[9.734861] (-) TimerEvent: {}
[9.835187] (-) TimerEvent: {}
[9.935485] (-) TimerEvent: {}
[10.035840] (-) TimerEvent: {}
[10.136175] (-) TimerEvent: {}
[10.236503] (-) TimerEvent: {}
[10.336806] (-) TimerEvent: {}
[10.437157] (-) TimerEvent: {}
[10.537508] (-) TimerEvent: {}
[10.637845] (-) TimerEvent: {}
[10.738189] (-) TimerEvent: {}
[10.838518] (-) TimerEvent: {}
[10.938852] (-) TimerEvent: {}
[11.039175] (-) TimerEvent: {}
[11.139491] (-) TimerEvent: {}
[11.239845] (-) TimerEvent: {}
[11.340196] (-) TimerEvent: {}
[11.440521] (-) TimerEvent: {}
[11.465523] (bt_behavior) StdoutLine: {'line': b'9: [INFO] [1646641966.071933408] [move_btn_node]: navigation Suceeded\n'}
[11.540702] (-) TimerEvent: {}
[11.571276] (bt_behavior) StdoutLine: {'line': b'9: [       OK ] bt_action.move_btn (6336 ms)\n'}
[11.571542] (bt_behavior) StdoutLine: {'line': b'9: [----------] 2 tests from bt_action (6368 ms total)\n'}
[11.571674] (bt_behavior) StdoutLine: {'line': b'9: \n'}
[11.571878] (bt_behavior) StdoutLine: {'line': b'9: [----------] Global test environment tear-down\n'}
[11.579936] (bt_behavior) StdoutLine: {'line': b'9: [==========] 2 tests from 1 test case ran. (6368 ms total)\n'}
[11.580702] (bt_behavior) StdoutLine: {'line': b'9: [  PASSED  ] 1 test.\n'}
[11.581592] (bt_behavior) StdoutLine: {'line': b'9: [  FAILED  ] 1 test, listed below:\n'}
[11.582462] (bt_behavior) StdoutLine: {'line': b'9: [  FAILED  ] bt_action.patrol_btn\n'}
[11.582703] (bt_behavior) StdoutLine: {'line': b'9: \n'}
[11.582926] (bt_behavior) StdoutLine: {'line': b'9:  1 FAILED TEST\n'}
[11.585883] (bt_behavior) StdoutLine: {'line': b'9: -- run_test.py: return code 1\n'}
[11.587644] (bt_behavior) StdoutLine: {'line': b"9: -- run_test.py: inject classname prefix into gtest result file '/home/alumnos/josetost/colcon_ws/src/navigation-grupo-dia-libre-1/build/bt_behavior/test_results/bt_behavior/bt_action_test.gtest.xml'\n"}
[11.589767] (bt_behavior) StdoutLine: {'line': b"9: -- run_test.py: verify result file '/home/alumnos/josetost/colcon_ws/src/navigation-grupo-dia-libre-1/build/bt_behavior/test_results/bt_behavior/bt_action_test.gtest.xml'\n"}
[11.603199] (bt_behavior) StdoutLine: {'line': b'9/9 Test #9: bt_action_test ...................***Failed    6.54 sec\n'}
[11.614898] (bt_behavior) StdoutLine: {'line': b'\n'}
[11.615101] (bt_behavior) StdoutLine: {'line': b'56% tests passed\x1b[0;0m, \x1b[0;31m4 tests failed\x1b[0;0m out of 9\n'}
[11.615257] (bt_behavior) StdoutLine: {'line': b'\n'}
[11.615431] (bt_behavior) StdoutLine: {'line': b'Label Time Summary:\n'}
[11.615657] (bt_behavior) StdoutLine: {'line': b'copyright     =   0.52 sec*proc (1 test)\n'}
[11.615862] (bt_behavior) StdoutLine: {'line': b'cppcheck      =   0.52 sec*proc (1 test)\n'}
[11.616523] (bt_behavior) StdoutLine: {'line': b'cpplint       =   0.85 sec*proc (1 test)\n'}
[11.617175] (bt_behavior) StdoutLine: {'line': b'flake8        =   0.69 sec*proc (1 test)\n'}
[11.617445] (bt_behavior) StdoutLine: {'line': b'gtest         =   6.54 sec*proc (1 test)\n'}
[11.618054] (bt_behavior) StdoutLine: {'line': b'lint_cmake    =   0.46 sec*proc (1 test)\n'}
[11.618884] (bt_behavior) StdoutLine: {'line': b'linter        =   4.82 sec*proc (8 tests)\n'}
[11.619176] (bt_behavior) StdoutLine: {'line': b'pep257        =   0.54 sec*proc (1 test)\n'}
[11.619986] (bt_behavior) StdoutLine: {'line': b'uncrustify    =   0.50 sec*proc (1 test)\n'}
[11.620826] (bt_behavior) StdoutLine: {'line': b'xmllint       =   0.74 sec*proc (1 test)\n'}
[11.620977] (bt_behavior) StdoutLine: {'line': b'\n'}
[11.621691] (bt_behavior) StdoutLine: {'line': b'Total Test time (real) =  11.40 sec\n'}
[11.621844] (bt_behavior) StdoutLine: {'line': b'\n'}
[11.622456] (bt_behavior) StdoutLine: {'line': b'The following tests FAILED:\n'}
[11.622591] (bt_behavior) StdoutLine: {'line': b'\t\x1b[0;31m  3 - cpplint (Failed)\x1b[0;0m\n'}
[11.622756] (bt_behavior) StdoutLine: {'line': b'\t\x1b[0;31m  5 - lint_cmake (Failed)\x1b[0;0m\n'}
[11.623330] (bt_behavior) StdoutLine: {'line': b'\t\x1b[0;31m  7 - uncrustify (Failed)\x1b[0;0m\n'}
[11.623470] (bt_behavior) StdoutLine: {'line': b'\t\x1b[0;31m  9 - bt_action_test (Failed)\x1b[0;0m\n'}
[11.640795] (-) TimerEvent: {}
[11.651583] (bt_behavior) StderrLine: {'line': b'Errors while running CTest\n'}
[11.655173] (bt_behavior) CommandEnded: {'returncode': 8}
[11.656435] (bt_behavior) TestFailure: {'identifier': 'bt_behavior'}
[11.656531] (bt_behavior) JobEnded: {'identifier': 'bt_behavior', 'rc': 0}
[11.661928] (-) EventReactorShutdown: {}
