[0.000000] (-) TimerEvent: {}
[0.000188] (bt_behavior) JobQueued: {'identifier': 'bt_behavior', 'dependencies': OrderedDict([('bt_behavior', '/home/alumnos/josetost/colcon_ws/src/navigation-grupo-dia-libre-1/install/bt_behavior')])}
[0.000486] (kobuki_navigation) JobQueued: {'identifier': 'kobuki_navigation', 'dependencies': OrderedDict([('kobuki_navigation', '/home/alumnos/josetost/colcon_ws/src/navigation-grupo-dia-libre-1/install/kobuki_navigation')])}
[0.001723] (bt_behavior) JobStarted: {'identifier': 'bt_behavior'}
[0.099134] (-) TimerEvent: {}
[0.107998] (kobuki_navigation) JobStarted: {'identifier': 'kobuki_navigation'}
[0.167390] (bt_behavior) Command: {'cmd': ['/usr/bin/ctest', '-C', 'Release', '-D', 'ExperimentalTest', '--no-compress-output', '-V', '--force-new-ctest-process'], 'cwd': '/home/alumnos/josetost/colcon_ws/src/navigation-grupo-dia-libre-1/build/bt_behavior', 'env': OrderedDict([('GJS_DEBUG_TOPICS', 'JS ERROR;JS LOG'), ('USER', 'josetost'), ('SSH_AGENT_PID', '101560'), ('XDG_SESSION_TYPE', 'x11'), ('SHLVL', '1'), ('LD_LIBRARY_PATH', '/home/alumnos/josetost/colcon_ws/src/navigation-grupo-dia-libre-1/install/bt_behavior/lib:/usr/lib/x86_64-linux-gnu/gazebo-11/plugins:/opt/ros/foxy/opt/yaml_cpp_vendor/lib:/opt/ros/foxy/opt/rviz_ogre_vendor/lib:/opt/ros/foxy/lib/x86_64-linux-gnu:/opt/ros/foxy/lib'), ('HOME', '/home/alumnos/josetost'), ('OLDPWD', '/home/alumnos/josetost/colcon_ws/src'), ('DESKTOP_SESSION', 'ubuntu'), ('ROS_PYTHON_VERSION', '3'), ('GNOME_SHELL_SESSION_MODE', 'ubuntu'), ('GTK_MODULES', 'gail:atk-bridge'), ('MANAGERPID', '101376'), ('GOROOT', '/usr/lib/go'), ('DBUS_SESSION_BUS_ADDRESS', 'unix:path=/run/user/9374/bus'), ('MESG', 'y'), ('COLORTERM', 'truecolor'), ('MANDATORY_PATH', '/usr/share/gconf/ubuntu.mandatory.path'), ('IM_CONFIG_PHASE', '1'), ('COLCON_PREFIX_PATH', '/home/alumnos/josetost/colcon_ws/install'), ('ROS_DISTRO', 'foxy'), ('LOGNAME', 'josetost'), ('JOURNAL_STREAM', '8:438354'), ('_', '/usr/bin/colcon'), ('ROS_VERSION', '2'), ('XDG_SESSION_CLASS', 'user'), ('DEFAULTS_PATH', '/usr/share/gconf/ubuntu.default.path'), ('USERNAME', 'josetost'), ('TERM', 'xterm-256color'), ('GNOME_DESKTOP_SESSION_ID', 'this-is-deprecated'), ('ROS_LOCALHOST_ONLY', '0'), ('WINDOWPATH', '2'), ('PATH', '/opt/ros/foxy/bin:/usr/local/sbin:/usr/local/bin:/usr/sbin:/usr/bin:/sbin:/bin:/usr/games:/usr/local/games:/usr/lib/go/bin:/opt/puppetlabs/bin/:./'), ('SESSION_MANAGER', 'local/f-l3210-pc24:@/tmp/.ICE-unix/101600,unix/f-l3210-pc24:/tmp/.ICE-unix/101600'), ('INVOCATION_ID', 'efc7516a5ce74a559c7c41caa41e7e04'), ('XDG_MENU_PREFIX', 'gnome-'), ('GNOME_TERMINAL_SCREEN', '/org/gnome/Terminal/screen/3a0758d9_5180_400d_b53e_98a4498e02ac'), ('XDG_RUNTIME_DIR', '/run/user/9374'), ('DISPLAY', ':0'), ('LANG', 'es_ES.UTF-8'), ('XDG_CURRENT_DESKTOP', 'ubuntu:GNOME'), ('XMODIFIERS', '@im=ibus'), ('XDG_SESSION_DESKTOP', 'ubuntu'), ('XAUTHORITY', '/run/user/9374/gdm/Xauthority'), ('GNOME_TERMINAL_SERVICE', ':1.109'), ('SSH_AUTH_SOCK', '/run/user/9374/keyring/ssh'), ('ROS_DOMAIN_ID', '22'), ('AMENT_PREFIX_PATH', '/home/alumnos/josetost/colcon_ws/src/navigation-grupo-dia-libre-1/install/bt_behavior:/opt/ros/foxy'), ('SHELL', '/bin/bash'), ('QT_ACCESSIBILITY', '1'), ('ROS_MASTER_URI', 'http://f-l3202-pc24:11332/'), ('GDMSESSION', 'ubuntu'), ('GPG_AGENT_INFO', '/run/user/9374/gnupg/S.gpg-agent:0:1'), ('GJS_DEBUG_OUTPUT', 'stderr'), ('QT_IM_MODULE', 'ibus'), ('PWD', '/home/alumnos/josetost/colcon_ws/src/navigation-grupo-dia-libre-1/build/bt_behavior'), ('XDG_CONFIG_DIRS', '/etc/xdg/xdg-ubuntu:/etc/xdg'), ('XDG_DATA_DIRS', '/usr/share/ubuntu:/usr/local/share/:/usr/share/'), ('PYTHONPATH', '/opt/ros/foxy/lib/python3.8/site-packages'), ('COLCON', '1'), ('MANPATH', ':/opt/puppetlabs/puppet/share/man'), ('VTE_VERSION', '6003'), ('EDITOR', '/usr/bin/vim'), ('CMAKE_PREFIX_PATH', '/home/alumnos/josetost/colcon_ws/src/navigation-grupo-dia-libre-1/install/bt_behavior')]), 'shell': False}
[0.181631] (kobuki_navigation) JobEnded: {'identifier': 'kobuki_navigation', 'rc': 0}
[0.194924] (bt_behavior) StdoutLine: {'line': b'UpdateCTestConfiguration  from :/home/alumnos/josetost/colcon_ws/src/navigation-grupo-dia-libre-1/build/bt_behavior/CTestConfiguration.ini\n'}
[0.195522] (bt_behavior) StdoutLine: {'line': b'Parse Config file:/home/alumnos/josetost/colcon_ws/src/navigation-grupo-dia-libre-1/build/bt_behavior/CTestConfiguration.ini\n'}
[0.196279] (bt_behavior) StdoutLine: {'line': b'   Site: f-l3210-pc24\n'}
[0.196489] (bt_behavior) StdoutLine: {'line': b'   Build name: (empty)\n'}
[0.200933] (-) TimerEvent: {}
[0.201167] (bt_behavior) StdoutLine: {'line': b' Add coverage exclude regular expressions.\n'}
[0.205366] (bt_behavior) StdoutLine: {'line': b'SetCTestConfiguration:CMakeCommand:/usr/bin/cmake\n'}
[0.206119] (bt_behavior) StdoutLine: {'line': b'Create new tag: 20220307-0843 - Experimental\n'}
[0.206445] (bt_behavior) StdoutLine: {'line': b'UpdateCTestConfiguration  from :/home/alumnos/josetost/colcon_ws/src/navigation-grupo-dia-libre-1/build/bt_behavior/CTestConfiguration.ini\n'}
[0.207113] (bt_behavior) StdoutLine: {'line': b'Parse Config file:/home/alumnos/josetost/colcon_ws/src/navigation-grupo-dia-libre-1/build/bt_behavior/CTestConfiguration.ini\n'}
[0.208043] (bt_behavior) StdoutLine: {'line': b'Test project /home/alumnos/josetost/colcon_ws/src/navigation-grupo-dia-libre-1/build/bt_behavior\n'}
[0.208224] (bt_behavior) StdoutLine: {'line': b'Constructing a list of tests\n'}
[0.208882] (bt_behavior) StdoutLine: {'line': b'Done constructing a list of tests\n'}
[0.209066] (bt_behavior) StdoutLine: {'line': b'Updating test list for fixtures\n'}
[0.209734] (bt_behavior) StdoutLine: {'line': b'Added 0 tests to meet fixture requirements\n'}
[0.209921] (bt_behavior) StdoutLine: {'line': b'Checking test dependency graph...\n'}
[0.210555] (bt_behavior) StdoutLine: {'line': b'Checking test dependency graph end\n'}
[0.211496] (bt_behavior) StdoutLine: {'line': b'test 1\n'}
[0.211751] (bt_behavior) StdoutLine: {'line': b'    Start 1: copyright\n'}
[0.212466] (bt_behavior) StdoutLine: {'line': b'\n'}
[0.212692] (bt_behavior) StdoutLine: {'line': b'1: Test command: /usr/bin/python3 "-u" "/opt/ros/foxy/share/ament_cmake_test/cmake/run_test.py" "/home/alumnos/josetost/colcon_ws/src/navigation-grupo-dia-libre-1/build/bt_behavior/test_results/bt_behavior/copyright.xunit.xml" "--package-name" "bt_behavior" "--output-file" "/home/alumnos/josetost/colcon_ws/src/navigation-grupo-dia-libre-1/build/bt_behavior/ament_copyright/copyright.txt" "--command" "/opt/ros/foxy/bin/ament_copyright" "--xunit-file" "/home/alumnos/josetost/colcon_ws/src/navigation-grupo-dia-libre-1/build/bt_behavior/test_results/bt_behavior/copyright.xunit.xml"\n'}
[0.212925] (bt_behavior) StdoutLine: {'line': b'1: Test timeout computed to be: 60\n'}
[0.279941] (bt_behavior) StdoutLine: {'line': b"1: -- run_test.py: invoking following command in '/home/alumnos/josetost/colcon_ws/src/navigation-grupo-dia-libre-1/bt_behavior':\n"}
[0.280210] (bt_behavior) StdoutLine: {'line': b'1:  - /opt/ros/foxy/bin/ament_copyright --xunit-file /home/alumnos/josetost/colcon_ws/src/navigation-grupo-dia-libre-1/build/bt_behavior/test_results/bt_behavior/copyright.xunit.xml\n'}
[0.301030] (-) TimerEvent: {}
[0.401398] (-) TimerEvent: {}
[0.501768] (-) TimerEvent: {}
[0.602146] (-) TimerEvent: {}
[0.702508] (-) TimerEvent: {}
[0.734522] (bt_behavior) StdoutLine: {'line': b'1: No problems found, checked 12 files\n'}
[0.750486] (bt_behavior) StdoutLine: {'line': b'1: -- run_test.py: return code 0\n'}
[0.751815] (bt_behavior) StdoutLine: {'line': b"1: -- run_test.py: verify result file '/home/alumnos/josetost/colcon_ws/src/navigation-grupo-dia-libre-1/build/bt_behavior/test_results/bt_behavior/copyright.xunit.xml'\n"}
[0.764396] (bt_behavior) StdoutLine: {'line': b'1/9 Test #1: copyright ........................   Passed    0.56 sec\n'}
[0.767321] (bt_behavior) StdoutLine: {'line': b'test 2\n'}
[0.767582] (bt_behavior) StdoutLine: {'line': b'    Start 2: cppcheck\n'}
[0.768485] (bt_behavior) StdoutLine: {'line': b'\n'}
[0.769396] (bt_behavior) StdoutLine: {'line': b'2: Test command: /usr/bin/python3 "-u" "/opt/ros/foxy/share/ament_cmake_test/cmake/run_test.py" "/home/alumnos/josetost/colcon_ws/src/navigation-grupo-dia-libre-1/build/bt_behavior/test_results/bt_behavior/cppcheck.xunit.xml" "--package-name" "bt_behavior" "--output-file" "/home/alumnos/josetost/colcon_ws/src/navigation-grupo-dia-libre-1/build/bt_behavior/ament_cppcheck/cppcheck.txt" "--command" "/opt/ros/foxy/bin/ament_cppcheck" "--xunit-file" "/home/alumnos/josetost/colcon_ws/src/navigation-grupo-dia-libre-1/build/bt_behavior/test_results/bt_behavior/cppcheck.xunit.xml" "--include_dirs" "/home/alumnos/josetost/colcon_ws/src/navigation-grupo-dia-libre-1/bt_behavior/include"\n'}
[0.770143] (bt_behavior) StdoutLine: {'line': b'2: Test timeout computed to be: 300\n'}
[0.802614] (-) TimerEvent: {}
[0.840252] (bt_behavior) StdoutLine: {'line': b"2: -- run_test.py: invoking following command in '/home/alumnos/josetost/colcon_ws/src/navigation-grupo-dia-libre-1/bt_behavior':\n"}
[0.840527] (bt_behavior) StdoutLine: {'line': b'2:  - /opt/ros/foxy/bin/ament_cppcheck --xunit-file /home/alumnos/josetost/colcon_ws/src/navigation-grupo-dia-libre-1/build/bt_behavior/test_results/bt_behavior/cppcheck.xunit.xml --include_dirs /home/alumnos/josetost/colcon_ws/src/navigation-grupo-dia-libre-1/bt_behavior/include\n'}
[0.902741] (-) TimerEvent: {}
[1.003163] (-) TimerEvent: {}
[1.103522] (-) TimerEvent: {}
[1.203851] (-) TimerEvent: {}
[1.277799] (bt_behavior) StdoutLine: {'line': b'2: No problems found\n'}
[1.297360] (bt_behavior) StdoutLine: {'line': b'2: -- run_test.py: return code 0\n'}
[1.298782] (bt_behavior) StdoutLine: {'line': b"2: -- run_test.py: verify result file '/home/alumnos/josetost/colcon_ws/src/navigation-grupo-dia-libre-1/build/bt_behavior/test_results/bt_behavior/cppcheck.xunit.xml'\n"}
[1.303991] (-) TimerEvent: {}
[1.312046] (bt_behavior) StdoutLine: {'line': b'2/9 Test #2: cppcheck .........................   Passed    0.54 sec\n'}
[1.314053] (bt_behavior) StdoutLine: {'line': b'test 3\n'}
[1.314367] (bt_behavior) StdoutLine: {'line': b'    Start 3: cpplint\n'}
[1.314963] (bt_behavior) StdoutLine: {'line': b'\n'}
[1.315119] (bt_behavior) StdoutLine: {'line': b'3: Test command: /usr/bin/python3 "-u" "/opt/ros/foxy/share/ament_cmake_test/cmake/run_test.py" "/home/alumnos/josetost/colcon_ws/src/navigation-grupo-dia-libre-1/build/bt_behavior/test_results/bt_behavior/cpplint.xunit.xml" "--package-name" "bt_behavior" "--output-file" "/home/alumnos/josetost/colcon_ws/src/navigation-grupo-dia-libre-1/build/bt_behavior/ament_cpplint/cpplint.txt" "--command" "/opt/ros/foxy/bin/ament_cpplint" "--xunit-file" "/home/alumnos/josetost/colcon_ws/src/navigation-grupo-dia-libre-1/build/bt_behavior/test_results/bt_behavior/cpplint.xunit.xml"\n'}
[1.315675] (bt_behavior) StdoutLine: {'line': b'3: Test timeout computed to be: 120\n'}
[1.389048] (bt_behavior) StdoutLine: {'line': b"3: -- run_test.py: invoking following command in '/home/alumnos/josetost/colcon_ws/src/navigation-grupo-dia-libre-1/bt_behavior':\n"}
[1.389397] (bt_behavior) StdoutLine: {'line': b'3:  - /opt/ros/foxy/bin/ament_cpplint --xunit-file /home/alumnos/josetost/colcon_ws/src/navigation-grupo-dia-libre-1/build/bt_behavior/test_results/bt_behavior/cpplint.xunit.xml\n'}
[1.404098] (-) TimerEvent: {}
[1.504505] (-) TimerEvent: {}
[1.604816] (-) TimerEvent: {}
[1.705180] (-) TimerEvent: {}
[1.805566] (-) TimerEvent: {}
[1.905953] (-) TimerEvent: {}
[2.006326] (-) TimerEvent: {}
[2.106685] (-) TimerEvent: {}
[2.171663] (bt_behavior) StdoutLine: {'line': b'3: /home/alumnos/josetost/colcon_ws/src/navigation-grupo-dia-libre-1/bt_behavior/include/bt_behavior/GetNextWaypoint.hpp:25:  Found C++ system header after other header. Should be: GetNextWaypoint.h, c system, c++ system, other.  [build/include_order] [4]\n'}
[2.171958] (bt_behavior) StdoutLine: {'line': b'3: /home/alumnos/josetost/colcon_ws/src/navigation-grupo-dia-libre-1/bt_behavior/include/bt_behavior/GetNextWaypoint.hpp:55:  Redundant blank line at the end of a code block should be deleted.  [whitespace/blank_line] [3]\n'}
[2.172077] (bt_behavior) StdoutLine: {'line': b'3: /home/alumnos/josetost/colcon_ws/src/navigation-grupo-dia-libre-1/bt_behavior/include/bt_behavior/IsRaceFinished.hpp:26:  Found C++ system header after other header. Should be: IsRaceFinished.h, c system, c++ system, other.  [build/include_order] [4]\n'}
[2.172202] (bt_behavior) StdoutLine: {'line': b'3: /home/alumnos/josetost/colcon_ws/src/navigation-grupo-dia-libre-1/bt_behavior/src/nav_wp.cpp:32:  Should have a space between // and comment  [whitespace/comments] [4]\n'}
[2.172433] (bt_behavior) StdoutLine: {'line': b'3: /home/alumnos/josetost/colcon_ws/src/navigation-grupo-dia-libre-1/bt_behavior/src/nav_wp.cpp:49:  Should have a space between // and comment  [whitespace/comments] [4]\n'}
[2.172828] (bt_behavior) StdoutLine: {'line': b'3: /home/alumnos/josetost/colcon_ws/src/navigation-grupo-dia-libre-1/bt_behavior/src/nav_wp.cpp:58:  Should have a space between // and comment  [whitespace/comments] [4]\n'}
[2.172944] (bt_behavior) StdoutLine: {'line': b'3: /home/alumnos/josetost/colcon_ws/src/navigation-grupo-dia-libre-1/bt_behavior/src/nav_wp.cpp:63:  Should have a space between // and comment  [whitespace/comments] [4]\n'}
[2.173055] (bt_behavior) StdoutLine: {'line': b'3: /home/alumnos/josetost/colcon_ws/src/navigation-grupo-dia-libre-1/bt_behavior/src/nav_wp.cpp:42:  Add #include <vector> for vector<>  [build/include_what_you_use] [4]\n'}
[2.173162] (bt_behavior) StdoutLine: {'line': b'3: /home/alumnos/josetost/colcon_ws/src/navigation-grupo-dia-libre-1/bt_behavior/src/nav_wp.cpp:94:  Could not find a newline character at the end of the file.  [whitespace/ending_newline] [5]\n'}
[2.173266] (bt_behavior) StdoutLine: {'line': b'3: /home/alumnos/josetost/colcon_ws/src/navigation-grupo-dia-libre-1/bt_behavior/src/bt_behavior/GetNextWaypoint.cpp:27:  "rclcpp/rclcpp.hpp" already included at /home/alumnos/josetost/colcon_ws/src/navigation-grupo-dia-libre-1/bt_behavior/src/bt_behavior/GetNextWaypoint.cpp:24  [build/include] [4]\n'}
[2.173382] (bt_behavior) StdoutLine: {'line': b'3: /home/alumnos/josetost/colcon_ws/src/navigation-grupo-dia-libre-1/bt_behavior/src/bt_behavior/GetNextWaypoint.cpp:29:  Found C++ system header after other header. Should be: GetNextWaypoint.h, c system, c++ system, other.  [build/include_order] [4]\n'}
[2.173650] (bt_behavior) StdoutLine: {'line': b'3: /home/alumnos/josetost/colcon_ws/src/navigation-grupo-dia-libre-1/bt_behavior/src/bt_behavior/GetNextWaypoint.cpp:31:  "nav_msgs/msg/occupancy_grid.hpp" already included at /home/alumnos/josetost/colcon_ws/src/navigation-grupo-dia-libre-1/bt_behavior/src/bt_behavior/GetNextWaypoint.cpp:25  [build/include] [4]\n'}
[2.173851] (bt_behavior) StdoutLine: {'line': b'3: /home/alumnos/josetost/colcon_ws/src/navigation-grupo-dia-libre-1/bt_behavior/src/bt_behavior/GetNextWaypoint.cpp:32:  "std_msgs/msg/string.hpp" already included at /home/alumnos/josetost/colcon_ws/src/navigation-grupo-dia-libre-1/bt_behavior/src/bt_behavior/GetNextWaypoint.cpp:28  [build/include] [4]\n'}
[2.174464] (bt_behavior) StdoutLine: {'line': b'3: /home/alumnos/josetost/colcon_ws/src/navigation-grupo-dia-libre-1/bt_behavior/src/bt_behavior/GetNextWaypoint.cpp:33:  "memory" already included at /home/alumnos/josetost/colcon_ws/src/navigation-grupo-dia-libre-1/bt_behavior/src/bt_behavior/GetNextWaypoint.cpp:29  [build/include] [4]\n'}
[2.174569] (bt_behavior) StdoutLine: {'line': b'3: /home/alumnos/josetost/colcon_ws/src/navigation-grupo-dia-libre-1/bt_behavior/src/bt_behavior/GetNextWaypoint.cpp:36:  Should have a space between // and comment  [whitespace/comments] [4]\n'}
[2.175293] (bt_behavior) StdoutLine: {'line': b'3: /home/alumnos/josetost/colcon_ws/src/navigation-grupo-dia-libre-1/bt_behavior/src/bt_behavior/GetNextWaypoint.cpp:42:  Should have a space between // and comment  [whitespace/comments] [4]\n'}
[2.175403] (bt_behavior) StdoutLine: {'line': b'3: /home/alumnos/josetost/colcon_ws/src/navigation-grupo-dia-libre-1/bt_behavior/src/bt_behavior/GetNextWaypoint.cpp:60:  Redundant blank line at the start of a code block should be deleted.  [whitespace/blank_line] [2]\n'}
[2.179613] (bt_behavior) StdoutLine: {'line': b'3: /home/alumnos/josetost/colcon_ws/src/navigation-grupo-dia-libre-1/bt_behavior/src/bt_behavior/GetNextWaypoint.cpp:61:  Should have a space between // and comment  [whitespace/comments] [4]\n'}
[2.179758] (bt_behavior) StdoutLine: {'line': b'3: /home/alumnos/josetost/colcon_ws/src/navigation-grupo-dia-libre-1/bt_behavior/src/bt_behavior/GetNextWaypoint.cpp:78:  Redundant blank line at the start of a code block should be deleted.  [whitespace/blank_line] [2]\n'}
[2.179888] (bt_behavior) StdoutLine: {'line': b'3: /home/alumnos/josetost/colcon_ws/src/navigation-grupo-dia-libre-1/bt_behavior/src/bt_behavior/GetNextWaypoint.cpp:114:  Line ends in whitespace.  Consider deleting these extra spaces.  [whitespace/end_of_line] [4]\n'}
[2.180768] (bt_behavior) StdoutLine: {'line': b'3: /home/alumnos/josetost/colcon_ws/src/navigation-grupo-dia-libre-1/bt_behavior/src/bt_behavior/GetNextWaypoint.cpp:130:  Line ends in whitespace.  Consider deleting these extra spaces.  [whitespace/end_of_line] [4]\n'}
[2.180932] (bt_behavior) StdoutLine: {'line': b'3: /home/alumnos/josetost/colcon_ws/src/navigation-grupo-dia-libre-1/bt_behavior/src/bt_behavior/GetNextWaypoint.cpp:133:  Line ends in whitespace.  Consider deleting these extra spaces.  [whitespace/end_of_line] [4]\n'}
[2.181090] (bt_behavior) StdoutLine: {'line': b'3: /home/alumnos/josetost/colcon_ws/src/navigation-grupo-dia-libre-1/bt_behavior/src/bt_behavior/GetNextWaypoint.cpp:120:  Add #include <vector> for vector<>  [build/include_what_you_use] [4]\n'}
[2.185034] (bt_behavior) StdoutLine: {'line': b'3: /home/alumnos/josetost/colcon_ws/src/navigation-grupo-dia-libre-1/bt_behavior/src/bt_behavior/IsRaceFinished.cpp:48:  Redundant blank line at the start of a code block should be deleted.  [whitespace/blank_line] [2]\n'}
[2.185158] (bt_behavior) StdoutLine: {'line': b'3: /home/alumnos/josetost/colcon_ws/src/navigation-grupo-dia-libre-1/bt_behavior/src/bt_behavior/IsRaceFinished.cpp:52:  Add #include <vector> for vector<>  [build/include_what_you_use] [4]\n'}
[2.185286] (bt_behavior) StdoutLine: {'line': b'3: /home/alumnos/josetost/colcon_ws/src/navigation-grupo-dia-libre-1/bt_behavior/src/bt_behavior/Move.cpp:55:  Lines should be <= 100 characters long  [whitespace/line_length] [2]\n'}
[2.188328] (bt_behavior) StdoutLine: {'line': b'3: /home/alumnos/josetost/colcon_ws/src/navigation-grupo-dia-libre-1/bt_behavior/src/bt_behavior/Move.cpp:57:  Should have a space between // and comment  [whitespace/comments] [4]\n'}
[2.188517] (bt_behavior) StdoutLine: {'line': b'3: /home/alumnos/josetost/colcon_ws/src/navigation-grupo-dia-libre-1/bt_behavior/src/bt_behavior/Move.cpp:58:  Should have a space between // and comment  [whitespace/comments] [4]\n'}
[2.191712] (bt_behavior) StdoutLine: {'line': b'3: /home/alumnos/josetost/colcon_ws/src/navigation-grupo-dia-libre-1/bt_behavior/src/bt_behavior/Move.cpp:60:  Should have a space between // and comment  [whitespace/comments] [4]\n'}
[2.191837] (bt_behavior) StdoutLine: {'line': b'3: /home/alumnos/josetost/colcon_ws/src/navigation-grupo-dia-libre-1/bt_behavior/src/bt_behavior/Move.cpp:71:  Lines should be <= 100 characters long  [whitespace/line_length] [2]\n'}
[2.192499] (bt_behavior) StdoutLine: {'line': b'3: /home/alumnos/josetost/colcon_ws/src/navigation-grupo-dia-libre-1/bt_behavior/src/bt_behavior/Move.cpp:71:  Should have a space between // and comment  [whitespace/comments] [4]\n'}
[2.192729] (bt_behavior) StdoutLine: {'line': b'3: /home/alumnos/josetost/colcon_ws/src/navigation-grupo-dia-libre-1/bt_behavior/src/bt_behavior/Move.cpp:72:  Line ends in whitespace.  Consider deleting these extra spaces.  [whitespace/end_of_line] [4]\n'}
[2.193327] (bt_behavior) StdoutLine: {'line': b'3: /home/alumnos/josetost/colcon_ws/src/navigation-grupo-dia-libre-1/bt_behavior/src/bt_behavior/Move.cpp:73:  Should have a space between // and comment  [whitespace/comments] [4]\n'}
[2.193433] (bt_behavior) StdoutLine: {'line': b'3: /home/alumnos/josetost/colcon_ws/src/navigation-grupo-dia-libre-1/bt_behavior/src/bt_behavior/Move.cpp:74:  Should have a space between // and comment  [whitespace/comments] [4]\n'}
[2.194091] (bt_behavior) StdoutLine: {'line': b'3: /home/alumnos/josetost/colcon_ws/src/navigation-grupo-dia-libre-1/bt_behavior/src/bt_behavior/Move.cpp:76:  Should have a space between // and comment  [whitespace/comments] [4]\n'}
[2.194201] (bt_behavior) StdoutLine: {'line': b'3: /home/alumnos/josetost/colcon_ws/src/navigation-grupo-dia-libre-1/bt_behavior/src/bt_behavior/Move.cpp:87:  Lines should be <= 100 characters long  [whitespace/line_length] [2]\n'}
[2.194336] (bt_behavior) StdoutLine: {'line': b'3: /home/alumnos/josetost/colcon_ws/src/navigation-grupo-dia-libre-1/bt_behavior/src/bt_behavior/Move.cpp:87:  Should have a space between // and comment  [whitespace/comments] [4]\n'}
[2.194939] (bt_behavior) StdoutLine: {'line': b'3: /home/alumnos/josetost/colcon_ws/src/navigation-grupo-dia-libre-1/bt_behavior/src/bt_behavior/Move.cpp:88:  Line ends in whitespace.  Consider deleting these extra spaces.  [whitespace/end_of_line] [4]\n'}
[2.195049] (bt_behavior) StdoutLine: {'line': b'3: /home/alumnos/josetost/colcon_ws/src/navigation-grupo-dia-libre-1/bt_behavior/src/bt_behavior/Move.cpp:89:  Should have a space between // and comment  [whitespace/comments] [4]\n'}
[2.195158] (bt_behavior) StdoutLine: {'line': b'3: /home/alumnos/josetost/colcon_ws/src/navigation-grupo-dia-libre-1/bt_behavior/src/bt_behavior/Move.cpp:90:  Should have a space between // and comment  [whitespace/comments] [4]\n'}
[2.199381] (bt_behavior) StdoutLine: {'line': b'3: /home/alumnos/josetost/colcon_ws/src/navigation-grupo-dia-libre-1/bt_behavior/src/bt_behavior/Move.cpp:92:  Should have a space between // and comment  [whitespace/comments] [4]\n'}
[2.199562] (bt_behavior) StdoutLine: {'line': b"3: Category 'build/include' errors found: 4\n"}
[2.199709] (bt_behavior) StdoutLine: {'line': b"3: Category 'build/include_order' errors found: 3\n"}
[2.200473] (bt_behavior) StdoutLine: {'line': b"3: Category 'build/include_what_you_use' errors found: 3\n"}
[2.200593] (bt_behavior) StdoutLine: {'line': b"3: Category 'whitespace/blank_line' errors found: 4\n"}
[2.201528] (bt_behavior) StdoutLine: {'line': b"3: Category 'whitespace/comments' errors found: 18\n"}
[2.201684] (bt_behavior) StdoutLine: {'line': b"3: Category 'whitespace/end_of_line' errors found: 5\n"}
[2.202598] (bt_behavior) StdoutLine: {'line': b"3: Category 'whitespace/ending_newline' errors found: 1\n"}
[2.203514] (bt_behavior) StdoutLine: {'line': b"3: Category 'whitespace/line_length' errors found: 3\n"}
[2.203784] (bt_behavior) StdoutLine: {'line': b'3: Total errors found: 41\n'}
[2.203986] (bt_behavior) StdoutLine: {'line': b"3: Using '--root=..' argument\n"}
[2.204178] (bt_behavior) StdoutLine: {'line': b'3: \n'}
[2.204376] (bt_behavior) StdoutLine: {'line': b'3: Done processing /home/alumnos/josetost/colcon_ws/src/navigation-grupo-dia-libre-1/bt_behavior/tests/bt_action_test.cpp\n'}
[2.204583] (bt_behavior) StdoutLine: {'line': b'3: \n'}
[2.204750] (bt_behavior) StdoutLine: {'line': b"3: Using '--root=/home/alumnos/josetost/colcon_ws/src/navigation-grupo-dia-libre-1/bt_behavior/include' argument\n"}
[2.204976] (bt_behavior) StdoutLine: {'line': b'3: \n'}
[2.205657] (bt_behavior) StdoutLine: {'line': b'3: Done processing /home/alumnos/josetost/colcon_ws/src/navigation-grupo-dia-libre-1/bt_behavior/include/bt_behavior/GetNextWaypoint.hpp\n'}
[2.205853] (bt_behavior) StdoutLine: {'line': b'3: \n'}
[2.206430] (bt_behavior) StdoutLine: {'line': b'3: Done processing /home/alumnos/josetost/colcon_ws/src/navigation-grupo-dia-libre-1/bt_behavior/include/bt_behavior/IsRaceFinished.hpp\n'}
[2.206637] (bt_behavior) StdoutLine: {'line': b'3: \n'}
[2.207464] (-) TimerEvent: {}
[2.207615] (bt_behavior) StdoutLine: {'line': b'3: Done processing /home/alumnos/josetost/colcon_ws/src/navigation-grupo-dia-libre-1/bt_behavior/include/bt_behavior/Move.hpp\n'}
[2.208218] (bt_behavior) StdoutLine: {'line': b'3: \n'}
[2.208333] (bt_behavior) StdoutLine: {'line': b'3: Done processing /home/alumnos/josetost/colcon_ws/src/navigation-grupo-dia-libre-1/bt_behavior/include/bt_behavior/ctrl_support/BTActionNode.hpp\n'}
[2.208465] (bt_behavior) StdoutLine: {'line': b'3: \n'}
[2.209295] (bt_behavior) StdoutLine: {'line': b'3: Done processing /home/alumnos/josetost/colcon_ws/src/navigation-grupo-dia-libre-1/bt_behavior/include/bt_behavior/ctrl_support/BTLifecycleCtrlNode.hpp\n'}
[2.209406] (bt_behavior) StdoutLine: {'line': b'3: \n'}
[2.210008] (bt_behavior) StdoutLine: {'line': b"3: Using '--root=/home/alumnos/josetost/colcon_ws/src/navigation-grupo-dia-libre-1/bt_behavior/src' argument\n"}
[2.210111] (bt_behavior) StdoutLine: {'line': b'3: \n'}
[2.210629] (bt_behavior) StdoutLine: {'line': b'3: Done processing /home/alumnos/josetost/colcon_ws/src/navigation-grupo-dia-libre-1/bt_behavior/src/nav_wp.cpp\n'}
[2.210736] (bt_behavior) StdoutLine: {'line': b'3: \n'}
[2.211396] (bt_behavior) StdoutLine: {'line': b'3: Done processing /home/alumnos/josetost/colcon_ws/src/navigation-grupo-dia-libre-1/bt_behavior/src/bt_behavior/GetNextWaypoint.cpp\n'}
[2.211510] (bt_behavior) StdoutLine: {'line': b'3: \n'}
[2.211607] (bt_behavior) StdoutLine: {'line': b'3: Done processing /home/alumnos/josetost/colcon_ws/src/navigation-grupo-dia-libre-1/bt_behavior/src/bt_behavior/IsRaceFinished.cpp\n'}
[2.211706] (bt_behavior) StdoutLine: {'line': b'3: \n'}
[2.212187] (bt_behavior) StdoutLine: {'line': b'3: Done processing /home/alumnos/josetost/colcon_ws/src/navigation-grupo-dia-libre-1/bt_behavior/src/bt_behavior/Move.cpp\n'}
[2.212286] (bt_behavior) StdoutLine: {'line': b'3: \n'}
[2.212399] (bt_behavior) StdoutLine: {'line': b'3: -- run_test.py: return code 1\n'}
[2.212991] (bt_behavior) StdoutLine: {'line': b"3: -- run_test.py: verify result file '/home/alumnos/josetost/colcon_ws/src/navigation-grupo-dia-libre-1/build/bt_behavior/test_results/bt_behavior/cpplint.xunit.xml'\n"}
[2.220780] (bt_behavior) StdoutLine: {'line': b'3/9 Test #3: cpplint ..........................***Failed    0.91 sec\n'}
[2.222328] (bt_behavior) StdoutLine: {'line': b'test 4\n'}
[2.222611] (bt_behavior) StdoutLine: {'line': b'    Start 4: flake8\n'}
[2.222784] (bt_behavior) StdoutLine: {'line': b'\n'}
[2.223513] (bt_behavior) StdoutLine: {'line': b'4: Test command: /usr/bin/python3 "-u" "/opt/ros/foxy/share/ament_cmake_test/cmake/run_test.py" "/home/alumnos/josetost/colcon_ws/src/navigation-grupo-dia-libre-1/build/bt_behavior/test_results/bt_behavior/flake8.xunit.xml" "--package-name" "bt_behavior" "--output-file" "/home/alumnos/josetost/colcon_ws/src/navigation-grupo-dia-libre-1/build/bt_behavior/ament_flake8/flake8.txt" "--command" "/opt/ros/foxy/bin/ament_flake8" "--xunit-file" "/home/alumnos/josetost/colcon_ws/src/navigation-grupo-dia-libre-1/build/bt_behavior/test_results/bt_behavior/flake8.xunit.xml"\n'}
[2.223627] (bt_behavior) StdoutLine: {'line': b'4: Test timeout computed to be: 60\n'}
[2.298528] (bt_behavior) StdoutLine: {'line': b"4: -- run_test.py: invoking following command in '/home/alumnos/josetost/colcon_ws/src/navigation-grupo-dia-libre-1/bt_behavior':\n"}
[2.298728] (bt_behavior) StdoutLine: {'line': b'4:  - /opt/ros/foxy/bin/ament_flake8 --xunit-file /home/alumnos/josetost/colcon_ws/src/navigation-grupo-dia-libre-1/build/bt_behavior/test_results/bt_behavior/flake8.xunit.xml\n'}
[2.307562] (-) TimerEvent: {}
[2.407888] (-) TimerEvent: {}
[2.508266] (-) TimerEvent: {}
[2.608596] (-) TimerEvent: {}
[2.708935] (-) TimerEvent: {}
[2.809288] (-) TimerEvent: {}
[2.895831] (bt_behavior) StdoutLine: {'line': b'4: \n'}
[2.896032] (bt_behavior) StdoutLine: {'line': b'4: 1 files checked\n'}
[2.896138] (bt_behavior) StdoutLine: {'line': b'4: No problems found\n'}
[2.896474] (bt_behavior) StdoutLine: {'line': b'4: \n'}
[2.896644] (bt_behavior) StdoutLine: {'line': b'4: Checked files:\n'}
[2.896763] (bt_behavior) StdoutLine: {'line': b'4: \n'}
[2.896876] (bt_behavior) StdoutLine: {'line': b'4: * ./launch/patrolling.launch.py\n'}
[2.909402] (-) TimerEvent: {}
[2.923919] (bt_behavior) StdoutLine: {'line': b'4: -- run_test.py: return code 0\n'}
[2.925366] (bt_behavior) StdoutLine: {'line': b"4: -- run_test.py: verify result file '/home/alumnos/josetost/colcon_ws/src/navigation-grupo-dia-libre-1/build/bt_behavior/test_results/bt_behavior/flake8.xunit.xml'\n"}
[2.936664] (bt_behavior) StdoutLine: {'line': b'4/9 Test #4: flake8 ...........................   Passed    0.71 sec\n'}
[2.942263] (bt_behavior) StdoutLine: {'line': b'test 5\n'}
[2.942450] (bt_behavior) StdoutLine: {'line': b'    Start 5: lint_cmake\n'}
[2.942672] (bt_behavior) StdoutLine: {'line': b'\n'}
[2.943188] (bt_behavior) StdoutLine: {'line': b'5: Test command: /usr/bin/python3 "-u" "/opt/ros/foxy/share/ament_cmake_test/cmake/run_test.py" "/home/alumnos/josetost/colcon_ws/src/navigation-grupo-dia-libre-1/build/bt_behavior/test_results/bt_behavior/lint_cmake.xunit.xml" "--package-name" "bt_behavior" "--output-file" "/home/alumnos/josetost/colcon_ws/src/navigation-grupo-dia-libre-1/build/bt_behavior/ament_lint_cmake/lint_cmake.txt" "--command" "/opt/ros/foxy/bin/ament_lint_cmake" "--xunit-file" "/home/alumnos/josetost/colcon_ws/src/navigation-grupo-dia-libre-1/build/bt_behavior/test_results/bt_behavior/lint_cmake.xunit.xml"\n'}
[2.943321] (bt_behavior) StdoutLine: {'line': b'5: Test timeout computed to be: 60\n'}
[3.009540] (-) TimerEvent: {}
[3.013762] (bt_behavior) StdoutLine: {'line': b"5: -- run_test.py: invoking following command in '/home/alumnos/josetost/colcon_ws/src/navigation-grupo-dia-libre-1/bt_behavior':\n"}
[3.013983] (bt_behavior) StdoutLine: {'line': b'5:  - /opt/ros/foxy/bin/ament_lint_cmake --xunit-file /home/alumnos/josetost/colcon_ws/src/navigation-grupo-dia-libre-1/build/bt_behavior/test_results/bt_behavior/lint_cmake.xunit.xml\n'}
[3.109641] (-) TimerEvent: {}
[3.209963] (-) TimerEvent: {}
[3.310302] (-) TimerEvent: {}
[3.389963] (bt_behavior) StdoutLine: {'line': b'5: CMakeLists.txt:40: Line ends in whitespace [whitespace/eol]\n'}
[3.390546] (bt_behavior) StdoutLine: {'line': b'5: \n'}
[3.390871] (bt_behavior) StdoutLine: {'line': b'5: \n'}
[3.391940] (bt_behavior) StdoutLine: {'line': b'5: 1 errors\n'}
[3.402744] (bt_behavior) StdoutLine: {'line': b'5: -- run_test.py: return code 1\n'}
[3.404171] (bt_behavior) StdoutLine: {'line': b"5: -- run_test.py: verify result file '/home/alumnos/josetost/colcon_ws/src/navigation-grupo-dia-libre-1/build/bt_behavior/test_results/bt_behavior/lint_cmake.xunit.xml'\n"}
[3.410410] (-) TimerEvent: {}
[3.417477] (bt_behavior) StdoutLine: {'line': b'5/9 Test #5: lint_cmake .......................***Failed    0.47 sec\n'}
[3.419459] (bt_behavior) StdoutLine: {'line': b'test 6\n'}
[3.419909] (bt_behavior) StdoutLine: {'line': b'    Start 6: pep257\n'}
[3.420480] (bt_behavior) StdoutLine: {'line': b'\n'}
[3.420686] (bt_behavior) StdoutLine: {'line': b'6: Test command: /usr/bin/python3 "-u" "/opt/ros/foxy/share/ament_cmake_test/cmake/run_test.py" "/home/alumnos/josetost/colcon_ws/src/navigation-grupo-dia-libre-1/build/bt_behavior/test_results/bt_behavior/pep257.xunit.xml" "--package-name" "bt_behavior" "--output-file" "/home/alumnos/josetost/colcon_ws/src/navigation-grupo-dia-libre-1/build/bt_behavior/ament_pep257/pep257.txt" "--command" "/opt/ros/foxy/bin/ament_pep257" "--xunit-file" "/home/alumnos/josetost/colcon_ws/src/navigation-grupo-dia-libre-1/build/bt_behavior/test_results/bt_behavior/pep257.xunit.xml"\n'}
[3.421419] (bt_behavior) StdoutLine: {'line': b'6: Test timeout computed to be: 60\n'}
[3.495991] (bt_behavior) StdoutLine: {'line': b"6: -- run_test.py: invoking following command in '/home/alumnos/josetost/colcon_ws/src/navigation-grupo-dia-libre-1/bt_behavior':\n"}
[3.496195] (bt_behavior) StdoutLine: {'line': b'6:  - /opt/ros/foxy/bin/ament_pep257 --xunit-file /home/alumnos/josetost/colcon_ws/src/navigation-grupo-dia-libre-1/build/bt_behavior/test_results/bt_behavior/pep257.xunit.xml\n'}
[3.510534] (-) TimerEvent: {}
[3.610848] (-) TimerEvent: {}
[3.711168] (-) TimerEvent: {}
[3.811494] (-) TimerEvent: {}
[3.903052] (bt_behavior) StdoutLine: {'line': b'6: checking ./launch/patrolling.launch.py\n'}
[3.903422] (bt_behavior) StdoutLine: {'line': b'6: No problems found\n'}
[3.911662] (-) TimerEvent: {}
[3.927220] (bt_behavior) StdoutLine: {'line': b'6: -- run_test.py: return code 0\n'}
[3.928810] (bt_behavior) StdoutLine: {'line': b"6: -- run_test.py: verify result file '/home/alumnos/josetost/colcon_ws/src/navigation-grupo-dia-libre-1/build/bt_behavior/test_results/bt_behavior/pep257.xunit.xml'\n"}
[3.940469] (bt_behavior) StdoutLine: {'line': b'6/9 Test #6: pep257 ...........................   Passed    0.52 sec\n'}
[3.942695] (bt_behavior) StdoutLine: {'line': b'test 7\n'}
[3.943237] (bt_behavior) StdoutLine: {'line': b'    Start 7: uncrustify\n'}
[3.943360] (bt_behavior) StdoutLine: {'line': b'\n'}
[3.943476] (bt_behavior) StdoutLine: {'line': b'7: Test command: /usr/bin/python3 "-u" "/opt/ros/foxy/share/ament_cmake_test/cmake/run_test.py" "/home/alumnos/josetost/colcon_ws/src/navigation-grupo-dia-libre-1/build/bt_behavior/test_results/bt_behavior/uncrustify.xunit.xml" "--package-name" "bt_behavior" "--output-file" "/home/alumnos/josetost/colcon_ws/src/navigation-grupo-dia-libre-1/build/bt_behavior/ament_uncrustify/uncrustify.txt" "--command" "/opt/ros/foxy/bin/ament_uncrustify" "--xunit-file" "/home/alumnos/josetost/colcon_ws/src/navigation-grupo-dia-libre-1/build/bt_behavior/test_results/bt_behavior/uncrustify.xunit.xml"\n'}
[3.944250] (bt_behavior) StdoutLine: {'line': b'7: Test timeout computed to be: 60\n'}
[4.011753] (-) TimerEvent: {}
[4.022735] (bt_behavior) StdoutLine: {'line': b"7: -- run_test.py: invoking following command in '/home/alumnos/josetost/colcon_ws/src/navigation-grupo-dia-libre-1/bt_behavior':\n"}
[4.023060] (bt_behavior) StdoutLine: {'line': b'7:  - /opt/ros/foxy/bin/ament_uncrustify --xunit-file /home/alumnos/josetost/colcon_ws/src/navigation-grupo-dia-libre-1/build/bt_behavior/test_results/bt_behavior/uncrustify.xunit.xml\n'}
[4.111854] (-) TimerEvent: {}
[4.212175] (-) TimerEvent: {}
[4.312454] (-) TimerEvent: {}
[4.412844] (-) TimerEvent: {}
[4.425004] (bt_behavior) StdoutLine: {'line': b"7: Code style divergence in file 'src/bt_behavior/GetNextWaypoint.cpp':\n"}
[4.425301] (bt_behavior) StdoutLine: {'line': b'7: \n'}
[4.425503] (bt_behavior) StdoutLine: {'line': b'7: --- src/bt_behavior/GetNextWaypoint.cpp\n'}
[4.426003] (bt_behavior) StdoutLine: {'line': b'7: +++ src/bt_behavior/GetNextWaypoint.cpp.uncrustify\n'}
[4.426207] (bt_behavior) StdoutLine: {'line': b'7: @@ -114 +114 @@\n'}
[4.426526] (bt_behavior) StdoutLine: {'line': b'7: -{ \n'}
[4.426855] (bt_behavior) StdoutLine: {'line': b'7: +{\n'}
[4.427368] (bt_behavior) StdoutLine: {'line': b'7: @@ -128 +128 @@\n'}
[4.428397] (bt_behavior) StdoutLine: {'line': b'7: -  "]" << std::endl;\n'}
[4.434639] (bt_behavior) StdoutLine: {'line': b'7: +    "]" << std::endl;\n'}
[4.435379] (bt_behavior) StdoutLine: {'line': b'7: @@ -130 +130 @@\n'}
[4.435589] (bt_behavior) StdoutLine: {'line': b'7: -  \n'}
[4.436355] (bt_behavior) StdoutLine: {'line': b'7: +\n'}
[4.437045] (bt_behavior) StdoutLine: {'line': b'7: @@ -133 +133 @@\n'}
[4.437249] (bt_behavior) StdoutLine: {'line': b'7: -  \n'}
[4.437772] (bt_behavior) StdoutLine: {'line': b'7: +\n'}
[4.437972] (bt_behavior) StdoutLine: {'line': b'7: \n'}
[4.438938] (bt_behavior) StdoutLine: {'line': b"7: Code style divergence in file 'src/bt_behavior/Move.cpp':\n"}
[4.439146] (bt_behavior) StdoutLine: {'line': b'7: \n'}
[4.439336] (bt_behavior) StdoutLine: {'line': b'7: --- src/bt_behavior/Move.cpp\n'}
[4.439526] (bt_behavior) StdoutLine: {'line': b'7: +++ src/bt_behavior/Move.cpp.uncrustify\n'}
[4.439716] (bt_behavior) StdoutLine: {'line': b'7: @@ -60 +60 @@\n'}
[4.439897] (bt_behavior) StdoutLine: {'line': b'7: - //success_pub->publish(beep);\n'}
[4.440078] (bt_behavior) StdoutLine: {'line': b'7: +  //success_pub->publish(beep);\n'}
[4.440749] (bt_behavior) StdoutLine: {'line': b'7: @@ -72 +72 @@\n'}
[4.440901] (bt_behavior) StdoutLine: {'line': b'7: - \n'}
[4.441505] (bt_behavior) StdoutLine: {'line': b'7: +\n'}
[4.441650] (bt_behavior) StdoutLine: {'line': b'7: @@ -88 +88 @@\n'}
[4.442310] (bt_behavior) StdoutLine: {'line': b'7: - \n'}
[4.443077] (bt_behavior) StdoutLine: {'line': b'7: +\n'}
[4.443232] (bt_behavior) StdoutLine: {'line': b'7: \n'}
[4.443464] (bt_behavior) StdoutLine: {'line': b"7: Code style divergence in file 'src/nav_wp.cpp':\n"}
[4.444152] (bt_behavior) StdoutLine: {'line': b'7: \n'}
[4.444855] (bt_behavior) StdoutLine: {'line': b'7: --- src/nav_wp.cpp\n'}
[4.444970] (bt_behavior) StdoutLine: {'line': b'7: +++ src/nav_wp.cpp.uncrustify\n'}
[4.445505] (bt_behavior) StdoutLine: {'line': b'7: @@ -94 +94 @@\n'}
[4.445610] (bt_behavior) StdoutLine: {'line': b'7: -// ros2 run pkg node --ros-args --params-file ruta absoluta\n'}
[4.446195] (bt_behavior) StdoutLine: {'line': b'7: +// ros2 run pkg node --ros-args --params-file ruta absoluta\n'}
[4.446358] (bt_behavior) StdoutLine: {'line': b'7: \n'}
[4.446491] (bt_behavior) StdoutLine: {'line': b'7: 3 files with code style divergence\n'}
[4.447063] (bt_behavior) StdoutLine: {'line': b"7: No code style divergence in file 'include/bt_behavior/GetNextWaypoint.hpp'\n"}
[4.447713] (bt_behavior) StdoutLine: {'line': b'7: \n'}
[4.447827] (bt_behavior) StdoutLine: {'line': b"7: No code style divergence in file 'include/bt_behavior/IsRaceFinished.hpp'\n"}
[4.448611] (bt_behavior) StdoutLine: {'line': b'7: \n'}
[4.449383] (bt_behavior) StdoutLine: {'line': b"7: No code style divergence in file 'include/bt_behavior/Move.hpp'\n"}
[4.449562] (bt_behavior) StdoutLine: {'line': b'7: \n'}
[4.449698] (bt_behavior) StdoutLine: {'line': b"7: No code style divergence in file 'include/bt_behavior/ctrl_support/BTActionNode.hpp'\n"}
[4.450249] (bt_behavior) StdoutLine: {'line': b'7: \n'}
[4.450389] (bt_behavior) StdoutLine: {'line': b"7: No code style divergence in file 'include/bt_behavior/ctrl_support/BTLifecycleCtrlNode.hpp'\n"}
[4.450873] (bt_behavior) StdoutLine: {'line': b'7: \n'}
[4.451003] (bt_behavior) StdoutLine: {'line': b"7: No code style divergence in file 'src/bt_behavior/IsRaceFinished.cpp'\n"}
[4.451530] (bt_behavior) StdoutLine: {'line': b'7: \n'}
[4.451657] (bt_behavior) StdoutLine: {'line': b"7: No code style divergence in file 'tests/bt_action_test.cpp'\n"}
[4.452326] (bt_behavior) StdoutLine: {'line': b'7: \n'}
[4.452519] (bt_behavior) StdoutLine: {'line': b'7: -- run_test.py: return code 1\n'}
[4.453102] (bt_behavior) StdoutLine: {'line': b"7: -- run_test.py: verify result file '/home/alumnos/josetost/colcon_ws/src/navigation-grupo-dia-libre-1/build/bt_behavior/test_results/bt_behavior/uncrustify.xunit.xml'\n"}
[4.456814] (bt_behavior) StdoutLine: {'line': b'7/9 Test #7: uncrustify .......................***Failed    0.51 sec\n'}
[4.458085] (bt_behavior) StdoutLine: {'line': b'test 8\n'}
[4.458747] (bt_behavior) StdoutLine: {'line': b'    Start 8: xmllint\n'}
[4.458895] (bt_behavior) StdoutLine: {'line': b'\n'}
[4.459436] (bt_behavior) StdoutLine: {'line': b'8: Test command: /usr/bin/python3 "-u" "/opt/ros/foxy/share/ament_cmake_test/cmake/run_test.py" "/home/alumnos/josetost/colcon_ws/src/navigation-grupo-dia-libre-1/build/bt_behavior/test_results/bt_behavior/xmllint.xunit.xml" "--package-name" "bt_behavior" "--output-file" "/home/alumnos/josetost/colcon_ws/src/navigation-grupo-dia-libre-1/build/bt_behavior/ament_xmllint/xmllint.txt" "--command" "/opt/ros/foxy/bin/ament_xmllint" "--xunit-file" "/home/alumnos/josetost/colcon_ws/src/navigation-grupo-dia-libre-1/build/bt_behavior/test_results/bt_behavior/xmllint.xunit.xml"\n'}
[4.459589] (bt_behavior) StdoutLine: {'line': b'8: Test timeout computed to be: 60\n'}
[4.512941] (-) TimerEvent: {}
[4.530933] (bt_behavior) StdoutLine: {'line': b"8: -- run_test.py: invoking following command in '/home/alumnos/josetost/colcon_ws/src/navigation-grupo-dia-libre-1/bt_behavior':\n"}
[4.531164] (bt_behavior) StdoutLine: {'line': b'8:  - /opt/ros/foxy/bin/ament_xmllint --xunit-file /home/alumnos/josetost/colcon_ws/src/navigation-grupo-dia-libre-1/build/bt_behavior/test_results/bt_behavior/xmllint.xunit.xml\n'}
[4.613048] (-) TimerEvent: {}
[4.713368] (-) TimerEvent: {}
[4.813692] (-) TimerEvent: {}
[4.914025] (-) TimerEvent: {}
[5.014432] (-) TimerEvent: {}
[5.114821] (-) TimerEvent: {}
[5.149544] (bt_behavior) StdoutLine: {'line': b"8: File 'package.xml' is valid\n"}
[5.149775] (bt_behavior) StdoutLine: {'line': b'8: \n'}
[5.149903] (bt_behavior) StdoutLine: {'line': b"8: File 'behavior_tree_xml/behavior.xml' is valid\n"}
[5.150137] (bt_behavior) StdoutLine: {'line': b'8: \n'}
[5.150275] (bt_behavior) StdoutLine: {'line': b'8: No problems found\n'}
[5.165211] (bt_behavior) StdoutLine: {'line': b'8: -- run_test.py: return code 0\n'}
[5.166457] (bt_behavior) StdoutLine: {'line': b"8: -- run_test.py: verify result file '/home/alumnos/josetost/colcon_ws/src/navigation-grupo-dia-libre-1/build/bt_behavior/test_results/bt_behavior/xmllint.xunit.xml'\n"}
[5.177719] (bt_behavior) StdoutLine: {'line': b'8/9 Test #8: xmllint ..........................   Passed    0.72 sec\n'}
[5.179845] (bt_behavior) StdoutLine: {'line': b'test 9\n'}
[5.180410] (bt_behavior) StdoutLine: {'line': b'    Start 9: bt_action_test\n'}
[5.181079] (bt_behavior) StdoutLine: {'line': b'\n'}
[5.181213] (bt_behavior) StdoutLine: {'line': b'9: Test command: /usr/bin/python3 "-u" "/opt/ros/foxy/share/ament_cmake_test/cmake/run_test.py" "/home/alumnos/josetost/colcon_ws/src/navigation-grupo-dia-libre-1/build/bt_behavior/test_results/bt_behavior/bt_action_test.gtest.xml" "--package-name" "bt_behavior" "--output-file" "/home/alumnos/josetost/colcon_ws/src/navigation-grupo-dia-libre-1/build/bt_behavior/ament_cmake_gtest/bt_action_test.txt" "--command" "/home/alumnos/josetost/colcon_ws/src/navigation-grupo-dia-libre-1/build/bt_behavior/tests/bt_action_test" "--gtest_output=xml:/home/alumnos/josetost/colcon_ws/src/navigation-grupo-dia-libre-1/build/bt_behavior/test_results/bt_behavior/bt_action_test.gtest.xml"\n'}
[5.181720] (bt_behavior) StdoutLine: {'line': b'9: Test timeout computed to be: 60\n'}
[5.214919] (-) TimerEvent: {}
[5.255201] (bt_behavior) StdoutLine: {'line': b"9: -- run_test.py: invoking following command in '/home/alumnos/josetost/colcon_ws/src/navigation-grupo-dia-libre-1/build/bt_behavior/tests':\n"}
[5.255432] (bt_behavior) StdoutLine: {'line': b'9:  - /home/alumnos/josetost/colcon_ws/src/navigation-grupo-dia-libre-1/build/bt_behavior/tests/bt_action_test --gtest_output=xml:/home/alumnos/josetost/colcon_ws/src/navigation-grupo-dia-libre-1/build/bt_behavior/test_results/bt_behavior/bt_action_test.gtest.xml\n'}
[5.279146] (bt_behavior) StdoutLine: {'line': b'9: [==========] Running 2 tests from 1 test case.\n'}
[5.279374] (bt_behavior) StdoutLine: {'line': b'9: [----------] Global test environment set-up.\n'}
[5.279493] (bt_behavior) StdoutLine: {'line': b'9: [----------] 2 tests from bt_action\n'}
[5.279607] (bt_behavior) StdoutLine: {'line': b'9: [ RUN      ] bt_action.patrol_btn\n'}
[5.292658] (bt_behavior) StdoutLine: {'line': b'9: unknown file: Failure\n'}
[5.292907] (bt_behavior) StdoutLine: {'line': b'9: C++ exception with description "Could not load library: libbr2_patrol_bt_node.so: cannot open shared object file: No such file or directory" thrown in the test body.\n'}
[5.293026] (bt_behavior) StdoutLine: {'line': b'9: [  FAILED  ] bt_action.patrol_btn (13 ms)\n'}
[5.293145] (bt_behavior) StdoutLine: {'line': b'9: [ RUN      ] bt_action.move_btn\n'}
[5.302757] (bt_behavior) StdoutLine: {'line': b'9: [INFO] [1646642608.784947327] [move_btn_node]: Waiting for "navigate_to_pose" action server\n'}
[5.302949] (bt_behavior) StdoutLine: {'line': b'9: [INFO] [1646642608.785103216] [move_btn_node]: "move" BtActionNode initialized\n'}
[5.303979] (bt_behavior) StdoutLine: {'line': b'9: [INFO] [1646642608.786354806] [move_btn_node]: Waiting for "navigate_to_pose" action server\n'}
[5.314997] (-) TimerEvent: {}
[5.415319] (-) TimerEvent: {}
[5.515645] (-) TimerEvent: {}
[5.616005] (-) TimerEvent: {}
[5.716305] (-) TimerEvent: {}
[5.816684] (-) TimerEvent: {}
[5.917025] (-) TimerEvent: {}
[6.017367] (-) TimerEvent: {}
[6.117791] (-) TimerEvent: {}
[6.218224] (-) TimerEvent: {}
[6.318556] (-) TimerEvent: {}
[6.418892] (-) TimerEvent: {}
[6.519255] (-) TimerEvent: {}
[6.619599] (-) TimerEvent: {}
[6.719959] (-) TimerEvent: {}
[6.820435] (-) TimerEvent: {}
[6.920820] (-) TimerEvent: {}
[7.021222] (-) TimerEvent: {}
[7.121623] (-) TimerEvent: {}
[7.221985] (-) TimerEvent: {}
[7.322386] (-) TimerEvent: {}
[7.422766] (-) TimerEvent: {}
[7.523195] (-) TimerEvent: {}
[7.623631] (-) TimerEvent: {}
[7.724024] (-) TimerEvent: {}
[7.824402] (-) TimerEvent: {}
[7.924823] (-) TimerEvent: {}
[8.025156] (-) TimerEvent: {}
[8.125487] (-) TimerEvent: {}
[8.225870] (-) TimerEvent: {}
[8.326210] (-) TimerEvent: {}
[8.426588] (-) TimerEvent: {}
[8.526948] (-) TimerEvent: {}
[8.627309] (-) TimerEvent: {}
[8.727672] (-) TimerEvent: {}
[8.828084] (-) TimerEvent: {}
[8.928444] (-) TimerEvent: {}
[9.028781] (-) TimerEvent: {}
[9.129140] (-) TimerEvent: {}
[9.229470] (-) TimerEvent: {}
[9.329835] (-) TimerEvent: {}
[9.430256] (-) TimerEvent: {}
[9.530642] (-) TimerEvent: {}
[9.631048] (-) TimerEvent: {}
[9.731379] (-) TimerEvent: {}
[9.831735] (-) TimerEvent: {}
[9.932117] (-) TimerEvent: {}
[10.032470] (-) TimerEvent: {}
[10.132872] (-) TimerEvent: {}
[10.233228] (-) TimerEvent: {}
[10.333621] (-) TimerEvent: {}
[10.434051] (-) TimerEvent: {}
[10.534463] (-) TimerEvent: {}
[10.634829] (-) TimerEvent: {}
[10.735238] (-) TimerEvent: {}
[10.835639] (-) TimerEvent: {}
[10.936040] (-) TimerEvent: {}
[11.036426] (-) TimerEvent: {}
[11.136829] (-) TimerEvent: {}
[11.237215] (-) TimerEvent: {}
[11.337598] (-) TimerEvent: {}
[11.438005] (-) TimerEvent: {}
[11.503187] (bt_behavior) StdoutLine: {'line': b'9: [INFO] [1646642614.985323780] [move_btn_node]: navigation Suceeded\n'}
[11.538153] (-) TimerEvent: {}
[11.609583] (bt_behavior) StdoutLine: {'line': b'9: [       OK ] bt_action.move_btn (6317 ms)\n'}
[11.610027] (bt_behavior) StdoutLine: {'line': b'9: [----------] 2 tests from bt_action (6330 ms total)\n'}
[11.610218] (bt_behavior) StdoutLine: {'line': b'9: \n'}
[11.610466] (bt_behavior) StdoutLine: {'line': b'9: [----------] Global test environment tear-down\n'}
[11.612249] (bt_behavior) StdoutLine: {'line': b'9: [==========] 2 tests from 1 test case ran. (6330 ms total)\n'}
[11.612726] (bt_behavior) StdoutLine: {'line': b'9: [  PASSED  ] 1 test.\n'}
[11.612983] (bt_behavior) StdoutLine: {'line': b'9: [  FAILED  ] 1 test, listed below:\n'}
[11.613522] (bt_behavior) StdoutLine: {'line': b'9: [  FAILED  ] bt_action.patrol_btn\n'}
[11.613745] (bt_behavior) StdoutLine: {'line': b'9: \n'}
[11.614434] (bt_behavior) StdoutLine: {'line': b'9:  1 FAILED TEST\n'}
[11.617831] (bt_behavior) StdoutLine: {'line': b'9: -- run_test.py: return code 1\n'}
[11.619165] (bt_behavior) StdoutLine: {'line': b"9: -- run_test.py: inject classname prefix into gtest result file '/home/alumnos/josetost/colcon_ws/src/navigation-grupo-dia-libre-1/build/bt_behavior/test_results/bt_behavior/bt_action_test.gtest.xml'\n"}
[11.620829] (bt_behavior) StdoutLine: {'line': b"9: -- run_test.py: verify result file '/home/alumnos/josetost/colcon_ws/src/navigation-grupo-dia-libre-1/build/bt_behavior/test_results/bt_behavior/bt_action_test.gtest.xml'\n"}
[11.632929] (bt_behavior) StdoutLine: {'line': b'9/9 Test #9: bt_action_test ...................***Failed    6.45 sec\n'}
[11.638261] (-) TimerEvent: {}
[11.639308] (bt_behavior) StdoutLine: {'line': b'\n'}
[11.639836] (bt_behavior) StdoutLine: {'line': b'56% tests passed\x1b[0;0m, \x1b[0;31m4 tests failed\x1b[0;0m out of 9\n'}
[11.640078] (bt_behavior) StdoutLine: {'line': b'\n'}
[11.640310] (bt_behavior) StdoutLine: {'line': b'Label Time Summary:\n'}
[11.640622] (bt_behavior) StdoutLine: {'line': b'copyright     =   0.56 sec*proc (1 test)\n'}
[11.640848] (bt_behavior) StdoutLine: {'line': b'cppcheck      =   0.54 sec*proc (1 test)\n'}
[11.641612] (bt_behavior) StdoutLine: {'line': b'cpplint       =   0.91 sec*proc (1 test)\n'}
[11.642269] (bt_behavior) StdoutLine: {'line': b'flake8        =   0.71 sec*proc (1 test)\n'}
[11.642950] (bt_behavior) StdoutLine: {'line': b'gtest         =   6.45 sec*proc (1 test)\n'}
[11.643647] (bt_behavior) StdoutLine: {'line': b'lint_cmake    =   0.47 sec*proc (1 test)\n'}
[11.643911] (bt_behavior) StdoutLine: {'line': b'linter        =   4.96 sec*proc (8 tests)\n'}
[11.644551] (bt_behavior) StdoutLine: {'line': b'pep257        =   0.52 sec*proc (1 test)\n'}
[11.645176] (bt_behavior) StdoutLine: {'line': b'uncrustify    =   0.51 sec*proc (1 test)\n'}
[11.645851] (bt_behavior) StdoutLine: {'line': b'xmllint       =   0.72 sec*proc (1 test)\n'}
[11.646495] (bt_behavior) StdoutLine: {'line': b'\n'}
[11.646723] (bt_behavior) StdoutLine: {'line': b'Total Test time (real) =  11.44 sec\n'}
[11.647616] (bt_behavior) StdoutLine: {'line': b'\n'}
[11.648235] (bt_behavior) StdoutLine: {'line': b'The following tests FAILED:\n'}
[11.648925] (bt_behavior) StdoutLine: {'line': b'\t\x1b[0;31m  3 - cpplint (Failed)\x1b[0;0m\n'}
[11.649070] (bt_behavior) StdoutLine: {'line': b'\t\x1b[0;31m  5 - lint_cmake (Failed)\x1b[0;0m\n'}
[11.649585] (bt_behavior) StdoutLine: {'line': b'\t\x1b[0;31m  7 - uncrustify (Failed)\x1b[0;0m\n'}
[11.649725] (bt_behavior) StdoutLine: {'line': b'\t\x1b[0;31m  9 - bt_action_test (Failed)\x1b[0;0m\n'}
[11.676521] (bt_behavior) StderrLine: {'line': b'Errors while running CTest\n'}
[11.678606] (bt_behavior) CommandEnded: {'returncode': 8}
[11.679558] (bt_behavior) TestFailure: {'identifier': 'bt_behavior'}
[11.680004] (bt_behavior) JobEnded: {'identifier': 'bt_behavior', 'rc': 0}
[11.684091] (-) EventReactorShutdown: {}
