<?xml version="1.0" encoding="UTF-8"?>
<Site BuildName="(empty)"
	BuildStamp="20220307-0940-Experimental"
	Name="f-l3210-pc24"
	Generator="ctest-3.16.3"
	CompilerName="/usr/bin/c++"
	CompilerVersion="9.3.0"
	OSName="Linux"
	Hostname="f-l3210-pc24"
	OSRelease="5.13.0-30-generic"
	OSVersion="#33~20.04.1-Ubuntu SMP Mon Feb 7 14:25:10 UTC 2022"
	OSPlatform="x86_64"
	Is64Bits="1"
	VendorString="GenuineIntel"
	VendorID="Intel Corporation"
	FamilyID="6"
	ModelID="42"
	ProcessorCacheSize="8192"
	NumberOfLogicalCPU="8"
	NumberOfPhysicalCPU="4"
	TotalVirtualMemory="7811"
	TotalPhysicalMemory="15881"
	LogicalProcessorsPerPhysical="2"
	ProcessorClockFrequency="1600"
	>
	<Testing>
		<StartDateTime>Mar 07 10:40 CET</StartDateTime>
		<StartTestTime>1646646052</StartTestTime>
		<TestList>
			<Test>./copyright</Test>
			<Test>./cppcheck</Test>
			<Test>./cpplint</Test>
			<Test>./flake8</Test>
			<Test>./lint_cmake</Test>
			<Test>./pep257</Test>
			<Test>./uncrustify</Test>
			<Test>./xmllint</Test>
			<Test>./tests/bt_action_test</Test>
		</TestList>
		<Test Status="passed">
			<Name>copyright</Name>
			<Path>.</Path>
			<FullName>./copyright</FullName>
			<FullCommandLine>/usr/bin/python3 "-u" "/opt/ros/foxy/share/ament_cmake_test/cmake/run_test.py" "/home/alumnos/josetost/colcon_ws/src/navigation-grupo-dia-libre-1/build/bt_behavior/test_results/bt_behavior/copyright.xunit.xml" "--package-name" "bt_behavior" "--output-file" "/home/alumnos/josetost/colcon_ws/src/navigation-grupo-dia-libre-1/build/bt_behavior/ament_copyright/copyright.txt" "--command" "/opt/ros/foxy/bin/ament_copyright" "--xunit-file" "/home/alumnos/josetost/colcon_ws/src/navigation-grupo-dia-libre-1/build/bt_behavior/test_results/bt_behavior/copyright.xunit.xml"</FullCommandLine>
			<Results>
				<NamedMeasurement type="numeric/double" name="Execution Time">
					<Value>0.605255</Value>
				</NamedMeasurement>
				<NamedMeasurement type="numeric/double" name="Processors">
					<Value>1</Value>
				</NamedMeasurement>
				<NamedMeasurement type="text/string" name="Completion Status">
					<Value>Completed</Value>
				</NamedMeasurement>
				<NamedMeasurement type="text/string" name="Command Line">
					<Value>/usr/bin/python3 "-u" "/opt/ros/foxy/share/ament_cmake_test/cmake/run_test.py" "/home/alumnos/josetost/colcon_ws/src/navigation-grupo-dia-libre-1/build/bt_behavior/test_results/bt_behavior/copyright.xunit.xml" "--package-name" "bt_behavior" "--output-file" "/home/alumnos/josetost/colcon_ws/src/navigation-grupo-dia-libre-1/build/bt_behavior/ament_copyright/copyright.txt" "--command" "/opt/ros/foxy/bin/ament_copyright" "--xunit-file" "/home/alumnos/josetost/colcon_ws/src/navigation-grupo-dia-libre-1/build/bt_behavior/test_results/bt_behavior/copyright.xunit.xml"</Value>
				</NamedMeasurement>
				<Measurement>
					<Value>-- run_test.py: invoking following command in '/home/alumnos/josetost/colcon_ws/src/navigation-grupo-dia-libre-1/bt_behavior':
 - /opt/ros/foxy/bin/ament_copyright --xunit-file /home/alumnos/josetost/colcon_ws/src/navigation-grupo-dia-libre-1/build/bt_behavior/test_results/bt_behavior/copyright.xunit.xml
No problems found, checked 12 files
-- run_test.py: return code 0
-- run_test.py: verify result file '/home/alumnos/josetost/colcon_ws/src/navigation-grupo-dia-libre-1/build/bt_behavior/test_results/bt_behavior/copyright.xunit.xml'
</Value>
				</Measurement>
			</Results>
			<Labels>
				<Label>copyright</Label>
				<Label>linter</Label>
			</Labels>
		</Test>
		<Test Status="passed">
			<Name>cppcheck</Name>
			<Path>.</Path>
			<FullName>./cppcheck</FullName>
			<FullCommandLine>/usr/bin/python3 "-u" "/opt/ros/foxy/share/ament_cmake_test/cmake/run_test.py" "/home/alumnos/josetost/colcon_ws/src/navigation-grupo-dia-libre-1/build/bt_behavior/test_results/bt_behavior/cppcheck.xunit.xml" "--package-name" "bt_behavior" "--output-file" "/home/alumnos/josetost/colcon_ws/src/navigation-grupo-dia-libre-1/build/bt_behavior/ament_cppcheck/cppcheck.txt" "--command" "/opt/ros/foxy/bin/ament_cppcheck" "--xunit-file" "/home/alumnos/josetost/colcon_ws/src/navigation-grupo-dia-libre-1/build/bt_behavior/test_results/bt_behavior/cppcheck.xunit.xml" "--include_dirs" "/home/alumnos/josetost/colcon_ws/src/navigation-grupo-dia-libre-1/bt_behavior/include"</FullCommandLine>
			<Results>
				<NamedMeasurement type="numeric/double" name="Execution Time">
					<Value>0.547109</Value>
				</NamedMeasurement>
				<NamedMeasurement type="numeric/double" name="Processors">
					<Value>1</Value>
				</NamedMeasurement>
				<NamedMeasurement type="text/string" name="Completion Status">
					<Value>Completed</Value>
				</NamedMeasurement>
				<NamedMeasurement type="text/string" name="Command Line">
					<Value>/usr/bin/python3 "-u" "/opt/ros/foxy/share/ament_cmake_test/cmake/run_test.py" "/home/alumnos/josetost/colcon_ws/src/navigation-grupo-dia-libre-1/build/bt_behavior/test_results/bt_behavior/cppcheck.xunit.xml" "--package-name" "bt_behavior" "--output-file" "/home/alumnos/josetost/colcon_ws/src/navigation-grupo-dia-libre-1/build/bt_behavior/ament_cppcheck/cppcheck.txt" "--command" "/opt/ros/foxy/bin/ament_cppcheck" "--xunit-file" "/home/alumnos/josetost/colcon_ws/src/navigation-grupo-dia-libre-1/build/bt_behavior/test_results/bt_behavior/cppcheck.xunit.xml" "--include_dirs" "/home/alumnos/josetost/colcon_ws/src/navigation-grupo-dia-libre-1/bt_behavior/include"</Value>
				</NamedMeasurement>
				<Measurement>
					<Value>-- run_test.py: invoking following command in '/home/alumnos/josetost/colcon_ws/src/navigation-grupo-dia-libre-1/bt_behavior':
 - /opt/ros/foxy/bin/ament_cppcheck --xunit-file /home/alumnos/josetost/colcon_ws/src/navigation-grupo-dia-libre-1/build/bt_behavior/test_results/bt_behavior/cppcheck.xunit.xml --include_dirs /home/alumnos/josetost/colcon_ws/src/navigation-grupo-dia-libre-1/bt_behavior/include
No problems found
-- run_test.py: return code 0
-- run_test.py: verify result file '/home/alumnos/josetost/colcon_ws/src/navigation-grupo-dia-libre-1/build/bt_behavior/test_results/bt_behavior/cppcheck.xunit.xml'
</Value>
				</Measurement>
			</Results>
			<Labels>
				<Label>cppcheck</Label>
				<Label>linter</Label>
			</Labels>
		</Test>
		<Test Status="failed">
			<Name>cpplint</Name>
			<Path>.</Path>
			<FullName>./cpplint</FullName>
			<FullCommandLine>/usr/bin/python3 "-u" "/opt/ros/foxy/share/ament_cmake_test/cmake/run_test.py" "/home/alumnos/josetost/colcon_ws/src/navigation-grupo-dia-libre-1/build/bt_behavior/test_results/bt_behavior/cpplint.xunit.xml" "--package-name" "bt_behavior" "--output-file" "/home/alumnos/josetost/colcon_ws/src/navigation-grupo-dia-libre-1/build/bt_behavior/ament_cpplint/cpplint.txt" "--command" "/opt/ros/foxy/bin/ament_cpplint" "--xunit-file" "/home/alumnos/josetost/colcon_ws/src/navigation-grupo-dia-libre-1/build/bt_behavior/test_results/bt_behavior/cpplint.xunit.xml"</FullCommandLine>
			<Results>
				<NamedMeasurement type="text/string" name="Exit Code">
					<Value>Failed</Value>
				</NamedMeasurement>
				<NamedMeasurement type="text/string" name="Exit Value">
					<Value>1</Value>
				</NamedMeasurement>
				<NamedMeasurement type="numeric/double" name="Execution Time">
					<Value>0.857246</Value>
				</NamedMeasurement>
				<NamedMeasurement type="numeric/double" name="Processors">
					<Value>1</Value>
				</NamedMeasurement>
				<NamedMeasurement type="text/string" name="Completion Status">
					<Value>Completed</Value>
				</NamedMeasurement>
				<NamedMeasurement type="text/string" name="Command Line">
					<Value>/usr/bin/python3 "-u" "/opt/ros/foxy/share/ament_cmake_test/cmake/run_test.py" "/home/alumnos/josetost/colcon_ws/src/navigation-grupo-dia-libre-1/build/bt_behavior/test_results/bt_behavior/cpplint.xunit.xml" "--package-name" "bt_behavior" "--output-file" "/home/alumnos/josetost/colcon_ws/src/navigation-grupo-dia-libre-1/build/bt_behavior/ament_cpplint/cpplint.txt" "--command" "/opt/ros/foxy/bin/ament_cpplint" "--xunit-file" "/home/alumnos/josetost/colcon_ws/src/navigation-grupo-dia-libre-1/build/bt_behavior/test_results/bt_behavior/cpplint.xunit.xml"</Value>
				</NamedMeasurement>
				<Measurement>
					<Value>-- run_test.py: invoking following command in '/home/alumnos/josetost/colcon_ws/src/navigation-grupo-dia-libre-1/bt_behavior':
 - /opt/ros/foxy/bin/ament_cpplint --xunit-file /home/alumnos/josetost/colcon_ws/src/navigation-grupo-dia-libre-1/build/bt_behavior/test_results/bt_behavior/cpplint.xunit.xml
/home/alumnos/josetost/colcon_ws/src/navigation-grupo-dia-libre-1/bt_behavior/include/bt_behavior/GetNextWaypoint.hpp:23:  Found C++ system header after other header. Should be: GetNextWaypoint.h, c system, c++ system, other.  [build/include_order] [4]
/home/alumnos/josetost/colcon_ws/src/navigation-grupo-dia-libre-1/bt_behavior/include/bt_behavior/GetNextWaypoint.hpp:56:  Could not find a newline character at the end of the file.  [whitespace/ending_newline] [5]
/home/alumnos/josetost/colcon_ws/src/navigation-grupo-dia-libre-1/bt_behavior/include/bt_behavior/IsRaceFinished.hpp:26:  Found C++ system header after other header. Should be: IsRaceFinished.h, c system, c++ system, other.  [build/include_order] [4]
/home/alumnos/josetost/colcon_ws/src/navigation-grupo-dia-libre-1/bt_behavior/src/nav_wp.cpp:42:  Add #include &lt;vector&gt; for vector&lt;&gt;  [build/include_what_you_use] [4]
/home/alumnos/josetost/colcon_ws/src/navigation-grupo-dia-libre-1/bt_behavior/src/bt_behavior/GetNextWaypoint.cpp:28:  Found C++ system header after other header. Should be: GetNextWaypoint.h, c system, c++ system, other.  [build/include_order] [4]
/home/alumnos/josetost/colcon_ws/src/navigation-grupo-dia-libre-1/bt_behavior/src/bt_behavior/GetNextWaypoint.cpp:55:  Redundant blank line at the start of a code block should be deleted.  [whitespace/blank_line] [2]
/home/alumnos/josetost/colcon_ws/src/navigation-grupo-dia-libre-1/bt_behavior/src/bt_behavior/GetNextWaypoint.cpp:73:  Redundant blank line at the start of a code block should be deleted.  [whitespace/blank_line] [2]
/home/alumnos/josetost/colcon_ws/src/navigation-grupo-dia-libre-1/bt_behavior/src/bt_behavior/GetNextWaypoint.cpp:115:  Add #include &lt;vector&gt; for vector&lt;&gt;  [build/include_what_you_use] [4]
/home/alumnos/josetost/colcon_ws/src/navigation-grupo-dia-libre-1/bt_behavior/src/bt_behavior/IsRaceFinished.cpp:48:  Redundant blank line at the start of a code block should be deleted.  [whitespace/blank_line] [2]
/home/alumnos/josetost/colcon_ws/src/navigation-grupo-dia-libre-1/bt_behavior/src/bt_behavior/IsRaceFinished.cpp:52:  Add #include &lt;vector&gt; for vector&lt;&gt;  [build/include_what_you_use] [4]
/home/alumnos/josetost/colcon_ws/src/navigation-grupo-dia-libre-1/bt_behavior/src/bt_behavior/Move.cpp:55:  Lines should be &lt;= 100 characters long  [whitespace/line_length] [2]
/home/alumnos/josetost/colcon_ws/src/navigation-grupo-dia-libre-1/bt_behavior/src/bt_behavior/Move.cpp:57:  Should have a space between // and comment  [whitespace/comments] [4]
/home/alumnos/josetost/colcon_ws/src/navigation-grupo-dia-libre-1/bt_behavior/src/bt_behavior/Move.cpp:58:  Should have a space between // and comment  [whitespace/comments] [4]
/home/alumnos/josetost/colcon_ws/src/navigation-grupo-dia-libre-1/bt_behavior/src/bt_behavior/Move.cpp:60:  Should have a space between // and comment  [whitespace/comments] [4]
/home/alumnos/josetost/colcon_ws/src/navigation-grupo-dia-libre-1/bt_behavior/src/bt_behavior/Move.cpp:71:  Lines should be &lt;= 100 characters long  [whitespace/line_length] [2]
/home/alumnos/josetost/colcon_ws/src/navigation-grupo-dia-libre-1/bt_behavior/src/bt_behavior/Move.cpp:71:  Should have a space between // and comment  [whitespace/comments] [4]
/home/alumnos/josetost/colcon_ws/src/navigation-grupo-dia-libre-1/bt_behavior/src/bt_behavior/Move.cpp:73:  Should have a space between // and comment  [whitespace/comments] [4]
/home/alumnos/josetost/colcon_ws/src/navigation-grupo-dia-libre-1/bt_behavior/src/bt_behavior/Move.cpp:74:  Should have a space between // and comment  [whitespace/comments] [4]
/home/alumnos/josetost/colcon_ws/src/navigation-grupo-dia-libre-1/bt_behavior/src/bt_behavior/Move.cpp:76:  Should have a space between // and comment  [whitespace/comments] [4]
/home/alumnos/josetost/colcon_ws/src/navigation-grupo-dia-libre-1/bt_behavior/src/bt_behavior/Move.cpp:87:  Lines should be &lt;= 100 characters long  [whitespace/line_length] [2]
/home/alumnos/josetost/colcon_ws/src/navigation-grupo-dia-libre-1/bt_behavior/src/bt_behavior/Move.cpp:87:  Should have a space between // and comment  [whitespace/comments] [4]
/home/alumnos/josetost/colcon_ws/src/navigation-grupo-dia-libre-1/bt_behavior/src/bt_behavior/Move.cpp:89:  Should have a space between // and comment  [whitespace/comments] [4]
/home/alumnos/josetost/colcon_ws/src/navigation-grupo-dia-libre-1/bt_behavior/src/bt_behavior/Move.cpp:90:  Should have a space between // and comment  [whitespace/comments] [4]
/home/alumnos/josetost/colcon_ws/src/navigation-grupo-dia-libre-1/bt_behavior/src/bt_behavior/Move.cpp:92:  Should have a space between // and comment  [whitespace/comments] [4]
Category 'build/include_order' errors found: 3
Category 'build/include_what_you_use' errors found: 3
Category 'whitespace/blank_line' errors found: 3
Category 'whitespace/comments' errors found: 11
Category 'whitespace/ending_newline' errors found: 1
Category 'whitespace/line_length' errors found: 3
Total errors found: 24
Using '--root=..' argument

Done processing /home/alumnos/josetost/colcon_ws/src/navigation-grupo-dia-libre-1/bt_behavior/tests/bt_action_test.cpp

Using '--root=/home/alumnos/josetost/colcon_ws/src/navigation-grupo-dia-libre-1/bt_behavior/include' argument

Done processing /home/alumnos/josetost/colcon_ws/src/navigation-grupo-dia-libre-1/bt_behavior/include/bt_behavior/GetNextWaypoint.hpp

Done processing /home/alumnos/josetost/colcon_ws/src/navigation-grupo-dia-libre-1/bt_behavior/include/bt_behavior/IsRaceFinished.hpp

Done processing /home/alumnos/josetost/colcon_ws/src/navigation-grupo-dia-libre-1/bt_behavior/include/bt_behavior/Move.hpp

Done processing /home/alumnos/josetost/colcon_ws/src/navigation-grupo-dia-libre-1/bt_behavior/include/bt_behavior/ctrl_support/BTActionNode.hpp

Done processing /home/alumnos/josetost/colcon_ws/src/navigation-grupo-dia-libre-1/bt_behavior/include/bt_behavior/ctrl_support/BTLifecycleCtrlNode.hpp

Using '--root=/home/alumnos/josetost/colcon_ws/src/navigation-grupo-dia-libre-1/bt_behavior/src' argument

Done processing /home/alumnos/josetost/colcon_ws/src/navigation-grupo-dia-libre-1/bt_behavior/src/nav_wp.cpp

Done processing /home/alumnos/josetost/colcon_ws/src/navigation-grupo-dia-libre-1/bt_behavior/src/bt_behavior/GetNextWaypoint.cpp

Done processing /home/alumnos/josetost/colcon_ws/src/navigation-grupo-dia-libre-1/bt_behavior/src/bt_behavior/IsRaceFinished.cpp

Done processing /home/alumnos/josetost/colcon_ws/src/navigation-grupo-dia-libre-1/bt_behavior/src/bt_behavior/Move.cpp

-- run_test.py: return code 1
-- run_test.py: verify result file '/home/alumnos/josetost/colcon_ws/src/navigation-grupo-dia-libre-1/build/bt_behavior/test_results/bt_behavior/cpplint.xunit.xml'
</Value>
				</Measurement>
			</Results>
			<Labels>
				<Label>cpplint</Label>
				<Label>linter</Label>
			</Labels>
		</Test>
		<Test Status="passed">
			<Name>flake8</Name>
			<Path>.</Path>
			<FullName>./flake8</FullName>
			<FullCommandLine>/usr/bin/python3 "-u" "/opt/ros/foxy/share/ament_cmake_test/cmake/run_test.py" "/home/alumnos/josetost/colcon_ws/src/navigation-grupo-dia-libre-1/build/bt_behavior/test_results/bt_behavior/flake8.xunit.xml" "--package-name" "bt_behavior" "--output-file" "/home/alumnos/josetost/colcon_ws/src/navigation-grupo-dia-libre-1/build/bt_behavior/ament_flake8/flake8.txt" "--command" "/opt/ros/foxy/bin/ament_flake8" "--xunit-file" "/home/alumnos/josetost/colcon_ws/src/navigation-grupo-dia-libre-1/build/bt_behavior/test_results/bt_behavior/flake8.xunit.xml"</FullCommandLine>
			<Results>
				<NamedMeasurement type="numeric/double" name="Execution Time">
					<Value>0.685457</Value>
				</NamedMeasurement>
				<NamedMeasurement type="numeric/double" name="Processors">
					<Value>1</Value>
				</NamedMeasurement>
				<NamedMeasurement type="text/string" name="Completion Status">
					<Value>Completed</Value>
				</NamedMeasurement>
				<NamedMeasurement type="text/string" name="Command Line">
					<Value>/usr/bin/python3 "-u" "/opt/ros/foxy/share/ament_cmake_test/cmake/run_test.py" "/home/alumnos/josetost/colcon_ws/src/navigation-grupo-dia-libre-1/build/bt_behavior/test_results/bt_behavior/flake8.xunit.xml" "--package-name" "bt_behavior" "--output-file" "/home/alumnos/josetost/colcon_ws/src/navigation-grupo-dia-libre-1/build/bt_behavior/ament_flake8/flake8.txt" "--command" "/opt/ros/foxy/bin/ament_flake8" "--xunit-file" "/home/alumnos/josetost/colcon_ws/src/navigation-grupo-dia-libre-1/build/bt_behavior/test_results/bt_behavior/flake8.xunit.xml"</Value>
				</NamedMeasurement>
				<Measurement>
					<Value>-- run_test.py: invoking following command in '/home/alumnos/josetost/colcon_ws/src/navigation-grupo-dia-libre-1/bt_behavior':
 - /opt/ros/foxy/bin/ament_flake8 --xunit-file /home/alumnos/josetost/colcon_ws/src/navigation-grupo-dia-libre-1/build/bt_behavior/test_results/bt_behavior/flake8.xunit.xml

1 files checked
No problems found

Checked files:

* ./launch/patrolling.launch.py
-- run_test.py: return code 0
-- run_test.py: verify result file '/home/alumnos/josetost/colcon_ws/src/navigation-grupo-dia-libre-1/build/bt_behavior/test_results/bt_behavior/flake8.xunit.xml'
</Value>
				</Measurement>
			</Results>
			<Labels>
				<Label>flake8</Label>
				<Label>linter</Label>
			</Labels>
		</Test>
		<Test Status="failed">
			<Name>lint_cmake</Name>
			<Path>.</Path>
			<FullName>./lint_cmake</FullName>
			<FullCommandLine>/usr/bin/python3 "-u" "/opt/ros/foxy/share/ament_cmake_test/cmake/run_test.py" "/home/alumnos/josetost/colcon_ws/src/navigation-grupo-dia-libre-1/build/bt_behavior/test_results/bt_behavior/lint_cmake.xunit.xml" "--package-name" "bt_behavior" "--output-file" "/home/alumnos/josetost/colcon_ws/src/navigation-grupo-dia-libre-1/build/bt_behavior/ament_lint_cmake/lint_cmake.txt" "--command" "/opt/ros/foxy/bin/ament_lint_cmake" "--xunit-file" "/home/alumnos/josetost/colcon_ws/src/navigation-grupo-dia-libre-1/build/bt_behavior/test_results/bt_behavior/lint_cmake.xunit.xml"</FullCommandLine>
			<Results>
				<NamedMeasurement type="text/string" name="Exit Code">
					<Value>Failed</Value>
				</NamedMeasurement>
				<NamedMeasurement type="text/string" name="Exit Value">
					<Value>1</Value>
				</NamedMeasurement>
				<NamedMeasurement type="numeric/double" name="Execution Time">
					<Value>0.462699</Value>
				</NamedMeasurement>
				<NamedMeasurement type="numeric/double" name="Processors">
					<Value>1</Value>
				</NamedMeasurement>
				<NamedMeasurement type="text/string" name="Completion Status">
					<Value>Completed</Value>
				</NamedMeasurement>
				<NamedMeasurement type="text/string" name="Command Line">
					<Value>/usr/bin/python3 "-u" "/opt/ros/foxy/share/ament_cmake_test/cmake/run_test.py" "/home/alumnos/josetost/colcon_ws/src/navigation-grupo-dia-libre-1/build/bt_behavior/test_results/bt_behavior/lint_cmake.xunit.xml" "--package-name" "bt_behavior" "--output-file" "/home/alumnos/josetost/colcon_ws/src/navigation-grupo-dia-libre-1/build/bt_behavior/ament_lint_cmake/lint_cmake.txt" "--command" "/opt/ros/foxy/bin/ament_lint_cmake" "--xunit-file" "/home/alumnos/josetost/colcon_ws/src/navigation-grupo-dia-libre-1/build/bt_behavior/test_results/bt_behavior/lint_cmake.xunit.xml"</Value>
				</NamedMeasurement>
				<Measurement>
					<Value>-- run_test.py: invoking following command in '/home/alumnos/josetost/colcon_ws/src/navigation-grupo-dia-libre-1/bt_behavior':
 - /opt/ros/foxy/bin/ament_lint_cmake --xunit-file /home/alumnos/josetost/colcon_ws/src/navigation-grupo-dia-libre-1/build/bt_behavior/test_results/bt_behavior/lint_cmake.xunit.xml
CMakeLists.txt:40: Line ends in whitespace [whitespace/eol]


1 errors
-- run_test.py: return code 1
-- run_test.py: verify result file '/home/alumnos/josetost/colcon_ws/src/navigation-grupo-dia-libre-1/build/bt_behavior/test_results/bt_behavior/lint_cmake.xunit.xml'
</Value>
				</Measurement>
			</Results>
			<Labels>
				<Label>lint_cmake</Label>
				<Label>linter</Label>
			</Labels>
		</Test>
		<Test Status="passed">
			<Name>pep257</Name>
			<Path>.</Path>
			<FullName>./pep257</FullName>
			<FullCommandLine>/usr/bin/python3 "-u" "/opt/ros/foxy/share/ament_cmake_test/cmake/run_test.py" "/home/alumnos/josetost/colcon_ws/src/navigation-grupo-dia-libre-1/build/bt_behavior/test_results/bt_behavior/pep257.xunit.xml" "--package-name" "bt_behavior" "--output-file" "/home/alumnos/josetost/colcon_ws/src/navigation-grupo-dia-libre-1/build/bt_behavior/ament_pep257/pep257.txt" "--command" "/opt/ros/foxy/bin/ament_pep257" "--xunit-file" "/home/alumnos/josetost/colcon_ws/src/navigation-grupo-dia-libre-1/build/bt_behavior/test_results/bt_behavior/pep257.xunit.xml"</FullCommandLine>
			<Results>
				<NamedMeasurement type="numeric/double" name="Execution Time">
					<Value>0.512293</Value>
				</NamedMeasurement>
				<NamedMeasurement type="numeric/double" name="Processors">
					<Value>1</Value>
				</NamedMeasurement>
				<NamedMeasurement type="text/string" name="Completion Status">
					<Value>Completed</Value>
				</NamedMeasurement>
				<NamedMeasurement type="text/string" name="Command Line">
					<Value>/usr/bin/python3 "-u" "/opt/ros/foxy/share/ament_cmake_test/cmake/run_test.py" "/home/alumnos/josetost/colcon_ws/src/navigation-grupo-dia-libre-1/build/bt_behavior/test_results/bt_behavior/pep257.xunit.xml" "--package-name" "bt_behavior" "--output-file" "/home/alumnos/josetost/colcon_ws/src/navigation-grupo-dia-libre-1/build/bt_behavior/ament_pep257/pep257.txt" "--command" "/opt/ros/foxy/bin/ament_pep257" "--xunit-file" "/home/alumnos/josetost/colcon_ws/src/navigation-grupo-dia-libre-1/build/bt_behavior/test_results/bt_behavior/pep257.xunit.xml"</Value>
				</NamedMeasurement>
				<Measurement>
					<Value>-- run_test.py: invoking following command in '/home/alumnos/josetost/colcon_ws/src/navigation-grupo-dia-libre-1/bt_behavior':
 - /opt/ros/foxy/bin/ament_pep257 --xunit-file /home/alumnos/josetost/colcon_ws/src/navigation-grupo-dia-libre-1/build/bt_behavior/test_results/bt_behavior/pep257.xunit.xml
checking ./launch/patrolling.launch.py
No problems found
-- run_test.py: return code 0
-- run_test.py: verify result file '/home/alumnos/josetost/colcon_ws/src/navigation-grupo-dia-libre-1/build/bt_behavior/test_results/bt_behavior/pep257.xunit.xml'
</Value>
				</Measurement>
			</Results>
			<Labels>
				<Label>linter</Label>
				<Label>pep257</Label>
			</Labels>
		</Test>
		<Test Status="failed">
			<Name>uncrustify</Name>
			<Path>.</Path>
			<FullName>./uncrustify</FullName>
			<FullCommandLine>/usr/bin/python3 "-u" "/opt/ros/foxy/share/ament_cmake_test/cmake/run_test.py" "/home/alumnos/josetost/colcon_ws/src/navigation-grupo-dia-libre-1/build/bt_behavior/test_results/bt_behavior/uncrustify.xunit.xml" "--package-name" "bt_behavior" "--output-file" "/home/alumnos/josetost/colcon_ws/src/navigation-grupo-dia-libre-1/build/bt_behavior/ament_uncrustify/uncrustify.txt" "--command" "/opt/ros/foxy/bin/ament_uncrustify" "--xunit-file" "/home/alumnos/josetost/colcon_ws/src/navigation-grupo-dia-libre-1/build/bt_behavior/test_results/bt_behavior/uncrustify.xunit.xml"</FullCommandLine>
			<Results>
				<NamedMeasurement type="text/string" name="Exit Code">
					<Value>Failed</Value>
				</NamedMeasurement>
				<NamedMeasurement type="text/string" name="Exit Value">
					<Value>1</Value>
				</NamedMeasurement>
				<NamedMeasurement type="numeric/double" name="Execution Time">
					<Value>0.5384</Value>
				</NamedMeasurement>
				<NamedMeasurement type="numeric/double" name="Processors">
					<Value>1</Value>
				</NamedMeasurement>
				<NamedMeasurement type="text/string" name="Completion Status">
					<Value>Completed</Value>
				</NamedMeasurement>
				<NamedMeasurement type="text/string" name="Command Line">
					<Value>/usr/bin/python3 "-u" "/opt/ros/foxy/share/ament_cmake_test/cmake/run_test.py" "/home/alumnos/josetost/colcon_ws/src/navigation-grupo-dia-libre-1/build/bt_behavior/test_results/bt_behavior/uncrustify.xunit.xml" "--package-name" "bt_behavior" "--output-file" "/home/alumnos/josetost/colcon_ws/src/navigation-grupo-dia-libre-1/build/bt_behavior/ament_uncrustify/uncrustify.txt" "--command" "/opt/ros/foxy/bin/ament_uncrustify" "--xunit-file" "/home/alumnos/josetost/colcon_ws/src/navigation-grupo-dia-libre-1/build/bt_behavior/test_results/bt_behavior/uncrustify.xunit.xml"</Value>
				</NamedMeasurement>
				<Measurement>
					<Value>-- run_test.py: invoking following command in '/home/alumnos/josetost/colcon_ws/src/navigation-grupo-dia-libre-1/bt_behavior':
 - /opt/ros/foxy/bin/ament_uncrustify --xunit-file /home/alumnos/josetost/colcon_ws/src/navigation-grupo-dia-libre-1/build/bt_behavior/test_results/bt_behavior/uncrustify.xunit.xml
Code style divergence in file 'include/bt_behavior/GetNextWaypoint.hpp':

--- include/bt_behavior/GetNextWaypoint.hpp
+++ include/bt_behavior/GetNextWaypoint.hpp.uncrustify
@@ -56 +56 @@
-#endif  // BT_BEHAVIOR__GETNEXTWAYPOINT_HPP_
+#endif  // BT_BEHAVIOR__GETNEXTWAYPOINT_HPP_

1 files with code style divergence
No code style divergence in file 'include/bt_behavior/IsRaceFinished.hpp'

No code style divergence in file 'include/bt_behavior/Move.hpp'

No code style divergence in file 'include/bt_behavior/ctrl_support/BTActionNode.hpp'

No code style divergence in file 'include/bt_behavior/ctrl_support/BTLifecycleCtrlNode.hpp'

No code style divergence in file 'src/bt_behavior/GetNextWaypoint.cpp'

No code style divergence in file 'src/bt_behavior/IsRaceFinished.cpp'

No code style divergence in file 'src/bt_behavior/Move.cpp'

No code style divergence in file 'src/nav_wp.cpp'

No code style divergence in file 'tests/bt_action_test.cpp'

-- run_test.py: return code 1
-- run_test.py: verify result file '/home/alumnos/josetost/colcon_ws/src/navigation-grupo-dia-libre-1/build/bt_behavior/test_results/bt_behavior/uncrustify.xunit.xml'
</Value>
				</Measurement>
			</Results>
			<Labels>
				<Label>linter</Label>
				<Label>uncrustify</Label>
			</Labels>
		</Test>
		<Test Status="passed">
			<Name>xmllint</Name>
			<Path>.</Path>
			<FullName>./xmllint</FullName>
			<FullCommandLine>/usr/bin/python3 "-u" "/opt/ros/foxy/share/ament_cmake_test/cmake/run_test.py" "/home/alumnos/josetost/colcon_ws/src/navigation-grupo-dia-libre-1/build/bt_behavior/test_results/bt_behavior/xmllint.xunit.xml" "--package-name" "bt_behavior" "--output-file" "/home/alumnos/josetost/colcon_ws/src/navigation-grupo-dia-libre-1/build/bt_behavior/ament_xmllint/xmllint.txt" "--command" "/opt/ros/foxy/bin/ament_xmllint" "--xunit-file" "/home/alumnos/josetost/colcon_ws/src/navigation-grupo-dia-libre-1/build/bt_behavior/test_results/bt_behavior/xmllint.xunit.xml"</FullCommandLine>
			<Results>
				<NamedMeasurement type="numeric/double" name="Execution Time">
					<Value>0.886955</Value>
				</NamedMeasurement>
				<NamedMeasurement type="numeric/double" name="Processors">
					<Value>1</Value>
				</NamedMeasurement>
				<NamedMeasurement type="text/string" name="Completion Status">
					<Value>Completed</Value>
				</NamedMeasurement>
				<NamedMeasurement type="text/string" name="Command Line">
					<Value>/usr/bin/python3 "-u" "/opt/ros/foxy/share/ament_cmake_test/cmake/run_test.py" "/home/alumnos/josetost/colcon_ws/src/navigation-grupo-dia-libre-1/build/bt_behavior/test_results/bt_behavior/xmllint.xunit.xml" "--package-name" "bt_behavior" "--output-file" "/home/alumnos/josetost/colcon_ws/src/navigation-grupo-dia-libre-1/build/bt_behavior/ament_xmllint/xmllint.txt" "--command" "/opt/ros/foxy/bin/ament_xmllint" "--xunit-file" "/home/alumnos/josetost/colcon_ws/src/navigation-grupo-dia-libre-1/build/bt_behavior/test_results/bt_behavior/xmllint.xunit.xml"</Value>
				</NamedMeasurement>
				<Measurement>
					<Value>-- run_test.py: invoking following command in '/home/alumnos/josetost/colcon_ws/src/navigation-grupo-dia-libre-1/bt_behavior':
 - /opt/ros/foxy/bin/ament_xmllint --xunit-file /home/alumnos/josetost/colcon_ws/src/navigation-grupo-dia-libre-1/build/bt_behavior/test_results/bt_behavior/xmllint.xunit.xml
File 'package.xml' is valid

File 'behavior_tree_xml/behavior.xml' is valid

No problems found
-- run_test.py: return code 0
-- run_test.py: verify result file '/home/alumnos/josetost/colcon_ws/src/navigation-grupo-dia-libre-1/build/bt_behavior/test_results/bt_behavior/xmllint.xunit.xml'
</Value>
				</Measurement>
			</Results>
			<Labels>
				<Label>linter</Label>
				<Label>xmllint</Label>
			</Labels>
		</Test>
		<Test Status="failed">
			<Name>bt_action_test</Name>
			<Path>./tests</Path>
			<FullName>./tests/bt_action_test</FullName>
			<FullCommandLine>/usr/bin/python3 "-u" "/opt/ros/foxy/share/ament_cmake_test/cmake/run_test.py" "/home/alumnos/josetost/colcon_ws/src/navigation-grupo-dia-libre-1/build/bt_behavior/test_results/bt_behavior/bt_action_test.gtest.xml" "--package-name" "bt_behavior" "--output-file" "/home/alumnos/josetost/colcon_ws/src/navigation-grupo-dia-libre-1/build/bt_behavior/ament_cmake_gtest/bt_action_test.txt" "--command" "/home/alumnos/josetost/colcon_ws/src/navigation-grupo-dia-libre-1/build/bt_behavior/tests/bt_action_test" "--gtest_output=xml:/home/alumnos/josetost/colcon_ws/src/navigation-grupo-dia-libre-1/build/bt_behavior/test_results/bt_behavior/bt_action_test.gtest.xml"</FullCommandLine>
			<Results>
				<NamedMeasurement type="text/string" name="Exit Code">
					<Value>Failed</Value>
				</NamedMeasurement>
				<NamedMeasurement type="text/string" name="Exit Value">
					<Value>1</Value>
				</NamedMeasurement>
				<NamedMeasurement type="numeric/double" name="Execution Time">
					<Value>1.32705</Value>
				</NamedMeasurement>
				<NamedMeasurement type="numeric/double" name="Processors">
					<Value>1</Value>
				</NamedMeasurement>
				<NamedMeasurement type="text/string" name="Completion Status">
					<Value>Completed</Value>
				</NamedMeasurement>
				<NamedMeasurement type="text/string" name="Command Line">
					<Value>/usr/bin/python3 "-u" "/opt/ros/foxy/share/ament_cmake_test/cmake/run_test.py" "/home/alumnos/josetost/colcon_ws/src/navigation-grupo-dia-libre-1/build/bt_behavior/test_results/bt_behavior/bt_action_test.gtest.xml" "--package-name" "bt_behavior" "--output-file" "/home/alumnos/josetost/colcon_ws/src/navigation-grupo-dia-libre-1/build/bt_behavior/ament_cmake_gtest/bt_action_test.txt" "--command" "/home/alumnos/josetost/colcon_ws/src/navigation-grupo-dia-libre-1/build/bt_behavior/tests/bt_action_test" "--gtest_output=xml:/home/alumnos/josetost/colcon_ws/src/navigation-grupo-dia-libre-1/build/bt_behavior/test_results/bt_behavior/bt_action_test.gtest.xml"</Value>
				</NamedMeasurement>
				<Measurement>
					<Value>-- run_test.py: invoking following command in '/home/alumnos/josetost/colcon_ws/src/navigation-grupo-dia-libre-1/build/bt_behavior/tests':
 - /home/alumnos/josetost/colcon_ws/src/navigation-grupo-dia-libre-1/build/bt_behavior/tests/bt_action_test --gtest_output=xml:/home/alumnos/josetost/colcon_ws/src/navigation-grupo-dia-libre-1/build/bt_behavior/test_results/bt_behavior/bt_action_test.gtest.xml
[==========] Running 2 tests from 1 test case.
[----------] Global test environment set-up.
[----------] 2 tests from bt_action
[ RUN      ] bt_action.patrol_btn
unknown file: Failure
C++ exception with description "Could not load library: libbr2_patrol_bt_node.so: cannot open shared object file: No such file or directory" thrown in the test body.
[  FAILED  ] bt_action.patrol_btn (15 ms)
[ RUN      ] bt_action.move_btn
[INFO] [1646646057.498899500] [move_btn_node]: Waiting for "navigate_to_pose" action server
[INFO] [1646646057.499028834] [move_btn_node]: "move" BtActionNode initialized
[INFO] [1646646057.500447570] [move_btn_node]: Waiting for "navigate_to_pose" action server
-- run_test.py: return code -11
-- run_test.py: generate result file '/home/alumnos/josetost/colcon_ws/src/navigation-grupo-dia-libre-1/build/bt_behavior/test_results/bt_behavior/bt_action_test.gtest.xml' with failed test
-- run_test.py: verify result file '/home/alumnos/josetost/colcon_ws/src/navigation-grupo-dia-libre-1/build/bt_behavior/test_results/bt_behavior/bt_action_test.gtest.xml'
</Value>
				</Measurement>
			</Results>
			<Labels>
				<Label>gtest</Label>
			</Labels>
		</Test>
		<EndDateTime>Mar 07 10:40 CET</EndDateTime>
		<EndTestTime>1646646058</EndTestTime>
		<ElapsedMinutes>0</ElapsedMinutes>
	</Testing>
</Site>
