[0.062s] Invoking command in '/home/alumnos/josetost/colcon_ws/src/navigation-grupo-dia-libre-1/build/bt_behavior': CMAKE_PREFIX_PATH=/opt/ros/foxy /usr/bin/cmake /home/alumnos/josetost/colcon_ws/src/navigation-grupo-dia-libre-1/bt_behavior -DAMENT_CMAKE_SYMLINK_INSTALL=1 -DCMAKE_INSTALL_PREFIX=/home/alumnos/josetost/colcon_ws/src/navigation-grupo-dia-libre-1/install/bt_behavior
[0.083s] -- Found ament_cmake: 0.9.9 (/opt/ros/foxy/share/ament_cmake/cmake)
[0.115s] -- Using PYTHON_EXECUTABLE: /usr/bin/python3
[0.505s] -- Override CMake install command with custom implementation using symlinks instead of copying resources
[0.537s] -- Found rclcpp: 2.4.1 (/opt/ros/foxy/share/rclcpp/cmake)
[0.595s] -- Using all available rosidl_typesupport_c: rosidl_typesupport_fastrtps_c;rosidl_typesupport_introspection_c
[0.600s] -- Found rosidl_adapter: 1.2.1 (/opt/ros/foxy/share/rosidl_adapter/cmake)
[0.809s] -- Using all available rosidl_typesupport_cpp: rosidl_typesupport_fastrtps_cpp;rosidl_typesupport_introspection_cpp
[0.875s] -- Found rmw_implementation_cmake: 1.0.3 (/opt/ros/foxy/share/rmw_implementation_cmake/cmake)
[0.877s] -- Using RMW implementation 'rmw_fastrtps_cpp' as default
[1.069s] -- Found rclcpp_lifecycle: 2.4.1 (/opt/ros/foxy/share/rclcpp_lifecycle/cmake)
[1.108s] -- Found rclcpp_action: 2.4.1 (/opt/ros/foxy/share/rclcpp_action/cmake)
[1.209s] -- Found behaviortree_cpp_v3: 3.6.0 (/opt/ros/foxy/share/behaviortree_cpp_v3/cmake)
[1.211s] -- Found geometry_msgs: 2.0.5 (/opt/ros/foxy/share/geometry_msgs/cmake)
[1.288s] -- Found nav2_msgs: 0.4.7 (/opt/ros/foxy/share/nav2_msgs/cmake)
[1.783s] -- Found ament_index_cpp: 1.1.0 (/opt/ros/foxy/share/ament_index_cpp/cmake)
[1.798s] -- Found ZMQ: /usr/lib/x86_64-linux-gnu/libzmq.so  
[1.799s] -- ZeroMQ found.
[1.860s] -- Found ament_lint_auto: 0.9.6 (/opt/ros/foxy/share/ament_lint_auto/cmake)
[2.267s] -- Found gtest sources under '/opt/ros/foxy/src/gtest_vendor': C++ tests using 'Google Test' will be built
[2.277s] -- Check if compiler accepts -pthread
[2.500s] -- Check if compiler accepts -pthread - yes
[2.615s] -- Added test 'copyright' to check source files copyright and LICENSE
[2.644s] -- Added test 'cppcheck' to perform static code analysis on C / C++ code
[2.645s] -- Configured cppcheck include dirs: /home/alumnos/josetost/colcon_ws/src/navigation-grupo-dia-libre-1/bt_behavior/include
[2.646s] -- Configured cppcheck exclude dirs and/or files: 
[2.673s] -- Added test 'cpplint' to check C / C++ code against the Google style
[2.674s] -- Configured cpplint exclude dirs and/or files: 
[2.680s] -- Added test 'flake8' to check Python code syntax and style conventions
[2.690s] -- Added test 'lint_cmake' to check CMake code style
[2.696s] -- Added test 'pep257' to check Python code against some of the style conventions in PEP 257
[2.725s] -- Added test 'uncrustify' to check C / C++ code style
[2.725s] -- Configured uncrustify additional arguments: 
[2.731s] -- Added test 'xmllint' to check XML markup files
[2.865s] -- Configuring done
[3.272s] -- Generating done
[3.331s] -- Build files have been written to: /home/alumnos/josetost/colcon_ws/src/navigation-grupo-dia-libre-1/build/bt_behavior
[3.347s] Invoked command in '/home/alumnos/josetost/colcon_ws/src/navigation-grupo-dia-libre-1/build/bt_behavior' returned '0': CMAKE_PREFIX_PATH=/opt/ros/foxy /usr/bin/cmake /home/alumnos/josetost/colcon_ws/src/navigation-grupo-dia-libre-1/bt_behavior -DAMENT_CMAKE_SYMLINK_INSTALL=1 -DCMAKE_INSTALL_PREFIX=/home/alumnos/josetost/colcon_ws/src/navigation-grupo-dia-libre-1/install/bt_behavior
[3.352s] Invoking command in '/home/alumnos/josetost/colcon_ws/src/navigation-grupo-dia-libre-1/build/bt_behavior': CMAKE_PREFIX_PATH=/opt/ros/foxy /usr/bin/cmake --build /home/alumnos/josetost/colcon_ws/src/navigation-grupo-dia-libre-1/build/bt_behavior -- -j8 -l8
[3.460s] [35m[1mScanning dependencies of target br2_gnw_bt_node[0m
[3.460s] [35m[1mScanning dependencies of target nav_wp[0m
[3.465s] [35m[1mScanning dependencies of target br2_move_bt_node[0m
[3.467s] [35m[1mScanning dependencies of target br2_irf_bt_node[0m
[3.467s] [35m[1mScanning dependencies of target gtest[0m
[3.467s] [35m[1mScanning dependencies of target gtest_main[0m
[4.631s] [ 14%] [32mBuilding CXX object gtest/CMakeFiles/gtest_main.dir/src/gtest_main.cc.o[0m
[4.631s] [ 14%] [32mBuilding CXX object gtest/CMakeFiles/gtest.dir/src/gtest-all.cc.o[0m
[13.322s] [ 21%] [32mBuilding CXX object CMakeFiles/nav_wp.dir/src/nav_wp.cpp.o[0m
[14.146s] [ 28%] [32m[1mLinking CXX static library libgtest_main.a[0m
[14.500s] [ 28%] Built target gtest_main
[14.631s] [ 42%] [32mBuilding CXX object CMakeFiles/br2_move_bt_node.dir/src/bt_behavior/Move.cpp.o[0m
[14.632s] [ 42%] [32mBuilding CXX object CMakeFiles/br2_irf_bt_node.dir/src/bt_behavior/IsRaceFinished.cpp.o[0m
[14.693s] [ 50%] [32mBuilding CXX object CMakeFiles/br2_gnw_bt_node.dir/src/bt_behavior/GetNextWaypoint.cpp.o[0m
[14.816s] [01m[K/home/alumnos/josetost/colcon_ws/src/navigation-grupo-dia-libre-1/bt_behavior/src/bt_behavior/Move.cpp:22:10:[m[K [01;31m[Kfatal error: [m[Kkobuki_ros_interfaces/msg/sound.hpp: No existe el archivo o el directorio
[14.817s]    22 | #include [01;31m[K"kobuki_ros_interfaces/msg/sound.hpp"[m[K
[14.817s]       |          [01;31m[K^~~~~~~~~~~~~~~~~~~~~~~~~~~~~~~~~~~~~[m[K
[14.817s] compilation terminated.
[14.818s] make[2]: *** [CMakeFiles/br2_move_bt_node.dir/build.make:63: CMakeFiles/br2_move_bt_node.dir/src/bt_behavior/Move.cpp.o] Error 1
[14.819s] make[1]: *** [CMakeFiles/Makefile2:152: CMakeFiles/br2_move_bt_node.dir/all] Error 2
[14.819s] make[1]: *** Se espera a que terminen otras tareas....
[18.817s] [ 57%] [32m[1mLinking CXX shared library libbr2_irf_bt_node.so[0m
[19.083s] [ 64%] [32m[1mLinking CXX executable nav_wp[0m
[19.763s] [ 71%] [32m[1mLinking CXX static library libgtest.a[0m
[19.811s] [ 71%] Built target br2_irf_bt_node
[19.907s] [ 71%] Built target nav_wp
[20.008s] [ 71%] Built target gtest
[23.559s] [ 78%] [32m[1mLinking CXX shared library libbr2_gnw_bt_node.so[0m
[24.403s] [ 78%] Built target br2_gnw_bt_node
[24.404s] make: *** [Makefile:141: all] Error 2
[24.409s] Invoked command in '/home/alumnos/josetost/colcon_ws/src/navigation-grupo-dia-libre-1/build/bt_behavior' returned '2': CMAKE_PREFIX_PATH=/opt/ros/foxy /usr/bin/cmake --build /home/alumnos/josetost/colcon_ws/src/navigation-grupo-dia-libre-1/build/bt_behavior -- -j8 -l8
