[0.186s] Invoking command in '/home/alumnos/josetost/colcon_ws/src/navigation-grupo-dia-libre-1/build/bt_behavior': AMENT_PREFIX_PATH=/home/alumnos/josetost/colcon_ws/src/navigation-grupo-dia-libre-1/install/bt_behavior:${AMENT_PREFIX_PATH} CMAKE_PREFIX_PATH=/home/alumnos/josetost/colcon_ws/src/navigation-grupo-dia-libre-1/install/bt_behavior LD_LIBRARY_PATH=/home/alumnos/josetost/colcon_ws/src/navigation-grupo-dia-libre-1/install/bt_behavior/lib:${LD_LIBRARY_PATH} /usr/bin/ctest -C Release -D ExperimentalTest --no-compress-output -V --force-new-ctest-process
[0.198s] UpdateCTestConfiguration  from :/home/alumnos/josetost/colcon_ws/src/navigation-grupo-dia-libre-1/build/bt_behavior/CTestConfiguration.ini
[0.198s] Parse Config file:/home/alumnos/josetost/colcon_ws/src/navigation-grupo-dia-libre-1/build/bt_behavior/CTestConfiguration.ini
[0.198s]    Site: f-l3210-pc24
[0.198s]    Build name: (empty)
[0.199s]  Add coverage exclude regular expressions.
[0.199s] SetCTestConfiguration:CMakeCommand:/usr/bin/cmake
[0.211s] Create new tag: 20220307-0948 - Experimental
[0.212s] UpdateCTestConfiguration  from :/home/alumnos/josetost/colcon_ws/src/navigation-grupo-dia-libre-1/build/bt_behavior/CTestConfiguration.ini
[0.212s] Parse Config file:/home/alumnos/josetost/colcon_ws/src/navigation-grupo-dia-libre-1/build/bt_behavior/CTestConfiguration.ini
[0.213s] Test project /home/alumnos/josetost/colcon_ws/src/navigation-grupo-dia-libre-1/build/bt_behavior
[0.213s] Constructing a list of tests
[0.213s] Done constructing a list of tests
[0.214s] Updating test list for fixtures
[0.215s] Added 0 tests to meet fixture requirements
[0.215s] Checking test dependency graph...
[0.216s] Checking test dependency graph end
[0.216s] test 1
[0.216s]     Start 1: copyright
[0.217s] 
[0.217s] 1: Test command: /usr/bin/python3 "-u" "/opt/ros/foxy/share/ament_cmake_test/cmake/run_test.py" "/home/alumnos/josetost/colcon_ws/src/navigation-grupo-dia-libre-1/build/bt_behavior/test_results/bt_behavior/copyright.xunit.xml" "--package-name" "bt_behavior" "--output-file" "/home/alumnos/josetost/colcon_ws/src/navigation-grupo-dia-libre-1/build/bt_behavior/ament_copyright/copyright.txt" "--command" "/opt/ros/foxy/bin/ament_copyright" "--xunit-file" "/home/alumnos/josetost/colcon_ws/src/navigation-grupo-dia-libre-1/build/bt_behavior/test_results/bt_behavior/copyright.xunit.xml"
[0.217s] 1: Test timeout computed to be: 60
[0.290s] 1: -- run_test.py: invoking following command in '/home/alumnos/josetost/colcon_ws/src/navigation-grupo-dia-libre-1/bt_behavior':
[0.290s] 1:  - /opt/ros/foxy/bin/ament_copyright --xunit-file /home/alumnos/josetost/colcon_ws/src/navigation-grupo-dia-libre-1/build/bt_behavior/test_results/bt_behavior/copyright.xunit.xml
[0.746s] 1: No problems found, checked 12 files
[0.764s] 1: -- run_test.py: return code 0
[0.766s] 1: -- run_test.py: verify result file '/home/alumnos/josetost/colcon_ws/src/navigation-grupo-dia-libre-1/build/bt_behavior/test_results/bt_behavior/copyright.xunit.xml'
[0.777s] 1/9 Test #1: copyright ........................   Passed    0.56 sec
[0.780s] test 2
[0.781s]     Start 2: cppcheck
[0.781s] 
[0.781s] 2: Test command: /usr/bin/python3 "-u" "/opt/ros/foxy/share/ament_cmake_test/cmake/run_test.py" "/home/alumnos/josetost/colcon_ws/src/navigation-grupo-dia-libre-1/build/bt_behavior/test_results/bt_behavior/cppcheck.xunit.xml" "--package-name" "bt_behavior" "--output-file" "/home/alumnos/josetost/colcon_ws/src/navigation-grupo-dia-libre-1/build/bt_behavior/ament_cppcheck/cppcheck.txt" "--command" "/opt/ros/foxy/bin/ament_cppcheck" "--xunit-file" "/home/alumnos/josetost/colcon_ws/src/navigation-grupo-dia-libre-1/build/bt_behavior/test_results/bt_behavior/cppcheck.xunit.xml" "--include_dirs" "/home/alumnos/josetost/colcon_ws/src/navigation-grupo-dia-libre-1/bt_behavior/include"
[0.782s] 2: Test timeout computed to be: 300
[0.860s] 2: -- run_test.py: invoking following command in '/home/alumnos/josetost/colcon_ws/src/navigation-grupo-dia-libre-1/bt_behavior':
[0.860s] 2:  - /opt/ros/foxy/bin/ament_cppcheck --xunit-file /home/alumnos/josetost/colcon_ws/src/navigation-grupo-dia-libre-1/build/bt_behavior/test_results/bt_behavior/cppcheck.xunit.xml --include_dirs /home/alumnos/josetost/colcon_ws/src/navigation-grupo-dia-libre-1/bt_behavior/include
[1.307s] 2: No problems found
[1.324s] 2: -- run_test.py: return code 0
[1.326s] 2: -- run_test.py: verify result file '/home/alumnos/josetost/colcon_ws/src/navigation-grupo-dia-libre-1/build/bt_behavior/test_results/bt_behavior/cppcheck.xunit.xml'
[1.339s] 2/9 Test #2: cppcheck .........................   Passed    0.56 sec
[1.342s] test 3
[1.343s]     Start 3: cpplint
[1.343s] 
[1.344s] 3: Test command: /usr/bin/python3 "-u" "/opt/ros/foxy/share/ament_cmake_test/cmake/run_test.py" "/home/alumnos/josetost/colcon_ws/src/navigation-grupo-dia-libre-1/build/bt_behavior/test_results/bt_behavior/cpplint.xunit.xml" "--package-name" "bt_behavior" "--output-file" "/home/alumnos/josetost/colcon_ws/src/navigation-grupo-dia-libre-1/build/bt_behavior/ament_cpplint/cpplint.txt" "--command" "/opt/ros/foxy/bin/ament_cpplint" "--xunit-file" "/home/alumnos/josetost/colcon_ws/src/navigation-grupo-dia-libre-1/build/bt_behavior/test_results/bt_behavior/cpplint.xunit.xml"
[1.344s] 3: Test timeout computed to be: 120
[1.417s] 3: -- run_test.py: invoking following command in '/home/alumnos/josetost/colcon_ws/src/navigation-grupo-dia-libre-1/bt_behavior':
[1.417s] 3:  - /opt/ros/foxy/bin/ament_cpplint --xunit-file /home/alumnos/josetost/colcon_ws/src/navigation-grupo-dia-libre-1/build/bt_behavior/test_results/bt_behavior/cpplint.xunit.xml
[2.206s] 3: /home/alumnos/josetost/colcon_ws/src/navigation-grupo-dia-libre-1/bt_behavior/src/bt_behavior/Move.cpp:55:  Lines should be <= 100 characters long  [whitespace/line_length] [2]
[2.206s] 3: /home/alumnos/josetost/colcon_ws/src/navigation-grupo-dia-libre-1/bt_behavior/src/bt_behavior/Move.cpp:71:  Lines should be <= 100 characters long  [whitespace/line_length] [2]
[2.206s] 3: /home/alumnos/josetost/colcon_ws/src/navigation-grupo-dia-libre-1/bt_behavior/src/bt_behavior/Move.cpp:87:  Lines should be <= 100 characters long  [whitespace/line_length] [2]
[2.206s] 3: Category 'whitespace/line_length' errors found: 3
[2.206s] 3: Total errors found: 3
[2.206s] 3: Using '--root=..' argument
[2.206s] 3: 
[2.206s] 3: Done processing /home/alumnos/josetost/colcon_ws/src/navigation-grupo-dia-libre-1/bt_behavior/tests/bt_action_test.cpp
[2.207s] 3: 
[2.207s] 3: Using '--root=/home/alumnos/josetost/colcon_ws/src/navigation-grupo-dia-libre-1/bt_behavior/include' argument
[2.208s] 3: 
[2.208s] 3: Done processing /home/alumnos/josetost/colcon_ws/src/navigation-grupo-dia-libre-1/bt_behavior/include/bt_behavior/GetNextWaypoint.hpp
[2.208s] 3: 
[2.209s] 3: Done processing /home/alumnos/josetost/colcon_ws/src/navigation-grupo-dia-libre-1/bt_behavior/include/bt_behavior/IsRaceFinished.hpp
[2.209s] 3: 
[2.209s] 3: Done processing /home/alumnos/josetost/colcon_ws/src/navigation-grupo-dia-libre-1/bt_behavior/include/bt_behavior/Move.hpp
[2.209s] 3: 
[2.210s] 3: Done processing /home/alumnos/josetost/colcon_ws/src/navigation-grupo-dia-libre-1/bt_behavior/include/bt_behavior/ctrl_support/BTActionNode.hpp
[2.210s] 3: 
[2.210s] 3: Done processing /home/alumnos/josetost/colcon_ws/src/navigation-grupo-dia-libre-1/bt_behavior/include/bt_behavior/ctrl_support/BTLifecycleCtrlNode.hpp
[2.211s] 3: 
[2.211s] 3: Using '--root=/home/alumnos/josetost/colcon_ws/src/navigation-grupo-dia-libre-1/bt_behavior/src' argument
[2.211s] 3: 
[2.212s] 3: Done processing /home/alumnos/josetost/colcon_ws/src/navigation-grupo-dia-libre-1/bt_behavior/src/nav_wp.cpp
[2.212s] 3: 
[2.212s] 3: Done processing /home/alumnos/josetost/colcon_ws/src/navigation-grupo-dia-libre-1/bt_behavior/src/bt_behavior/GetNextWaypoint.cpp
[2.212s] 3: 
[2.213s] 3: Done processing /home/alumnos/josetost/colcon_ws/src/navigation-grupo-dia-libre-1/bt_behavior/src/bt_behavior/IsRaceFinished.cpp
[2.213s] 3: 
[2.213s] 3: Done processing /home/alumnos/josetost/colcon_ws/src/navigation-grupo-dia-libre-1/bt_behavior/src/bt_behavior/Move.cpp
[2.213s] 3: 
[2.221s] 3: -- run_test.py: return code 1
[2.222s] 3: -- run_test.py: verify result file '/home/alumnos/josetost/colcon_ws/src/navigation-grupo-dia-libre-1/build/bt_behavior/test_results/bt_behavior/cpplint.xunit.xml'
[2.234s] 3/9 Test #3: cpplint ..........................***Failed    0.89 sec
[2.236s] test 4
[2.237s]     Start 4: flake8
[2.237s] 
[2.238s] 4: Test command: /usr/bin/python3 "-u" "/opt/ros/foxy/share/ament_cmake_test/cmake/run_test.py" "/home/alumnos/josetost/colcon_ws/src/navigation-grupo-dia-libre-1/build/bt_behavior/test_results/bt_behavior/flake8.xunit.xml" "--package-name" "bt_behavior" "--output-file" "/home/alumnos/josetost/colcon_ws/src/navigation-grupo-dia-libre-1/build/bt_behavior/ament_flake8/flake8.txt" "--command" "/opt/ros/foxy/bin/ament_flake8" "--xunit-file" "/home/alumnos/josetost/colcon_ws/src/navigation-grupo-dia-libre-1/build/bt_behavior/test_results/bt_behavior/flake8.xunit.xml"
[2.238s] 4: Test timeout computed to be: 60
[2.317s] 4: -- run_test.py: invoking following command in '/home/alumnos/josetost/colcon_ws/src/navigation-grupo-dia-libre-1/bt_behavior':
[2.317s] 4:  - /opt/ros/foxy/bin/ament_flake8 --xunit-file /home/alumnos/josetost/colcon_ws/src/navigation-grupo-dia-libre-1/build/bt_behavior/test_results/bt_behavior/flake8.xunit.xml
[2.909s] 4: 
[2.910s] 4: 1 files checked
[2.910s] 4: No problems found
[2.910s] 4: 
[2.910s] 4: Checked files:
[2.910s] 4: 
[2.910s] 4: * ./launch/patrolling.launch.py
[2.944s] 4: -- run_test.py: return code 0
[2.946s] 4: -- run_test.py: verify result file '/home/alumnos/josetost/colcon_ws/src/navigation-grupo-dia-libre-1/build/bt_behavior/test_results/bt_behavior/flake8.xunit.xml'
[2.958s] 4/9 Test #4: flake8 ...........................   Passed    0.72 sec
[2.961s] test 5
[2.961s]     Start 5: lint_cmake
[2.962s] 
[2.962s] 5: Test command: /usr/bin/python3 "-u" "/opt/ros/foxy/share/ament_cmake_test/cmake/run_test.py" "/home/alumnos/josetost/colcon_ws/src/navigation-grupo-dia-libre-1/build/bt_behavior/test_results/bt_behavior/lint_cmake.xunit.xml" "--package-name" "bt_behavior" "--output-file" "/home/alumnos/josetost/colcon_ws/src/navigation-grupo-dia-libre-1/build/bt_behavior/ament_lint_cmake/lint_cmake.txt" "--command" "/opt/ros/foxy/bin/ament_lint_cmake" "--xunit-file" "/home/alumnos/josetost/colcon_ws/src/navigation-grupo-dia-libre-1/build/bt_behavior/test_results/bt_behavior/lint_cmake.xunit.xml"
[2.962s] 5: Test timeout computed to be: 60
[3.037s] 5: -- run_test.py: invoking following command in '/home/alumnos/josetost/colcon_ws/src/navigation-grupo-dia-libre-1/bt_behavior':
[3.037s] 5:  - /opt/ros/foxy/bin/ament_lint_cmake --xunit-file /home/alumnos/josetost/colcon_ws/src/navigation-grupo-dia-libre-1/build/bt_behavior/test_results/bt_behavior/lint_cmake.xunit.xml
[3.423s] 5: CMakeLists.txt:40: Line ends in whitespace [whitespace/eol]
[3.423s] 5: 
[3.424s] 5: 
[3.424s] 5: 1 errors
[3.439s] 5: -- run_test.py: return code 1
[3.441s] 5: -- run_test.py: verify result file '/home/alumnos/josetost/colcon_ws/src/navigation-grupo-dia-libre-1/build/bt_behavior/test_results/bt_behavior/lint_cmake.xunit.xml'
[3.454s] 5/9 Test #5: lint_cmake .......................***Failed    0.49 sec
[3.457s] test 6
[3.457s]     Start 6: pep257
[3.457s] 
[3.458s] 6: Test command: /usr/bin/python3 "-u" "/opt/ros/foxy/share/ament_cmake_test/cmake/run_test.py" "/home/alumnos/josetost/colcon_ws/src/navigation-grupo-dia-libre-1/build/bt_behavior/test_results/bt_behavior/pep257.xunit.xml" "--package-name" "bt_behavior" "--output-file" "/home/alumnos/josetost/colcon_ws/src/navigation-grupo-dia-libre-1/build/bt_behavior/ament_pep257/pep257.txt" "--command" "/opt/ros/foxy/bin/ament_pep257" "--xunit-file" "/home/alumnos/josetost/colcon_ws/src/navigation-grupo-dia-libre-1/build/bt_behavior/test_results/bt_behavior/pep257.xunit.xml"
[3.458s] 6: Test timeout computed to be: 60
[3.532s] 6: -- run_test.py: invoking following command in '/home/alumnos/josetost/colcon_ws/src/navigation-grupo-dia-libre-1/bt_behavior':
[3.532s] 6:  - /opt/ros/foxy/bin/ament_pep257 --xunit-file /home/alumnos/josetost/colcon_ws/src/navigation-grupo-dia-libre-1/build/bt_behavior/test_results/bt_behavior/pep257.xunit.xml
[3.964s] 6: checking ./launch/patrolling.launch.py
[3.964s] 6: No problems found
[3.981s] 6: -- run_test.py: return code 0
[3.983s] 6: -- run_test.py: verify result file '/home/alumnos/josetost/colcon_ws/src/navigation-grupo-dia-libre-1/build/bt_behavior/test_results/bt_behavior/pep257.xunit.xml'
[3.993s] 6/9 Test #6: pep257 ...........................   Passed    0.54 sec
[3.995s] test 7
[3.996s]     Start 7: uncrustify
[3.996s] 
[3.996s] 7: Test command: /usr/bin/python3 "-u" "/opt/ros/foxy/share/ament_cmake_test/cmake/run_test.py" "/home/alumnos/josetost/colcon_ws/src/navigation-grupo-dia-libre-1/build/bt_behavior/test_results/bt_behavior/uncrustify.xunit.xml" "--package-name" "bt_behavior" "--output-file" "/home/alumnos/josetost/colcon_ws/src/navigation-grupo-dia-libre-1/build/bt_behavior/ament_uncrustify/uncrustify.txt" "--command" "/opt/ros/foxy/bin/ament_uncrustify" "--xunit-file" "/home/alumnos/josetost/colcon_ws/src/navigation-grupo-dia-libre-1/build/bt_behavior/test_results/bt_behavior/uncrustify.xunit.xml"
[3.997s] 7: Test timeout computed to be: 60
[4.065s] 7: -- run_test.py: invoking following command in '/home/alumnos/josetost/colcon_ws/src/navigation-grupo-dia-libre-1/bt_behavior':
[4.065s] 7:  - /opt/ros/foxy/bin/ament_uncrustify --xunit-file /home/alumnos/josetost/colcon_ws/src/navigation-grupo-dia-libre-1/build/bt_behavior/test_results/bt_behavior/uncrustify.xunit.xml
[4.473s] 7: Code style divergence in file 'src/bt_behavior/Move.cpp':
[4.473s] 7: 
[4.473s] 7: --- src/bt_behavior/Move.cpp
[4.473s] 7: +++ src/bt_behavior/Move.cpp.uncrustify
[4.474s] 7: @@ -55 +55,2 @@
[4.474s] 7: -  auto success_pub = success_node->create_publisher<kobuki_ros_interfaces::msg::Sound>("/commands/sound", 10);
[4.478s] 7: +  auto success_pub = success_node->create_publisher<kobuki_ros_interfaces::msg::Sound>(
[4.479s] 7: +    "/commands/sound", 10);
[4.479s] 7: @@ -71 +72,3 @@
[4.480s] 7: -  auto fail_pub = fail_node->create_publisher<kobuki_ros_interfaces::msg::Sound>("/commands/sound", 10);
[4.480s] 7: +  auto fail_pub = fail_node->create_publisher<kobuki_ros_interfaces::msg::Sound>(
[4.480s] 7: +    "/commands/sound",
[4.481s] 7: +    10);
[4.482s] 7: @@ -87 +90,2 @@
[4.482s] 7: -  auto cancel_pub = cancel_node->create_publisher<kobuki_ros_interfaces::msg::Sound>("/commands/sound", 10);
[4.482s] 7: +  auto cancel_pub = cancel_node->create_publisher<kobuki_ros_interfaces::msg::Sound>(
[4.482s] 7: +    "/commands/sound", 10);
[4.483s] 7: 
[4.483s] 7: 1 files with code style divergence
[4.483s] 7: No code style divergence in file 'include/bt_behavior/GetNextWaypoint.hpp'
[4.483s] 7: 
[4.483s] 7: No code style divergence in file 'include/bt_behavior/IsRaceFinished.hpp'
[4.484s] 7: 
[4.484s] 7: No code style divergence in file 'include/bt_behavior/Move.hpp'
[4.484s] 7: 
[4.484s] 7: No code style divergence in file 'include/bt_behavior/ctrl_support/BTActionNode.hpp'
[4.484s] 7: 
[4.485s] 7: No code style divergence in file 'include/bt_behavior/ctrl_support/BTLifecycleCtrlNode.hpp'
[4.485s] 7: 
[4.485s] 7: No code style divergence in file 'src/bt_behavior/GetNextWaypoint.cpp'
[4.486s] 7: 
[4.486s] 7: No code style divergence in file 'src/bt_behavior/IsRaceFinished.cpp'
[4.486s] 7: 
[4.486s] 7: No code style divergence in file 'src/nav_wp.cpp'
[4.487s] 7: 
[4.487s] 7: No code style divergence in file 'tests/bt_action_test.cpp'
[4.487s] 7: 
[4.489s] 7: -- run_test.py: return code 1
[4.490s] 7: -- run_test.py: verify result file '/home/alumnos/josetost/colcon_ws/src/navigation-grupo-dia-libre-1/build/bt_behavior/test_results/bt_behavior/uncrustify.xunit.xml'
[4.501s] 7/9 Test #7: uncrustify .......................***Failed    0.51 sec
[4.503s] test 8
[4.504s]     Start 8: xmllint
[4.504s] 
[4.505s] 8: Test command: /usr/bin/python3 "-u" "/opt/ros/foxy/share/ament_cmake_test/cmake/run_test.py" "/home/alumnos/josetost/colcon_ws/src/navigation-grupo-dia-libre-1/build/bt_behavior/test_results/bt_behavior/xmllint.xunit.xml" "--package-name" "bt_behavior" "--output-file" "/home/alumnos/josetost/colcon_ws/src/navigation-grupo-dia-libre-1/build/bt_behavior/ament_xmllint/xmllint.txt" "--command" "/opt/ros/foxy/bin/ament_xmllint" "--xunit-file" "/home/alumnos/josetost/colcon_ws/src/navigation-grupo-dia-libre-1/build/bt_behavior/test_results/bt_behavior/xmllint.xunit.xml"
[4.505s] 8: Test timeout computed to be: 60
[4.572s] 8: -- run_test.py: invoking following command in '/home/alumnos/josetost/colcon_ws/src/navigation-grupo-dia-libre-1/bt_behavior':
[4.573s] 8:  - /opt/ros/foxy/bin/ament_xmllint --xunit-file /home/alumnos/josetost/colcon_ws/src/navigation-grupo-dia-libre-1/build/bt_behavior/test_results/bt_behavior/xmllint.xunit.xml
[5.217s] 8: File 'package.xml' is valid
[5.217s] 8: 
[5.217s] 8: File 'behavior_tree_xml/behavior.xml' is valid
[5.217s] 8: 
[5.217s] 8: No problems found
[5.233s] 8: -- run_test.py: return code 0
[5.235s] 8: -- run_test.py: verify result file '/home/alumnos/josetost/colcon_ws/src/navigation-grupo-dia-libre-1/build/bt_behavior/test_results/bt_behavior/xmllint.xunit.xml'
[5.246s] 8/9 Test #8: xmllint ..........................   Passed    0.74 sec
[5.249s] test 9
[5.249s]     Start 9: bt_action_test
[5.249s] 
[5.250s] 9: Test command: /usr/bin/python3 "-u" "/opt/ros/foxy/share/ament_cmake_test/cmake/run_test.py" "/home/alumnos/josetost/colcon_ws/src/navigation-grupo-dia-libre-1/build/bt_behavior/test_results/bt_behavior/bt_action_test.gtest.xml" "--package-name" "bt_behavior" "--output-file" "/home/alumnos/josetost/colcon_ws/src/navigation-grupo-dia-libre-1/build/bt_behavior/ament_cmake_gtest/bt_action_test.txt" "--command" "/home/alumnos/josetost/colcon_ws/src/navigation-grupo-dia-libre-1/build/bt_behavior/tests/bt_action_test" "--gtest_output=xml:/home/alumnos/josetost/colcon_ws/src/navigation-grupo-dia-libre-1/build/bt_behavior/test_results/bt_behavior/bt_action_test.gtest.xml"
[5.250s] 9: Test timeout computed to be: 60
[5.318s] 9: -- run_test.py: invoking following command in '/home/alumnos/josetost/colcon_ws/src/navigation-grupo-dia-libre-1/build/bt_behavior/tests':
[5.319s] 9:  - /home/alumnos/josetost/colcon_ws/src/navigation-grupo-dia-libre-1/build/bt_behavior/tests/bt_action_test --gtest_output=xml:/home/alumnos/josetost/colcon_ws/src/navigation-grupo-dia-libre-1/build/bt_behavior/test_results/bt_behavior/bt_action_test.gtest.xml
[5.340s] 9: [==========] Running 2 tests from 1 test case.
[5.341s] 9: [----------] Global test environment set-up.
[5.341s] 9: [----------] 2 tests from bt_action
[5.341s] 9: [ RUN      ] bt_action.patrol_btn
[5.354s] 9: unknown file: Failure
[5.354s] 9: C++ exception with description "Could not load library: libbr2_patrol_bt_node.so: cannot open shared object file: No such file or directory" thrown in the test body.
[5.354s] 9: [  FAILED  ] bt_action.patrol_btn (14 ms)
[5.354s] 9: [ RUN      ] bt_action.move_btn
[5.365s] 9: [INFO] [1646646498.008245646] [move_btn_node]: Waiting for "navigate_to_pose" action server
[5.365s] 9: [INFO] [1646646498.008367909] [move_btn_node]: "move" BtActionNode initialized
[5.366s] 9: [INFO] [1646646498.009815765] [move_btn_node]: Waiting for "navigate_to_pose" action server
[11.565s] 9: [INFO] [1646646504.208588145] [move_btn_node]: navigation Suceeded
[11.670s] 9: [       OK ] bt_action.move_btn (6316 ms)
[11.670s] 9: [----------] 2 tests from bt_action (6330 ms total)
[11.670s] 9: 
[11.671s] 9: [----------] Global test environment tear-down
[11.679s] 9: [==========] 2 tests from 1 test case ran. (6330 ms total)
[11.679s] 9: [  PASSED  ] 1 test.
[11.679s] 9: [  FAILED  ] 1 test, listed below:
[11.685s] 9: [  FAILED  ] bt_action.patrol_btn
[11.685s] 9: 
[11.686s] 9:  1 FAILED TEST
[11.688s] 9: -- run_test.py: return code 1
[11.690s] 9: -- run_test.py: inject classname prefix into gtest result file '/home/alumnos/josetost/colcon_ws/src/navigation-grupo-dia-libre-1/build/bt_behavior/test_results/bt_behavior/bt_action_test.gtest.xml'
[11.692s] 9: -- run_test.py: verify result file '/home/alumnos/josetost/colcon_ws/src/navigation-grupo-dia-libre-1/build/bt_behavior/test_results/bt_behavior/bt_action_test.gtest.xml'
[11.705s] 9/9 Test #9: bt_action_test ...................***Failed    6.46 sec
[11.724s] 
[11.724s] 56% tests passed[0;0m, [0;31m4 tests failed[0;0m out of 9
[11.725s] 
[11.725s] Label Time Summary:
[11.726s] copyright     =   0.56 sec*proc (1 test)
[11.729s] cppcheck      =   0.56 sec*proc (1 test)
[11.729s] cpplint       =   0.89 sec*proc (1 test)
[11.730s] flake8        =   0.72 sec*proc (1 test)
[11.730s] gtest         =   6.46 sec*proc (1 test)
[11.731s] lint_cmake    =   0.49 sec*proc (1 test)
[11.731s] linter        =   5.01 sec*proc (8 tests)
[11.731s] pep257        =   0.54 sec*proc (1 test)
[11.732s] uncrustify    =   0.51 sec*proc (1 test)
[11.732s] xmllint       =   0.74 sec*proc (1 test)
[11.733s] 
[11.733s] Total Test time (real) =  11.51 sec
[11.733s] 
[11.733s] The following tests FAILED:
[11.734s] 	[0;31m  3 - cpplint (Failed)[0;0m
[11.734s] 	[0;31m  5 - lint_cmake (Failed)[0;0m
[11.734s] 	[0;31m  7 - uncrustify (Failed)[0;0m
[11.734s] 	[0;31m  9 - bt_action_test (Failed)[0;0m
[11.789s] Errors while running CTest
[11.792s] Invoked command in '/home/alumnos/josetost/colcon_ws/src/navigation-grupo-dia-libre-1/build/bt_behavior' returned '8': AMENT_PREFIX_PATH=/home/alumnos/josetost/colcon_ws/src/navigation-grupo-dia-libre-1/install/bt_behavior:${AMENT_PREFIX_PATH} CMAKE_PREFIX_PATH=/home/alumnos/josetost/colcon_ws/src/navigation-grupo-dia-libre-1/install/bt_behavior LD_LIBRARY_PATH=/home/alumnos/josetost/colcon_ws/src/navigation-grupo-dia-libre-1/install/bt_behavior/lib:${LD_LIBRARY_PATH} /usr/bin/ctest -C Release -D ExperimentalTest --no-compress-output -V --force-new-ctest-process
