[0.195s] Invoking command in '/home/alumnos/josetost/colcon_ws/src/navigation-grupo-dia-libre-1/build/bt_behavior': AMENT_PREFIX_PATH=/home/alumnos/josetost/colcon_ws/src/navigation-grupo-dia-libre-1/install/bt_behavior:${AMENT_PREFIX_PATH} CMAKE_PREFIX_PATH=/home/alumnos/josetost/colcon_ws/src/navigation-grupo-dia-libre-1/install/bt_behavior LD_LIBRARY_PATH=/home/alumnos/josetost/colcon_ws/src/navigation-grupo-dia-libre-1/install/bt_behavior/lib:${LD_LIBRARY_PATH} /usr/bin/ctest -C Release -D ExperimentalTest --no-compress-output -V --force-new-ctest-process
[0.203s] UpdateCTestConfiguration  from :/home/alumnos/josetost/colcon_ws/src/navigation-grupo-dia-libre-1/build/bt_behavior/CTestConfiguration.ini
[0.204s] Parse Config file:/home/alumnos/josetost/colcon_ws/src/navigation-grupo-dia-libre-1/build/bt_behavior/CTestConfiguration.ini
[0.204s]    Site: f-l3210-pc24
[0.205s]    Build name: (empty)
[0.205s]  Add coverage exclude regular expressions.
[0.205s] SetCTestConfiguration:CMakeCommand:/usr/bin/cmake
[0.206s] Create new tag: 20220307-0949 - Experimental
[0.207s] UpdateCTestConfiguration  from :/home/alumnos/josetost/colcon_ws/src/navigation-grupo-dia-libre-1/build/bt_behavior/CTestConfiguration.ini
[0.207s] Parse Config file:/home/alumnos/josetost/colcon_ws/src/navigation-grupo-dia-libre-1/build/bt_behavior/CTestConfiguration.ini
[0.208s] Test project /home/alumnos/josetost/colcon_ws/src/navigation-grupo-dia-libre-1/build/bt_behavior
[0.208s] Constructing a list of tests
[0.209s] Done constructing a list of tests
[0.209s] Updating test list for fixtures
[0.210s] Added 0 tests to meet fixture requirements
[0.211s] Checking test dependency graph...
[0.211s] Checking test dependency graph end
[0.211s] test 1
[0.212s]     Start 1: copyright
[0.212s] 
[0.213s] 1: Test command: /usr/bin/python3 "-u" "/opt/ros/foxy/share/ament_cmake_test/cmake/run_test.py" "/home/alumnos/josetost/colcon_ws/src/navigation-grupo-dia-libre-1/build/bt_behavior/test_results/bt_behavior/copyright.xunit.xml" "--package-name" "bt_behavior" "--output-file" "/home/alumnos/josetost/colcon_ws/src/navigation-grupo-dia-libre-1/build/bt_behavior/ament_copyright/copyright.txt" "--command" "/opt/ros/foxy/bin/ament_copyright" "--xunit-file" "/home/alumnos/josetost/colcon_ws/src/navigation-grupo-dia-libre-1/build/bt_behavior/test_results/bt_behavior/copyright.xunit.xml"
[0.213s] 1: Test timeout computed to be: 60
[0.301s] 1: -- run_test.py: invoking following command in '/home/alumnos/josetost/colcon_ws/src/navigation-grupo-dia-libre-1/bt_behavior':
[0.302s] 1:  - /opt/ros/foxy/bin/ament_copyright --xunit-file /home/alumnos/josetost/colcon_ws/src/navigation-grupo-dia-libre-1/build/bt_behavior/test_results/bt_behavior/copyright.xunit.xml
[0.759s] 1: No problems found, checked 12 files
[0.775s] 1: -- run_test.py: return code 0
[0.777s] 1: -- run_test.py: verify result file '/home/alumnos/josetost/colcon_ws/src/navigation-grupo-dia-libre-1/build/bt_behavior/test_results/bt_behavior/copyright.xunit.xml'
[0.788s] 1/9 Test #1: copyright ........................   Passed    0.58 sec
[0.790s] test 2
[0.791s]     Start 2: cppcheck
[0.791s] 
[0.791s] 2: Test command: /usr/bin/python3 "-u" "/opt/ros/foxy/share/ament_cmake_test/cmake/run_test.py" "/home/alumnos/josetost/colcon_ws/src/navigation-grupo-dia-libre-1/build/bt_behavior/test_results/bt_behavior/cppcheck.xunit.xml" "--package-name" "bt_behavior" "--output-file" "/home/alumnos/josetost/colcon_ws/src/navigation-grupo-dia-libre-1/build/bt_behavior/ament_cppcheck/cppcheck.txt" "--command" "/opt/ros/foxy/bin/ament_cppcheck" "--xunit-file" "/home/alumnos/josetost/colcon_ws/src/navigation-grupo-dia-libre-1/build/bt_behavior/test_results/bt_behavior/cppcheck.xunit.xml" "--include_dirs" "/home/alumnos/josetost/colcon_ws/src/navigation-grupo-dia-libre-1/bt_behavior/include"
[0.792s] 2: Test timeout computed to be: 300
[0.864s] 2: -- run_test.py: invoking following command in '/home/alumnos/josetost/colcon_ws/src/navigation-grupo-dia-libre-1/bt_behavior':
[0.864s] 2:  - /opt/ros/foxy/bin/ament_cppcheck --xunit-file /home/alumnos/josetost/colcon_ws/src/navigation-grupo-dia-libre-1/build/bt_behavior/test_results/bt_behavior/cppcheck.xunit.xml --include_dirs /home/alumnos/josetost/colcon_ws/src/navigation-grupo-dia-libre-1/bt_behavior/include
[1.291s] 2: No problems found
[1.310s] 2: -- run_test.py: return code 0
[1.312s] 2: -- run_test.py: verify result file '/home/alumnos/josetost/colcon_ws/src/navigation-grupo-dia-libre-1/build/bt_behavior/test_results/bt_behavior/cppcheck.xunit.xml'
[1.324s] 2/9 Test #2: cppcheck .........................   Passed    0.53 sec
[1.326s] test 3
[1.327s]     Start 3: cpplint
[1.327s] 
[1.328s] 3: Test command: /usr/bin/python3 "-u" "/opt/ros/foxy/share/ament_cmake_test/cmake/run_test.py" "/home/alumnos/josetost/colcon_ws/src/navigation-grupo-dia-libre-1/build/bt_behavior/test_results/bt_behavior/cpplint.xunit.xml" "--package-name" "bt_behavior" "--output-file" "/home/alumnos/josetost/colcon_ws/src/navigation-grupo-dia-libre-1/build/bt_behavior/ament_cpplint/cpplint.txt" "--command" "/opt/ros/foxy/bin/ament_cpplint" "--xunit-file" "/home/alumnos/josetost/colcon_ws/src/navigation-grupo-dia-libre-1/build/bt_behavior/test_results/bt_behavior/cpplint.xunit.xml"
[1.328s] 3: Test timeout computed to be: 120
[1.399s] 3: -- run_test.py: invoking following command in '/home/alumnos/josetost/colcon_ws/src/navigation-grupo-dia-libre-1/bt_behavior':
[1.399s] 3:  - /opt/ros/foxy/bin/ament_cpplint --xunit-file /home/alumnos/josetost/colcon_ws/src/navigation-grupo-dia-libre-1/build/bt_behavior/test_results/bt_behavior/cpplint.xunit.xml
[2.145s] 3: Using '--root=..' argument
[2.145s] 3: 
[2.146s] 3: Done processing /home/alumnos/josetost/colcon_ws/src/navigation-grupo-dia-libre-1/bt_behavior/tests/bt_action_test.cpp
[2.146s] 3: 
[2.146s] 3: Using '--root=/home/alumnos/josetost/colcon_ws/src/navigation-grupo-dia-libre-1/bt_behavior/include' argument
[2.146s] 3: 
[2.147s] 3: Done processing /home/alumnos/josetost/colcon_ws/src/navigation-grupo-dia-libre-1/bt_behavior/include/bt_behavior/GetNextWaypoint.hpp
[2.147s] 3: 
[2.147s] 3: Done processing /home/alumnos/josetost/colcon_ws/src/navigation-grupo-dia-libre-1/bt_behavior/include/bt_behavior/IsRaceFinished.hpp
[2.148s] 3: 
[2.148s] 3: Done processing /home/alumnos/josetost/colcon_ws/src/navigation-grupo-dia-libre-1/bt_behavior/include/bt_behavior/Move.hpp
[2.148s] 3: 
[2.149s] 3: Done processing /home/alumnos/josetost/colcon_ws/src/navigation-grupo-dia-libre-1/bt_behavior/include/bt_behavior/ctrl_support/BTActionNode.hpp
[2.149s] 3: 
[2.149s] 3: Done processing /home/alumnos/josetost/colcon_ws/src/navigation-grupo-dia-libre-1/bt_behavior/include/bt_behavior/ctrl_support/BTLifecycleCtrlNode.hpp
[2.149s] 3: 
[2.150s] 3: Using '--root=/home/alumnos/josetost/colcon_ws/src/navigation-grupo-dia-libre-1/bt_behavior/src' argument
[2.150s] 3: 
[2.150s] 3: Done processing /home/alumnos/josetost/colcon_ws/src/navigation-grupo-dia-libre-1/bt_behavior/src/nav_wp.cpp
[2.151s] 3: 
[2.151s] 3: Done processing /home/alumnos/josetost/colcon_ws/src/navigation-grupo-dia-libre-1/bt_behavior/src/bt_behavior/GetNextWaypoint.cpp
[2.151s] 3: 
[2.151s] 3: Done processing /home/alumnos/josetost/colcon_ws/src/navigation-grupo-dia-libre-1/bt_behavior/src/bt_behavior/IsRaceFinished.cpp
[2.152s] 3: 
[2.152s] 3: Done processing /home/alumnos/josetost/colcon_ws/src/navigation-grupo-dia-libre-1/bt_behavior/src/bt_behavior/Move.cpp
[2.152s] 3: 
[2.152s] 3: No problems found
[2.158s] 3: -- run_test.py: return code 0
[2.159s] 3: -- run_test.py: verify result file '/home/alumnos/josetost/colcon_ws/src/navigation-grupo-dia-libre-1/build/bt_behavior/test_results/bt_behavior/cpplint.xunit.xml'
[2.176s] 3/9 Test #3: cpplint ..........................   Passed    0.85 sec
[2.178s] test 4
[2.179s]     Start 4: flake8
[2.179s] 
[2.179s] 4: Test command: /usr/bin/python3 "-u" "/opt/ros/foxy/share/ament_cmake_test/cmake/run_test.py" "/home/alumnos/josetost/colcon_ws/src/navigation-grupo-dia-libre-1/build/bt_behavior/test_results/bt_behavior/flake8.xunit.xml" "--package-name" "bt_behavior" "--output-file" "/home/alumnos/josetost/colcon_ws/src/navigation-grupo-dia-libre-1/build/bt_behavior/ament_flake8/flake8.txt" "--command" "/opt/ros/foxy/bin/ament_flake8" "--xunit-file" "/home/alumnos/josetost/colcon_ws/src/navigation-grupo-dia-libre-1/build/bt_behavior/test_results/bt_behavior/flake8.xunit.xml"
[2.180s] 4: Test timeout computed to be: 60
[2.251s] 4: -- run_test.py: invoking following command in '/home/alumnos/josetost/colcon_ws/src/navigation-grupo-dia-libre-1/bt_behavior':
[2.252s] 4:  - /opt/ros/foxy/bin/ament_flake8 --xunit-file /home/alumnos/josetost/colcon_ws/src/navigation-grupo-dia-libre-1/build/bt_behavior/test_results/bt_behavior/flake8.xunit.xml
[2.846s] 4: 
[2.846s] 4: 1 files checked
[2.846s] 4: No problems found
[2.847s] 4: 
[2.847s] 4: Checked files:
[2.847s] 4: 
[2.847s] 4: * ./launch/patrolling.launch.py
[2.873s] 4: -- run_test.py: return code 0
[2.875s] 4: -- run_test.py: verify result file '/home/alumnos/josetost/colcon_ws/src/navigation-grupo-dia-libre-1/build/bt_behavior/test_results/bt_behavior/flake8.xunit.xml'
[2.891s] 4/9 Test #4: flake8 ...........................   Passed    0.71 sec
[2.897s] test 5
[2.898s]     Start 5: lint_cmake
[2.899s] 
[2.899s] 5: Test command: /usr/bin/python3 "-u" "/opt/ros/foxy/share/ament_cmake_test/cmake/run_test.py" "/home/alumnos/josetost/colcon_ws/src/navigation-grupo-dia-libre-1/build/bt_behavior/test_results/bt_behavior/lint_cmake.xunit.xml" "--package-name" "bt_behavior" "--output-file" "/home/alumnos/josetost/colcon_ws/src/navigation-grupo-dia-libre-1/build/bt_behavior/ament_lint_cmake/lint_cmake.txt" "--command" "/opt/ros/foxy/bin/ament_lint_cmake" "--xunit-file" "/home/alumnos/josetost/colcon_ws/src/navigation-grupo-dia-libre-1/build/bt_behavior/test_results/bt_behavior/lint_cmake.xunit.xml"
[2.900s] 5: Test timeout computed to be: 60
[2.974s] 5: -- run_test.py: invoking following command in '/home/alumnos/josetost/colcon_ws/src/navigation-grupo-dia-libre-1/bt_behavior':
[2.974s] 5:  - /opt/ros/foxy/bin/ament_lint_cmake --xunit-file /home/alumnos/josetost/colcon_ws/src/navigation-grupo-dia-libre-1/build/bt_behavior/test_results/bt_behavior/lint_cmake.xunit.xml
[3.353s] 5: CMakeLists.txt:40: Line ends in whitespace [whitespace/eol]
[3.354s] 5: 
[3.354s] 5: 
[3.354s] 5: 1 errors
[3.366s] 5: -- run_test.py: return code 1
[3.368s] 5: -- run_test.py: verify result file '/home/alumnos/josetost/colcon_ws/src/navigation-grupo-dia-libre-1/build/bt_behavior/test_results/bt_behavior/lint_cmake.xunit.xml'
[3.380s] 5/9 Test #5: lint_cmake .......................***Failed    0.48 sec
[3.385s] test 6
[3.386s]     Start 6: pep257
[3.386s] 
[3.386s] 6: Test command: /usr/bin/python3 "-u" "/opt/ros/foxy/share/ament_cmake_test/cmake/run_test.py" "/home/alumnos/josetost/colcon_ws/src/navigation-grupo-dia-libre-1/build/bt_behavior/test_results/bt_behavior/pep257.xunit.xml" "--package-name" "bt_behavior" "--output-file" "/home/alumnos/josetost/colcon_ws/src/navigation-grupo-dia-libre-1/build/bt_behavior/ament_pep257/pep257.txt" "--command" "/opt/ros/foxy/bin/ament_pep257" "--xunit-file" "/home/alumnos/josetost/colcon_ws/src/navigation-grupo-dia-libre-1/build/bt_behavior/test_results/bt_behavior/pep257.xunit.xml"
[3.387s] 6: Test timeout computed to be: 60
[3.455s] 6: -- run_test.py: invoking following command in '/home/alumnos/josetost/colcon_ws/src/navigation-grupo-dia-libre-1/bt_behavior':
[3.455s] 6:  - /opt/ros/foxy/bin/ament_pep257 --xunit-file /home/alumnos/josetost/colcon_ws/src/navigation-grupo-dia-libre-1/build/bt_behavior/test_results/bt_behavior/pep257.xunit.xml
[3.872s] 6: checking ./launch/patrolling.launch.py
[3.872s] 6: No problems found
[3.893s] 6: -- run_test.py: return code 0
[3.895s] 6: -- run_test.py: verify result file '/home/alumnos/josetost/colcon_ws/src/navigation-grupo-dia-libre-1/build/bt_behavior/test_results/bt_behavior/pep257.xunit.xml'
[3.913s] 6/9 Test #6: pep257 ...........................   Passed    0.53 sec
[3.917s] test 7
[3.917s]     Start 7: uncrustify
[3.918s] 
[3.918s] 7: Test command: /usr/bin/python3 "-u" "/opt/ros/foxy/share/ament_cmake_test/cmake/run_test.py" "/home/alumnos/josetost/colcon_ws/src/navigation-grupo-dia-libre-1/build/bt_behavior/test_results/bt_behavior/uncrustify.xunit.xml" "--package-name" "bt_behavior" "--output-file" "/home/alumnos/josetost/colcon_ws/src/navigation-grupo-dia-libre-1/build/bt_behavior/ament_uncrustify/uncrustify.txt" "--command" "/opt/ros/foxy/bin/ament_uncrustify" "--xunit-file" "/home/alumnos/josetost/colcon_ws/src/navigation-grupo-dia-libre-1/build/bt_behavior/test_results/bt_behavior/uncrustify.xunit.xml"
[3.918s] 7: Test timeout computed to be: 60
[3.985s] 7: -- run_test.py: invoking following command in '/home/alumnos/josetost/colcon_ws/src/navigation-grupo-dia-libre-1/bt_behavior':
[3.985s] 7:  - /opt/ros/foxy/bin/ament_uncrustify --xunit-file /home/alumnos/josetost/colcon_ws/src/navigation-grupo-dia-libre-1/build/bt_behavior/test_results/bt_behavior/uncrustify.xunit.xml
[4.380s] 7: Code style divergence in file 'src/bt_behavior/Move.cpp':
[4.381s] 7: 
[4.381s] 7: --- src/bt_behavior/Move.cpp
[4.382s] 7: +++ src/bt_behavior/Move.cpp.uncrustify
[4.382s] 7: @@ -56 +56 @@
[4.383s] 7: -  success_node->create_publisher<kobuki_ros_interfaces::msg::Sound>("/commands/sound", 10);
[4.384s] 7: +    success_node->create_publisher<kobuki_ros_interfaces::msg::Sound>("/commands/sound", 10);
[4.384s] 7: @@ -73 +73 @@
[4.384s] 7: -  fail_node->create_publisher<kobuki_ros_interfaces::msg::Sound>("/commands/sound", 10);
[4.385s] 7: +    fail_node->create_publisher<kobuki_ros_interfaces::msg::Sound>("/commands/sound", 10);
[4.385s] 7: @@ -90 +90 @@
[4.386s] 7: -  cancel_node->create_publisher<kobuki_ros_interfaces::msg::Sound>("/commands/sound", 10);
[4.386s] 7: +    cancel_node->create_publisher<kobuki_ros_interfaces::msg::Sound>("/commands/sound", 10);
[4.386s] 7: 
[4.386s] 7: 1 files with code style divergence
[4.386s] 7: No code style divergence in file 'include/bt_behavior/GetNextWaypoint.hpp'
[4.387s] 7: 
[4.387s] 7: No code style divergence in file 'include/bt_behavior/IsRaceFinished.hpp'
[4.388s] 7: 
[4.388s] 7: No code style divergence in file 'include/bt_behavior/Move.hpp'
[4.389s] 7: 
[4.389s] 7: No code style divergence in file 'include/bt_behavior/ctrl_support/BTActionNode.hpp'
[4.390s] 7: 
[4.390s] 7: No code style divergence in file 'include/bt_behavior/ctrl_support/BTLifecycleCtrlNode.hpp'
[4.391s] 7: 
[4.392s] 7: No code style divergence in file 'src/bt_behavior/GetNextWaypoint.cpp'
[4.392s] 7: 
[4.392s] 7: No code style divergence in file 'src/bt_behavior/IsRaceFinished.cpp'
[4.393s] 7: 
[4.394s] 7: No code style divergence in file 'src/nav_wp.cpp'
[4.394s] 7: 
[4.394s] 7: No code style divergence in file 'tests/bt_action_test.cpp'
[4.395s] 7: 
[4.401s] 7: -- run_test.py: return code 1
[4.402s] 7: -- run_test.py: verify result file '/home/alumnos/josetost/colcon_ws/src/navigation-grupo-dia-libre-1/build/bt_behavior/test_results/bt_behavior/uncrustify.xunit.xml'
[4.414s] 7/9 Test #7: uncrustify .......................***Failed    0.50 sec
[4.417s] test 8
[4.417s]     Start 8: xmllint
[4.417s] 
[4.418s] 8: Test command: /usr/bin/python3 "-u" "/opt/ros/foxy/share/ament_cmake_test/cmake/run_test.py" "/home/alumnos/josetost/colcon_ws/src/navigation-grupo-dia-libre-1/build/bt_behavior/test_results/bt_behavior/xmllint.xunit.xml" "--package-name" "bt_behavior" "--output-file" "/home/alumnos/josetost/colcon_ws/src/navigation-grupo-dia-libre-1/build/bt_behavior/ament_xmllint/xmllint.txt" "--command" "/opt/ros/foxy/bin/ament_xmllint" "--xunit-file" "/home/alumnos/josetost/colcon_ws/src/navigation-grupo-dia-libre-1/build/bt_behavior/test_results/bt_behavior/xmllint.xunit.xml"
[4.418s] 8: Test timeout computed to be: 60
[4.487s] 8: -- run_test.py: invoking following command in '/home/alumnos/josetost/colcon_ws/src/navigation-grupo-dia-libre-1/bt_behavior':
[4.487s] 8:  - /opt/ros/foxy/bin/ament_xmllint --xunit-file /home/alumnos/josetost/colcon_ws/src/navigation-grupo-dia-libre-1/build/bt_behavior/test_results/bt_behavior/xmllint.xunit.xml
[5.121s] 8: File 'package.xml' is valid
[5.122s] 8: 
[5.122s] 8: File 'behavior_tree_xml/behavior.xml' is valid
[5.122s] 8: 
[5.122s] 8: No problems found
[5.138s] 8: -- run_test.py: return code 0
[5.140s] 8: -- run_test.py: verify result file '/home/alumnos/josetost/colcon_ws/src/navigation-grupo-dia-libre-1/build/bt_behavior/test_results/bt_behavior/xmllint.xunit.xml'
[5.153s] 8/9 Test #8: xmllint ..........................   Passed    0.74 sec
[5.155s] test 9
[5.156s]     Start 9: bt_action_test
[5.156s] 
[5.157s] 9: Test command: /usr/bin/python3 "-u" "/opt/ros/foxy/share/ament_cmake_test/cmake/run_test.py" "/home/alumnos/josetost/colcon_ws/src/navigation-grupo-dia-libre-1/build/bt_behavior/test_results/bt_behavior/bt_action_test.gtest.xml" "--package-name" "bt_behavior" "--output-file" "/home/alumnos/josetost/colcon_ws/src/navigation-grupo-dia-libre-1/build/bt_behavior/ament_cmake_gtest/bt_action_test.txt" "--command" "/home/alumnos/josetost/colcon_ws/src/navigation-grupo-dia-libre-1/build/bt_behavior/tests/bt_action_test" "--gtest_output=xml:/home/alumnos/josetost/colcon_ws/src/navigation-grupo-dia-libre-1/build/bt_behavior/test_results/bt_behavior/bt_action_test.gtest.xml"
[5.157s] 9: Test timeout computed to be: 60
[5.235s] 9: -- run_test.py: invoking following command in '/home/alumnos/josetost/colcon_ws/src/navigation-grupo-dia-libre-1/build/bt_behavior/tests':
[5.235s] 9:  - /home/alumnos/josetost/colcon_ws/src/navigation-grupo-dia-libre-1/build/bt_behavior/tests/bt_action_test --gtest_output=xml:/home/alumnos/josetost/colcon_ws/src/navigation-grupo-dia-libre-1/build/bt_behavior/test_results/bt_behavior/bt_action_test.gtest.xml
[5.256s] 9: [==========] Running 2 tests from 1 test case.
[5.256s] 9: [----------] Global test environment set-up.
[5.256s] 9: [----------] 2 tests from bt_action
[5.257s] 9: [ RUN      ] bt_action.patrol_btn
[5.269s] 9: unknown file: Failure
[5.269s] 9: C++ exception with description "Could not load library: libbr2_patrol_bt_node.so: cannot open shared object file: No such file or directory" thrown in the test body.
[5.269s] 9: [  FAILED  ] bt_action.patrol_btn (13 ms)
[5.270s] 9: [ RUN      ] bt_action.move_btn
[5.279s] 9: [INFO] [1646646567.330163480] [move_btn_node]: Waiting for "navigate_to_pose" action server
[5.279s] 9: [INFO] [1646646567.330289186] [move_btn_node]: "move" BtActionNode initialized
[5.280s] 9: [INFO] [1646646567.331678598] [move_btn_node]: Waiting for "navigate_to_pose" action server
[11.479s] 9: [INFO] [1646646573.530548600] [move_btn_node]: navigation Suceeded
[11.585s] 9: [       OK ] bt_action.move_btn (6316 ms)
[11.586s] 9: [----------] 2 tests from bt_action (6329 ms total)
[11.586s] 9: 
[11.586s] 9: [----------] Global test environment tear-down
[11.588s] 9: [==========] 2 tests from 1 test case ran. (6329 ms total)
[11.589s] 9: [  PASSED  ] 1 test.
[11.589s] 9: [  FAILED  ] 1 test, listed below:
[11.589s] 9: [  FAILED  ] bt_action.patrol_btn
[11.590s] 9: 
[11.590s] 9:  1 FAILED TEST
[11.592s] 9: -- run_test.py: return code 1
[11.593s] 9: -- run_test.py: inject classname prefix into gtest result file '/home/alumnos/josetost/colcon_ws/src/navigation-grupo-dia-libre-1/build/bt_behavior/test_results/bt_behavior/bt_action_test.gtest.xml'
[11.596s] 9: -- run_test.py: verify result file '/home/alumnos/josetost/colcon_ws/src/navigation-grupo-dia-libre-1/build/bt_behavior/test_results/bt_behavior/bt_action_test.gtest.xml'
[11.608s] 9/9 Test #9: bt_action_test ...................***Failed    6.45 sec
[11.614s] 
[11.614s] 67% tests passed[0;0m, [0;31m3 tests failed[0;0m out of 9
[11.614s] 
[11.615s] Label Time Summary:
[11.615s] copyright     =   0.58 sec*proc (1 test)
[11.616s] cppcheck      =   0.53 sec*proc (1 test)
[11.616s] cpplint       =   0.85 sec*proc (1 test)
[11.617s] flake8        =   0.71 sec*proc (1 test)
[11.617s] gtest         =   6.45 sec*proc (1 test)
[11.617s] lint_cmake    =   0.48 sec*proc (1 test)
[11.617s] linter        =   4.91 sec*proc (8 tests)
[11.617s] pep257        =   0.53 sec*proc (1 test)
[11.618s] uncrustify    =   0.50 sec*proc (1 test)
[11.619s] xmllint       =   0.74 sec*proc (1 test)
[11.619s] 
[11.619s] Total Test time (real) =  11.41 sec
[11.619s] 
[11.620s] The following tests FAILED:
[11.620s] 	[0;31m  5 - lint_cmake (Failed)[0;0m
[11.620s] 	[0;31m  7 - uncrustify (Failed)[0;0m
[11.621s] 	[0;31m  9 - bt_action_test (Failed)[0;0m
[11.648s] Errors while running CTest
[11.651s] Invoked command in '/home/alumnos/josetost/colcon_ws/src/navigation-grupo-dia-libre-1/build/bt_behavior' returned '8': AMENT_PREFIX_PATH=/home/alumnos/josetost/colcon_ws/src/navigation-grupo-dia-libre-1/install/bt_behavior:${AMENT_PREFIX_PATH} CMAKE_PREFIX_PATH=/home/alumnos/josetost/colcon_ws/src/navigation-grupo-dia-libre-1/install/bt_behavior LD_LIBRARY_PATH=/home/alumnos/josetost/colcon_ws/src/navigation-grupo-dia-libre-1/install/bt_behavior/lib:${LD_LIBRARY_PATH} /usr/bin/ctest -C Release -D ExperimentalTest --no-compress-output -V --force-new-ctest-process
