[0.000000] (-) TimerEvent: {}
[0.000283] (bt_behavior) JobQueued: {'identifier': 'bt_behavior', 'dependencies': OrderedDict([('bt_behavior', '/home/alumnos/josetost/colcon_ws/src/navigation-grupo-dia-libre-1/install/bt_behavior')])}
[0.000564] (kobuki_navigation) JobQueued: {'identifier': 'kobuki_navigation', 'dependencies': OrderedDict([('kobuki_navigation', '/home/alumnos/josetost/colcon_ws/src/navigation-grupo-dia-libre-1/install/kobuki_navigation')])}
[0.001998] (bt_behavior) JobStarted: {'identifier': 'bt_behavior'}
[0.098970] (-) TimerEvent: {}
[0.116345] (kobuki_navigation) JobStarted: {'identifier': 'kobuki_navigation'}
[0.177879] (bt_behavior) Command: {'cmd': ['/usr/bin/ctest', '-C', 'Release', '-D', 'ExperimentalTest', '--no-compress-output', '-V', '--force-new-ctest-process'], 'cwd': '/home/alumnos/josetost/colcon_ws/src/navigation-grupo-dia-libre-1/build/bt_behavior', 'env': OrderedDict([('GJS_DEBUG_TOPICS', 'JS ERROR;JS LOG'), ('USER', 'josetost'), ('SSH_AGENT_PID', '101560'), ('XDG_SESSION_TYPE', 'x11'), ('SHLVL', '1'), ('LD_LIBRARY_PATH', '/home/alumnos/josetost/colcon_ws/src/navigation-grupo-dia-libre-1/install/bt_behavior/lib:/usr/lib/x86_64-linux-gnu/gazebo-11/plugins:/opt/ros/foxy/opt/yaml_cpp_vendor/lib:/opt/ros/foxy/opt/rviz_ogre_vendor/lib:/opt/ros/foxy/lib/x86_64-linux-gnu:/opt/ros/foxy/lib'), ('HOME', '/home/alumnos/josetost'), ('OLDPWD', '/home/alumnos/josetost/colcon_ws/src'), ('DESKTOP_SESSION', 'ubuntu'), ('ROS_PYTHON_VERSION', '3'), ('GNOME_SHELL_SESSION_MODE', 'ubuntu'), ('GTK_MODULES', 'gail:atk-bridge'), ('MANAGERPID', '101376'), ('GOROOT', '/usr/lib/go'), ('DBUS_SESSION_BUS_ADDRESS', 'unix:path=/run/user/9374/bus'), ('MESG', 'y'), ('COLORTERM', 'truecolor'), ('MANDATORY_PATH', '/usr/share/gconf/ubuntu.mandatory.path'), ('IM_CONFIG_PHASE', '1'), ('COLCON_PREFIX_PATH', '/home/alumnos/josetost/colcon_ws/install'), ('ROS_DISTRO', 'foxy'), ('LOGNAME', 'josetost'), ('JOURNAL_STREAM', '8:438354'), ('_', '/usr/bin/colcon'), ('ROS_VERSION', '2'), ('XDG_SESSION_CLASS', 'user'), ('DEFAULTS_PATH', '/usr/share/gconf/ubuntu.default.path'), ('USERNAME', 'josetost'), ('TERM', 'xterm-256color'), ('GNOME_DESKTOP_SESSION_ID', 'this-is-deprecated'), ('ROS_LOCALHOST_ONLY', '0'), ('WINDOWPATH', '2'), ('PATH', '/opt/ros/foxy/bin:/usr/local/sbin:/usr/local/bin:/usr/sbin:/usr/bin:/sbin:/bin:/usr/games:/usr/local/games:/usr/lib/go/bin:/opt/puppetlabs/bin/:./'), ('SESSION_MANAGER', 'local/f-l3210-pc24:@/tmp/.ICE-unix/101600,unix/f-l3210-pc24:/tmp/.ICE-unix/101600'), ('INVOCATION_ID', 'efc7516a5ce74a559c7c41caa41e7e04'), ('XDG_MENU_PREFIX', 'gnome-'), ('GNOME_TERMINAL_SCREEN', '/org/gnome/Terminal/screen/3a0758d9_5180_400d_b53e_98a4498e02ac'), ('XDG_RUNTIME_DIR', '/run/user/9374'), ('DISPLAY', ':0'), ('LANG', 'es_ES.UTF-8'), ('XDG_CURRENT_DESKTOP', 'ubuntu:GNOME'), ('XMODIFIERS', '@im=ibus'), ('XDG_SESSION_DESKTOP', 'ubuntu'), ('XAUTHORITY', '/run/user/9374/gdm/Xauthority'), ('GNOME_TERMINAL_SERVICE', ':1.109'), ('SSH_AUTH_SOCK', '/run/user/9374/keyring/ssh'), ('ROS_DOMAIN_ID', '22'), ('AMENT_PREFIX_PATH', '/home/alumnos/josetost/colcon_ws/src/navigation-grupo-dia-libre-1/install/bt_behavior:/opt/ros/foxy'), ('SHELL', '/bin/bash'), ('QT_ACCESSIBILITY', '1'), ('ROS_MASTER_URI', 'http://f-l3202-pc24:11332/'), ('GDMSESSION', 'ubuntu'), ('GPG_AGENT_INFO', '/run/user/9374/gnupg/S.gpg-agent:0:1'), ('GJS_DEBUG_OUTPUT', 'stderr'), ('QT_IM_MODULE', 'ibus'), ('PWD', '/home/alumnos/josetost/colcon_ws/src/navigation-grupo-dia-libre-1/build/bt_behavior'), ('XDG_CONFIG_DIRS', '/etc/xdg/xdg-ubuntu:/etc/xdg'), ('XDG_DATA_DIRS', '/usr/share/ubuntu:/usr/local/share/:/usr/share/'), ('PYTHONPATH', '/opt/ros/foxy/lib/python3.8/site-packages'), ('COLCON', '1'), ('MANPATH', ':/opt/puppetlabs/puppet/share/man'), ('VTE_VERSION', '6003'), ('EDITOR', '/usr/bin/vim'), ('CMAKE_PREFIX_PATH', '/home/alumnos/josetost/colcon_ws/src/navigation-grupo-dia-libre-1/install/bt_behavior')]), 'shell': False}
[0.189688] (kobuki_navigation) JobEnded: {'identifier': 'kobuki_navigation', 'rc': 0}
[0.199873] (-) TimerEvent: {}
[0.200055] (bt_behavior) StdoutLine: {'line': b'UpdateCTestConfiguration  from :/home/alumnos/josetost/colcon_ws/src/navigation-grupo-dia-libre-1/build/bt_behavior/CTestConfiguration.ini\n'}
[0.200253] (bt_behavior) StdoutLine: {'line': b'Parse Config file:/home/alumnos/josetost/colcon_ws/src/navigation-grupo-dia-libre-1/build/bt_behavior/CTestConfiguration.ini\n'}
[0.200383] (bt_behavior) StdoutLine: {'line': b'   Site: f-l3210-pc24\n'}
[0.200507] (bt_behavior) StdoutLine: {'line': b'   Build name: (empty)\n'}
[0.200628] (bt_behavior) StdoutLine: {'line': b' Add coverage exclude regular expressions.\n'}
[0.200748] (bt_behavior) StdoutLine: {'line': b'SetCTestConfiguration:CMakeCommand:/usr/bin/cmake\n'}
[0.206595] (bt_behavior) StdoutLine: {'line': b'Create new tag: 20220307-0948 - Experimental\n'}
[0.213076] (bt_behavior) StdoutLine: {'line': b'UpdateCTestConfiguration  from :/home/alumnos/josetost/colcon_ws/src/navigation-grupo-dia-libre-1/build/bt_behavior/CTestConfiguration.ini\n'}
[0.213841] (bt_behavior) StdoutLine: {'line': b'Parse Config file:/home/alumnos/josetost/colcon_ws/src/navigation-grupo-dia-libre-1/build/bt_behavior/CTestConfiguration.ini\n'}
[0.214688] (bt_behavior) StdoutLine: {'line': b'Test project /home/alumnos/josetost/colcon_ws/src/navigation-grupo-dia-libre-1/build/bt_behavior\n'}
[0.215343] (bt_behavior) StdoutLine: {'line': b'Constructing a list of tests\n'}
[0.215469] (bt_behavior) StdoutLine: {'line': b'Done constructing a list of tests\n'}
[0.215610] (bt_behavior) StdoutLine: {'line': b'Updating test list for fixtures\n'}
[0.216149] (bt_behavior) StdoutLine: {'line': b'Added 0 tests to meet fixture requirements\n'}
[0.216872] (bt_behavior) StdoutLine: {'line': b'Checking test dependency graph...\n'}
[0.216994] (bt_behavior) StdoutLine: {'line': b'Checking test dependency graph end\n'}
[0.217753] (bt_behavior) StdoutLine: {'line': b'test 1\n'}
[0.218484] (bt_behavior) StdoutLine: {'line': b'    Start 1: copyright\n'}
[0.218651] (bt_behavior) StdoutLine: {'line': b'\n'}
[0.218821] (bt_behavior) StdoutLine: {'line': b'1: Test command: /usr/bin/python3 "-u" "/opt/ros/foxy/share/ament_cmake_test/cmake/run_test.py" "/home/alumnos/josetost/colcon_ws/src/navigation-grupo-dia-libre-1/build/bt_behavior/test_results/bt_behavior/copyright.xunit.xml" "--package-name" "bt_behavior" "--output-file" "/home/alumnos/josetost/colcon_ws/src/navigation-grupo-dia-libre-1/build/bt_behavior/ament_copyright/copyright.txt" "--command" "/opt/ros/foxy/bin/ament_copyright" "--xunit-file" "/home/alumnos/josetost/colcon_ws/src/navigation-grupo-dia-libre-1/build/bt_behavior/test_results/bt_behavior/copyright.xunit.xml"\n'}
[0.219282] (bt_behavior) StdoutLine: {'line': b'1: Test timeout computed to be: 60\n'}
[0.292103] (bt_behavior) StdoutLine: {'line': b"1: -- run_test.py: invoking following command in '/home/alumnos/josetost/colcon_ws/src/navigation-grupo-dia-libre-1/bt_behavior':\n"}
[0.292312] (bt_behavior) StdoutLine: {'line': b'1:  - /opt/ros/foxy/bin/ament_copyright --xunit-file /home/alumnos/josetost/colcon_ws/src/navigation-grupo-dia-libre-1/build/bt_behavior/test_results/bt_behavior/copyright.xunit.xml\n'}
[0.299973] (-) TimerEvent: {}
[0.400363] (-) TimerEvent: {}
[0.500815] (-) TimerEvent: {}
[0.601115] (-) TimerEvent: {}
[0.701546] (-) TimerEvent: {}
[0.747870] (bt_behavior) StdoutLine: {'line': b'1: No problems found, checked 12 files\n'}
[0.766153] (bt_behavior) StdoutLine: {'line': b'1: -- run_test.py: return code 0\n'}
[0.767530] (bt_behavior) StdoutLine: {'line': b"1: -- run_test.py: verify result file '/home/alumnos/josetost/colcon_ws/src/navigation-grupo-dia-libre-1/build/bt_behavior/test_results/bt_behavior/copyright.xunit.xml'\n"}
[0.779146] (bt_behavior) StdoutLine: {'line': b'1/9 Test #1: copyright ........................   Passed    0.56 sec\n'}
[0.781862] (bt_behavior) StdoutLine: {'line': b'test 2\n'}
[0.782328] (bt_behavior) StdoutLine: {'line': b'    Start 2: cppcheck\n'}
[0.783031] (bt_behavior) StdoutLine: {'line': b'\n'}
[0.783180] (bt_behavior) StdoutLine: {'line': b'2: Test command: /usr/bin/python3 "-u" "/opt/ros/foxy/share/ament_cmake_test/cmake/run_test.py" "/home/alumnos/josetost/colcon_ws/src/navigation-grupo-dia-libre-1/build/bt_behavior/test_results/bt_behavior/cppcheck.xunit.xml" "--package-name" "bt_behavior" "--output-file" "/home/alumnos/josetost/colcon_ws/src/navigation-grupo-dia-libre-1/build/bt_behavior/ament_cppcheck/cppcheck.txt" "--command" "/opt/ros/foxy/bin/ament_cppcheck" "--xunit-file" "/home/alumnos/josetost/colcon_ws/src/navigation-grupo-dia-libre-1/build/bt_behavior/test_results/bt_behavior/cppcheck.xunit.xml" "--include_dirs" "/home/alumnos/josetost/colcon_ws/src/navigation-grupo-dia-libre-1/bt_behavior/include"\n'}
[0.783772] (bt_behavior) StdoutLine: {'line': b'2: Test timeout computed to be: 300\n'}
[0.801652] (-) TimerEvent: {}
[0.862162] (bt_behavior) StdoutLine: {'line': b"2: -- run_test.py: invoking following command in '/home/alumnos/josetost/colcon_ws/src/navigation-grupo-dia-libre-1/bt_behavior':\n"}
[0.862394] (bt_behavior) StdoutLine: {'line': b'2:  - /opt/ros/foxy/bin/ament_cppcheck --xunit-file /home/alumnos/josetost/colcon_ws/src/navigation-grupo-dia-libre-1/build/bt_behavior/test_results/bt_behavior/cppcheck.xunit.xml --include_dirs /home/alumnos/josetost/colcon_ws/src/navigation-grupo-dia-libre-1/bt_behavior/include\n'}
[0.901752] (-) TimerEvent: {}
[1.002097] (-) TimerEvent: {}
[1.102402] (-) TimerEvent: {}
[1.202750] (-) TimerEvent: {}
[1.303160] (-) TimerEvent: {}
[1.308751] (bt_behavior) StdoutLine: {'line': b'2: No problems found\n'}
[1.326027] (bt_behavior) StdoutLine: {'line': b'2: -- run_test.py: return code 0\n'}
[1.328053] (bt_behavior) StdoutLine: {'line': b"2: -- run_test.py: verify result file '/home/alumnos/josetost/colcon_ws/src/navigation-grupo-dia-libre-1/build/bt_behavior/test_results/bt_behavior/cppcheck.xunit.xml'\n"}
[1.340552] (bt_behavior) StdoutLine: {'line': b'2/9 Test #2: cppcheck .........................   Passed    0.56 sec\n'}
[1.343558] (bt_behavior) StdoutLine: {'line': b'test 3\n'}
[1.344474] (bt_behavior) StdoutLine: {'line': b'    Start 3: cpplint\n'}
[1.345239] (bt_behavior) StdoutLine: {'line': b'\n'}
[1.345425] (bt_behavior) StdoutLine: {'line': b'3: Test command: /usr/bin/python3 "-u" "/opt/ros/foxy/share/ament_cmake_test/cmake/run_test.py" "/home/alumnos/josetost/colcon_ws/src/navigation-grupo-dia-libre-1/build/bt_behavior/test_results/bt_behavior/cpplint.xunit.xml" "--package-name" "bt_behavior" "--output-file" "/home/alumnos/josetost/colcon_ws/src/navigation-grupo-dia-libre-1/build/bt_behavior/ament_cpplint/cpplint.txt" "--command" "/opt/ros/foxy/bin/ament_cpplint" "--xunit-file" "/home/alumnos/josetost/colcon_ws/src/navigation-grupo-dia-libre-1/build/bt_behavior/test_results/bt_behavior/cpplint.xunit.xml"\n'}
[1.346012] (bt_behavior) StdoutLine: {'line': b'3: Test timeout computed to be: 120\n'}
[1.403271] (-) TimerEvent: {}
[1.418866] (bt_behavior) StdoutLine: {'line': b"3: -- run_test.py: invoking following command in '/home/alumnos/josetost/colcon_ws/src/navigation-grupo-dia-libre-1/bt_behavior':\n"}
[1.419204] (bt_behavior) StdoutLine: {'line': b'3:  - /opt/ros/foxy/bin/ament_cpplint --xunit-file /home/alumnos/josetost/colcon_ws/src/navigation-grupo-dia-libre-1/build/bt_behavior/test_results/bt_behavior/cpplint.xunit.xml\n'}
[1.503372] (-) TimerEvent: {}
[1.603791] (-) TimerEvent: {}
[1.704211] (-) TimerEvent: {}
[1.804522] (-) TimerEvent: {}
[1.904849] (-) TimerEvent: {}
[2.005175] (-) TimerEvent: {}
[2.105517] (-) TimerEvent: {}
[2.205878] (-) TimerEvent: {}
[2.207430] (bt_behavior) StdoutLine: {'line': b'3: /home/alumnos/josetost/colcon_ws/src/navigation-grupo-dia-libre-1/bt_behavior/src/bt_behavior/Move.cpp:55:  Lines should be <= 100 characters long  [whitespace/line_length] [2]\n'}
[2.207739] (bt_behavior) StdoutLine: {'line': b'3: /home/alumnos/josetost/colcon_ws/src/navigation-grupo-dia-libre-1/bt_behavior/src/bt_behavior/Move.cpp:71:  Lines should be <= 100 characters long  [whitespace/line_length] [2]\n'}
[2.207868] (bt_behavior) StdoutLine: {'line': b'3: /home/alumnos/josetost/colcon_ws/src/navigation-grupo-dia-libre-1/bt_behavior/src/bt_behavior/Move.cpp:87:  Lines should be <= 100 characters long  [whitespace/line_length] [2]\n'}
[2.207982] (bt_behavior) StdoutLine: {'line': b"3: Category 'whitespace/line_length' errors found: 3\n"}
[2.208085] (bt_behavior) StdoutLine: {'line': b'3: Total errors found: 3\n'}
[2.208188] (bt_behavior) StdoutLine: {'line': b"3: Using '--root=..' argument\n"}
[2.208302] (bt_behavior) StdoutLine: {'line': b'3: \n'}
[2.208404] (bt_behavior) StdoutLine: {'line': b'3: Done processing /home/alumnos/josetost/colcon_ws/src/navigation-grupo-dia-libre-1/bt_behavior/tests/bt_action_test.cpp\n'}
[2.208520] (bt_behavior) StdoutLine: {'line': b'3: \n'}
[2.209355] (bt_behavior) StdoutLine: {'line': b"3: Using '--root=/home/alumnos/josetost/colcon_ws/src/navigation-grupo-dia-libre-1/bt_behavior/include' argument\n"}
[2.209531] (bt_behavior) StdoutLine: {'line': b'3: \n'}
[2.210117] (bt_behavior) StdoutLine: {'line': b'3: Done processing /home/alumnos/josetost/colcon_ws/src/navigation-grupo-dia-libre-1/bt_behavior/include/bt_behavior/GetNextWaypoint.hpp\n'}
[2.210248] (bt_behavior) StdoutLine: {'line': b'3: \n'}
[2.210368] (bt_behavior) StdoutLine: {'line': b'3: Done processing /home/alumnos/josetost/colcon_ws/src/navigation-grupo-dia-libre-1/bt_behavior/include/bt_behavior/IsRaceFinished.hpp\n'}
[2.211079] (bt_behavior) StdoutLine: {'line': b'3: \n'}
[2.211203] (bt_behavior) StdoutLine: {'line': b'3: Done processing /home/alumnos/josetost/colcon_ws/src/navigation-grupo-dia-libre-1/bt_behavior/include/bt_behavior/Move.hpp\n'}
[2.211320] (bt_behavior) StdoutLine: {'line': b'3: \n'}
[2.211912] (bt_behavior) StdoutLine: {'line': b'3: Done processing /home/alumnos/josetost/colcon_ws/src/navigation-grupo-dia-libre-1/bt_behavior/include/bt_behavior/ctrl_support/BTActionNode.hpp\n'}
[2.212041] (bt_behavior) StdoutLine: {'line': b'3: \n'}
[2.212157] (bt_behavior) StdoutLine: {'line': b'3: Done processing /home/alumnos/josetost/colcon_ws/src/navigation-grupo-dia-libre-1/bt_behavior/include/bt_behavior/ctrl_support/BTLifecycleCtrlNode.hpp\n'}
[2.212294] (bt_behavior) StdoutLine: {'line': b'3: \n'}
[2.212785] (bt_behavior) StdoutLine: {'line': b"3: Using '--root=/home/alumnos/josetost/colcon_ws/src/navigation-grupo-dia-libre-1/bt_behavior/src' argument\n"}
[2.212902] (bt_behavior) StdoutLine: {'line': b'3: \n'}
[2.213625] (bt_behavior) StdoutLine: {'line': b'3: Done processing /home/alumnos/josetost/colcon_ws/src/navigation-grupo-dia-libre-1/bt_behavior/src/nav_wp.cpp\n'}
[2.213753] (bt_behavior) StdoutLine: {'line': b'3: \n'}
[2.213882] (bt_behavior) StdoutLine: {'line': b'3: Done processing /home/alumnos/josetost/colcon_ws/src/navigation-grupo-dia-libre-1/bt_behavior/src/bt_behavior/GetNextWaypoint.cpp\n'}
[2.214534] (bt_behavior) StdoutLine: {'line': b'3: \n'}
[2.214659] (bt_behavior) StdoutLine: {'line': b'3: Done processing /home/alumnos/josetost/colcon_ws/src/navigation-grupo-dia-libre-1/bt_behavior/src/bt_behavior/IsRaceFinished.cpp\n'}
[2.214775] (bt_behavior) StdoutLine: {'line': b'3: \n'}
[2.215378] (bt_behavior) StdoutLine: {'line': b'3: Done processing /home/alumnos/josetost/colcon_ws/src/navigation-grupo-dia-libre-1/bt_behavior/src/bt_behavior/Move.cpp\n'}
[2.215505] (bt_behavior) StdoutLine: {'line': b'3: \n'}
[2.222585] (bt_behavior) StdoutLine: {'line': b'3: -- run_test.py: return code 1\n'}
[2.223931] (bt_behavior) StdoutLine: {'line': b"3: -- run_test.py: verify result file '/home/alumnos/josetost/colcon_ws/src/navigation-grupo-dia-libre-1/build/bt_behavior/test_results/bt_behavior/cpplint.xunit.xml'\n"}
[2.236075] (bt_behavior) StdoutLine: {'line': b'3/9 Test #3: cpplint ..........................***Failed    0.89 sec\n'}
[2.238340] (bt_behavior) StdoutLine: {'line': b'test 4\n'}
[2.238695] (bt_behavior) StdoutLine: {'line': b'    Start 4: flake8\n'}
[2.239207] (bt_behavior) StdoutLine: {'line': b'\n'}
[2.239355] (bt_behavior) StdoutLine: {'line': b'4: Test command: /usr/bin/python3 "-u" "/opt/ros/foxy/share/ament_cmake_test/cmake/run_test.py" "/home/alumnos/josetost/colcon_ws/src/navigation-grupo-dia-libre-1/build/bt_behavior/test_results/bt_behavior/flake8.xunit.xml" "--package-name" "bt_behavior" "--output-file" "/home/alumnos/josetost/colcon_ws/src/navigation-grupo-dia-libre-1/build/bt_behavior/ament_flake8/flake8.txt" "--command" "/opt/ros/foxy/bin/ament_flake8" "--xunit-file" "/home/alumnos/josetost/colcon_ws/src/navigation-grupo-dia-libre-1/build/bt_behavior/test_results/bt_behavior/flake8.xunit.xml"\n'}
[2.239877] (bt_behavior) StdoutLine: {'line': b'4: Test timeout computed to be: 60\n'}
[2.305969] (-) TimerEvent: {}
[2.318771] (bt_behavior) StdoutLine: {'line': b"4: -- run_test.py: invoking following command in '/home/alumnos/josetost/colcon_ws/src/navigation-grupo-dia-libre-1/bt_behavior':\n"}
[2.319105] (bt_behavior) StdoutLine: {'line': b'4:  - /opt/ros/foxy/bin/ament_flake8 --xunit-file /home/alumnos/josetost/colcon_ws/src/navigation-grupo-dia-libre-1/build/bt_behavior/test_results/bt_behavior/flake8.xunit.xml\n'}
[2.406075] (-) TimerEvent: {}
[2.506382] (-) TimerEvent: {}
[2.606704] (-) TimerEvent: {}
[2.707033] (-) TimerEvent: {}
[2.807341] (-) TimerEvent: {}
[2.907665] (-) TimerEvent: {}
[2.911442] (bt_behavior) StdoutLine: {'line': b'4: \n'}
[2.911680] (bt_behavior) StdoutLine: {'line': b'4: 1 files checked\n'}
[2.911791] (bt_behavior) StdoutLine: {'line': b'4: No problems found\n'}
[2.911996] (bt_behavior) StdoutLine: {'line': b'4: \n'}
[2.912131] (bt_behavior) StdoutLine: {'line': b'4: Checked files:\n'}
[2.912253] (bt_behavior) StdoutLine: {'line': b'4: \n'}
[2.912356] (bt_behavior) StdoutLine: {'line': b'4: * ./launch/patrolling.launch.py\n'}
[2.946026] (bt_behavior) StdoutLine: {'line': b'4: -- run_test.py: return code 0\n'}
[2.947685] (bt_behavior) StdoutLine: {'line': b"4: -- run_test.py: verify result file '/home/alumnos/josetost/colcon_ws/src/navigation-grupo-dia-libre-1/build/bt_behavior/test_results/bt_behavior/flake8.xunit.xml'\n"}
[2.960081] (bt_behavior) StdoutLine: {'line': b'4/9 Test #4: flake8 ...........................   Passed    0.72 sec\n'}
[2.962699] (bt_behavior) StdoutLine: {'line': b'test 5\n'}
[2.962966] (bt_behavior) StdoutLine: {'line': b'    Start 5: lint_cmake\n'}
[2.963570] (bt_behavior) StdoutLine: {'line': b'\n'}
[2.963761] (bt_behavior) StdoutLine: {'line': b'5: Test command: /usr/bin/python3 "-u" "/opt/ros/foxy/share/ament_cmake_test/cmake/run_test.py" "/home/alumnos/josetost/colcon_ws/src/navigation-grupo-dia-libre-1/build/bt_behavior/test_results/bt_behavior/lint_cmake.xunit.xml" "--package-name" "bt_behavior" "--output-file" "/home/alumnos/josetost/colcon_ws/src/navigation-grupo-dia-libre-1/build/bt_behavior/ament_lint_cmake/lint_cmake.txt" "--command" "/opt/ros/foxy/bin/ament_lint_cmake" "--xunit-file" "/home/alumnos/josetost/colcon_ws/src/navigation-grupo-dia-libre-1/build/bt_behavior/test_results/bt_behavior/lint_cmake.xunit.xml"\n'}
[2.964230] (bt_behavior) StdoutLine: {'line': b'5: Test timeout computed to be: 60\n'}
[3.007760] (-) TimerEvent: {}
[3.038831] (bt_behavior) StdoutLine: {'line': b"5: -- run_test.py: invoking following command in '/home/alumnos/josetost/colcon_ws/src/navigation-grupo-dia-libre-1/bt_behavior':\n"}
[3.039048] (bt_behavior) StdoutLine: {'line': b'5:  - /opt/ros/foxy/bin/ament_lint_cmake --xunit-file /home/alumnos/josetost/colcon_ws/src/navigation-grupo-dia-libre-1/build/bt_behavior/test_results/bt_behavior/lint_cmake.xunit.xml\n'}
[3.107859] (-) TimerEvent: {}
[3.208182] (-) TimerEvent: {}
[3.308512] (-) TimerEvent: {}
[3.408848] (-) TimerEvent: {}
[3.424897] (bt_behavior) StdoutLine: {'line': b'5: CMakeLists.txt:40: Line ends in whitespace [whitespace/eol]\n'}
[3.425445] (bt_behavior) StdoutLine: {'line': b'5: \n'}
[3.425611] (bt_behavior) StdoutLine: {'line': b'5: \n'}
[3.425728] (bt_behavior) StdoutLine: {'line': b'5: 1 errors\n'}
[3.441257] (bt_behavior) StdoutLine: {'line': b'5: -- run_test.py: return code 1\n'}
[3.442635] (bt_behavior) StdoutLine: {'line': b"5: -- run_test.py: verify result file '/home/alumnos/josetost/colcon_ws/src/navigation-grupo-dia-libre-1/build/bt_behavior/test_results/bt_behavior/lint_cmake.xunit.xml'\n"}
[3.455908] (bt_behavior) StdoutLine: {'line': b'5/9 Test #5: lint_cmake .......................***Failed    0.49 sec\n'}
[3.458053] (bt_behavior) StdoutLine: {'line': b'test 6\n'}
[3.458842] (bt_behavior) StdoutLine: {'line': b'    Start 6: pep257\n'}
[3.458993] (bt_behavior) StdoutLine: {'line': b'\n'}
[3.459610] (bt_behavior) StdoutLine: {'line': b'6: Test command: /usr/bin/python3 "-u" "/opt/ros/foxy/share/ament_cmake_test/cmake/run_test.py" "/home/alumnos/josetost/colcon_ws/src/navigation-grupo-dia-libre-1/build/bt_behavior/test_results/bt_behavior/pep257.xunit.xml" "--package-name" "bt_behavior" "--output-file" "/home/alumnos/josetost/colcon_ws/src/navigation-grupo-dia-libre-1/build/bt_behavior/ament_pep257/pep257.txt" "--command" "/opt/ros/foxy/bin/ament_pep257" "--xunit-file" "/home/alumnos/josetost/colcon_ws/src/navigation-grupo-dia-libre-1/build/bt_behavior/test_results/bt_behavior/pep257.xunit.xml"\n'}
[3.459750] (bt_behavior) StdoutLine: {'line': b'6: Test timeout computed to be: 60\n'}
[3.508942] (-) TimerEvent: {}
[3.533880] (bt_behavior) StdoutLine: {'line': b"6: -- run_test.py: invoking following command in '/home/alumnos/josetost/colcon_ws/src/navigation-grupo-dia-libre-1/bt_behavior':\n"}
[3.534089] (bt_behavior) StdoutLine: {'line': b'6:  - /opt/ros/foxy/bin/ament_pep257 --xunit-file /home/alumnos/josetost/colcon_ws/src/navigation-grupo-dia-libre-1/build/bt_behavior/test_results/bt_behavior/pep257.xunit.xml\n'}
[3.609087] (-) TimerEvent: {}
[3.709387] (-) TimerEvent: {}
[3.809677] (-) TimerEvent: {}
[3.910004] (-) TimerEvent: {}
[3.966197] (bt_behavior) StdoutLine: {'line': b'6: checking ./launch/patrolling.launch.py\n'}
[3.966399] (bt_behavior) StdoutLine: {'line': b'6: No problems found\n'}
[3.983190] (bt_behavior) StdoutLine: {'line': b'6: -- run_test.py: return code 0\n'}
[3.984428] (bt_behavior) StdoutLine: {'line': b"6: -- run_test.py: verify result file '/home/alumnos/josetost/colcon_ws/src/navigation-grupo-dia-libre-1/build/bt_behavior/test_results/bt_behavior/pep257.xunit.xml'\n"}
[3.995010] (bt_behavior) StdoutLine: {'line': b'6/9 Test #6: pep257 ...........................   Passed    0.54 sec\n'}
[3.997301] (bt_behavior) StdoutLine: {'line': b'test 7\n'}
[3.997619] (bt_behavior) StdoutLine: {'line': b'    Start 7: uncrustify\n'}
[3.997747] (bt_behavior) StdoutLine: {'line': b'\n'}
[3.997871] (bt_behavior) StdoutLine: {'line': b'7: Test command: /usr/bin/python3 "-u" "/opt/ros/foxy/share/ament_cmake_test/cmake/run_test.py" "/home/alumnos/josetost/colcon_ws/src/navigation-grupo-dia-libre-1/build/bt_behavior/test_results/bt_behavior/uncrustify.xunit.xml" "--package-name" "bt_behavior" "--output-file" "/home/alumnos/josetost/colcon_ws/src/navigation-grupo-dia-libre-1/build/bt_behavior/ament_uncrustify/uncrustify.txt" "--command" "/opt/ros/foxy/bin/ament_uncrustify" "--xunit-file" "/home/alumnos/josetost/colcon_ws/src/navigation-grupo-dia-libre-1/build/bt_behavior/test_results/bt_behavior/uncrustify.xunit.xml"\n'}
[3.998655] (bt_behavior) StdoutLine: {'line': b'7: Test timeout computed to be: 60\n'}
[4.010098] (-) TimerEvent: {}
[4.066488] (bt_behavior) StdoutLine: {'line': b"7: -- run_test.py: invoking following command in '/home/alumnos/josetost/colcon_ws/src/navigation-grupo-dia-libre-1/bt_behavior':\n"}
[4.066699] (bt_behavior) StdoutLine: {'line': b'7:  - /opt/ros/foxy/bin/ament_uncrustify --xunit-file /home/alumnos/josetost/colcon_ws/src/navigation-grupo-dia-libre-1/build/bt_behavior/test_results/bt_behavior/uncrustify.xunit.xml\n'}
[4.110205] (-) TimerEvent: {}
[4.210522] (-) TimerEvent: {}
[4.310858] (-) TimerEvent: {}
[4.411179] (-) TimerEvent: {}
[4.474678] (bt_behavior) StdoutLine: {'line': b"7: Code style divergence in file 'src/bt_behavior/Move.cpp':\n"}
[4.474945] (bt_behavior) StdoutLine: {'line': b'7: \n'}
[4.475090] (bt_behavior) StdoutLine: {'line': b'7: --- src/bt_behavior/Move.cpp\n'}
[4.475478] (bt_behavior) StdoutLine: {'line': b'7: +++ src/bt_behavior/Move.cpp.uncrustify\n'}
[4.475672] (bt_behavior) StdoutLine: {'line': b'7: @@ -55 +55,2 @@\n'}
[4.475822] (bt_behavior) StdoutLine: {'line': b'7: -  auto success_pub = success_node->create_publisher<kobuki_ros_interfaces::msg::Sound>("/commands/sound", 10);\n'}
[4.476165] (bt_behavior) StdoutLine: {'line': b'7: +  auto success_pub = success_node->create_publisher<kobuki_ros_interfaces::msg::Sound>(\n'}
[4.480367] (bt_behavior) StdoutLine: {'line': b'7: +    "/commands/sound", 10);\n'}
[4.481185] (bt_behavior) StdoutLine: {'line': b'7: @@ -71 +72,3 @@\n'}
[4.481351] (bt_behavior) StdoutLine: {'line': b'7: -  auto fail_pub = fail_node->create_publisher<kobuki_ros_interfaces::msg::Sound>("/commands/sound", 10);\n'}
[4.482141] (bt_behavior) StdoutLine: {'line': b'7: +  auto fail_pub = fail_node->create_publisher<kobuki_ros_interfaces::msg::Sound>(\n'}
[4.482285] (bt_behavior) StdoutLine: {'line': b'7: +    "/commands/sound",\n'}
[4.482904] (bt_behavior) StdoutLine: {'line': b'7: +    10);\n'}
[4.483158] (bt_behavior) StdoutLine: {'line': b'7: @@ -87 +90,2 @@\n'}
[4.483732] (bt_behavior) StdoutLine: {'line': b'7: -  auto cancel_pub = cancel_node->create_publisher<kobuki_ros_interfaces::msg::Sound>("/commands/sound", 10);\n'}
[4.483871] (bt_behavior) StdoutLine: {'line': b'7: +  auto cancel_pub = cancel_node->create_publisher<kobuki_ros_interfaces::msg::Sound>(\n'}
[4.484426] (bt_behavior) StdoutLine: {'line': b'7: +    "/commands/sound", 10);\n'}
[4.484625] (bt_behavior) StdoutLine: {'line': b'7: \n'}
[4.485033] (bt_behavior) StdoutLine: {'line': b'7: 1 files with code style divergence\n'}
[4.485190] (bt_behavior) StdoutLine: {'line': b"7: No code style divergence in file 'include/bt_behavior/GetNextWaypoint.hpp'\n"}
[4.485341] (bt_behavior) StdoutLine: {'line': b'7: \n'}
[4.485464] (bt_behavior) StdoutLine: {'line': b"7: No code style divergence in file 'include/bt_behavior/IsRaceFinished.hpp'\n"}
[4.485586] (bt_behavior) StdoutLine: {'line': b'7: \n'}
[4.485706] (bt_behavior) StdoutLine: {'line': b"7: No code style divergence in file 'include/bt_behavior/Move.hpp'\n"}
[4.485832] (bt_behavior) StdoutLine: {'line': b'7: \n'}
[4.485961] (bt_behavior) StdoutLine: {'line': b"7: No code style divergence in file 'include/bt_behavior/ctrl_support/BTActionNode.hpp'\n"}
[4.486090] (bt_behavior) StdoutLine: {'line': b'7: \n'}
[4.486704] (bt_behavior) StdoutLine: {'line': b"7: No code style divergence in file 'include/bt_behavior/ctrl_support/BTLifecycleCtrlNode.hpp'\n"}
[4.486828] (bt_behavior) StdoutLine: {'line': b'7: \n'}
[4.486964] (bt_behavior) StdoutLine: {'line': b"7: No code style divergence in file 'src/bt_behavior/GetNextWaypoint.cpp'\n"}
[4.487630] (bt_behavior) StdoutLine: {'line': b'7: \n'}
[4.487762] (bt_behavior) StdoutLine: {'line': b"7: No code style divergence in file 'src/bt_behavior/IsRaceFinished.cpp'\n"}
[4.488314] (bt_behavior) StdoutLine: {'line': b'7: \n'}
[4.488432] (bt_behavior) StdoutLine: {'line': b"7: No code style divergence in file 'src/nav_wp.cpp'\n"}
[4.488572] (bt_behavior) StdoutLine: {'line': b'7: \n'}
[4.489049] (bt_behavior) StdoutLine: {'line': b"7: No code style divergence in file 'tests/bt_action_test.cpp'\n"}
[4.489194] (bt_behavior) StdoutLine: {'line': b'7: \n'}
[4.490583] (bt_behavior) StdoutLine: {'line': b'7: -- run_test.py: return code 1\n'}
[4.491589] (bt_behavior) StdoutLine: {'line': b"7: -- run_test.py: verify result file '/home/alumnos/josetost/colcon_ws/src/navigation-grupo-dia-libre-1/build/bt_behavior/test_results/bt_behavior/uncrustify.xunit.xml'\n"}
[4.502745] (bt_behavior) StdoutLine: {'line': b'7/9 Test #7: uncrustify .......................***Failed    0.51 sec\n'}
[4.505010] (bt_behavior) StdoutLine: {'line': b'test 8\n'}
[4.505426] (bt_behavior) StdoutLine: {'line': b'    Start 8: xmllint\n'}
[4.506087] (bt_behavior) StdoutLine: {'line': b'\n'}
[4.506239] (bt_behavior) StdoutLine: {'line': b'8: Test command: /usr/bin/python3 "-u" "/opt/ros/foxy/share/ament_cmake_test/cmake/run_test.py" "/home/alumnos/josetost/colcon_ws/src/navigation-grupo-dia-libre-1/build/bt_behavior/test_results/bt_behavior/xmllint.xunit.xml" "--package-name" "bt_behavior" "--output-file" "/home/alumnos/josetost/colcon_ws/src/navigation-grupo-dia-libre-1/build/bt_behavior/ament_xmllint/xmllint.txt" "--command" "/opt/ros/foxy/bin/ament_xmllint" "--xunit-file" "/home/alumnos/josetost/colcon_ws/src/navigation-grupo-dia-libre-1/build/bt_behavior/test_results/bt_behavior/xmllint.xunit.xml"\n'}
[4.506869] (bt_behavior) StdoutLine: {'line': b'8: Test timeout computed to be: 60\n'}
[4.511253] (-) TimerEvent: {}
[4.574489] (bt_behavior) StdoutLine: {'line': b"8: -- run_test.py: invoking following command in '/home/alumnos/josetost/colcon_ws/src/navigation-grupo-dia-libre-1/bt_behavior':\n"}
[4.574688] (bt_behavior) StdoutLine: {'line': b'8:  - /opt/ros/foxy/bin/ament_xmllint --xunit-file /home/alumnos/josetost/colcon_ws/src/navigation-grupo-dia-libre-1/build/bt_behavior/test_results/bt_behavior/xmllint.xunit.xml\n'}
[4.611362] (-) TimerEvent: {}
[4.711718] (-) TimerEvent: {}
[4.812141] (-) TimerEvent: {}
[4.912459] (-) TimerEvent: {}
[5.012841] (-) TimerEvent: {}
[5.113341] (-) TimerEvent: {}
[5.213709] (-) TimerEvent: {}
[5.218601] (bt_behavior) StdoutLine: {'line': b"8: File 'package.xml' is valid\n"}
[5.218821] (bt_behavior) StdoutLine: {'line': b'8: \n'}
[5.218948] (bt_behavior) StdoutLine: {'line': b"8: File 'behavior_tree_xml/behavior.xml' is valid\n"}
[5.219081] (bt_behavior) StdoutLine: {'line': b'8: \n'}
[5.219308] (bt_behavior) StdoutLine: {'line': b'8: No problems found\n'}
[5.235082] (bt_behavior) StdoutLine: {'line': b'8: -- run_test.py: return code 0\n'}
[5.236541] (bt_behavior) StdoutLine: {'line': b"8: -- run_test.py: verify result file '/home/alumnos/josetost/colcon_ws/src/navigation-grupo-dia-libre-1/build/bt_behavior/test_results/bt_behavior/xmllint.xunit.xml'\n"}
[5.247750] (bt_behavior) StdoutLine: {'line': b'8/9 Test #8: xmllint ..........................   Passed    0.74 sec\n'}
[5.250173] (bt_behavior) StdoutLine: {'line': b'test 9\n'}
[5.250814] (bt_behavior) StdoutLine: {'line': b'    Start 9: bt_action_test\n'}
[5.250967] (bt_behavior) StdoutLine: {'line': b'\n'}
[5.251668] (bt_behavior) StdoutLine: {'line': b'9: Test command: /usr/bin/python3 "-u" "/opt/ros/foxy/share/ament_cmake_test/cmake/run_test.py" "/home/alumnos/josetost/colcon_ws/src/navigation-grupo-dia-libre-1/build/bt_behavior/test_results/bt_behavior/bt_action_test.gtest.xml" "--package-name" "bt_behavior" "--output-file" "/home/alumnos/josetost/colcon_ws/src/navigation-grupo-dia-libre-1/build/bt_behavior/ament_cmake_gtest/bt_action_test.txt" "--command" "/home/alumnos/josetost/colcon_ws/src/navigation-grupo-dia-libre-1/build/bt_behavior/tests/bt_action_test" "--gtest_output=xml:/home/alumnos/josetost/colcon_ws/src/navigation-grupo-dia-libre-1/build/bt_behavior/test_results/bt_behavior/bt_action_test.gtest.xml"\n'}
[5.252331] (bt_behavior) StdoutLine: {'line': b'9: Test timeout computed to be: 60\n'}
[5.313803] (-) TimerEvent: {}
[5.320461] (bt_behavior) StdoutLine: {'line': b"9: -- run_test.py: invoking following command in '/home/alumnos/josetost/colcon_ws/src/navigation-grupo-dia-libre-1/build/bt_behavior/tests':\n"}
[5.320688] (bt_behavior) StdoutLine: {'line': b'9:  - /home/alumnos/josetost/colcon_ws/src/navigation-grupo-dia-libre-1/build/bt_behavior/tests/bt_action_test --gtest_output=xml:/home/alumnos/josetost/colcon_ws/src/navigation-grupo-dia-libre-1/build/bt_behavior/test_results/bt_behavior/bt_action_test.gtest.xml\n'}
[5.342363] (bt_behavior) StdoutLine: {'line': b'9: [==========] Running 2 tests from 1 test case.\n'}
[5.342602] (bt_behavior) StdoutLine: {'line': b'9: [----------] Global test environment set-up.\n'}
[5.342712] (bt_behavior) StdoutLine: {'line': b'9: [----------] 2 tests from bt_action\n'}
[5.342855] (bt_behavior) StdoutLine: {'line': b'9: [ RUN      ] bt_action.patrol_btn\n'}
[5.355853] (bt_behavior) StdoutLine: {'line': b'9: unknown file: Failure\n'}
[5.356124] (bt_behavior) StdoutLine: {'line': b'9: C++ exception with description "Could not load library: libbr2_patrol_bt_node.so: cannot open shared object file: No such file or directory" thrown in the test body.\n'}
[5.356234] (bt_behavior) StdoutLine: {'line': b'9: [  FAILED  ] bt_action.patrol_btn (14 ms)\n'}
[5.356343] (bt_behavior) StdoutLine: {'line': b'9: [ RUN      ] bt_action.move_btn\n'}
[5.366690] (bt_behavior) StdoutLine: {'line': b'9: [INFO] [1646646498.008245646] [move_btn_node]: Waiting for "navigate_to_pose" action server\n'}
[5.366935] (bt_behavior) StdoutLine: {'line': b'9: [INFO] [1646646498.008367909] [move_btn_node]: "move" BtActionNode initialized\n'}
[5.368150] (bt_behavior) StdoutLine: {'line': b'9: [INFO] [1646646498.009815765] [move_btn_node]: Waiting for "navigate_to_pose" action server\n'}
[5.413931] (-) TimerEvent: {}
[5.514263] (-) TimerEvent: {}
[5.614596] (-) TimerEvent: {}
[5.714912] (-) TimerEvent: {}
[5.815256] (-) TimerEvent: {}
[5.915665] (-) TimerEvent: {}
[6.016057] (-) TimerEvent: {}
[6.116463] (-) TimerEvent: {}
[6.216785] (-) TimerEvent: {}
[6.317113] (-) TimerEvent: {}
[6.417499] (-) TimerEvent: {}
[6.517917] (-) TimerEvent: {}
[6.618307] (-) TimerEvent: {}
[6.718674] (-) TimerEvent: {}
[6.818982] (-) TimerEvent: {}
[6.919336] (-) TimerEvent: {}
[7.019670] (-) TimerEvent: {}
[7.119988] (-) TimerEvent: {}
[7.220393] (-) TimerEvent: {}
[7.320763] (-) TimerEvent: {}
[7.421114] (-) TimerEvent: {}
[7.521466] (-) TimerEvent: {}
[7.621839] (-) TimerEvent: {}
[7.722288] (-) TimerEvent: {}
[7.822742] (-) TimerEvent: {}
[7.923127] (-) TimerEvent: {}
[8.023425] (-) TimerEvent: {}
[8.123784] (-) TimerEvent: {}
[8.224144] (-) TimerEvent: {}
[8.324526] (-) TimerEvent: {}
[8.424911] (-) TimerEvent: {}
[8.525312] (-) TimerEvent: {}
[8.625670] (-) TimerEvent: {}
[8.726036] (-) TimerEvent: {}
[8.826389] (-) TimerEvent: {}
[8.926808] (-) TimerEvent: {}
[9.027210] (-) TimerEvent: {}
[9.127574] (-) TimerEvent: {}
[9.227994] (-) TimerEvent: {}
[9.328396] (-) TimerEvent: {}
[9.428769] (-) TimerEvent: {}
[9.529110] (-) TimerEvent: {}
[9.629500] (-) TimerEvent: {}
[9.729876] (-) TimerEvent: {}
[9.830238] (-) TimerEvent: {}
[9.930596] (-) TimerEvent: {}
[10.031011] (-) TimerEvent: {}
[10.131401] (-) TimerEvent: {}
[10.231783] (-) TimerEvent: {}
[10.332123] (-) TimerEvent: {}
[10.432515] (-) TimerEvent: {}
[10.532941] (-) TimerEvent: {}
[10.633418] (-) TimerEvent: {}
[10.733943] (-) TimerEvent: {}
[10.834483] (-) TimerEvent: {}
[10.934954] (-) TimerEvent: {}
[11.035344] (-) TimerEvent: {}
[11.135703] (-) TimerEvent: {}
[11.236076] (-) TimerEvent: {}
[11.336444] (-) TimerEvent: {}
[11.436843] (-) TimerEvent: {}
[11.537212] (-) TimerEvent: {}
[11.567116] (bt_behavior) StdoutLine: {'line': b'9: [INFO] [1646646504.208588145] [move_btn_node]: navigation Suceeded\n'}
[11.637384] (-) TimerEvent: {}
[11.671947] (bt_behavior) StdoutLine: {'line': b'9: [       OK ] bt_action.move_btn (6316 ms)\n'}
[11.672240] (bt_behavior) StdoutLine: {'line': b'9: [----------] 2 tests from bt_action (6330 ms total)\n'}
[11.672394] (bt_behavior) StdoutLine: {'line': b'9: \n'}
[11.672563] (bt_behavior) StdoutLine: {'line': b'9: [----------] Global test environment tear-down\n'}
[11.680572] (bt_behavior) StdoutLine: {'line': b'9: [==========] 2 tests from 1 test case ran. (6330 ms total)\n'}
[11.680954] (bt_behavior) StdoutLine: {'line': b'9: [  PASSED  ] 1 test.\n'}
[11.681129] (bt_behavior) StdoutLine: {'line': b'9: [  FAILED  ] 1 test, listed below:\n'}
[11.686738] (bt_behavior) StdoutLine: {'line': b'9: [  FAILED  ] bt_action.patrol_btn\n'}
[11.686973] (bt_behavior) StdoutLine: {'line': b'9: \n'}
[11.687198] (bt_behavior) StdoutLine: {'line': b'9:  1 FAILED TEST\n'}
[11.690423] (bt_behavior) StdoutLine: {'line': b'9: -- run_test.py: return code 1\n'}
[11.691960] (bt_behavior) StdoutLine: {'line': b"9: -- run_test.py: inject classname prefix into gtest result file '/home/alumnos/josetost/colcon_ws/src/navigation-grupo-dia-libre-1/build/bt_behavior/test_results/bt_behavior/bt_action_test.gtest.xml'\n"}
[11.694355] (bt_behavior) StdoutLine: {'line': b"9: -- run_test.py: verify result file '/home/alumnos/josetost/colcon_ws/src/navigation-grupo-dia-libre-1/build/bt_behavior/test_results/bt_behavior/bt_action_test.gtest.xml'\n"}
[11.706416] (bt_behavior) StdoutLine: {'line': b'9/9 Test #9: bt_action_test ...................***Failed    6.46 sec\n'}
[11.725774] (bt_behavior) StdoutLine: {'line': b'\n'}
[11.726373] (bt_behavior) StdoutLine: {'line': b'56% tests passed\x1b[0;0m, \x1b[0;31m4 tests failed\x1b[0;0m out of 9\n'}
[11.726614] (bt_behavior) StdoutLine: {'line': b'\n'}
[11.726825] (bt_behavior) StdoutLine: {'line': b'Label Time Summary:\n'}
[11.727051] (bt_behavior) StdoutLine: {'line': b'copyright     =   0.56 sec*proc (1 test)\n'}
[11.727718] (bt_behavior) StdoutLine: {'line': b'cppcheck      =   0.56 sec*proc (1 test)\n'}
[11.731431] (bt_behavior) StdoutLine: {'line': b'cpplint       =   0.89 sec*proc (1 test)\n'}
[11.731688] (bt_behavior) StdoutLine: {'line': b'flake8        =   0.72 sec*proc (1 test)\n'}
[11.732268] (bt_behavior) StdoutLine: {'line': b'gtest         =   6.46 sec*proc (1 test)\n'}
[11.732485] (bt_behavior) StdoutLine: {'line': b'lint_cmake    =   0.49 sec*proc (1 test)\n'}
[11.733028] (bt_behavior) StdoutLine: {'line': b'linter        =   5.01 sec*proc (8 tests)\n'}
[11.733215] (bt_behavior) StdoutLine: {'line': b'pep257        =   0.54 sec*proc (1 test)\n'}
[11.733323] (bt_behavior) StdoutLine: {'line': b'uncrustify    =   0.51 sec*proc (1 test)\n'}
[11.734030] (bt_behavior) StdoutLine: {'line': b'xmllint       =   0.74 sec*proc (1 test)\n'}
[11.734150] (bt_behavior) StdoutLine: {'line': b'\n'}
[11.734751] (bt_behavior) StdoutLine: {'line': b'Total Test time (real) =  11.51 sec\n'}
[11.734862] (bt_behavior) StdoutLine: {'line': b'\n'}
[11.735508] (bt_behavior) StdoutLine: {'line': b'The following tests FAILED:\n'}
[11.735618] (bt_behavior) StdoutLine: {'line': b'\t\x1b[0;31m  3 - cpplint (Failed)\x1b[0;0m\n'}
[11.736240] (bt_behavior) StdoutLine: {'line': b'\t\x1b[0;31m  5 - lint_cmake (Failed)\x1b[0;0m\n'}
[11.736359] (bt_behavior) StdoutLine: {'line': b'\t\x1b[0;31m  7 - uncrustify (Failed)\x1b[0;0m\n'}
[11.736465] (bt_behavior) StdoutLine: {'line': b'\t\x1b[0;31m  9 - bt_action_test (Failed)\x1b[0;0m\n'}
[11.737453] (-) TimerEvent: {}
[11.791041] (bt_behavior) StderrLine: {'line': b'Errors while running CTest\n'}
[11.793771] (bt_behavior) CommandEnded: {'returncode': 8}
[11.795470] (bt_behavior) TestFailure: {'identifier': 'bt_behavior'}
[11.795811] (bt_behavior) JobEnded: {'identifier': 'bt_behavior', 'rc': 0}
[11.801206] (-) EventReactorShutdown: {}
