[0.202s] Invoking command in '/home/alumnos/josetost/colcon_ws/src/navigation-grupo-dia-libre-1/build/bt_behavior': AMENT_PREFIX_PATH=/home/alumnos/josetost/colcon_ws/src/navigation-grupo-dia-libre-1/install/bt_behavior:${AMENT_PREFIX_PATH} CMAKE_PREFIX_PATH=/home/alumnos/josetost/colcon_ws/src/navigation-grupo-dia-libre-1/install/bt_behavior LD_LIBRARY_PATH=/home/alumnos/josetost/colcon_ws/src/navigation-grupo-dia-libre-1/install/bt_behavior/lib:${LD_LIBRARY_PATH} /usr/bin/ctest -C Release -D ExperimentalTest --no-compress-output -V --force-new-ctest-process
[0.208s] UpdateCTestConfiguration  from :/home/alumnos/josetost/colcon_ws/src/navigation-grupo-dia-libre-1/build/bt_behavior/CTestConfiguration.ini
[0.209s] Parse Config file:/home/alumnos/josetost/colcon_ws/src/navigation-grupo-dia-libre-1/build/bt_behavior/CTestConfiguration.ini
[0.209s]    Site: f-l3210-pc24
[0.210s]    Build name: (empty)
[0.210s]  Add coverage exclude regular expressions.
[0.211s] SetCTestConfiguration:CMakeCommand:/usr/bin/cmake
[0.211s] Create new tag: 20220307-0832 - Experimental
[0.211s] UpdateCTestConfiguration  from :/home/alumnos/josetost/colcon_ws/src/navigation-grupo-dia-libre-1/build/bt_behavior/CTestConfiguration.ini
[0.212s] Parse Config file:/home/alumnos/josetost/colcon_ws/src/navigation-grupo-dia-libre-1/build/bt_behavior/CTestConfiguration.ini
[0.212s] Test project /home/alumnos/josetost/colcon_ws/src/navigation-grupo-dia-libre-1/build/bt_behavior
[0.212s] Constructing a list of tests
[0.213s] Done constructing a list of tests
[0.213s] Updating test list for fixtures
[0.214s] Added 0 tests to meet fixture requirements
[0.214s] Checking test dependency graph...
[0.214s] Checking test dependency graph end
[0.215s] test 1
[0.215s]     Start 1: copyright
[0.215s] 
[0.215s] 1: Test command: /usr/bin/python3 "-u" "/opt/ros/foxy/share/ament_cmake_test/cmake/run_test.py" "/home/alumnos/josetost/colcon_ws/src/navigation-grupo-dia-libre-1/build/bt_behavior/test_results/bt_behavior/copyright.xunit.xml" "--package-name" "bt_behavior" "--output-file" "/home/alumnos/josetost/colcon_ws/src/navigation-grupo-dia-libre-1/build/bt_behavior/ament_copyright/copyright.txt" "--command" "/opt/ros/foxy/bin/ament_copyright" "--xunit-file" "/home/alumnos/josetost/colcon_ws/src/navigation-grupo-dia-libre-1/build/bt_behavior/test_results/bt_behavior/copyright.xunit.xml"
[0.216s] 1: Test timeout computed to be: 60
[0.283s] 1: -- run_test.py: invoking following command in '/home/alumnos/josetost/colcon_ws/src/navigation-grupo-dia-libre-1/bt_behavior':
[0.283s] 1:  - /opt/ros/foxy/bin/ament_copyright --xunit-file /home/alumnos/josetost/colcon_ws/src/navigation-grupo-dia-libre-1/build/bt_behavior/test_results/bt_behavior/copyright.xunit.xml
[0.701s] 1: No problems found, checked 12 files
[0.717s] 1: -- run_test.py: return code 0
[0.718s] 1: -- run_test.py: verify result file '/home/alumnos/josetost/colcon_ws/src/navigation-grupo-dia-libre-1/build/bt_behavior/test_results/bt_behavior/copyright.xunit.xml'
[0.730s] 1/9 Test #1: copyright ........................   Passed    0.52 sec
[0.733s] test 2
[0.733s]     Start 2: cppcheck
[0.734s] 
[0.734s] 2: Test command: /usr/bin/python3 "-u" "/opt/ros/foxy/share/ament_cmake_test/cmake/run_test.py" "/home/alumnos/josetost/colcon_ws/src/navigation-grupo-dia-libre-1/build/bt_behavior/test_results/bt_behavior/cppcheck.xunit.xml" "--package-name" "bt_behavior" "--output-file" "/home/alumnos/josetost/colcon_ws/src/navigation-grupo-dia-libre-1/build/bt_behavior/ament_cppcheck/cppcheck.txt" "--command" "/opt/ros/foxy/bin/ament_cppcheck" "--xunit-file" "/home/alumnos/josetost/colcon_ws/src/navigation-grupo-dia-libre-1/build/bt_behavior/test_results/bt_behavior/cppcheck.xunit.xml" "--include_dirs" "/home/alumnos/josetost/colcon_ws/src/navigation-grupo-dia-libre-1/bt_behavior/include"
[0.734s] 2: Test timeout computed to be: 300
[0.801s] 2: -- run_test.py: invoking following command in '/home/alumnos/josetost/colcon_ws/src/navigation-grupo-dia-libre-1/bt_behavior':
[0.801s] 2:  - /opt/ros/foxy/bin/ament_cppcheck --xunit-file /home/alumnos/josetost/colcon_ws/src/navigation-grupo-dia-libre-1/build/bt_behavior/test_results/bt_behavior/cppcheck.xunit.xml --include_dirs /home/alumnos/josetost/colcon_ws/src/navigation-grupo-dia-libre-1/bt_behavior/include
[1.216s] 2: No problems found
[1.237s] 2: -- run_test.py: return code 0
[1.239s] 2: -- run_test.py: verify result file '/home/alumnos/josetost/colcon_ws/src/navigation-grupo-dia-libre-1/build/bt_behavior/test_results/bt_behavior/cppcheck.xunit.xml'
[1.251s] 2/9 Test #2: cppcheck .........................   Passed    0.52 sec
[1.254s] test 3
[1.254s]     Start 3: cpplint
[1.255s] 
[1.255s] 3: Test command: /usr/bin/python3 "-u" "/opt/ros/foxy/share/ament_cmake_test/cmake/run_test.py" "/home/alumnos/josetost/colcon_ws/src/navigation-grupo-dia-libre-1/build/bt_behavior/test_results/bt_behavior/cpplint.xunit.xml" "--package-name" "bt_behavior" "--output-file" "/home/alumnos/josetost/colcon_ws/src/navigation-grupo-dia-libre-1/build/bt_behavior/ament_cpplint/cpplint.txt" "--command" "/opt/ros/foxy/bin/ament_cpplint" "--xunit-file" "/home/alumnos/josetost/colcon_ws/src/navigation-grupo-dia-libre-1/build/bt_behavior/test_results/bt_behavior/cpplint.xunit.xml"
[1.255s] 3: Test timeout computed to be: 120
[1.327s] 3: -- run_test.py: invoking following command in '/home/alumnos/josetost/colcon_ws/src/navigation-grupo-dia-libre-1/bt_behavior':
[1.327s] 3:  - /opt/ros/foxy/bin/ament_cpplint --xunit-file /home/alumnos/josetost/colcon_ws/src/navigation-grupo-dia-libre-1/build/bt_behavior/test_results/bt_behavior/cpplint.xunit.xml
[2.068s] 3: /home/alumnos/josetost/colcon_ws/src/navigation-grupo-dia-libre-1/bt_behavior/include/bt_behavior/GetNextWaypoint.hpp:25:  Found C++ system header after other header. Should be: GetNextWaypoint.h, c system, c++ system, other.  [build/include_order] [4]
[2.068s] 3: /home/alumnos/josetost/colcon_ws/src/navigation-grupo-dia-libre-1/bt_behavior/include/bt_behavior/GetNextWaypoint.hpp:37:  Do not leave a blank line after "public:"  [whitespace/blank_line] [3]
[2.069s] 3: /home/alumnos/josetost/colcon_ws/src/navigation-grupo-dia-libre-1/bt_behavior/include/bt_behavior/GetNextWaypoint.hpp:42:  Line ends in whitespace.  Consider deleting these extra spaces.  [whitespace/end_of_line] [4]
[2.069s] 3: /home/alumnos/josetost/colcon_ws/src/navigation-grupo-dia-libre-1/bt_behavior/include/bt_behavior/GetNextWaypoint.hpp:57:  Redundant blank line at the end of a code block should be deleted.  [whitespace/blank_line] [3]
[2.069s] 3: /home/alumnos/josetost/colcon_ws/src/navigation-grupo-dia-libre-1/bt_behavior/include/bt_behavior/IsRaceFinished.hpp:26:  Found C++ system header after other header. Should be: IsRaceFinished.h, c system, c++ system, other.  [build/include_order] [4]
[2.070s] 3: /home/alumnos/josetost/colcon_ws/src/navigation-grupo-dia-libre-1/bt_behavior/src/nav_wp.cpp:32:  Should have a space between // and comment  [whitespace/comments] [4]
[2.070s] 3: /home/alumnos/josetost/colcon_ws/src/navigation-grupo-dia-libre-1/bt_behavior/src/nav_wp.cpp:49:  Should have a space between // and comment  [whitespace/comments] [4]
[2.070s] 3: /home/alumnos/josetost/colcon_ws/src/navigation-grupo-dia-libre-1/bt_behavior/src/nav_wp.cpp:58:  Should have a space between // and comment  [whitespace/comments] [4]
[2.070s] 3: /home/alumnos/josetost/colcon_ws/src/navigation-grupo-dia-libre-1/bt_behavior/src/nav_wp.cpp:63:  Should have a space between // and comment  [whitespace/comments] [4]
[2.070s] 3: /home/alumnos/josetost/colcon_ws/src/navigation-grupo-dia-libre-1/bt_behavior/src/nav_wp.cpp:42:  Add #include <vector> for vector<>  [build/include_what_you_use] [4]
[2.070s] 3: /home/alumnos/josetost/colcon_ws/src/navigation-grupo-dia-libre-1/bt_behavior/src/nav_wp.cpp:94:  Could not find a newline character at the end of the file.  [whitespace/ending_newline] [5]
[2.070s] 3: /home/alumnos/josetost/colcon_ws/src/navigation-grupo-dia-libre-1/bt_behavior/src/bt_behavior/GetNextWaypoint.cpp:27:  "rclcpp/rclcpp.hpp" already included at /home/alumnos/josetost/colcon_ws/src/navigation-grupo-dia-libre-1/bt_behavior/src/bt_behavior/GetNextWaypoint.cpp:24  [build/include] [4]
[2.070s] 3: /home/alumnos/josetost/colcon_ws/src/navigation-grupo-dia-libre-1/bt_behavior/src/bt_behavior/GetNextWaypoint.cpp:29:  Line ends in whitespace.  Consider deleting these extra spaces.  [whitespace/end_of_line] [4]
[2.071s] 3: /home/alumnos/josetost/colcon_ws/src/navigation-grupo-dia-libre-1/bt_behavior/src/bt_behavior/GetNextWaypoint.cpp:29:  Found C++ system header after other header. Should be: GetNextWaypoint.h, c system, c++ system, other.  [build/include_order] [4]
[2.071s] 3: /home/alumnos/josetost/colcon_ws/src/navigation-grupo-dia-libre-1/bt_behavior/src/bt_behavior/GetNextWaypoint.cpp:31:  "nav_msgs/msg/occupancy_grid.hpp" already included at /home/alumnos/josetost/colcon_ws/src/navigation-grupo-dia-libre-1/bt_behavior/src/bt_behavior/GetNextWaypoint.cpp:25  [build/include] [4]
[2.072s] 3: /home/alumnos/josetost/colcon_ws/src/navigation-grupo-dia-libre-1/bt_behavior/src/bt_behavior/GetNextWaypoint.cpp:32:  "std_msgs/msg/string.hpp" already included at /home/alumnos/josetost/colcon_ws/src/navigation-grupo-dia-libre-1/bt_behavior/src/bt_behavior/GetNextWaypoint.cpp:28  [build/include] [4]
[2.072s] 3: /home/alumnos/josetost/colcon_ws/src/navigation-grupo-dia-libre-1/bt_behavior/src/bt_behavior/GetNextWaypoint.cpp:33:  "memory" already included at /home/alumnos/josetost/colcon_ws/src/navigation-grupo-dia-libre-1/bt_behavior/src/bt_behavior/GetNextWaypoint.cpp:29  [build/include] [4]
[2.072s] 3: /home/alumnos/josetost/colcon_ws/src/navigation-grupo-dia-libre-1/bt_behavior/src/bt_behavior/GetNextWaypoint.cpp:36:  Should have a space between // and comment  [whitespace/comments] [4]
[2.072s] 3: /home/alumnos/josetost/colcon_ws/src/navigation-grupo-dia-libre-1/bt_behavior/src/bt_behavior/GetNextWaypoint.cpp:42:  Should have a space between // and comment  [whitespace/comments] [4]
[2.072s] 3: /home/alumnos/josetost/colcon_ws/src/navigation-grupo-dia-libre-1/bt_behavior/src/bt_behavior/GetNextWaypoint.cpp:60:  Redundant blank line at the start of a code block should be deleted.  [whitespace/blank_line] [2]
[2.072s] 3: /home/alumnos/josetost/colcon_ws/src/navigation-grupo-dia-libre-1/bt_behavior/src/bt_behavior/GetNextWaypoint.cpp:61:  Should have a space between // and comment  [whitespace/comments] [4]
[2.072s] 3: /home/alumnos/josetost/colcon_ws/src/navigation-grupo-dia-libre-1/bt_behavior/src/bt_behavior/GetNextWaypoint.cpp:80:  Redundant blank line at the start of a code block should be deleted.  [whitespace/blank_line] [2]
[2.072s] 3: /home/alumnos/josetost/colcon_ws/src/navigation-grupo-dia-libre-1/bt_behavior/src/bt_behavior/GetNextWaypoint.cpp:116:  Line ends in whitespace.  Consider deleting these extra spaces.  [whitespace/end_of_line] [4]
[2.072s] 3: /home/alumnos/josetost/colcon_ws/src/navigation-grupo-dia-libre-1/bt_behavior/src/bt_behavior/GetNextWaypoint.cpp:129:  Lines should be <= 100 characters long  [whitespace/line_length] [2]
[2.073s] 3: /home/alumnos/josetost/colcon_ws/src/navigation-grupo-dia-libre-1/bt_behavior/src/bt_behavior/GetNextWaypoint.cpp:133:  Line ends in whitespace.  Consider deleting these extra spaces.  [whitespace/end_of_line] [4]
[2.073s] 3: /home/alumnos/josetost/colcon_ws/src/navigation-grupo-dia-libre-1/bt_behavior/src/bt_behavior/GetNextWaypoint.cpp:122:  Add #include <vector> for vector<>  [build/include_what_you_use] [4]
[2.074s] 3: /home/alumnos/josetost/colcon_ws/src/navigation-grupo-dia-libre-1/bt_behavior/src/bt_behavior/IsRaceFinished.cpp:48:  Redundant blank line at the start of a code block should be deleted.  [whitespace/blank_line] [2]
[2.074s] 3: /home/alumnos/josetost/colcon_ws/src/navigation-grupo-dia-libre-1/bt_behavior/src/bt_behavior/IsRaceFinished.cpp:52:  Add #include <vector> for vector<>  [build/include_what_you_use] [4]
[2.074s] 3: /home/alumnos/josetost/colcon_ws/src/navigation-grupo-dia-libre-1/bt_behavior/src/bt_behavior/Move.cpp:55:  Lines should be <= 100 characters long  [whitespace/line_length] [2]
[2.075s] 3: /home/alumnos/josetost/colcon_ws/src/navigation-grupo-dia-libre-1/bt_behavior/src/bt_behavior/Move.cpp:57:  Should have a space between // and comment  [whitespace/comments] [4]
[2.075s] 3: /home/alumnos/josetost/colcon_ws/src/navigation-grupo-dia-libre-1/bt_behavior/src/bt_behavior/Move.cpp:58:  Should have a space between // and comment  [whitespace/comments] [4]
[2.075s] 3: /home/alumnos/josetost/colcon_ws/src/navigation-grupo-dia-libre-1/bt_behavior/src/bt_behavior/Move.cpp:60:  Should have a space between // and comment  [whitespace/comments] [4]
[2.076s] 3: /home/alumnos/josetost/colcon_ws/src/navigation-grupo-dia-libre-1/bt_behavior/src/bt_behavior/Move.cpp:71:  Lines should be <= 100 characters long  [whitespace/line_length] [2]
[2.076s] 3: /home/alumnos/josetost/colcon_ws/src/navigation-grupo-dia-libre-1/bt_behavior/src/bt_behavior/Move.cpp:71:  Should have a space between // and comment  [whitespace/comments] [4]
[2.076s] 3: /home/alumnos/josetost/colcon_ws/src/navigation-grupo-dia-libre-1/bt_behavior/src/bt_behavior/Move.cpp:72:  Line ends in whitespace.  Consider deleting these extra spaces.  [whitespace/end_of_line] [4]
[2.077s] 3: /home/alumnos/josetost/colcon_ws/src/navigation-grupo-dia-libre-1/bt_behavior/src/bt_behavior/Move.cpp:73:  Should have a space between // and comment  [whitespace/comments] [4]
[2.077s] 3: /home/alumnos/josetost/colcon_ws/src/navigation-grupo-dia-libre-1/bt_behavior/src/bt_behavior/Move.cpp:74:  Should have a space between // and comment  [whitespace/comments] [4]
[2.078s] 3: /home/alumnos/josetost/colcon_ws/src/navigation-grupo-dia-libre-1/bt_behavior/src/bt_behavior/Move.cpp:76:  Should have a space between // and comment  [whitespace/comments] [4]
[2.078s] 3: /home/alumnos/josetost/colcon_ws/src/navigation-grupo-dia-libre-1/bt_behavior/src/bt_behavior/Move.cpp:87:  Lines should be <= 100 characters long  [whitespace/line_length] [2]
[2.078s] 3: /home/alumnos/josetost/colcon_ws/src/navigation-grupo-dia-libre-1/bt_behavior/src/bt_behavior/Move.cpp:87:  Should have a space between // and comment  [whitespace/comments] [4]
[2.080s] 3: /home/alumnos/josetost/colcon_ws/src/navigation-grupo-dia-libre-1/bt_behavior/src/bt_behavior/Move.cpp:88:  Line ends in whitespace.  Consider deleting these extra spaces.  [whitespace/end_of_line] [4]
[2.080s] 3: /home/alumnos/josetost/colcon_ws/src/navigation-grupo-dia-libre-1/bt_behavior/src/bt_behavior/Move.cpp:89:  Should have a space between // and comment  [whitespace/comments] [4]
[2.081s] 3: /home/alumnos/josetost/colcon_ws/src/navigation-grupo-dia-libre-1/bt_behavior/src/bt_behavior/Move.cpp:90:  Should have a space between // and comment  [whitespace/comments] [4]
[2.081s] 3: /home/alumnos/josetost/colcon_ws/src/navigation-grupo-dia-libre-1/bt_behavior/src/bt_behavior/Move.cpp:92:  Should have a space between // and comment  [whitespace/comments] [4]
[2.082s] 3: Category 'build/include' errors found: 4
[2.082s] 3: Category 'build/include_order' errors found: 3
[2.082s] 3: Category 'build/include_what_you_use' errors found: 3
[2.082s] 3: Category 'whitespace/blank_line' errors found: 5
[2.083s] 3: Category 'whitespace/comments' errors found: 18
[2.083s] 3: Category 'whitespace/end_of_line' errors found: 6
[2.083s] 3: Category 'whitespace/ending_newline' errors found: 1
[2.084s] 3: Category 'whitespace/line_length' errors found: 4
[2.084s] 3: Total errors found: 44
[2.084s] 3: Using '--root=..' argument
[2.084s] 3: 
[2.085s] 3: Done processing /home/alumnos/josetost/colcon_ws/src/navigation-grupo-dia-libre-1/bt_behavior/tests/bt_action_test.cpp
[2.085s] 3: 
[2.085s] 3: Using '--root=/home/alumnos/josetost/colcon_ws/src/navigation-grupo-dia-libre-1/bt_behavior/include' argument
[2.085s] 3: 
[2.086s] 3: Done processing /home/alumnos/josetost/colcon_ws/src/navigation-grupo-dia-libre-1/bt_behavior/include/bt_behavior/GetNextWaypoint.hpp
[2.086s] 3: 
[2.086s] 3: Done processing /home/alumnos/josetost/colcon_ws/src/navigation-grupo-dia-libre-1/bt_behavior/include/bt_behavior/IsRaceFinished.hpp
[2.086s] 3: 
[2.086s] 3: Done processing /home/alumnos/josetost/colcon_ws/src/navigation-grupo-dia-libre-1/bt_behavior/include/bt_behavior/Move.hpp
[2.086s] 3: 
[2.086s] 3: Done processing /home/alumnos/josetost/colcon_ws/src/navigation-grupo-dia-libre-1/bt_behavior/include/bt_behavior/ctrl_support/BTActionNode.hpp
[2.086s] 3: 
[2.087s] 3: Done processing /home/alumnos/josetost/colcon_ws/src/navigation-grupo-dia-libre-1/bt_behavior/include/bt_behavior/ctrl_support/BTLifecycleCtrlNode.hpp
[2.087s] 3: 
[2.087s] 3: Using '--root=/home/alumnos/josetost/colcon_ws/src/navigation-grupo-dia-libre-1/bt_behavior/src' argument
[2.087s] 3: 
[2.088s] 3: Done processing /home/alumnos/josetost/colcon_ws/src/navigation-grupo-dia-libre-1/bt_behavior/src/nav_wp.cpp
[2.088s] 3: 
[2.088s] 3: Done processing /home/alumnos/josetost/colcon_ws/src/navigation-grupo-dia-libre-1/bt_behavior/src/bt_behavior/GetNextWaypoint.cpp
[2.088s] 3: 
[2.089s] 3: Done processing /home/alumnos/josetost/colcon_ws/src/navigation-grupo-dia-libre-1/bt_behavior/src/bt_behavior/IsRaceFinished.cpp
[2.089s] 3: 
[2.089s] 3: Done processing /home/alumnos/josetost/colcon_ws/src/navigation-grupo-dia-libre-1/bt_behavior/src/bt_behavior/Move.cpp
[2.089s] 3: 
[2.093s] 3: -- run_test.py: return code 1
[2.094s] 3: -- run_test.py: verify result file '/home/alumnos/josetost/colcon_ws/src/navigation-grupo-dia-libre-1/build/bt_behavior/test_results/bt_behavior/cpplint.xunit.xml'
[2.105s] 3/9 Test #3: cpplint ..........................***Failed    0.85 sec
[2.108s] test 4
[2.109s]     Start 4: flake8
[2.109s] 
[2.109s] 4: Test command: /usr/bin/python3 "-u" "/opt/ros/foxy/share/ament_cmake_test/cmake/run_test.py" "/home/alumnos/josetost/colcon_ws/src/navigation-grupo-dia-libre-1/build/bt_behavior/test_results/bt_behavior/flake8.xunit.xml" "--package-name" "bt_behavior" "--output-file" "/home/alumnos/josetost/colcon_ws/src/navigation-grupo-dia-libre-1/build/bt_behavior/ament_flake8/flake8.txt" "--command" "/opt/ros/foxy/bin/ament_flake8" "--xunit-file" "/home/alumnos/josetost/colcon_ws/src/navigation-grupo-dia-libre-1/build/bt_behavior/test_results/bt_behavior/flake8.xunit.xml"
[2.110s] 4: Test timeout computed to be: 60
[2.177s] 4: -- run_test.py: invoking following command in '/home/alumnos/josetost/colcon_ws/src/navigation-grupo-dia-libre-1/bt_behavior':
[2.177s] 4:  - /opt/ros/foxy/bin/ament_flake8 --xunit-file /home/alumnos/josetost/colcon_ws/src/navigation-grupo-dia-libre-1/build/bt_behavior/test_results/bt_behavior/flake8.xunit.xml
[2.760s] 4: 
[2.760s] 4: 1 files checked
[2.760s] 4: No problems found
[2.761s] 4: 
[2.761s] 4: Checked files:
[2.761s] 4: 
[2.761s] 4: * ./launch/patrolling.launch.py
[2.786s] 4: -- run_test.py: return code 0
[2.788s] 4: -- run_test.py: verify result file '/home/alumnos/josetost/colcon_ws/src/navigation-grupo-dia-libre-1/build/bt_behavior/test_results/bt_behavior/flake8.xunit.xml'
[2.799s] 4/9 Test #4: flake8 ...........................   Passed    0.69 sec
[2.801s] test 5
[2.801s]     Start 5: lint_cmake
[2.802s] 
[2.802s] 5: Test command: /usr/bin/python3 "-u" "/opt/ros/foxy/share/ament_cmake_test/cmake/run_test.py" "/home/alumnos/josetost/colcon_ws/src/navigation-grupo-dia-libre-1/build/bt_behavior/test_results/bt_behavior/lint_cmake.xunit.xml" "--package-name" "bt_behavior" "--output-file" "/home/alumnos/josetost/colcon_ws/src/navigation-grupo-dia-libre-1/build/bt_behavior/ament_lint_cmake/lint_cmake.txt" "--command" "/opt/ros/foxy/bin/ament_lint_cmake" "--xunit-file" "/home/alumnos/josetost/colcon_ws/src/navigation-grupo-dia-libre-1/build/bt_behavior/test_results/bt_behavior/lint_cmake.xunit.xml"
[2.803s] 5: Test timeout computed to be: 60
[2.868s] 5: -- run_test.py: invoking following command in '/home/alumnos/josetost/colcon_ws/src/navigation-grupo-dia-libre-1/bt_behavior':
[2.868s] 5:  - /opt/ros/foxy/bin/ament_lint_cmake --xunit-file /home/alumnos/josetost/colcon_ws/src/navigation-grupo-dia-libre-1/build/bt_behavior/test_results/bt_behavior/lint_cmake.xunit.xml
[3.237s] 5: CMakeLists.txt:40: Line ends in whitespace [whitespace/eol]
[3.238s] 5: 
[3.238s] 5: 
[3.238s] 5: 1 errors
[3.250s] 5: -- run_test.py: return code 1
[3.252s] 5: -- run_test.py: verify result file '/home/alumnos/josetost/colcon_ws/src/navigation-grupo-dia-libre-1/build/bt_behavior/test_results/bt_behavior/lint_cmake.xunit.xml'
[3.263s] 5/9 Test #5: lint_cmake .......................***Failed    0.46 sec
[3.265s] test 6
[3.266s]     Start 6: pep257
[3.266s] 
[3.266s] 6: Test command: /usr/bin/python3 "-u" "/opt/ros/foxy/share/ament_cmake_test/cmake/run_test.py" "/home/alumnos/josetost/colcon_ws/src/navigation-grupo-dia-libre-1/build/bt_behavior/test_results/bt_behavior/pep257.xunit.xml" "--package-name" "bt_behavior" "--output-file" "/home/alumnos/josetost/colcon_ws/src/navigation-grupo-dia-libre-1/build/bt_behavior/ament_pep257/pep257.txt" "--command" "/opt/ros/foxy/bin/ament_pep257" "--xunit-file" "/home/alumnos/josetost/colcon_ws/src/navigation-grupo-dia-libre-1/build/bt_behavior/test_results/bt_behavior/pep257.xunit.xml"
[3.266s] 6: Test timeout computed to be: 60
[3.343s] 6: -- run_test.py: invoking following command in '/home/alumnos/josetost/colcon_ws/src/navigation-grupo-dia-libre-1/bt_behavior':
[3.343s] 6:  - /opt/ros/foxy/bin/ament_pep257 --xunit-file /home/alumnos/josetost/colcon_ws/src/navigation-grupo-dia-libre-1/build/bt_behavior/test_results/bt_behavior/pep257.xunit.xml
[3.777s] 6: checking ./launch/patrolling.launch.py
[3.777s] 6: No problems found
[3.794s] 6: -- run_test.py: return code 0
[3.796s] 6: -- run_test.py: verify result file '/home/alumnos/josetost/colcon_ws/src/navigation-grupo-dia-libre-1/build/bt_behavior/test_results/bt_behavior/pep257.xunit.xml'
[3.808s] 6/9 Test #6: pep257 ...........................   Passed    0.54 sec
[3.810s] test 7
[3.811s]     Start 7: uncrustify
[3.812s] 
[3.812s] 7: Test command: /usr/bin/python3 "-u" "/opt/ros/foxy/share/ament_cmake_test/cmake/run_test.py" "/home/alumnos/josetost/colcon_ws/src/navigation-grupo-dia-libre-1/build/bt_behavior/test_results/bt_behavior/uncrustify.xunit.xml" "--package-name" "bt_behavior" "--output-file" "/home/alumnos/josetost/colcon_ws/src/navigation-grupo-dia-libre-1/build/bt_behavior/ament_uncrustify/uncrustify.txt" "--command" "/opt/ros/foxy/bin/ament_uncrustify" "--xunit-file" "/home/alumnos/josetost/colcon_ws/src/navigation-grupo-dia-libre-1/build/bt_behavior/test_results/bt_behavior/uncrustify.xunit.xml"
[3.813s] 7: Test timeout computed to be: 60
[3.879s] 7: -- run_test.py: invoking following command in '/home/alumnos/josetost/colcon_ws/src/navigation-grupo-dia-libre-1/bt_behavior':
[3.879s] 7:  - /opt/ros/foxy/bin/ament_uncrustify --xunit-file /home/alumnos/josetost/colcon_ws/src/navigation-grupo-dia-libre-1/build/bt_behavior/test_results/bt_behavior/uncrustify.xunit.xml
[4.282s] 7: Code style divergence in file 'include/bt_behavior/GetNextWaypoint.hpp':
[4.283s] 7: 
[4.283s] 7: --- include/bt_behavior/GetNextWaypoint.hpp
[4.283s] 7: +++ include/bt_behavior/GetNextWaypoint.hpp.uncrustify
[4.283s] 7: @@ -37 +36,0 @@
[4.284s] 7: -
[4.284s] 7: @@ -42 +41 @@
[4.284s] 7: -  void halt();    
[4.284s] 7: +  void halt();
[4.285s] 7: 
[4.285s] 7: Code style divergence in file 'include/bt_behavior/IsRaceFinished.hpp':
[4.285s] 7: 
[4.286s] 7: --- include/bt_behavior/IsRaceFinished.hpp
[4.286s] 7: +++ include/bt_behavior/IsRaceFinished.hpp.uncrustify
[4.286s] 7: @@ -27 +26,0 @@
[4.287s] 7: -
[4.287s] 7: 
[4.288s] 7: Code style divergence in file 'include/bt_behavior/Move.hpp':
[4.288s] 7: 
[4.288s] 7: --- include/bt_behavior/Move.hpp
[4.288s] 7: +++ include/bt_behavior/Move.hpp.uncrustify
[4.289s] 7: @@ -30,9 +30,10 @@
[4.289s] 7: -  enum sounds {
[4.289s] 7: -    ON            = 0,
[4.290s] 7: -    OFF           = 1,
[4.290s] 7: -    RECHARGE      = 2,
[4.291s] 7: -    BUTTON        = 3,
[4.291s] 7: -    ERROR         = 4,
[4.291s] 7: -    CLEANINGSTART = 5,
[4.291s] 7: -    CLEANINGEND   = 6
[4.291s] 7: -  };
[4.291s] 7: +enum sounds
[4.291s] 7: +{
[4.292s] 7: +  ON            = 0,
[4.292s] 7: +  OFF           = 1,
[4.292s] 7: +  RECHARGE      = 2,
[4.293s] 7: +  BUTTON        = 3,
[4.293s] 7: +  ERROR         = 4,
[4.293s] 7: +  CLEANINGSTART = 5,
[4.294s] 7: +  CLEANINGEND   = 6
[4.294s] 7: +};
[4.294s] 7: 
[4.294s] 7: Code style divergence in file 'src/bt_behavior/GetNextWaypoint.cpp':
[4.295s] 7: 
[4.295s] 7: --- src/bt_behavior/GetNextWaypoint.cpp
[4.295s] 7: +++ src/bt_behavior/GetNextWaypoint.cpp.uncrustify
[4.296s] 7: @@ -29 +29 @@
[4.296s] 7: -#include <memory> 
[4.296s] 7: +#include <memory>
[4.297s] 7: @@ -74 +73,0 @@
[4.297s] 7: -  return;
[4.297s] 7: @@ -89 +88 @@
[4.297s] 7: -  unsigned char *costmap_ = new unsigned char[size_x_ * size_y_];
[4.298s] 7: +  unsigned char * costmap_ = new unsigned char[size_x_ * size_y_];
[4.299s] 7: @@ -116 +115 @@
[4.299s] 7: -{    
[4.299s] 7: +{
[4.299s] 7: @@ -129 +128,2 @@
[4.300s] 7: -  std::cerr << "Next waypoint on index " << ind << " is [" << waypoint[0] << "," << waypoint[1] << "]" << std::endl;
[4.300s] 7: +  std::cerr << "Next waypoint on index " << ind << " is [" << waypoint[0] << "," << waypoint[1] <<
[4.301s] 7: +    "]" << std::endl;
[4.301s] 7: @@ -133 +133 @@
[4.302s] 7: -  
[4.302s] 7: +
[4.302s] 7: 
[4.302s] 7: Code style divergence in file 'src/bt_behavior/Move.cpp':
[4.303s] 7: 
[4.303s] 7: --- src/bt_behavior/Move.cpp
[4.303s] 7: +++ src/bt_behavior/Move.cpp.uncrustify
[4.304s] 7: @@ -60 +60 @@
[4.304s] 7: - //success_pub->publish(beep);
[4.305s] 7: +  //success_pub->publish(beep);
[4.305s] 7: @@ -72 +72 @@
[4.305s] 7: - 
[4.305s] 7: +
[4.305s] 7: @@ -88 +88 @@
[4.306s] 7: - 
[4.306s] 7: +
[4.307s] 7: 
[4.307s] 7: Code style divergence in file 'src/nav_wp.cpp':
[4.308s] 7: 
[4.308s] 7: --- src/nav_wp.cpp
[4.308s] 7: +++ src/nav_wp.cpp.uncrustify
[4.308s] 7: @@ -94 +94 @@
[4.309s] 7: -// ros2 run pkg node --ros-args --params-file ruta absoluta
[4.309s] 7: +// ros2 run pkg node --ros-args --params-file ruta absoluta
[4.309s] 7: 
[4.310s] 7: 6 files with code style divergence
[4.310s] 7: No code style divergence in file 'include/bt_behavior/ctrl_support/BTActionNode.hpp'
[4.311s] 7: 
[4.311s] 7: No code style divergence in file 'include/bt_behavior/ctrl_support/BTLifecycleCtrlNode.hpp'
[4.311s] 7: 
[4.312s] 7: No code style divergence in file 'src/bt_behavior/IsRaceFinished.cpp'
[4.312s] 7: 
[4.312s] 7: No code style divergence in file 'tests/bt_action_test.cpp'
[4.313s] 7: 
[4.314s] 7: -- run_test.py: return code 1
[4.314s] 7: -- run_test.py: verify result file '/home/alumnos/josetost/colcon_ws/src/navigation-grupo-dia-libre-1/build/bt_behavior/test_results/bt_behavior/uncrustify.xunit.xml'
[4.314s] 7/9 Test #7: uncrustify .......................***Failed    0.50 sec
[4.315s] test 8
[4.315s]     Start 8: xmllint
[4.316s] 
[4.316s] 8: Test command: /usr/bin/python3 "-u" "/opt/ros/foxy/share/ament_cmake_test/cmake/run_test.py" "/home/alumnos/josetost/colcon_ws/src/navigation-grupo-dia-libre-1/build/bt_behavior/test_results/bt_behavior/xmllint.xunit.xml" "--package-name" "bt_behavior" "--output-file" "/home/alumnos/josetost/colcon_ws/src/navigation-grupo-dia-libre-1/build/bt_behavior/ament_xmllint/xmllint.txt" "--command" "/opt/ros/foxy/bin/ament_xmllint" "--xunit-file" "/home/alumnos/josetost/colcon_ws/src/navigation-grupo-dia-libre-1/build/bt_behavior/test_results/bt_behavior/xmllint.xunit.xml"
[4.316s] 8: Test timeout computed to be: 60
[4.387s] 8: -- run_test.py: invoking following command in '/home/alumnos/josetost/colcon_ws/src/navigation-grupo-dia-libre-1/bt_behavior':
[4.387s] 8:  - /opt/ros/foxy/bin/ament_xmllint --xunit-file /home/alumnos/josetost/colcon_ws/src/navigation-grupo-dia-libre-1/build/bt_behavior/test_results/bt_behavior/xmllint.xunit.xml
[5.017s] 8: File 'package.xml' is valid
[5.017s] 8: 
[5.018s] 8: File 'behavior_tree_xml/behavior.xml' is valid
[5.018s] 8: 
[5.018s] 8: No problems found
[5.034s] 8: -- run_test.py: return code 0
[5.036s] 8: -- run_test.py: verify result file '/home/alumnos/josetost/colcon_ws/src/navigation-grupo-dia-libre-1/build/bt_behavior/test_results/bt_behavior/xmllint.xunit.xml'
[5.051s] 8/9 Test #8: xmllint ..........................   Passed    0.74 sec
[5.053s] test 9
[5.054s]     Start 9: bt_action_test
[5.054s] 
[5.055s] 9: Test command: /usr/bin/python3 "-u" "/opt/ros/foxy/share/ament_cmake_test/cmake/run_test.py" "/home/alumnos/josetost/colcon_ws/src/navigation-grupo-dia-libre-1/build/bt_behavior/test_results/bt_behavior/bt_action_test.gtest.xml" "--package-name" "bt_behavior" "--output-file" "/home/alumnos/josetost/colcon_ws/src/navigation-grupo-dia-libre-1/build/bt_behavior/ament_cmake_gtest/bt_action_test.txt" "--command" "/home/alumnos/josetost/colcon_ws/src/navigation-grupo-dia-libre-1/build/bt_behavior/tests/bt_action_test" "--gtest_output=xml:/home/alumnos/josetost/colcon_ws/src/navigation-grupo-dia-libre-1/build/bt_behavior/test_results/bt_behavior/bt_action_test.gtest.xml"
[5.055s] 9: Test timeout computed to be: 60
[5.123s] 9: -- run_test.py: invoking following command in '/home/alumnos/josetost/colcon_ws/src/navigation-grupo-dia-libre-1/build/bt_behavior/tests':
[5.123s] 9:  - /home/alumnos/josetost/colcon_ws/src/navigation-grupo-dia-libre-1/build/bt_behavior/tests/bt_action_test --gtest_output=xml:/home/alumnos/josetost/colcon_ws/src/navigation-grupo-dia-libre-1/build/bt_behavior/test_results/bt_behavior/bt_action_test.gtest.xml
[5.199s] 9: [==========] Running 2 tests from 1 test case.
[5.199s] 9: [----------] Global test environment set-up.
[5.199s] 9: [----------] 2 tests from bt_action
[5.200s] 9: [ RUN      ] bt_action.patrol_btn
[5.230s] 9: unknown file: Failure
[5.231s] 9: C++ exception with description "Could not load library: libbr2_patrol_bt_node.so: cannot open shared object file: No such file or directory" thrown in the test body.
[5.231s] 9: [  FAILED  ] bt_action.patrol_btn (32 ms)
[5.231s] 9: [ RUN      ] bt_action.move_btn
[5.261s] 9: [INFO] [1646641959.871490198] [move_btn_node]: Waiting for "navigate_to_pose" action server
[5.261s] 9: [INFO] [1646641959.871676755] [move_btn_node]: "move" BtActionNode initialized
[5.263s] 9: [INFO] [1646641959.873473024] [move_btn_node]: Waiting for "navigate_to_pose" action server
[11.461s] 9: [INFO] [1646641966.071933408] [move_btn_node]: navigation Suceeded
[11.567s] 9: [       OK ] bt_action.move_btn (6336 ms)
[11.567s] 9: [----------] 2 tests from bt_action (6368 ms total)
[11.567s] 9: 
[11.567s] 9: [----------] Global test environment tear-down
[11.576s] 9: [==========] 2 tests from 1 test case ran. (6368 ms total)
[11.577s] 9: [  PASSED  ] 1 test.
[11.577s] 9: [  FAILED  ] 1 test, listed below:
[11.578s] 9: [  FAILED  ] bt_action.patrol_btn
[11.578s] 9: 
[11.579s] 9:  1 FAILED TEST
[11.581s] 9: -- run_test.py: return code 1
[11.583s] 9: -- run_test.py: inject classname prefix into gtest result file '/home/alumnos/josetost/colcon_ws/src/navigation-grupo-dia-libre-1/build/bt_behavior/test_results/bt_behavior/bt_action_test.gtest.xml'
[11.585s] 9: -- run_test.py: verify result file '/home/alumnos/josetost/colcon_ws/src/navigation-grupo-dia-libre-1/build/bt_behavior/test_results/bt_behavior/bt_action_test.gtest.xml'
[11.599s] 9/9 Test #9: bt_action_test ...................***Failed    6.54 sec
[11.610s] 
[11.611s] 56% tests passed[0;0m, [0;31m4 tests failed[0;0m out of 9
[11.611s] 
[11.611s] Label Time Summary:
[11.611s] copyright     =   0.52 sec*proc (1 test)
[11.612s] cppcheck      =   0.52 sec*proc (1 test)
[11.612s] cpplint       =   0.85 sec*proc (1 test)
[11.613s] flake8        =   0.69 sec*proc (1 test)
[11.613s] gtest         =   6.54 sec*proc (1 test)
[11.614s] lint_cmake    =   0.46 sec*proc (1 test)
[11.614s] linter        =   4.82 sec*proc (8 tests)
[11.615s] pep257        =   0.54 sec*proc (1 test)
[11.616s] uncrustify    =   0.50 sec*proc (1 test)
[11.616s] xmllint       =   0.74 sec*proc (1 test)
[11.617s] 
[11.617s] Total Test time (real) =  11.40 sec
[11.617s] 
[11.618s] The following tests FAILED:
[11.618s] 	[0;31m  3 - cpplint (Failed)[0;0m
[11.619s] 	[0;31m  5 - lint_cmake (Failed)[0;0m
[11.619s] 	[0;31m  7 - uncrustify (Failed)[0;0m
[11.620s] 	[0;31m  9 - bt_action_test (Failed)[0;0m
[11.647s] Errors while running CTest
[11.651s] Invoked command in '/home/alumnos/josetost/colcon_ws/src/navigation-grupo-dia-libre-1/build/bt_behavior' returned '8': AMENT_PREFIX_PATH=/home/alumnos/josetost/colcon_ws/src/navigation-grupo-dia-libre-1/install/bt_behavior:${AMENT_PREFIX_PATH} CMAKE_PREFIX_PATH=/home/alumnos/josetost/colcon_ws/src/navigation-grupo-dia-libre-1/install/bt_behavior LD_LIBRARY_PATH=/home/alumnos/josetost/colcon_ws/src/navigation-grupo-dia-libre-1/install/bt_behavior/lib:${LD_LIBRARY_PATH} /usr/bin/ctest -C Release -D ExperimentalTest --no-compress-output -V --force-new-ctest-process
