[0.000000] (-) TimerEvent: {}
[0.000192] (bt_behavior) JobQueued: {'identifier': 'bt_behavior', 'dependencies': OrderedDict([('bt_behavior', '/home/alumnos/josetost/colcon_ws/src/navigation-grupo-dia-libre-1/install/bt_behavior')])}
[0.000458] (kobuki_navigation) JobQueued: {'identifier': 'kobuki_navigation', 'dependencies': OrderedDict([('kobuki_navigation', '/home/alumnos/josetost/colcon_ws/src/navigation-grupo-dia-libre-1/install/kobuki_navigation')])}
[0.001412] (bt_behavior) JobStarted: {'identifier': 'bt_behavior'}
[0.098989] (-) TimerEvent: {}
[0.123527] (kobuki_navigation) JobStarted: {'identifier': 'kobuki_navigation'}
[0.187134] (bt_behavior) Command: {'cmd': ['/usr/bin/ctest', '-C', 'Release', '-D', 'ExperimentalTest', '--no-compress-output', '-V', '--force-new-ctest-process'], 'cwd': '/home/alumnos/josetost/colcon_ws/src/navigation-grupo-dia-libre-1/build/bt_behavior', 'env': OrderedDict([('GJS_DEBUG_TOPICS', 'JS ERROR;JS LOG'), ('USER', 'josetost'), ('SSH_AGENT_PID', '101560'), ('XDG_SESSION_TYPE', 'x11'), ('SHLVL', '1'), ('LD_LIBRARY_PATH', '/home/alumnos/josetost/colcon_ws/src/navigation-grupo-dia-libre-1/install/bt_behavior/lib:/usr/lib/x86_64-linux-gnu/gazebo-11/plugins:/opt/ros/foxy/opt/yaml_cpp_vendor/lib:/opt/ros/foxy/opt/rviz_ogre_vendor/lib:/opt/ros/foxy/lib/x86_64-linux-gnu:/opt/ros/foxy/lib'), ('HOME', '/home/alumnos/josetost'), ('OLDPWD', '/home/alumnos/josetost/colcon_ws/src'), ('DESKTOP_SESSION', 'ubuntu'), ('ROS_PYTHON_VERSION', '3'), ('GNOME_SHELL_SESSION_MODE', 'ubuntu'), ('GTK_MODULES', 'gail:atk-bridge'), ('MANAGERPID', '101376'), ('GOROOT', '/usr/lib/go'), ('DBUS_SESSION_BUS_ADDRESS', 'unix:path=/run/user/9374/bus'), ('MESG', 'y'), ('COLORTERM', 'truecolor'), ('MANDATORY_PATH', '/usr/share/gconf/ubuntu.mandatory.path'), ('IM_CONFIG_PHASE', '1'), ('COLCON_PREFIX_PATH', '/home/alumnos/josetost/colcon_ws/install'), ('ROS_DISTRO', 'foxy'), ('LOGNAME', 'josetost'), ('JOURNAL_STREAM', '8:438354'), ('_', '/usr/bin/colcon'), ('ROS_VERSION', '2'), ('XDG_SESSION_CLASS', 'user'), ('DEFAULTS_PATH', '/usr/share/gconf/ubuntu.default.path'), ('USERNAME', 'josetost'), ('TERM', 'xterm-256color'), ('GNOME_DESKTOP_SESSION_ID', 'this-is-deprecated'), ('ROS_LOCALHOST_ONLY', '0'), ('WINDOWPATH', '2'), ('PATH', '/opt/ros/foxy/bin:/usr/local/sbin:/usr/local/bin:/usr/sbin:/usr/bin:/sbin:/bin:/usr/games:/usr/local/games:/usr/lib/go/bin:/opt/puppetlabs/bin/:./'), ('SESSION_MANAGER', 'local/f-l3210-pc24:@/tmp/.ICE-unix/101600,unix/f-l3210-pc24:/tmp/.ICE-unix/101600'), ('INVOCATION_ID', 'efc7516a5ce74a559c7c41caa41e7e04'), ('XDG_MENU_PREFIX', 'gnome-'), ('GNOME_TERMINAL_SCREEN', '/org/gnome/Terminal/screen/3a0758d9_5180_400d_b53e_98a4498e02ac'), ('XDG_RUNTIME_DIR', '/run/user/9374'), ('DISPLAY', ':0'), ('LANG', 'es_ES.UTF-8'), ('XDG_CURRENT_DESKTOP', 'ubuntu:GNOME'), ('XMODIFIERS', '@im=ibus'), ('XDG_SESSION_DESKTOP', 'ubuntu'), ('XAUTHORITY', '/run/user/9374/gdm/Xauthority'), ('GNOME_TERMINAL_SERVICE', ':1.109'), ('SSH_AUTH_SOCK', '/run/user/9374/keyring/ssh'), ('ROS_DOMAIN_ID', '22'), ('AMENT_PREFIX_PATH', '/home/alumnos/josetost/colcon_ws/src/navigation-grupo-dia-libre-1/install/bt_behavior:/opt/ros/foxy'), ('SHELL', '/bin/bash'), ('QT_ACCESSIBILITY', '1'), ('ROS_MASTER_URI', 'http://f-l3202-pc24:11332/'), ('GDMSESSION', 'ubuntu'), ('GPG_AGENT_INFO', '/run/user/9374/gnupg/S.gpg-agent:0:1'), ('GJS_DEBUG_OUTPUT', 'stderr'), ('QT_IM_MODULE', 'ibus'), ('PWD', '/home/alumnos/josetost/colcon_ws/src/navigation-grupo-dia-libre-1/build/bt_behavior'), ('XDG_CONFIG_DIRS', '/etc/xdg/xdg-ubuntu:/etc/xdg'), ('XDG_DATA_DIRS', '/usr/share/ubuntu:/usr/local/share/:/usr/share/'), ('PYTHONPATH', '/opt/ros/foxy/lib/python3.8/site-packages'), ('COLCON', '1'), ('MANPATH', ':/opt/puppetlabs/puppet/share/man'), ('VTE_VERSION', '6003'), ('EDITOR', '/usr/bin/vim'), ('CMAKE_PREFIX_PATH', '/home/alumnos/josetost/colcon_ws/src/navigation-grupo-dia-libre-1/install/bt_behavior')]), 'shell': False}
[0.197887] (kobuki_navigation) JobEnded: {'identifier': 'kobuki_navigation', 'rc': 0}
[0.200783] (-) TimerEvent: {}
[0.204981] (bt_behavior) StdoutLine: {'line': b'UpdateCTestConfiguration  from :/home/alumnos/josetost/colcon_ws/src/navigation-grupo-dia-libre-1/build/bt_behavior/CTestConfiguration.ini\n'}
[0.205368] (bt_behavior) StdoutLine: {'line': b'Parse Config file:/home/alumnos/josetost/colcon_ws/src/navigation-grupo-dia-libre-1/build/bt_behavior/CTestConfiguration.ini\n'}
[0.206022] (bt_behavior) StdoutLine: {'line': b'   Site: f-l3210-pc24\n'}
[0.206666] (bt_behavior) StdoutLine: {'line': b'   Build name: (empty)\n'}
[0.206878] (bt_behavior) StdoutLine: {'line': b' Add coverage exclude regular expressions.\n'}
[0.207482] (bt_behavior) StdoutLine: {'line': b'SetCTestConfiguration:CMakeCommand:/usr/bin/cmake\n'}
[0.208192] (bt_behavior) StdoutLine: {'line': b'Create new tag: 20220307-0949 - Experimental\n'}
[0.208386] (bt_behavior) StdoutLine: {'line': b'UpdateCTestConfiguration  from :/home/alumnos/josetost/colcon_ws/src/navigation-grupo-dia-libre-1/build/bt_behavior/CTestConfiguration.ini\n'}
[0.208876] (bt_behavior) StdoutLine: {'line': b'Parse Config file:/home/alumnos/josetost/colcon_ws/src/navigation-grupo-dia-libre-1/build/bt_behavior/CTestConfiguration.ini\n'}
[0.209050] (bt_behavior) StdoutLine: {'line': b'Test project /home/alumnos/josetost/colcon_ws/src/navigation-grupo-dia-libre-1/build/bt_behavior\n'}
[0.210070] (bt_behavior) StdoutLine: {'line': b'Constructing a list of tests\n'}
[0.211067] (bt_behavior) StdoutLine: {'line': b'Done constructing a list of tests\n'}
[0.211523] (bt_behavior) StdoutLine: {'line': b'Updating test list for fixtures\n'}
[0.211714] (bt_behavior) StdoutLine: {'line': b'Added 0 tests to meet fixture requirements\n'}
[0.212573] (bt_behavior) StdoutLine: {'line': b'Checking test dependency graph...\n'}
[0.212970] (bt_behavior) StdoutLine: {'line': b'Checking test dependency graph end\n'}
[0.213600] (bt_behavior) StdoutLine: {'line': b'test 1\n'}
[0.213736] (bt_behavior) StdoutLine: {'line': b'    Start 1: copyright\n'}
[0.214283] (bt_behavior) StdoutLine: {'line': b'\n'}
[0.214489] (bt_behavior) StdoutLine: {'line': b'1: Test command: /usr/bin/python3 "-u" "/opt/ros/foxy/share/ament_cmake_test/cmake/run_test.py" "/home/alumnos/josetost/colcon_ws/src/navigation-grupo-dia-libre-1/build/bt_behavior/test_results/bt_behavior/copyright.xunit.xml" "--package-name" "bt_behavior" "--output-file" "/home/alumnos/josetost/colcon_ws/src/navigation-grupo-dia-libre-1/build/bt_behavior/ament_copyright/copyright.txt" "--command" "/opt/ros/foxy/bin/ament_copyright" "--xunit-file" "/home/alumnos/josetost/colcon_ws/src/navigation-grupo-dia-libre-1/build/bt_behavior/test_results/bt_behavior/copyright.xunit.xml"\n'}
[0.215063] (bt_behavior) StdoutLine: {'line': b'1: Test timeout computed to be: 60\n'}
[0.300881] (-) TimerEvent: {}
[0.303402] (bt_behavior) StdoutLine: {'line': b"1: -- run_test.py: invoking following command in '/home/alumnos/josetost/colcon_ws/src/navigation-grupo-dia-libre-1/bt_behavior':\n"}
[0.303666] (bt_behavior) StdoutLine: {'line': b'1:  - /opt/ros/foxy/bin/ament_copyright --xunit-file /home/alumnos/josetost/colcon_ws/src/navigation-grupo-dia-libre-1/build/bt_behavior/test_results/bt_behavior/copyright.xunit.xml\n'}
[0.401015] (-) TimerEvent: {}
[0.501402] (-) TimerEvent: {}
[0.601753] (-) TimerEvent: {}
[0.702109] (-) TimerEvent: {}
[0.761376] (bt_behavior) StdoutLine: {'line': b'1: No problems found, checked 12 files\n'}
[0.776926] (bt_behavior) StdoutLine: {'line': b'1: -- run_test.py: return code 0\n'}
[0.778457] (bt_behavior) StdoutLine: {'line': b"1: -- run_test.py: verify result file '/home/alumnos/josetost/colcon_ws/src/navigation-grupo-dia-libre-1/build/bt_behavior/test_results/bt_behavior/copyright.xunit.xml'\n"}
[0.790005] (bt_behavior) StdoutLine: {'line': b'1/9 Test #1: copyright ........................   Passed    0.58 sec\n'}
[0.792395] (bt_behavior) StdoutLine: {'line': b'test 2\n'}
[0.792580] (bt_behavior) StdoutLine: {'line': b'    Start 2: cppcheck\n'}
[0.793054] (bt_behavior) StdoutLine: {'line': b'\n'}
[0.793189] (bt_behavior) StdoutLine: {'line': b'2: Test command: /usr/bin/python3 "-u" "/opt/ros/foxy/share/ament_cmake_test/cmake/run_test.py" "/home/alumnos/josetost/colcon_ws/src/navigation-grupo-dia-libre-1/build/bt_behavior/test_results/bt_behavior/cppcheck.xunit.xml" "--package-name" "bt_behavior" "--output-file" "/home/alumnos/josetost/colcon_ws/src/navigation-grupo-dia-libre-1/build/bt_behavior/ament_cppcheck/cppcheck.txt" "--command" "/opt/ros/foxy/bin/ament_cppcheck" "--xunit-file" "/home/alumnos/josetost/colcon_ws/src/navigation-grupo-dia-libre-1/build/bt_behavior/test_results/bt_behavior/cppcheck.xunit.xml" "--include_dirs" "/home/alumnos/josetost/colcon_ws/src/navigation-grupo-dia-libre-1/bt_behavior/include"\n'}
[0.793334] (bt_behavior) StdoutLine: {'line': b'2: Test timeout computed to be: 300\n'}
[0.802229] (-) TimerEvent: {}
[0.866006] (bt_behavior) StdoutLine: {'line': b"2: -- run_test.py: invoking following command in '/home/alumnos/josetost/colcon_ws/src/navigation-grupo-dia-libre-1/bt_behavior':\n"}
[0.866321] (bt_behavior) StdoutLine: {'line': b'2:  - /opt/ros/foxy/bin/ament_cppcheck --xunit-file /home/alumnos/josetost/colcon_ws/src/navigation-grupo-dia-libre-1/build/bt_behavior/test_results/bt_behavior/cppcheck.xunit.xml --include_dirs /home/alumnos/josetost/colcon_ws/src/navigation-grupo-dia-libre-1/bt_behavior/include\n'}
[0.902332] (-) TimerEvent: {}
[1.002667] (-) TimerEvent: {}
[1.103010] (-) TimerEvent: {}
[1.203326] (-) TimerEvent: {}
[1.293598] (bt_behavior) StdoutLine: {'line': b'2: No problems found\n'}
[1.303469] (-) TimerEvent: {}
[1.312310] (bt_behavior) StdoutLine: {'line': b'2: -- run_test.py: return code 0\n'}
[1.313510] (bt_behavior) StdoutLine: {'line': b"2: -- run_test.py: verify result file '/home/alumnos/josetost/colcon_ws/src/navigation-grupo-dia-libre-1/build/bt_behavior/test_results/bt_behavior/cppcheck.xunit.xml'\n"}
[1.325744] (bt_behavior) StdoutLine: {'line': b'2/9 Test #2: cppcheck .........................   Passed    0.53 sec\n'}
[1.328239] (bt_behavior) StdoutLine: {'line': b'test 3\n'}
[1.328521] (bt_behavior) StdoutLine: {'line': b'    Start 3: cpplint\n'}
[1.329079] (bt_behavior) StdoutLine: {'line': b'\n'}
[1.329306] (bt_behavior) StdoutLine: {'line': b'3: Test command: /usr/bin/python3 "-u" "/opt/ros/foxy/share/ament_cmake_test/cmake/run_test.py" "/home/alumnos/josetost/colcon_ws/src/navigation-grupo-dia-libre-1/build/bt_behavior/test_results/bt_behavior/cpplint.xunit.xml" "--package-name" "bt_behavior" "--output-file" "/home/alumnos/josetost/colcon_ws/src/navigation-grupo-dia-libre-1/build/bt_behavior/ament_cpplint/cpplint.txt" "--command" "/opt/ros/foxy/bin/ament_cpplint" "--xunit-file" "/home/alumnos/josetost/colcon_ws/src/navigation-grupo-dia-libre-1/build/bt_behavior/test_results/bt_behavior/cpplint.xunit.xml"\n'}
[1.329945] (bt_behavior) StdoutLine: {'line': b'3: Test timeout computed to be: 120\n'}
[1.400998] (bt_behavior) StdoutLine: {'line': b"3: -- run_test.py: invoking following command in '/home/alumnos/josetost/colcon_ws/src/navigation-grupo-dia-libre-1/bt_behavior':\n"}
[1.401257] (bt_behavior) StdoutLine: {'line': b'3:  - /opt/ros/foxy/bin/ament_cpplint --xunit-file /home/alumnos/josetost/colcon_ws/src/navigation-grupo-dia-libre-1/build/bt_behavior/test_results/bt_behavior/cpplint.xunit.xml\n'}
[1.403545] (-) TimerEvent: {}
[1.503828] (-) TimerEvent: {}
[1.604165] (-) TimerEvent: {}
[1.704471] (-) TimerEvent: {}
[1.804780] (-) TimerEvent: {}
[1.905088] (-) TimerEvent: {}
[2.005421] (-) TimerEvent: {}
[2.105750] (-) TimerEvent: {}
[2.147405] (bt_behavior) StdoutLine: {'line': b"3: Using '--root=..' argument\n"}
[2.147628] (bt_behavior) StdoutLine: {'line': b'3: \n'}
[2.147734] (bt_behavior) StdoutLine: {'line': b'3: Done processing /home/alumnos/josetost/colcon_ws/src/navigation-grupo-dia-libre-1/bt_behavior/tests/bt_action_test.cpp\n'}
[2.148132] (bt_behavior) StdoutLine: {'line': b'3: \n'}
[2.148470] (bt_behavior) StdoutLine: {'line': b"3: Using '--root=/home/alumnos/josetost/colcon_ws/src/navigation-grupo-dia-libre-1/bt_behavior/include' argument\n"}
[2.148593] (bt_behavior) StdoutLine: {'line': b'3: \n'}
[2.148715] (bt_behavior) StdoutLine: {'line': b'3: Done processing /home/alumnos/josetost/colcon_ws/src/navigation-grupo-dia-libre-1/bt_behavior/include/bt_behavior/GetNextWaypoint.hpp\n'}
[2.148862] (bt_behavior) StdoutLine: {'line': b'3: \n'}
[2.148961] (bt_behavior) StdoutLine: {'line': b'3: Done processing /home/alumnos/josetost/colcon_ws/src/navigation-grupo-dia-libre-1/bt_behavior/include/bt_behavior/IsRaceFinished.hpp\n'}
[2.149121] (bt_behavior) StdoutLine: {'line': b'3: \n'}
[2.149961] (bt_behavior) StdoutLine: {'line': b'3: Done processing /home/alumnos/josetost/colcon_ws/src/navigation-grupo-dia-libre-1/bt_behavior/include/bt_behavior/Move.hpp\n'}
[2.150088] (bt_behavior) StdoutLine: {'line': b'3: \n'}
[2.150755] (bt_behavior) StdoutLine: {'line': b'3: Done processing /home/alumnos/josetost/colcon_ws/src/navigation-grupo-dia-libre-1/bt_behavior/include/bt_behavior/ctrl_support/BTActionNode.hpp\n'}
[2.150878] (bt_behavior) StdoutLine: {'line': b'3: \n'}
[2.151446] (bt_behavior) StdoutLine: {'line': b'3: Done processing /home/alumnos/josetost/colcon_ws/src/navigation-grupo-dia-libre-1/bt_behavior/include/bt_behavior/ctrl_support/BTLifecycleCtrlNode.hpp\n'}
[2.151551] (bt_behavior) StdoutLine: {'line': b'3: \n'}
[2.152071] (bt_behavior) StdoutLine: {'line': b"3: Using '--root=/home/alumnos/josetost/colcon_ws/src/navigation-grupo-dia-libre-1/bt_behavior/src' argument\n"}
[2.152180] (bt_behavior) StdoutLine: {'line': b'3: \n'}
[2.152279] (bt_behavior) StdoutLine: {'line': b'3: Done processing /home/alumnos/josetost/colcon_ws/src/navigation-grupo-dia-libre-1/bt_behavior/src/nav_wp.cpp\n'}
[2.152743] (bt_behavior) StdoutLine: {'line': b'3: \n'}
[2.152839] (bt_behavior) StdoutLine: {'line': b'3: Done processing /home/alumnos/josetost/colcon_ws/src/navigation-grupo-dia-libre-1/bt_behavior/src/bt_behavior/GetNextWaypoint.cpp\n'}
[2.152945] (bt_behavior) StdoutLine: {'line': b'3: \n'}
[2.153384] (bt_behavior) StdoutLine: {'line': b'3: Done processing /home/alumnos/josetost/colcon_ws/src/navigation-grupo-dia-libre-1/bt_behavior/src/bt_behavior/IsRaceFinished.cpp\n'}
[2.153513] (bt_behavior) StdoutLine: {'line': b'3: \n'}
[2.154131] (bt_behavior) StdoutLine: {'line': b'3: Done processing /home/alumnos/josetost/colcon_ws/src/navigation-grupo-dia-libre-1/bt_behavior/src/bt_behavior/Move.cpp\n'}
[2.154242] (bt_behavior) StdoutLine: {'line': b'3: \n'}
[2.154351] (bt_behavior) StdoutLine: {'line': b'3: No problems found\n'}
[2.159985] (bt_behavior) StdoutLine: {'line': b'3: -- run_test.py: return code 0\n'}
[2.161349] (bt_behavior) StdoutLine: {'line': b"3: -- run_test.py: verify result file '/home/alumnos/josetost/colcon_ws/src/navigation-grupo-dia-libre-1/build/bt_behavior/test_results/bt_behavior/cpplint.xunit.xml'\n"}
[2.178086] (bt_behavior) StdoutLine: {'line': b'3/9 Test #3: cpplint ..........................   Passed    0.85 sec\n'}
[2.180506] (bt_behavior) StdoutLine: {'line': b'test 4\n'}
[2.180811] (bt_behavior) StdoutLine: {'line': b'    Start 4: flake8\n'}
[2.181005] (bt_behavior) StdoutLine: {'line': b'\n'}
[2.181565] (bt_behavior) StdoutLine: {'line': b'4: Test command: /usr/bin/python3 "-u" "/opt/ros/foxy/share/ament_cmake_test/cmake/run_test.py" "/home/alumnos/josetost/colcon_ws/src/navigation-grupo-dia-libre-1/build/bt_behavior/test_results/bt_behavior/flake8.xunit.xml" "--package-name" "bt_behavior" "--output-file" "/home/alumnos/josetost/colcon_ws/src/navigation-grupo-dia-libre-1/build/bt_behavior/ament_flake8/flake8.txt" "--command" "/opt/ros/foxy/bin/ament_flake8" "--xunit-file" "/home/alumnos/josetost/colcon_ws/src/navigation-grupo-dia-libre-1/build/bt_behavior/test_results/bt_behavior/flake8.xunit.xml"\n'}
[2.181742] (bt_behavior) StdoutLine: {'line': b'4: Test timeout computed to be: 60\n'}
[2.205847] (-) TimerEvent: {}
[2.253578] (bt_behavior) StdoutLine: {'line': b"4: -- run_test.py: invoking following command in '/home/alumnos/josetost/colcon_ws/src/navigation-grupo-dia-libre-1/bt_behavior':\n"}
[2.253788] (bt_behavior) StdoutLine: {'line': b'4:  - /opt/ros/foxy/bin/ament_flake8 --xunit-file /home/alumnos/josetost/colcon_ws/src/navigation-grupo-dia-libre-1/build/bt_behavior/test_results/bt_behavior/flake8.xunit.xml\n'}
[2.305948] (-) TimerEvent: {}
[2.406255] (-) TimerEvent: {}
[2.506572] (-) TimerEvent: {}
[2.606883] (-) TimerEvent: {}
[2.707210] (-) TimerEvent: {}
[2.807556] (-) TimerEvent: {}
[2.848274] (bt_behavior) StdoutLine: {'line': b'4: \n'}
[2.848466] (bt_behavior) StdoutLine: {'line': b'4: 1 files checked\n'}
[2.848579] (bt_behavior) StdoutLine: {'line': b'4: No problems found\n'}
[2.848769] (bt_behavior) StdoutLine: {'line': b'4: \n'}
[2.849018] (bt_behavior) StdoutLine: {'line': b'4: Checked files:\n'}
[2.849116] (bt_behavior) StdoutLine: {'line': b'4: \n'}
[2.849224] (bt_behavior) StdoutLine: {'line': b'4: * ./launch/patrolling.launch.py\n'}
[2.874638] (bt_behavior) StdoutLine: {'line': b'4: -- run_test.py: return code 0\n'}
[2.876588] (bt_behavior) StdoutLine: {'line': b"4: -- run_test.py: verify result file '/home/alumnos/josetost/colcon_ws/src/navigation-grupo-dia-libre-1/build/bt_behavior/test_results/bt_behavior/flake8.xunit.xml'\n"}
[2.892637] (bt_behavior) StdoutLine: {'line': b'4/9 Test #4: flake8 ...........................   Passed    0.71 sec\n'}
[2.898066] (bt_behavior) StdoutLine: {'line': b'test 5\n'}
[2.899676] (bt_behavior) StdoutLine: {'line': b'    Start 5: lint_cmake\n'}
[2.900777] (bt_behavior) StdoutLine: {'line': b'\n'}
[2.901143] (bt_behavior) StdoutLine: {'line': b'5: Test command: /usr/bin/python3 "-u" "/opt/ros/foxy/share/ament_cmake_test/cmake/run_test.py" "/home/alumnos/josetost/colcon_ws/src/navigation-grupo-dia-libre-1/build/bt_behavior/test_results/bt_behavior/lint_cmake.xunit.xml" "--package-name" "bt_behavior" "--output-file" "/home/alumnos/josetost/colcon_ws/src/navigation-grupo-dia-libre-1/build/bt_behavior/ament_lint_cmake/lint_cmake.txt" "--command" "/opt/ros/foxy/bin/ament_lint_cmake" "--xunit-file" "/home/alumnos/josetost/colcon_ws/src/navigation-grupo-dia-libre-1/build/bt_behavior/test_results/bt_behavior/lint_cmake.xunit.xml"\n'}
[2.901865] (bt_behavior) StdoutLine: {'line': b'5: Test timeout computed to be: 60\n'}
[2.907672] (-) TimerEvent: {}
[2.975907] (bt_behavior) StdoutLine: {'line': b"5: -- run_test.py: invoking following command in '/home/alumnos/josetost/colcon_ws/src/navigation-grupo-dia-libre-1/bt_behavior':\n"}
[2.976139] (bt_behavior) StdoutLine: {'line': b'5:  - /opt/ros/foxy/bin/ament_lint_cmake --xunit-file /home/alumnos/josetost/colcon_ws/src/navigation-grupo-dia-libre-1/build/bt_behavior/test_results/bt_behavior/lint_cmake.xunit.xml\n'}
[3.007772] (-) TimerEvent: {}
[3.108095] (-) TimerEvent: {}
[3.208493] (-) TimerEvent: {}
[3.308880] (-) TimerEvent: {}
[3.355551] (bt_behavior) StdoutLine: {'line': b'5: CMakeLists.txt:40: Line ends in whitespace [whitespace/eol]\n'}
[3.355766] (bt_behavior) StdoutLine: {'line': b'5: \n'}
[3.355886] (bt_behavior) StdoutLine: {'line': b'5: \n'}
[3.356004] (bt_behavior) StdoutLine: {'line': b'5: 1 errors\n'}
[3.367520] (bt_behavior) StdoutLine: {'line': b'5: -- run_test.py: return code 1\n'}
[3.369147] (bt_behavior) StdoutLine: {'line': b"5: -- run_test.py: verify result file '/home/alumnos/josetost/colcon_ws/src/navigation-grupo-dia-libre-1/build/bt_behavior/test_results/bt_behavior/lint_cmake.xunit.xml'\n"}
[3.382182] (bt_behavior) StdoutLine: {'line': b'5/9 Test #5: lint_cmake .......................***Failed    0.48 sec\n'}
[3.387017] (bt_behavior) StdoutLine: {'line': b'test 6\n'}
[3.387671] (bt_behavior) StdoutLine: {'line': b'    Start 6: pep257\n'}
[3.387877] (bt_behavior) StdoutLine: {'line': b'\n'}
[3.388391] (bt_behavior) StdoutLine: {'line': b'6: Test command: /usr/bin/python3 "-u" "/opt/ros/foxy/share/ament_cmake_test/cmake/run_test.py" "/home/alumnos/josetost/colcon_ws/src/navigation-grupo-dia-libre-1/build/bt_behavior/test_results/bt_behavior/pep257.xunit.xml" "--package-name" "bt_behavior" "--output-file" "/home/alumnos/josetost/colcon_ws/src/navigation-grupo-dia-libre-1/build/bt_behavior/ament_pep257/pep257.txt" "--command" "/opt/ros/foxy/bin/ament_pep257" "--xunit-file" "/home/alumnos/josetost/colcon_ws/src/navigation-grupo-dia-libre-1/build/bt_behavior/test_results/bt_behavior/pep257.xunit.xml"\n'}
[3.388609] (bt_behavior) StdoutLine: {'line': b'6: Test timeout computed to be: 60\n'}
[3.408968] (-) TimerEvent: {}
[3.457075] (bt_behavior) StdoutLine: {'line': b"6: -- run_test.py: invoking following command in '/home/alumnos/josetost/colcon_ws/src/navigation-grupo-dia-libre-1/bt_behavior':\n"}
[3.457280] (bt_behavior) StdoutLine: {'line': b'6:  - /opt/ros/foxy/bin/ament_pep257 --xunit-file /home/alumnos/josetost/colcon_ws/src/navigation-grupo-dia-libre-1/build/bt_behavior/test_results/bt_behavior/pep257.xunit.xml\n'}
[3.509067] (-) TimerEvent: {}
[3.609374] (-) TimerEvent: {}
[3.709710] (-) TimerEvent: {}
[3.810053] (-) TimerEvent: {}
[3.873817] (bt_behavior) StdoutLine: {'line': b'6: checking ./launch/patrolling.launch.py\n'}
[3.874029] (bt_behavior) StdoutLine: {'line': b'6: No problems found\n'}
[3.895399] (bt_behavior) StdoutLine: {'line': b'6: -- run_test.py: return code 0\n'}
[3.897182] (bt_behavior) StdoutLine: {'line': b"6: -- run_test.py: verify result file '/home/alumnos/josetost/colcon_ws/src/navigation-grupo-dia-libre-1/build/bt_behavior/test_results/bt_behavior/pep257.xunit.xml'\n"}
[3.910165] (-) TimerEvent: {}
[3.912764] (bt_behavior) StdoutLine: {'line': b'6/9 Test #6: pep257 ...........................   Passed    0.53 sec\n'}
[3.919259] (bt_behavior) StdoutLine: {'line': b'test 7\n'}
[3.919545] (bt_behavior) StdoutLine: {'line': b'    Start 7: uncrustify\n'}
[3.919760] (bt_behavior) StdoutLine: {'line': b'\n'}
[3.919968] (bt_behavior) StdoutLine: {'line': b'7: Test command: /usr/bin/python3 "-u" "/opt/ros/foxy/share/ament_cmake_test/cmake/run_test.py" "/home/alumnos/josetost/colcon_ws/src/navigation-grupo-dia-libre-1/build/bt_behavior/test_results/bt_behavior/uncrustify.xunit.xml" "--package-name" "bt_behavior" "--output-file" "/home/alumnos/josetost/colcon_ws/src/navigation-grupo-dia-libre-1/build/bt_behavior/ament_uncrustify/uncrustify.txt" "--command" "/opt/ros/foxy/bin/ament_uncrustify" "--xunit-file" "/home/alumnos/josetost/colcon_ws/src/navigation-grupo-dia-libre-1/build/bt_behavior/test_results/bt_behavior/uncrustify.xunit.xml"\n'}
[3.920215] (bt_behavior) StdoutLine: {'line': b'7: Test timeout computed to be: 60\n'}
[3.987420] (bt_behavior) StdoutLine: {'line': b"7: -- run_test.py: invoking following command in '/home/alumnos/josetost/colcon_ws/src/navigation-grupo-dia-libre-1/bt_behavior':\n"}
[3.987624] (bt_behavior) StdoutLine: {'line': b'7:  - /opt/ros/foxy/bin/ament_uncrustify --xunit-file /home/alumnos/josetost/colcon_ws/src/navigation-grupo-dia-libre-1/build/bt_behavior/test_results/bt_behavior/uncrustify.xunit.xml\n'}
[4.010261] (-) TimerEvent: {}
[4.110569] (-) TimerEvent: {}
[4.210886] (-) TimerEvent: {}
[4.311228] (-) TimerEvent: {}
[4.382251] (bt_behavior) StdoutLine: {'line': b"7: Code style divergence in file 'src/bt_behavior/Move.cpp':\n"}
[4.382722] (bt_behavior) StdoutLine: {'line': b'7: \n'}
[4.382980] (bt_behavior) StdoutLine: {'line': b'7: --- src/bt_behavior/Move.cpp\n'}
[4.383557] (bt_behavior) StdoutLine: {'line': b'7: +++ src/bt_behavior/Move.cpp.uncrustify\n'}
[4.383881] (bt_behavior) StdoutLine: {'line': b'7: @@ -56 +56 @@\n'}
[4.384204] (bt_behavior) StdoutLine: {'line': b'7: -  success_node->create_publisher<kobuki_ros_interfaces::msg::Sound>("/commands/sound", 10);\n'}
[4.385058] (bt_behavior) StdoutLine: {'line': b'7: +    success_node->create_publisher<kobuki_ros_interfaces::msg::Sound>("/commands/sound", 10);\n'}
[4.385866] (bt_behavior) StdoutLine: {'line': b'7: @@ -73 +73 @@\n'}
[4.386077] (bt_behavior) StdoutLine: {'line': b'7: -  fail_node->create_publisher<kobuki_ros_interfaces::msg::Sound>("/commands/sound", 10);\n'}
[4.386843] (bt_behavior) StdoutLine: {'line': b'7: +    fail_node->create_publisher<kobuki_ros_interfaces::msg::Sound>("/commands/sound", 10);\n'}
[4.387060] (bt_behavior) StdoutLine: {'line': b'7: @@ -90 +90 @@\n'}
[4.387641] (bt_behavior) StdoutLine: {'line': b'7: -  cancel_node->create_publisher<kobuki_ros_interfaces::msg::Sound>("/commands/sound", 10);\n'}
[4.387856] (bt_behavior) StdoutLine: {'line': b'7: +    cancel_node->create_publisher<kobuki_ros_interfaces::msg::Sound>("/commands/sound", 10);\n'}
[4.388089] (bt_behavior) StdoutLine: {'line': b'7: \n'}
[4.388304] (bt_behavior) StdoutLine: {'line': b'7: 1 files with code style divergence\n'}
[4.388521] (bt_behavior) StdoutLine: {'line': b"7: No code style divergence in file 'include/bt_behavior/GetNextWaypoint.hpp'\n"}
[4.388772] (bt_behavior) StdoutLine: {'line': b'7: \n'}
[4.389412] (bt_behavior) StdoutLine: {'line': b"7: No code style divergence in file 'include/bt_behavior/IsRaceFinished.hpp'\n"}
[4.389683] (bt_behavior) StdoutLine: {'line': b'7: \n'}
[4.390553] (bt_behavior) StdoutLine: {'line': b"7: No code style divergence in file 'include/bt_behavior/Move.hpp'\n"}
[4.390769] (bt_behavior) StdoutLine: {'line': b'7: \n'}
[4.391420] (bt_behavior) StdoutLine: {'line': b"7: No code style divergence in file 'include/bt_behavior/ctrl_support/BTActionNode.hpp'\n"}
[4.391637] (bt_behavior) StdoutLine: {'line': b'7: \n'}
[4.391858] (bt_behavior) StdoutLine: {'line': b"7: No code style divergence in file 'include/bt_behavior/ctrl_support/BTLifecycleCtrlNode.hpp'\n"}
[4.392600] (bt_behavior) StdoutLine: {'line': b'7: \n'}
[4.393266] (bt_behavior) StdoutLine: {'line': b"7: No code style divergence in file 'src/bt_behavior/GetNextWaypoint.cpp'\n"}
[4.394021] (bt_behavior) StdoutLine: {'line': b'7: \n'}
[4.394217] (bt_behavior) StdoutLine: {'line': b"7: No code style divergence in file 'src/bt_behavior/IsRaceFinished.cpp'\n"}
[4.394849] (bt_behavior) StdoutLine: {'line': b'7: \n'}
[4.395055] (bt_behavior) StdoutLine: {'line': b"7: No code style divergence in file 'src/nav_wp.cpp'\n"}
[4.395872] (bt_behavior) StdoutLine: {'line': b'7: \n'}
[4.396576] (bt_behavior) StdoutLine: {'line': b"7: No code style divergence in file 'tests/bt_action_test.cpp'\n"}
[4.396780] (bt_behavior) StdoutLine: {'line': b'7: \n'}
[4.402749] (bt_behavior) StdoutLine: {'line': b'7: -- run_test.py: return code 1\n'}
[4.403908] (bt_behavior) StdoutLine: {'line': b"7: -- run_test.py: verify result file '/home/alumnos/josetost/colcon_ws/src/navigation-grupo-dia-libre-1/build/bt_behavior/test_results/bt_behavior/uncrustify.xunit.xml'\n"}
[4.411372] (-) TimerEvent: {}
[4.416047] (bt_behavior) StdoutLine: {'line': b'7/9 Test #7: uncrustify .......................***Failed    0.50 sec\n'}
[4.418633] (bt_behavior) StdoutLine: {'line': b'test 8\n'}
[4.418872] (bt_behavior) StdoutLine: {'line': b'    Start 8: xmllint\n'}
[4.419004] (bt_behavior) StdoutLine: {'line': b'\n'}
[4.419687] (bt_behavior) StdoutLine: {'line': b'8: Test command: /usr/bin/python3 "-u" "/opt/ros/foxy/share/ament_cmake_test/cmake/run_test.py" "/home/alumnos/josetost/colcon_ws/src/navigation-grupo-dia-libre-1/build/bt_behavior/test_results/bt_behavior/xmllint.xunit.xml" "--package-name" "bt_behavior" "--output-file" "/home/alumnos/josetost/colcon_ws/src/navigation-grupo-dia-libre-1/build/bt_behavior/ament_xmllint/xmllint.txt" "--command" "/opt/ros/foxy/bin/ament_xmllint" "--xunit-file" "/home/alumnos/josetost/colcon_ws/src/navigation-grupo-dia-libre-1/build/bt_behavior/test_results/bt_behavior/xmllint.xunit.xml"\n'}
[4.419820] (bt_behavior) StdoutLine: {'line': b'8: Test timeout computed to be: 60\n'}
[4.488711] (bt_behavior) StdoutLine: {'line': b"8: -- run_test.py: invoking following command in '/home/alumnos/josetost/colcon_ws/src/navigation-grupo-dia-libre-1/bt_behavior':\n"}
[4.488919] (bt_behavior) StdoutLine: {'line': b'8:  - /opt/ros/foxy/bin/ament_xmllint --xunit-file /home/alumnos/josetost/colcon_ws/src/navigation-grupo-dia-libre-1/build/bt_behavior/test_results/bt_behavior/xmllint.xunit.xml\n'}
[4.511455] (-) TimerEvent: {}
[4.611763] (-) TimerEvent: {}
[4.712082] (-) TimerEvent: {}
[4.812448] (-) TimerEvent: {}
[4.912965] (-) TimerEvent: {}
[5.013451] (-) TimerEvent: {}
[5.113827] (-) TimerEvent: {}
[5.123572] (bt_behavior) StdoutLine: {'line': b"8: File 'package.xml' is valid\n"}
[5.123826] (bt_behavior) StdoutLine: {'line': b'8: \n'}
[5.123993] (bt_behavior) StdoutLine: {'line': b"8: File 'behavior_tree_xml/behavior.xml' is valid\n"}
[5.124331] (bt_behavior) StdoutLine: {'line': b'8: \n'}
[5.124533] (bt_behavior) StdoutLine: {'line': b'8: No problems found\n'}
[5.140265] (bt_behavior) StdoutLine: {'line': b'8: -- run_test.py: return code 0\n'}
[5.141494] (bt_behavior) StdoutLine: {'line': b"8: -- run_test.py: verify result file '/home/alumnos/josetost/colcon_ws/src/navigation-grupo-dia-libre-1/build/bt_behavior/test_results/bt_behavior/xmllint.xunit.xml'\n"}
[5.154701] (bt_behavior) StdoutLine: {'line': b'8/9 Test #8: xmllint ..........................   Passed    0.74 sec\n'}
[5.157041] (bt_behavior) StdoutLine: {'line': b'test 9\n'}
[5.157310] (bt_behavior) StdoutLine: {'line': b'    Start 9: bt_action_test\n'}
[5.157954] (bt_behavior) StdoutLine: {'line': b'\n'}
[5.158226] (bt_behavior) StdoutLine: {'line': b'9: Test command: /usr/bin/python3 "-u" "/opt/ros/foxy/share/ament_cmake_test/cmake/run_test.py" "/home/alumnos/josetost/colcon_ws/src/navigation-grupo-dia-libre-1/build/bt_behavior/test_results/bt_behavior/bt_action_test.gtest.xml" "--package-name" "bt_behavior" "--output-file" "/home/alumnos/josetost/colcon_ws/src/navigation-grupo-dia-libre-1/build/bt_behavior/ament_cmake_gtest/bt_action_test.txt" "--command" "/home/alumnos/josetost/colcon_ws/src/navigation-grupo-dia-libre-1/build/bt_behavior/tests/bt_action_test" "--gtest_output=xml:/home/alumnos/josetost/colcon_ws/src/navigation-grupo-dia-libre-1/build/bt_behavior/test_results/bt_behavior/bt_action_test.gtest.xml"\n'}
[5.158950] (bt_behavior) StdoutLine: {'line': b'9: Test timeout computed to be: 60\n'}
[5.213952] (-) TimerEvent: {}
[5.237292] (bt_behavior) StdoutLine: {'line': b"9: -- run_test.py: invoking following command in '/home/alumnos/josetost/colcon_ws/src/navigation-grupo-dia-libre-1/build/bt_behavior/tests':\n"}
[5.237567] (bt_behavior) StdoutLine: {'line': b'9:  - /home/alumnos/josetost/colcon_ws/src/navigation-grupo-dia-libre-1/build/bt_behavior/tests/bt_action_test --gtest_output=xml:/home/alumnos/josetost/colcon_ws/src/navigation-grupo-dia-libre-1/build/bt_behavior/test_results/bt_behavior/bt_action_test.gtest.xml\n'}
[5.258290] (bt_behavior) StdoutLine: {'line': b'9: [==========] Running 2 tests from 1 test case.\n'}
[5.258507] (bt_behavior) StdoutLine: {'line': b'9: [----------] Global test environment set-up.\n'}
[5.258615] (bt_behavior) StdoutLine: {'line': b'9: [----------] 2 tests from bt_action\n'}
[5.258719] (bt_behavior) StdoutLine: {'line': b'9: [ RUN      ] bt_action.patrol_btn\n'}
[5.271148] (bt_behavior) StdoutLine: {'line': b'9: unknown file: Failure\n'}
[5.271367] (bt_behavior) StdoutLine: {'line': b'9: C++ exception with description "Could not load library: libbr2_patrol_bt_node.so: cannot open shared object file: No such file or directory" thrown in the test body.\n'}
[5.271472] (bt_behavior) StdoutLine: {'line': b'9: [  FAILED  ] bt_action.patrol_btn (13 ms)\n'}
[5.271877] (bt_behavior) StdoutLine: {'line': b'9: [ RUN      ] bt_action.move_btn\n'}
[5.280976] (bt_behavior) StdoutLine: {'line': b'9: [INFO] [1646646567.330163480] [move_btn_node]: Waiting for "navigate_to_pose" action server\n'}
[5.281280] (bt_behavior) StdoutLine: {'line': b'9: [INFO] [1646646567.330289186] [move_btn_node]: "move" BtActionNode initialized\n'}
[5.282392] (bt_behavior) StdoutLine: {'line': b'9: [INFO] [1646646567.331678598] [move_btn_node]: Waiting for "navigate_to_pose" action server\n'}
[5.314015] (-) TimerEvent: {}
[5.414344] (-) TimerEvent: {}
[5.514717] (-) TimerEvent: {}
[5.615110] (-) TimerEvent: {}
[5.715479] (-) TimerEvent: {}
[5.815817] (-) TimerEvent: {}
[5.916246] (-) TimerEvent: {}
[6.016604] (-) TimerEvent: {}
[6.116940] (-) TimerEvent: {}
[6.217365] (-) TimerEvent: {}
[6.317816] (-) TimerEvent: {}
[6.418168] (-) TimerEvent: {}
[6.518500] (-) TimerEvent: {}
[6.618827] (-) TimerEvent: {}
[6.719204] (-) TimerEvent: {}
[6.819622] (-) TimerEvent: {}
[6.920041] (-) TimerEvent: {}
[7.020393] (-) TimerEvent: {}
[7.120772] (-) TimerEvent: {}
[7.221145] (-) TimerEvent: {}
[7.321504] (-) TimerEvent: {}
[7.421860] (-) TimerEvent: {}
[7.522246] (-) TimerEvent: {}
[7.622620] (-) TimerEvent: {}
[7.722959] (-) TimerEvent: {}
[7.823304] (-) TimerEvent: {}
[7.923642] (-) TimerEvent: {}
[8.024019] (-) TimerEvent: {}
[8.124404] (-) TimerEvent: {}
[8.224736] (-) TimerEvent: {}
[8.325080] (-) TimerEvent: {}
[8.425404] (-) TimerEvent: {}
[8.525723] (-) TimerEvent: {}
[8.626113] (-) TimerEvent: {}
[8.726441] (-) TimerEvent: {}
[8.826799] (-) TimerEvent: {}
[8.927144] (-) TimerEvent: {}
[9.027552] (-) TimerEvent: {}
[9.127947] (-) TimerEvent: {}
[9.228348] (-) TimerEvent: {}
[9.328761] (-) TimerEvent: {}
[9.429080] (-) TimerEvent: {}
[9.529412] (-) TimerEvent: {}
[9.629719] (-) TimerEvent: {}
[9.730104] (-) TimerEvent: {}
[9.830492] (-) TimerEvent: {}
[9.930890] (-) TimerEvent: {}
[10.031266] (-) TimerEvent: {}
[10.131648] (-) TimerEvent: {}
[10.232072] (-) TimerEvent: {}
[10.332450] (-) TimerEvent: {}
[10.432766] (-) TimerEvent: {}
[10.533095] (-) TimerEvent: {}
[10.633447] (-) TimerEvent: {}
[10.733861] (-) TimerEvent: {}
[10.834178] (-) TimerEvent: {}
[10.934510] (-) TimerEvent: {}
[11.034868] (-) TimerEvent: {}
[11.135201] (-) TimerEvent: {}
[11.235532] (-) TimerEvent: {}
[11.335873] (-) TimerEvent: {}
[11.436234] (-) TimerEvent: {}
[11.481508] (bt_behavior) StdoutLine: {'line': b'9: [INFO] [1646646573.530548600] [move_btn_node]: navigation Suceeded\n'}
[11.536372] (-) TimerEvent: {}
[11.587328] (bt_behavior) StdoutLine: {'line': b'9: [       OK ] bt_action.move_btn (6316 ms)\n'}
[11.587662] (bt_behavior) StdoutLine: {'line': b'9: [----------] 2 tests from bt_action (6329 ms total)\n'}
[11.587825] (bt_behavior) StdoutLine: {'line': b'9: \n'}
[11.587987] (bt_behavior) StdoutLine: {'line': b'9: [----------] Global test environment tear-down\n'}
[11.590399] (bt_behavior) StdoutLine: {'line': b'9: [==========] 2 tests from 1 test case ran. (6329 ms total)\n'}
[11.590589] (bt_behavior) StdoutLine: {'line': b'9: [  PASSED  ] 1 test.\n'}
[11.591178] (bt_behavior) StdoutLine: {'line': b'9: [  FAILED  ] 1 test, listed below:\n'}
[11.591343] (bt_behavior) StdoutLine: {'line': b'9: [  FAILED  ] bt_action.patrol_btn\n'}
[11.591855] (bt_behavior) StdoutLine: {'line': b'9: \n'}
[11.591985] (bt_behavior) StdoutLine: {'line': b'9:  1 FAILED TEST\n'}
[11.593976] (bt_behavior) StdoutLine: {'line': b'9: -- run_test.py: return code 1\n'}
[11.595448] (bt_behavior) StdoutLine: {'line': b"9: -- run_test.py: inject classname prefix into gtest result file '/home/alumnos/josetost/colcon_ws/src/navigation-grupo-dia-libre-1/build/bt_behavior/test_results/bt_behavior/bt_action_test.gtest.xml'\n"}
[11.597247] (bt_behavior) StdoutLine: {'line': b"9: -- run_test.py: verify result file '/home/alumnos/josetost/colcon_ws/src/navigation-grupo-dia-libre-1/build/bt_behavior/test_results/bt_behavior/bt_action_test.gtest.xml'\n"}
[11.610287] (bt_behavior) StdoutLine: {'line': b'9/9 Test #9: bt_action_test ...................***Failed    6.45 sec\n'}
[11.616149] (bt_behavior) StdoutLine: {'line': b'\n'}
[11.616498] (bt_behavior) StdoutLine: {'line': b'67% tests passed\x1b[0;0m, \x1b[0;31m3 tests failed\x1b[0;0m out of 9\n'}
[11.616671] (bt_behavior) StdoutLine: {'line': b'\n'}
[11.616803] (bt_behavior) StdoutLine: {'line': b'Label Time Summary:\n'}
[11.616938] (bt_behavior) StdoutLine: {'line': b'copyright     =   0.58 sec*proc (1 test)\n'}
[11.617736] (bt_behavior) StdoutLine: {'line': b'cppcheck      =   0.53 sec*proc (1 test)\n'}
[11.618233] (bt_behavior) StdoutLine: {'line': b'cpplint       =   0.85 sec*proc (1 test)\n'}
[11.618385] (bt_behavior) StdoutLine: {'line': b'flake8        =   0.71 sec*proc (1 test)\n'}
[11.618856] (bt_behavior) StdoutLine: {'line': b'gtest         =   6.45 sec*proc (1 test)\n'}
[11.618995] (bt_behavior) StdoutLine: {'line': b'lint_cmake    =   0.48 sec*proc (1 test)\n'}
[11.619486] (bt_behavior) StdoutLine: {'line': b'linter        =   4.91 sec*proc (8 tests)\n'}
[11.619607] (bt_behavior) StdoutLine: {'line': b'pep257        =   0.53 sec*proc (1 test)\n'}
[11.619787] (bt_behavior) StdoutLine: {'line': b'uncrustify    =   0.50 sec*proc (1 test)\n'}
[11.620301] (bt_behavior) StdoutLine: {'line': b'xmllint       =   0.74 sec*proc (1 test)\n'}
[11.620868] (bt_behavior) StdoutLine: {'line': b'\n'}
[11.621012] (bt_behavior) StdoutLine: {'line': b'Total Test time (real) =  11.41 sec\n'}
[11.621602] (bt_behavior) StdoutLine: {'line': b'\n'}
[11.621732] (bt_behavior) StdoutLine: {'line': b'The following tests FAILED:\n'}
[11.622382] (bt_behavior) StdoutLine: {'line': b'\t\x1b[0;31m  5 - lint_cmake (Failed)\x1b[0;0m\n'}
[11.622500] (bt_behavior) StdoutLine: {'line': b'\t\x1b[0;31m  7 - uncrustify (Failed)\x1b[0;0m\n'}
[11.622628] (bt_behavior) StdoutLine: {'line': b'\t\x1b[0;31m  9 - bt_action_test (Failed)\x1b[0;0m\n'}
[11.636481] (-) TimerEvent: {}
[11.650199] (bt_behavior) StderrLine: {'line': b'Errors while running CTest\n'}
[11.652569] (bt_behavior) CommandEnded: {'returncode': 8}
[11.653596] (bt_behavior) TestFailure: {'identifier': 'bt_behavior'}
[11.654216] (bt_behavior) JobEnded: {'identifier': 'bt_behavior', 'rc': 0}
[11.658320] (-) EventReactorShutdown: {}
