[0.175s] Invoking command in '/home/alumnos/josetost/colcon_ws/src/navigation-grupo-dia-libre-1/build/bt_behavior': AMENT_PREFIX_PATH=/home/alumnos/josetost/colcon_ws/src/navigation-grupo-dia-libre-1/install/bt_behavior:${AMENT_PREFIX_PATH} CMAKE_PREFIX_PATH=/home/alumnos/josetost/colcon_ws/src/navigation-grupo-dia-libre-1/install/bt_behavior LD_LIBRARY_PATH=/home/alumnos/josetost/colcon_ws/src/navigation-grupo-dia-libre-1/install/bt_behavior/lib:${LD_LIBRARY_PATH} /usr/bin/ctest -C Release -D ExperimentalTest --no-compress-output -V --force-new-ctest-process
[0.181s] UpdateCTestConfiguration  from :/home/alumnos/josetost/colcon_ws/src/navigation-grupo-dia-libre-1/build/bt_behavior/CTestConfiguration.ini
[0.182s] Parse Config file:/home/alumnos/josetost/colcon_ws/src/navigation-grupo-dia-libre-1/build/bt_behavior/CTestConfiguration.ini
[0.182s]    Site: f-l3210-pc24
[0.182s]    Build name: (empty)
[0.183s]  Add coverage exclude regular expressions.
[0.183s] SetCTestConfiguration:CMakeCommand:/usr/bin/cmake
[0.183s] Create new tag: 20220307-0940 - Experimental
[0.184s] UpdateCTestConfiguration  from :/home/alumnos/josetost/colcon_ws/src/navigation-grupo-dia-libre-1/build/bt_behavior/CTestConfiguration.ini
[0.184s] Parse Config file:/home/alumnos/josetost/colcon_ws/src/navigation-grupo-dia-libre-1/build/bt_behavior/CTestConfiguration.ini
[0.184s] Test project /home/alumnos/josetost/colcon_ws/src/navigation-grupo-dia-libre-1/build/bt_behavior
[0.185s] Constructing a list of tests
[0.186s] Done constructing a list of tests
[0.186s] Updating test list for fixtures
[0.186s] Added 0 tests to meet fixture requirements
[0.187s] Checking test dependency graph...
[0.187s] Checking test dependency graph end
[0.188s] test 1
[0.188s]     Start 1: copyright
[0.189s] 
[0.190s] 1: Test command: /usr/bin/python3 "-u" "/opt/ros/foxy/share/ament_cmake_test/cmake/run_test.py" "/home/alumnos/josetost/colcon_ws/src/navigation-grupo-dia-libre-1/build/bt_behavior/test_results/bt_behavior/copyright.xunit.xml" "--package-name" "bt_behavior" "--output-file" "/home/alumnos/josetost/colcon_ws/src/navigation-grupo-dia-libre-1/build/bt_behavior/ament_copyright/copyright.txt" "--command" "/opt/ros/foxy/bin/ament_copyright" "--xunit-file" "/home/alumnos/josetost/colcon_ws/src/navigation-grupo-dia-libre-1/build/bt_behavior/test_results/bt_behavior/copyright.xunit.xml"
[0.190s] 1: Test timeout computed to be: 60
[0.270s] 1: -- run_test.py: invoking following command in '/home/alumnos/josetost/colcon_ws/src/navigation-grupo-dia-libre-1/bt_behavior':
[0.271s] 1:  - /opt/ros/foxy/bin/ament_copyright --xunit-file /home/alumnos/josetost/colcon_ws/src/navigation-grupo-dia-libre-1/build/bt_behavior/test_results/bt_behavior/copyright.xunit.xml
[0.761s] 1: No problems found, checked 12 files
[0.776s] 1: -- run_test.py: return code 0
[0.777s] 1: -- run_test.py: verify result file '/home/alumnos/josetost/colcon_ws/src/navigation-grupo-dia-libre-1/build/bt_behavior/test_results/bt_behavior/copyright.xunit.xml'
[0.793s] 1/9 Test #1: copyright ........................   Passed    0.61 sec
[0.795s] test 2
[0.796s]     Start 2: cppcheck
[0.796s] 
[0.797s] 2: Test command: /usr/bin/python3 "-u" "/opt/ros/foxy/share/ament_cmake_test/cmake/run_test.py" "/home/alumnos/josetost/colcon_ws/src/navigation-grupo-dia-libre-1/build/bt_behavior/test_results/bt_behavior/cppcheck.xunit.xml" "--package-name" "bt_behavior" "--output-file" "/home/alumnos/josetost/colcon_ws/src/navigation-grupo-dia-libre-1/build/bt_behavior/ament_cppcheck/cppcheck.txt" "--command" "/opt/ros/foxy/bin/ament_cppcheck" "--xunit-file" "/home/alumnos/josetost/colcon_ws/src/navigation-grupo-dia-libre-1/build/bt_behavior/test_results/bt_behavior/cppcheck.xunit.xml" "--include_dirs" "/home/alumnos/josetost/colcon_ws/src/navigation-grupo-dia-libre-1/bt_behavior/include"
[0.797s] 2: Test timeout computed to be: 300
[0.867s] 2: -- run_test.py: invoking following command in '/home/alumnos/josetost/colcon_ws/src/navigation-grupo-dia-libre-1/bt_behavior':
[0.867s] 2:  - /opt/ros/foxy/bin/ament_cppcheck --xunit-file /home/alumnos/josetost/colcon_ws/src/navigation-grupo-dia-libre-1/build/bt_behavior/test_results/bt_behavior/cppcheck.xunit.xml --include_dirs /home/alumnos/josetost/colcon_ws/src/navigation-grupo-dia-libre-1/bt_behavior/include
[1.311s] 2: No problems found
[1.329s] 2: -- run_test.py: return code 0
[1.330s] 2: -- run_test.py: verify result file '/home/alumnos/josetost/colcon_ws/src/navigation-grupo-dia-libre-1/build/bt_behavior/test_results/bt_behavior/cppcheck.xunit.xml'
[1.342s] 2/9 Test #2: cppcheck .........................   Passed    0.55 sec
[1.345s] test 3
[1.346s]     Start 3: cpplint
[1.346s] 
[1.346s] 3: Test command: /usr/bin/python3 "-u" "/opt/ros/foxy/share/ament_cmake_test/cmake/run_test.py" "/home/alumnos/josetost/colcon_ws/src/navigation-grupo-dia-libre-1/build/bt_behavior/test_results/bt_behavior/cpplint.xunit.xml" "--package-name" "bt_behavior" "--output-file" "/home/alumnos/josetost/colcon_ws/src/navigation-grupo-dia-libre-1/build/bt_behavior/ament_cpplint/cpplint.txt" "--command" "/opt/ros/foxy/bin/ament_cpplint" "--xunit-file" "/home/alumnos/josetost/colcon_ws/src/navigation-grupo-dia-libre-1/build/bt_behavior/test_results/bt_behavior/cpplint.xunit.xml"
[1.347s] 3: Test timeout computed to be: 120
[1.420s] 3: -- run_test.py: invoking following command in '/home/alumnos/josetost/colcon_ws/src/navigation-grupo-dia-libre-1/bt_behavior':
[1.420s] 3:  - /opt/ros/foxy/bin/ament_cpplint --xunit-file /home/alumnos/josetost/colcon_ws/src/navigation-grupo-dia-libre-1/build/bt_behavior/test_results/bt_behavior/cpplint.xunit.xml
[2.173s] 3: /home/alumnos/josetost/colcon_ws/src/navigation-grupo-dia-libre-1/bt_behavior/include/bt_behavior/GetNextWaypoint.hpp:23:  Found C++ system header after other header. Should be: GetNextWaypoint.h, c system, c++ system, other.  [build/include_order] [4]
[2.173s] 3: /home/alumnos/josetost/colcon_ws/src/navigation-grupo-dia-libre-1/bt_behavior/include/bt_behavior/GetNextWaypoint.hpp:56:  Could not find a newline character at the end of the file.  [whitespace/ending_newline] [5]
[2.173s] 3: /home/alumnos/josetost/colcon_ws/src/navigation-grupo-dia-libre-1/bt_behavior/include/bt_behavior/IsRaceFinished.hpp:26:  Found C++ system header after other header. Should be: IsRaceFinished.h, c system, c++ system, other.  [build/include_order] [4]
[2.174s] 3: /home/alumnos/josetost/colcon_ws/src/navigation-grupo-dia-libre-1/bt_behavior/src/nav_wp.cpp:42:  Add #include <vector> for vector<>  [build/include_what_you_use] [4]
[2.174s] 3: /home/alumnos/josetost/colcon_ws/src/navigation-grupo-dia-libre-1/bt_behavior/src/bt_behavior/GetNextWaypoint.cpp:28:  Found C++ system header after other header. Should be: GetNextWaypoint.h, c system, c++ system, other.  [build/include_order] [4]
[2.174s] 3: /home/alumnos/josetost/colcon_ws/src/navigation-grupo-dia-libre-1/bt_behavior/src/bt_behavior/GetNextWaypoint.cpp:55:  Redundant blank line at the start of a code block should be deleted.  [whitespace/blank_line] [2]
[2.174s] 3: /home/alumnos/josetost/colcon_ws/src/navigation-grupo-dia-libre-1/bt_behavior/src/bt_behavior/GetNextWaypoint.cpp:73:  Redundant blank line at the start of a code block should be deleted.  [whitespace/blank_line] [2]
[2.174s] 3: /home/alumnos/josetost/colcon_ws/src/navigation-grupo-dia-libre-1/bt_behavior/src/bt_behavior/GetNextWaypoint.cpp:115:  Add #include <vector> for vector<>  [build/include_what_you_use] [4]
[2.174s] 3: /home/alumnos/josetost/colcon_ws/src/navigation-grupo-dia-libre-1/bt_behavior/src/bt_behavior/IsRaceFinished.cpp:48:  Redundant blank line at the start of a code block should be deleted.  [whitespace/blank_line] [2]
[2.175s] 3: /home/alumnos/josetost/colcon_ws/src/navigation-grupo-dia-libre-1/bt_behavior/src/bt_behavior/IsRaceFinished.cpp:52:  Add #include <vector> for vector<>  [build/include_what_you_use] [4]
[2.175s] 3: /home/alumnos/josetost/colcon_ws/src/navigation-grupo-dia-libre-1/bt_behavior/src/bt_behavior/Move.cpp:55:  Lines should be <= 100 characters long  [whitespace/line_length] [2]
[2.176s] 3: /home/alumnos/josetost/colcon_ws/src/navigation-grupo-dia-libre-1/bt_behavior/src/bt_behavior/Move.cpp:57:  Should have a space between // and comment  [whitespace/comments] [4]
[2.176s] 3: /home/alumnos/josetost/colcon_ws/src/navigation-grupo-dia-libre-1/bt_behavior/src/bt_behavior/Move.cpp:58:  Should have a space between // and comment  [whitespace/comments] [4]
[2.176s] 3: /home/alumnos/josetost/colcon_ws/src/navigation-grupo-dia-libre-1/bt_behavior/src/bt_behavior/Move.cpp:60:  Should have a space between // and comment  [whitespace/comments] [4]
[2.177s] 3: /home/alumnos/josetost/colcon_ws/src/navigation-grupo-dia-libre-1/bt_behavior/src/bt_behavior/Move.cpp:71:  Lines should be <= 100 characters long  [whitespace/line_length] [2]
[2.177s] 3: /home/alumnos/josetost/colcon_ws/src/navigation-grupo-dia-libre-1/bt_behavior/src/bt_behavior/Move.cpp:71:  Should have a space between // and comment  [whitespace/comments] [4]
[2.177s] 3: /home/alumnos/josetost/colcon_ws/src/navigation-grupo-dia-libre-1/bt_behavior/src/bt_behavior/Move.cpp:73:  Should have a space between // and comment  [whitespace/comments] [4]
[2.178s] 3: /home/alumnos/josetost/colcon_ws/src/navigation-grupo-dia-libre-1/bt_behavior/src/bt_behavior/Move.cpp:74:  Should have a space between // and comment  [whitespace/comments] [4]
[2.179s] 3: /home/alumnos/josetost/colcon_ws/src/navigation-grupo-dia-libre-1/bt_behavior/src/bt_behavior/Move.cpp:76:  Should have a space between // and comment  [whitespace/comments] [4]
[2.180s] 3: /home/alumnos/josetost/colcon_ws/src/navigation-grupo-dia-libre-1/bt_behavior/src/bt_behavior/Move.cpp:87:  Lines should be <= 100 characters long  [whitespace/line_length] [2]
[2.180s] 3: /home/alumnos/josetost/colcon_ws/src/navigation-grupo-dia-libre-1/bt_behavior/src/bt_behavior/Move.cpp:87:  Should have a space between // and comment  [whitespace/comments] [4]
[2.181s] 3: /home/alumnos/josetost/colcon_ws/src/navigation-grupo-dia-libre-1/bt_behavior/src/bt_behavior/Move.cpp:89:  Should have a space between // and comment  [whitespace/comments] [4]
[2.181s] 3: /home/alumnos/josetost/colcon_ws/src/navigation-grupo-dia-libre-1/bt_behavior/src/bt_behavior/Move.cpp:90:  Should have a space between // and comment  [whitespace/comments] [4]
[2.181s] 3: /home/alumnos/josetost/colcon_ws/src/navigation-grupo-dia-libre-1/bt_behavior/src/bt_behavior/Move.cpp:92:  Should have a space between // and comment  [whitespace/comments] [4]
[2.189s] 3: Category 'build/include_order' errors found: 3
[2.190s] 3: Category 'build/include_what_you_use' errors found: 3
[2.190s] 3: Category 'whitespace/blank_line' errors found: 3
[2.190s] 3: Category 'whitespace/comments' errors found: 11
[2.190s] 3: Category 'whitespace/ending_newline' errors found: 1
[2.190s] 3: Category 'whitespace/line_length' errors found: 3
[2.190s] 3: Total errors found: 24
[2.191s] 3: Using '--root=..' argument
[2.191s] 3: 
[2.191s] 3: Done processing /home/alumnos/josetost/colcon_ws/src/navigation-grupo-dia-libre-1/bt_behavior/tests/bt_action_test.cpp
[2.191s] 3: 
[2.192s] 3: Using '--root=/home/alumnos/josetost/colcon_ws/src/navigation-grupo-dia-libre-1/bt_behavior/include' argument
[2.192s] 3: 
[2.192s] 3: Done processing /home/alumnos/josetost/colcon_ws/src/navigation-grupo-dia-libre-1/bt_behavior/include/bt_behavior/GetNextWaypoint.hpp
[2.192s] 3: 
[2.193s] 3: Done processing /home/alumnos/josetost/colcon_ws/src/navigation-grupo-dia-libre-1/bt_behavior/include/bt_behavior/IsRaceFinished.hpp
[2.193s] 3: 
[2.194s] 3: Done processing /home/alumnos/josetost/colcon_ws/src/navigation-grupo-dia-libre-1/bt_behavior/include/bt_behavior/Move.hpp
[2.194s] 3: 
[2.195s] 3: Done processing /home/alumnos/josetost/colcon_ws/src/navigation-grupo-dia-libre-1/bt_behavior/include/bt_behavior/ctrl_support/BTActionNode.hpp
[2.195s] 3: 
[2.195s] 3: Done processing /home/alumnos/josetost/colcon_ws/src/navigation-grupo-dia-libre-1/bt_behavior/include/bt_behavior/ctrl_support/BTLifecycleCtrlNode.hpp
[2.195s] 3: 
[2.196s] 3: Using '--root=/home/alumnos/josetost/colcon_ws/src/navigation-grupo-dia-libre-1/bt_behavior/src' argument
[2.196s] 3: 
[2.196s] 3: Done processing /home/alumnos/josetost/colcon_ws/src/navigation-grupo-dia-libre-1/bt_behavior/src/nav_wp.cpp
[2.197s] 3: 
[2.197s] 3: Done processing /home/alumnos/josetost/colcon_ws/src/navigation-grupo-dia-libre-1/bt_behavior/src/bt_behavior/GetNextWaypoint.cpp
[2.197s] 3: 
[2.198s] 3: Done processing /home/alumnos/josetost/colcon_ws/src/navigation-grupo-dia-libre-1/bt_behavior/src/bt_behavior/IsRaceFinished.cpp
[2.198s] 3: 
[2.198s] 3: Done processing /home/alumnos/josetost/colcon_ws/src/navigation-grupo-dia-libre-1/bt_behavior/src/bt_behavior/Move.cpp
[2.199s] 3: 
[2.199s] 3: -- run_test.py: return code 1
[2.199s] 3: -- run_test.py: verify result file '/home/alumnos/josetost/colcon_ws/src/navigation-grupo-dia-libre-1/build/bt_behavior/test_results/bt_behavior/cpplint.xunit.xml'
[2.203s] 3/9 Test #3: cpplint ..........................***Failed    0.86 sec
[2.204s] test 4
[2.205s]     Start 4: flake8
[2.205s] 
[2.205s] 4: Test command: /usr/bin/python3 "-u" "/opt/ros/foxy/share/ament_cmake_test/cmake/run_test.py" "/home/alumnos/josetost/colcon_ws/src/navigation-grupo-dia-libre-1/build/bt_behavior/test_results/bt_behavior/flake8.xunit.xml" "--package-name" "bt_behavior" "--output-file" "/home/alumnos/josetost/colcon_ws/src/navigation-grupo-dia-libre-1/build/bt_behavior/ament_flake8/flake8.txt" "--command" "/opt/ros/foxy/bin/ament_flake8" "--xunit-file" "/home/alumnos/josetost/colcon_ws/src/navigation-grupo-dia-libre-1/build/bt_behavior/test_results/bt_behavior/flake8.xunit.xml"
[2.206s] 4: Test timeout computed to be: 60
[2.278s] 4: -- run_test.py: invoking following command in '/home/alumnos/josetost/colcon_ws/src/navigation-grupo-dia-libre-1/bt_behavior':
[2.278s] 4:  - /opt/ros/foxy/bin/ament_flake8 --xunit-file /home/alumnos/josetost/colcon_ws/src/navigation-grupo-dia-libre-1/build/bt_behavior/test_results/bt_behavior/flake8.xunit.xml
[2.848s] 4: 
[2.848s] 4: 1 files checked
[2.848s] 4: No problems found
[2.848s] 4: 
[2.848s] 4: Checked files:
[2.848s] 4: 
[2.849s] 4: * ./launch/patrolling.launch.py
[2.875s] 4: -- run_test.py: return code 0
[2.876s] 4: -- run_test.py: verify result file '/home/alumnos/josetost/colcon_ws/src/navigation-grupo-dia-libre-1/build/bt_behavior/test_results/bt_behavior/flake8.xunit.xml'
[2.890s] 4/9 Test #4: flake8 ...........................   Passed    0.69 sec
[2.893s] test 5
[2.894s]     Start 5: lint_cmake
[2.894s] 
[2.895s] 5: Test command: /usr/bin/python3 "-u" "/opt/ros/foxy/share/ament_cmake_test/cmake/run_test.py" "/home/alumnos/josetost/colcon_ws/src/navigation-grupo-dia-libre-1/build/bt_behavior/test_results/bt_behavior/lint_cmake.xunit.xml" "--package-name" "bt_behavior" "--output-file" "/home/alumnos/josetost/colcon_ws/src/navigation-grupo-dia-libre-1/build/bt_behavior/ament_lint_cmake/lint_cmake.txt" "--command" "/opt/ros/foxy/bin/ament_lint_cmake" "--xunit-file" "/home/alumnos/josetost/colcon_ws/src/navigation-grupo-dia-libre-1/build/bt_behavior/test_results/bt_behavior/lint_cmake.xunit.xml"
[2.896s] 5: Test timeout computed to be: 60
[2.975s] 5: -- run_test.py: invoking following command in '/home/alumnos/josetost/colcon_ws/src/navigation-grupo-dia-libre-1/bt_behavior':
[2.975s] 5:  - /opt/ros/foxy/bin/ament_lint_cmake --xunit-file /home/alumnos/josetost/colcon_ws/src/navigation-grupo-dia-libre-1/build/bt_behavior/test_results/bt_behavior/lint_cmake.xunit.xml
[3.331s] 5: CMakeLists.txt:40: Line ends in whitespace [whitespace/eol]
[3.331s] 5: 
[3.331s] 5: 
[3.331s] 5: 1 errors
[3.343s] 5: -- run_test.py: return code 1
[3.344s] 5: -- run_test.py: verify result file '/home/alumnos/josetost/colcon_ws/src/navigation-grupo-dia-libre-1/build/bt_behavior/test_results/bt_behavior/lint_cmake.xunit.xml'
[3.355s] 5/9 Test #5: lint_cmake .......................***Failed    0.46 sec
[3.358s] test 6
[3.358s]     Start 6: pep257
[3.358s] 
[3.359s] 6: Test command: /usr/bin/python3 "-u" "/opt/ros/foxy/share/ament_cmake_test/cmake/run_test.py" "/home/alumnos/josetost/colcon_ws/src/navigation-grupo-dia-libre-1/build/bt_behavior/test_results/bt_behavior/pep257.xunit.xml" "--package-name" "bt_behavior" "--output-file" "/home/alumnos/josetost/colcon_ws/src/navigation-grupo-dia-libre-1/build/bt_behavior/ament_pep257/pep257.txt" "--command" "/opt/ros/foxy/bin/ament_pep257" "--xunit-file" "/home/alumnos/josetost/colcon_ws/src/navigation-grupo-dia-libre-1/build/bt_behavior/test_results/bt_behavior/pep257.xunit.xml"
[3.359s] 6: Test timeout computed to be: 60
[3.421s] 6: -- run_test.py: invoking following command in '/home/alumnos/josetost/colcon_ws/src/navigation-grupo-dia-libre-1/bt_behavior':
[3.421s] 6:  - /opt/ros/foxy/bin/ament_pep257 --xunit-file /home/alumnos/josetost/colcon_ws/src/navigation-grupo-dia-libre-1/build/bt_behavior/test_results/bt_behavior/pep257.xunit.xml
[3.838s] 6: checking ./launch/patrolling.launch.py
[3.838s] 6: No problems found
[3.855s] 6: -- run_test.py: return code 0
[3.857s] 6: -- run_test.py: verify result file '/home/alumnos/josetost/colcon_ws/src/navigation-grupo-dia-libre-1/build/bt_behavior/test_results/bt_behavior/pep257.xunit.xml'
[3.870s] 6/9 Test #6: pep257 ...........................   Passed    0.51 sec
[3.872s] test 7
[3.872s]     Start 7: uncrustify
[3.873s] 
[3.873s] 7: Test command: /usr/bin/python3 "-u" "/opt/ros/foxy/share/ament_cmake_test/cmake/run_test.py" "/home/alumnos/josetost/colcon_ws/src/navigation-grupo-dia-libre-1/build/bt_behavior/test_results/bt_behavior/uncrustify.xunit.xml" "--package-name" "bt_behavior" "--output-file" "/home/alumnos/josetost/colcon_ws/src/navigation-grupo-dia-libre-1/build/bt_behavior/ament_uncrustify/uncrustify.txt" "--command" "/opt/ros/foxy/bin/ament_uncrustify" "--xunit-file" "/home/alumnos/josetost/colcon_ws/src/navigation-grupo-dia-libre-1/build/bt_behavior/test_results/bt_behavior/uncrustify.xunit.xml"
[3.873s] 7: Test timeout computed to be: 60
[3.948s] 7: -- run_test.py: invoking following command in '/home/alumnos/josetost/colcon_ws/src/navigation-grupo-dia-libre-1/bt_behavior':
[3.948s] 7:  - /opt/ros/foxy/bin/ament_uncrustify --xunit-file /home/alumnos/josetost/colcon_ws/src/navigation-grupo-dia-libre-1/build/bt_behavior/test_results/bt_behavior/uncrustify.xunit.xml
[4.378s] 7: Code style divergence in file 'include/bt_behavior/GetNextWaypoint.hpp':
[4.378s] 7: 
[4.378s] 7: --- include/bt_behavior/GetNextWaypoint.hpp
[4.379s] 7: +++ include/bt_behavior/GetNextWaypoint.hpp.uncrustify
[4.379s] 7: @@ -56 +56 @@
[4.379s] 7: -#endif  // BT_BEHAVIOR__GETNEXTWAYPOINT_HPP_
[4.379s] 7: +#endif  // BT_BEHAVIOR__GETNEXTWAYPOINT_HPP_
[4.380s] 7: 
[4.380s] 7: 1 files with code style divergence
[4.380s] 7: No code style divergence in file 'include/bt_behavior/IsRaceFinished.hpp'
[4.380s] 7: 
[4.381s] 7: No code style divergence in file 'include/bt_behavior/Move.hpp'
[4.381s] 7: 
[4.381s] 7: No code style divergence in file 'include/bt_behavior/ctrl_support/BTActionNode.hpp'
[4.382s] 7: 
[4.382s] 7: No code style divergence in file 'include/bt_behavior/ctrl_support/BTLifecycleCtrlNode.hpp'
[4.382s] 7: 
[4.382s] 7: No code style divergence in file 'src/bt_behavior/GetNextWaypoint.cpp'
[4.382s] 7: 
[4.382s] 7: No code style divergence in file 'src/bt_behavior/IsRaceFinished.cpp'
[4.382s] 7: 
[4.382s] 7: No code style divergence in file 'src/bt_behavior/Move.cpp'
[4.383s] 7: 
[4.383s] 7: No code style divergence in file 'src/nav_wp.cpp'
[4.383s] 7: 
[4.383s] 7: No code style divergence in file 'tests/bt_action_test.cpp'
[4.384s] 7: 
[4.395s] 7: -- run_test.py: return code 1
[4.397s] 7: -- run_test.py: verify result file '/home/alumnos/josetost/colcon_ws/src/navigation-grupo-dia-libre-1/build/bt_behavior/test_results/bt_behavior/uncrustify.xunit.xml'
[4.411s] 7/9 Test #7: uncrustify .......................***Failed    0.54 sec
[4.414s] test 8
[4.414s]     Start 8: xmllint
[4.415s] 
[4.415s] 8: Test command: /usr/bin/python3 "-u" "/opt/ros/foxy/share/ament_cmake_test/cmake/run_test.py" "/home/alumnos/josetost/colcon_ws/src/navigation-grupo-dia-libre-1/build/bt_behavior/test_results/bt_behavior/xmllint.xunit.xml" "--package-name" "bt_behavior" "--output-file" "/home/alumnos/josetost/colcon_ws/src/navigation-grupo-dia-libre-1/build/bt_behavior/ament_xmllint/xmllint.txt" "--command" "/opt/ros/foxy/bin/ament_xmllint" "--xunit-file" "/home/alumnos/josetost/colcon_ws/src/navigation-grupo-dia-libre-1/build/bt_behavior/test_results/bt_behavior/xmllint.xunit.xml"
[4.416s] 8: Test timeout computed to be: 60
[4.488s] 8: -- run_test.py: invoking following command in '/home/alumnos/josetost/colcon_ws/src/navigation-grupo-dia-libre-1/bt_behavior':
[4.489s] 8:  - /opt/ros/foxy/bin/ament_xmllint --xunit-file /home/alumnos/josetost/colcon_ws/src/navigation-grupo-dia-libre-1/build/bt_behavior/test_results/bt_behavior/xmllint.xunit.xml
[5.273s] 8: File 'package.xml' is valid
[5.274s] 8: 
[5.274s] 8: File 'behavior_tree_xml/behavior.xml' is valid
[5.274s] 8: 
[5.274s] 8: No problems found
[5.288s] 8: -- run_test.py: return code 0
[5.290s] 8: -- run_test.py: verify result file '/home/alumnos/josetost/colcon_ws/src/navigation-grupo-dia-libre-1/build/bt_behavior/test_results/bt_behavior/xmllint.xunit.xml'
[5.301s] 8/9 Test #8: xmllint ..........................   Passed    0.89 sec
[5.303s] test 9
[5.303s]     Start 9: bt_action_test
[5.304s] 
[5.304s] 9: Test command: /usr/bin/python3 "-u" "/opt/ros/foxy/share/ament_cmake_test/cmake/run_test.py" "/home/alumnos/josetost/colcon_ws/src/navigation-grupo-dia-libre-1/build/bt_behavior/test_results/bt_behavior/bt_action_test.gtest.xml" "--package-name" "bt_behavior" "--output-file" "/home/alumnos/josetost/colcon_ws/src/navigation-grupo-dia-libre-1/build/bt_behavior/ament_cmake_gtest/bt_action_test.txt" "--command" "/home/alumnos/josetost/colcon_ws/src/navigation-grupo-dia-libre-1/build/bt_behavior/tests/bt_action_test" "--gtest_output=xml:/home/alumnos/josetost/colcon_ws/src/navigation-grupo-dia-libre-1/build/bt_behavior/test_results/bt_behavior/bt_action_test.gtest.xml"
[5.304s] 9: Test timeout computed to be: 60
[5.374s] 9: -- run_test.py: invoking following command in '/home/alumnos/josetost/colcon_ws/src/navigation-grupo-dia-libre-1/build/bt_behavior/tests':
[5.375s] 9:  - /home/alumnos/josetost/colcon_ws/src/navigation-grupo-dia-libre-1/build/bt_behavior/tests/bt_action_test --gtest_output=xml:/home/alumnos/josetost/colcon_ws/src/navigation-grupo-dia-libre-1/build/bt_behavior/test_results/bt_behavior/bt_action_test.gtest.xml
[5.398s] 9: [==========] Running 2 tests from 1 test case.
[5.399s] 9: [----------] Global test environment set-up.
[5.399s] 9: [----------] 2 tests from bt_action
[5.399s] 9: [ RUN      ] bt_action.patrol_btn
[5.413s] 9: unknown file: Failure
[5.413s] 9: C++ exception with description "Could not load library: libbr2_patrol_bt_node.so: cannot open shared object file: No such file or directory" thrown in the test body.
[5.413s] 9: [  FAILED  ] bt_action.patrol_btn (15 ms)
[5.413s] 9: [ RUN      ] bt_action.move_btn
[5.423s] 9: [INFO] [1646646057.498899500] [move_btn_node]: Waiting for "navigate_to_pose" action server
[5.423s] 9: [INFO] [1646646057.499028834] [move_btn_node]: "move" BtActionNode initialized
[5.425s] 9: [INFO] [1646646057.500447570] [move_btn_node]: Waiting for "navigate_to_pose" action server
[6.613s] 9: -- run_test.py: return code -11
[6.617s] 9: -- run_test.py: generate result file '/home/alumnos/josetost/colcon_ws/src/navigation-grupo-dia-libre-1/build/bt_behavior/test_results/bt_behavior/bt_action_test.gtest.xml' with failed test
[6.619s] 9: -- run_test.py: verify result file '/home/alumnos/josetost/colcon_ws/src/navigation-grupo-dia-libre-1/build/bt_behavior/test_results/bt_behavior/bt_action_test.gtest.xml'
[6.631s] 9/9 Test #9: bt_action_test ...................***Failed    1.33 sec
[6.637s] 
[6.638s] 56% tests passed[0;0m, [0;31m4 tests failed[0;0m out of 9
[6.638s] 
[6.639s] Label Time Summary:
[6.639s] copyright     =   0.61 sec*proc (1 test)
[6.639s] cppcheck      =   0.55 sec*proc (1 test)
[6.640s] cpplint       =   0.86 sec*proc (1 test)
[6.640s] flake8        =   0.69 sec*proc (1 test)
[6.641s] gtest         =   1.33 sec*proc (1 test)
[6.641s] lint_cmake    =   0.46 sec*proc (1 test)
[6.642s] linter        =   5.10 sec*proc (8 tests)
[6.643s] pep257        =   0.51 sec*proc (1 test)
[6.643s] uncrustify    =   0.54 sec*proc (1 test)
[6.644s] xmllint       =   0.89 sec*proc (1 test)
[6.645s] 
[6.645s] Total Test time (real) =   6.45 sec
[6.646s] 
[6.646s] The following tests FAILED:
[6.646s] 	[0;31m  3 - cpplint (Failed)[0;0m
[6.647s] 	[0;31m  5 - lint_cmake (Failed)[0;0m
[6.647s] 	[0;31m  7 - uncrustify (Failed)[0;0m
[6.647s] 	[0;31m  9 - bt_action_test (Failed)[0;0m
[6.694s] Errors while running CTest
[6.697s] Invoked command in '/home/alumnos/josetost/colcon_ws/src/navigation-grupo-dia-libre-1/build/bt_behavior' returned '8': AMENT_PREFIX_PATH=/home/alumnos/josetost/colcon_ws/src/navigation-grupo-dia-libre-1/install/bt_behavior:${AMENT_PREFIX_PATH} CMAKE_PREFIX_PATH=/home/alumnos/josetost/colcon_ws/src/navigation-grupo-dia-libre-1/install/bt_behavior LD_LIBRARY_PATH=/home/alumnos/josetost/colcon_ws/src/navigation-grupo-dia-libre-1/install/bt_behavior/lib:${LD_LIBRARY_PATH} /usr/bin/ctest -C Release -D ExperimentalTest --no-compress-output -V --force-new-ctest-process
