-- run_test.py: invoking following command in '/home/alumnos/josetost/colcon_ws/src/navigation-grupo-dia-libre-1/build/bt_behavior/tests':
 - /home/alumnos/josetost/colcon_ws/src/navigation-grupo-dia-libre-1/build/bt_behavior/tests/bt_action_test --gtest_output=xml:/home/alumnos/josetost/colcon_ws/src/navigation-grupo-dia-libre-1/build/bt_behavior/test_results/bt_behavior/bt_action_test.gtest.xml

[==========] Running 2 tests from 1 test case.
[----------] Global test environment set-up.
[----------] 2 tests from bt_action
[ RUN      ] bt_action.patrol_btn
unknown file: Failure
C++ exception with description "Could not load library: libbr2_patrol_bt_node.so: cannot open shared object file: No such file or directory" thrown in the test body.
[  FAILED  ] bt_action.patrol_btn (18 ms)
[ RUN      ] bt_action.move_btn
[INFO] [1646646790.116930450] [move_btn_node]: Waiting for "navigate_to_pose" action server
[INFO] [1646646790.117060586] [move_btn_node]: "move" BtActionNode initialized
[INFO] [1646646790.118400504] [move_btn_node]: Waiting for "navigate_to_pose" action server
[INFO] [1646646796.317281336] [move_btn_node]: navigation Suceeded
[       OK ] bt_action.move_btn (6317 ms)
[----------] 2 tests from bt_action (6335 ms total)

[----------] Global test environment tear-down
[==========] 2 tests from 1 test case ran. (6335 ms total)
[  PASSED  ] 1 test.
[  FAILED  ] 1 test, listed below:
[  FAILED  ] bt_action.patrol_btn

 1 FAILED TEST


-- run_test.py: return code 1
-- run_test.py: inject classname prefix into gtest result file '/home/alumnos/josetost/colcon_ws/src/navigation-grupo-dia-libre-1/build/bt_behavior/test_results/bt_behavior/bt_action_test.gtest.xml'
-- run_test.py: verify result file '/home/alumnos/josetost/colcon_ws/src/navigation-grupo-dia-libre-1/build/bt_behavior/test_results/bt_behavior/bt_action_test.gtest.xml'
