Start testing: Mar 07 10:40 CET
----------------------------------------------------------
1/9 Testing: copyright
1/9 Test: copyright
Command: "/usr/bin/python3" "-u" "/opt/ros/foxy/share/ament_cmake_test/cmake/run_test.py" "/home/alumnos/josetost/colcon_ws/src/navigation-grupo-dia-libre-1/build/bt_behavior/test_results/bt_behavior/copyright.xunit.xml" "--package-name" "bt_behavior" "--output-file" "/home/alumnos/josetost/colcon_ws/src/navigation-grupo-dia-libre-1/build/bt_behavior/ament_copyright/copyright.txt" "--command" "/opt/ros/foxy/bin/ament_copyright" "--xunit-file" "/home/alumnos/josetost/colcon_ws/src/navigation-grupo-dia-libre-1/build/bt_behavior/test_results/bt_behavior/copyright.xunit.xml"
Directory: /home/alumnos/josetost/colcon_ws/src/navigation-grupo-dia-libre-1/bt_behavior
"copyright" start time: Mar 07 10:40 CET
Output:
----------------------------------------------------------
-- run_test.py: invoking following command in '/home/alumnos/josetost/colcon_ws/src/navigation-grupo-dia-libre-1/bt_behavior':
 - /opt/ros/foxy/bin/ament_copyright --xunit-file /home/alumnos/josetost/colcon_ws/src/navigation-grupo-dia-libre-1/build/bt_behavior/test_results/bt_behavior/copyright.xunit.xml
No problems found, checked 12 files
-- run_test.py: return code 0
-- run_test.py: verify result file '/home/alumnos/josetost/colcon_ws/src/navigation-grupo-dia-libre-1/build/bt_behavior/test_results/bt_behavior/copyright.xunit.xml'
<end of output>
Test time =   0.61 sec
----------------------------------------------------------
Test Passed.
"copyright" end time: Mar 07 10:40 CET
"copyright" time elapsed: 00:00:00
----------------------------------------------------------

2/9 Testing: cppcheck
2/9 Test: cppcheck
Command: "/usr/bin/python3" "-u" "/opt/ros/foxy/share/ament_cmake_test/cmake/run_test.py" "/home/alumnos/josetost/colcon_ws/src/navigation-grupo-dia-libre-1/build/bt_behavior/test_results/bt_behavior/cppcheck.xunit.xml" "--package-name" "bt_behavior" "--output-file" "/home/alumnos/josetost/colcon_ws/src/navigation-grupo-dia-libre-1/build/bt_behavior/ament_cppcheck/cppcheck.txt" "--command" "/opt/ros/foxy/bin/ament_cppcheck" "--xunit-file" "/home/alumnos/josetost/colcon_ws/src/navigation-grupo-dia-libre-1/build/bt_behavior/test_results/bt_behavior/cppcheck.xunit.xml" "--include_dirs" "/home/alumnos/josetost/colcon_ws/src/navigation-grupo-dia-libre-1/bt_behavior/include"
Directory: /home/alumnos/josetost/colcon_ws/src/navigation-grupo-dia-libre-1/bt_behavior
"cppcheck" start time: Mar 07 10:40 CET
Output:
----------------------------------------------------------
-- run_test.py: invoking following command in '/home/alumnos/josetost/colcon_ws/src/navigation-grupo-dia-libre-1/bt_behavior':
 - /opt/ros/foxy/bin/ament_cppcheck --xunit-file /home/alumnos/josetost/colcon_ws/src/navigation-grupo-dia-libre-1/build/bt_behavior/test_results/bt_behavior/cppcheck.xunit.xml --include_dirs /home/alumnos/josetost/colcon_ws/src/navigation-grupo-dia-libre-1/bt_behavior/include
No problems found
-- run_test.py: return code 0
-- run_test.py: verify result file '/home/alumnos/josetost/colcon_ws/src/navigation-grupo-dia-libre-1/build/bt_behavior/test_results/bt_behavior/cppcheck.xunit.xml'
<end of output>
Test time =   0.55 sec
----------------------------------------------------------
Test Passed.
"cppcheck" end time: Mar 07 10:40 CET
"cppcheck" time elapsed: 00:00:00
----------------------------------------------------------

3/9 Testing: cpplint
3/9 Test: cpplint
Command: "/usr/bin/python3" "-u" "/opt/ros/foxy/share/ament_cmake_test/cmake/run_test.py" "/home/alumnos/josetost/colcon_ws/src/navigation-grupo-dia-libre-1/build/bt_behavior/test_results/bt_behavior/cpplint.xunit.xml" "--package-name" "bt_behavior" "--output-file" "/home/alumnos/josetost/colcon_ws/src/navigation-grupo-dia-libre-1/build/bt_behavior/ament_cpplint/cpplint.txt" "--command" "/opt/ros/foxy/bin/ament_cpplint" "--xunit-file" "/home/alumnos/josetost/colcon_ws/src/navigation-grupo-dia-libre-1/build/bt_behavior/test_results/bt_behavior/cpplint.xunit.xml"
Directory: /home/alumnos/josetost/colcon_ws/src/navigation-grupo-dia-libre-1/bt_behavior
"cpplint" start time: Mar 07 10:40 CET
Output:
----------------------------------------------------------
-- run_test.py: invoking following command in '/home/alumnos/josetost/colcon_ws/src/navigation-grupo-dia-libre-1/bt_behavior':
 - /opt/ros/foxy/bin/ament_cpplint --xunit-file /home/alumnos/josetost/colcon_ws/src/navigation-grupo-dia-libre-1/build/bt_behavior/test_results/bt_behavior/cpplint.xunit.xml
/home/alumnos/josetost/colcon_ws/src/navigation-grupo-dia-libre-1/bt_behavior/include/bt_behavior/GetNextWaypoint.hpp:23:  Found C++ system header after other header. Should be: GetNextWaypoint.h, c system, c++ system, other.  [build/include_order] [4]
/home/alumnos/josetost/colcon_ws/src/navigation-grupo-dia-libre-1/bt_behavior/include/bt_behavior/GetNextWaypoint.hpp:56:  Could not find a newline character at the end of the file.  [whitespace/ending_newline] [5]
/home/alumnos/josetost/colcon_ws/src/navigation-grupo-dia-libre-1/bt_behavior/include/bt_behavior/IsRaceFinished.hpp:26:  Found C++ system header after other header. Should be: IsRaceFinished.h, c system, c++ system, other.  [build/include_order] [4]
/home/alumnos/josetost/colcon_ws/src/navigation-grupo-dia-libre-1/bt_behavior/src/nav_wp.cpp:42:  Add #include <vector> for vector<>  [build/include_what_you_use] [4]
/home/alumnos/josetost/colcon_ws/src/navigation-grupo-dia-libre-1/bt_behavior/src/bt_behavior/GetNextWaypoint.cpp:28:  Found C++ system header after other header. Should be: GetNextWaypoint.h, c system, c++ system, other.  [build/include_order] [4]
/home/alumnos/josetost/colcon_ws/src/navigation-grupo-dia-libre-1/bt_behavior/src/bt_behavior/GetNextWaypoint.cpp:55:  Redundant blank line at the start of a code block should be deleted.  [whitespace/blank_line] [2]
/home/alumnos/josetost/colcon_ws/src/navigation-grupo-dia-libre-1/bt_behavior/src/bt_behavior/GetNextWaypoint.cpp:73:  Redundant blank line at the start of a code block should be deleted.  [whitespace/blank_line] [2]
/home/alumnos/josetost/colcon_ws/src/navigation-grupo-dia-libre-1/bt_behavior/src/bt_behavior/GetNextWaypoint.cpp:115:  Add #include <vector> for vector<>  [build/include_what_you_use] [4]
/home/alumnos/josetost/colcon_ws/src/navigation-grupo-dia-libre-1/bt_behavior/src/bt_behavior/IsRaceFinished.cpp:48:  Redundant blank line at the start of a code block should be deleted.  [whitespace/blank_line] [2]
/home/alumnos/josetost/colcon_ws/src/navigation-grupo-dia-libre-1/bt_behavior/src/bt_behavior/IsRaceFinished.cpp:52:  Add #include <vector> for vector<>  [build/include_what_you_use] [4]
/home/alumnos/josetost/colcon_ws/src/navigation-grupo-dia-libre-1/bt_behavior/src/bt_behavior/Move.cpp:55:  Lines should be <= 100 characters long  [whitespace/line_length] [2]
/home/alumnos/josetost/colcon_ws/src/navigation-grupo-dia-libre-1/bt_behavior/src/bt_behavior/Move.cpp:57:  Should have a space between // and comment  [whitespace/comments] [4]
/home/alumnos/josetost/colcon_ws/src/navigation-grupo-dia-libre-1/bt_behavior/src/bt_behavior/Move.cpp:58:  Should have a space between // and comment  [whitespace/comments] [4]
/home/alumnos/josetost/colcon_ws/src/navigation-grupo-dia-libre-1/bt_behavior/src/bt_behavior/Move.cpp:60:  Should have a space between // and comment  [whitespace/comments] [4]
/home/alumnos/josetost/colcon_ws/src/navigation-grupo-dia-libre-1/bt_behavior/src/bt_behavior/Move.cpp:71:  Lines should be <= 100 characters long  [whitespace/line_length] [2]
/home/alumnos/josetost/colcon_ws/src/navigation-grupo-dia-libre-1/bt_behavior/src/bt_behavior/Move.cpp:71:  Should have a space between // and comment  [whitespace/comments] [4]
/home/alumnos/josetost/colcon_ws/src/navigation-grupo-dia-libre-1/bt_behavior/src/bt_behavior/Move.cpp:73:  Should have a space between // and comment  [whitespace/comments] [4]
/home/alumnos/josetost/colcon_ws/src/navigation-grupo-dia-libre-1/bt_behavior/src/bt_behavior/Move.cpp:74:  Should have a space between // and comment  [whitespace/comments] [4]
/home/alumnos/josetost/colcon_ws/src/navigation-grupo-dia-libre-1/bt_behavior/src/bt_behavior/Move.cpp:76:  Should have a space between // and comment  [whitespace/comments] [4]
/home/alumnos/josetost/colcon_ws/src/navigation-grupo-dia-libre-1/bt_behavior/src/bt_behavior/Move.cpp:87:  Lines should be <= 100 characters long  [whitespace/line_length] [2]
/home/alumnos/josetost/colcon_ws/src/navigation-grupo-dia-libre-1/bt_behavior/src/bt_behavior/Move.cpp:87:  Should have a space between // and comment  [whitespace/comments] [4]
/home/alumnos/josetost/colcon_ws/src/navigation-grupo-dia-libre-1/bt_behavior/src/bt_behavior/Move.cpp:89:  Should have a space between // and comment  [whitespace/comments] [4]
/home/alumnos/josetost/colcon_ws/src/navigation-grupo-dia-libre-1/bt_behavior/src/bt_behavior/Move.cpp:90:  Should have a space between // and comment  [whitespace/comments] [4]
/home/alumnos/josetost/colcon_ws/src/navigation-grupo-dia-libre-1/bt_behavior/src/bt_behavior/Move.cpp:92:  Should have a space between // and comment  [whitespace/comments] [4]
Category 'build/include_order' errors found: 3
Category 'build/include_what_you_use' errors found: 3
Category 'whitespace/blank_line' errors found: 3
Category 'whitespace/comments' errors found: 11
Category 'whitespace/ending_newline' errors found: 1
Category 'whitespace/line_length' errors found: 3
Total errors found: 24
Using '--root=..' argument

Done processing /home/alumnos/josetost/colcon_ws/src/navigation-grupo-dia-libre-1/bt_behavior/tests/bt_action_test.cpp

Using '--root=/home/alumnos/josetost/colcon_ws/src/navigation-grupo-dia-libre-1/bt_behavior/include' argument

Done processing /home/alumnos/josetost/colcon_ws/src/navigation-grupo-dia-libre-1/bt_behavior/include/bt_behavior/GetNextWaypoint.hpp

Done processing /home/alumnos/josetost/colcon_ws/src/navigation-grupo-dia-libre-1/bt_behavior/include/bt_behavior/IsRaceFinished.hpp

Done processing /home/alumnos/josetost/colcon_ws/src/navigation-grupo-dia-libre-1/bt_behavior/include/bt_behavior/Move.hpp

Done processing /home/alumnos/josetost/colcon_ws/src/navigation-grupo-dia-libre-1/bt_behavior/include/bt_behavior/ctrl_support/BTActionNode.hpp

Done processing /home/alumnos/josetost/colcon_ws/src/navigation-grupo-dia-libre-1/bt_behavior/include/bt_behavior/ctrl_support/BTLifecycleCtrlNode.hpp

Using '--root=/home/alumnos/josetost/colcon_ws/src/navigation-grupo-dia-libre-1/bt_behavior/src' argument

Done processing /home/alumnos/josetost/colcon_ws/src/navigation-grupo-dia-libre-1/bt_behavior/src/nav_wp.cpp

Done processing /home/alumnos/josetost/colcon_ws/src/navigation-grupo-dia-libre-1/bt_behavior/src/bt_behavior/GetNextWaypoint.cpp

Done processing /home/alumnos/josetost/colcon_ws/src/navigation-grupo-dia-libre-1/bt_behavior/src/bt_behavior/IsRaceFinished.cpp

Done processing /home/alumnos/josetost/colcon_ws/src/navigation-grupo-dia-libre-1/bt_behavior/src/bt_behavior/Move.cpp

-- run_test.py: return code 1
-- run_test.py: verify result file '/home/alumnos/josetost/colcon_ws/src/navigation-grupo-dia-libre-1/build/bt_behavior/test_results/bt_behavior/cpplint.xunit.xml'
<end of output>
Test time =   0.86 sec
----------------------------------------------------------
Test Failed.
"cpplint" end time: Mar 07 10:40 CET
"cpplint" time elapsed: 00:00:00
----------------------------------------------------------

4/9 Testing: flake8
4/9 Test: flake8
Command: "/usr/bin/python3" "-u" "/opt/ros/foxy/share/ament_cmake_test/cmake/run_test.py" "/home/alumnos/josetost/colcon_ws/src/navigation-grupo-dia-libre-1/build/bt_behavior/test_results/bt_behavior/flake8.xunit.xml" "--package-name" "bt_behavior" "--output-file" "/home/alumnos/josetost/colcon_ws/src/navigation-grupo-dia-libre-1/build/bt_behavior/ament_flake8/flake8.txt" "--command" "/opt/ros/foxy/bin/ament_flake8" "--xunit-file" "/home/alumnos/josetost/colcon_ws/src/navigation-grupo-dia-libre-1/build/bt_behavior/test_results/bt_behavior/flake8.xunit.xml"
Directory: /home/alumnos/josetost/colcon_ws/src/navigation-grupo-dia-libre-1/bt_behavior
"flake8" start time: Mar 07 10:40 CET
Output:
----------------------------------------------------------
-- run_test.py: invoking following command in '/home/alumnos/josetost/colcon_ws/src/navigation-grupo-dia-libre-1/bt_behavior':
 - /opt/ros/foxy/bin/ament_flake8 --xunit-file /home/alumnos/josetost/colcon_ws/src/navigation-grupo-dia-libre-1/build/bt_behavior/test_results/bt_behavior/flake8.xunit.xml

1 files checked
No problems found

Checked files:

* ./launch/patrolling.launch.py
-- run_test.py: return code 0
-- run_test.py: verify result file '/home/alumnos/josetost/colcon_ws/src/navigation-grupo-dia-libre-1/build/bt_behavior/test_results/bt_behavior/flake8.xunit.xml'
<end of output>
Test time =   0.69 sec
----------------------------------------------------------
Test Passed.
"flake8" end time: Mar 07 10:40 CET
"flake8" time elapsed: 00:00:00
----------------------------------------------------------

5/9 Testing: lint_cmake
5/9 Test: lint_cmake
Command: "/usr/bin/python3" "-u" "/opt/ros/foxy/share/ament_cmake_test/cmake/run_test.py" "/home/alumnos/josetost/colcon_ws/src/navigation-grupo-dia-libre-1/build/bt_behavior/test_results/bt_behavior/lint_cmake.xunit.xml" "--package-name" "bt_behavior" "--output-file" "/home/alumnos/josetost/colcon_ws/src/navigation-grupo-dia-libre-1/build/bt_behavior/ament_lint_cmake/lint_cmake.txt" "--command" "/opt/ros/foxy/bin/ament_lint_cmake" "--xunit-file" "/home/alumnos/josetost/colcon_ws/src/navigation-grupo-dia-libre-1/build/bt_behavior/test_results/bt_behavior/lint_cmake.xunit.xml"
Directory: /home/alumnos/josetost/colcon_ws/src/navigation-grupo-dia-libre-1/bt_behavior
"lint_cmake" start time: Mar 07 10:40 CET
Output:
----------------------------------------------------------
-- run_test.py: invoking following command in '/home/alumnos/josetost/colcon_ws/src/navigation-grupo-dia-libre-1/bt_behavior':
 - /opt/ros/foxy/bin/ament_lint_cmake --xunit-file /home/alumnos/josetost/colcon_ws/src/navigation-grupo-dia-libre-1/build/bt_behavior/test_results/bt_behavior/lint_cmake.xunit.xml
CMakeLists.txt:40: Line ends in whitespace [whitespace/eol]


1 errors
-- run_test.py: return code 1
-- run_test.py: verify result file '/home/alumnos/josetost/colcon_ws/src/navigation-grupo-dia-libre-1/build/bt_behavior/test_results/bt_behavior/lint_cmake.xunit.xml'
<end of output>
Test time =   0.46 sec
----------------------------------------------------------
Test Failed.
"lint_cmake" end time: Mar 07 10:40 CET
"lint_cmake" time elapsed: 00:00:00
----------------------------------------------------------

6/9 Testing: pep257
6/9 Test: pep257
Command: "/usr/bin/python3" "-u" "/opt/ros/foxy/share/ament_cmake_test/cmake/run_test.py" "/home/alumnos/josetost/colcon_ws/src/navigation-grupo-dia-libre-1/build/bt_behavior/test_results/bt_behavior/pep257.xunit.xml" "--package-name" "bt_behavior" "--output-file" "/home/alumnos/josetost/colcon_ws/src/navigation-grupo-dia-libre-1/build/bt_behavior/ament_pep257/pep257.txt" "--command" "/opt/ros/foxy/bin/ament_pep257" "--xunit-file" "/home/alumnos/josetost/colcon_ws/src/navigation-grupo-dia-libre-1/build/bt_behavior/test_results/bt_behavior/pep257.xunit.xml"
Directory: /home/alumnos/josetost/colcon_ws/src/navigation-grupo-dia-libre-1/bt_behavior
"pep257" start time: Mar 07 10:40 CET
Output:
----------------------------------------------------------
-- run_test.py: invoking following command in '/home/alumnos/josetost/colcon_ws/src/navigation-grupo-dia-libre-1/bt_behavior':
 - /opt/ros/foxy/bin/ament_pep257 --xunit-file /home/alumnos/josetost/colcon_ws/src/navigation-grupo-dia-libre-1/build/bt_behavior/test_results/bt_behavior/pep257.xunit.xml
checking ./launch/patrolling.launch.py
No problems found
-- run_test.py: return code 0
-- run_test.py: verify result file '/home/alumnos/josetost/colcon_ws/src/navigation-grupo-dia-libre-1/build/bt_behavior/test_results/bt_behavior/pep257.xunit.xml'
<end of output>
Test time =   0.51 sec
----------------------------------------------------------
Test Passed.
"pep257" end time: Mar 07 10:40 CET
"pep257" time elapsed: 00:00:00
----------------------------------------------------------

7/9 Testing: uncrustify
7/9 Test: uncrustify
Command: "/usr/bin/python3" "-u" "/opt/ros/foxy/share/ament_cmake_test/cmake/run_test.py" "/home/alumnos/josetost/colcon_ws/src/navigation-grupo-dia-libre-1/build/bt_behavior/test_results/bt_behavior/uncrustify.xunit.xml" "--package-name" "bt_behavior" "--output-file" "/home/alumnos/josetost/colcon_ws/src/navigation-grupo-dia-libre-1/build/bt_behavior/ament_uncrustify/uncrustify.txt" "--command" "/opt/ros/foxy/bin/ament_uncrustify" "--xunit-file" "/home/alumnos/josetost/colcon_ws/src/navigation-grupo-dia-libre-1/build/bt_behavior/test_results/bt_behavior/uncrustify.xunit.xml"
Directory: /home/alumnos/josetost/colcon_ws/src/navigation-grupo-dia-libre-1/bt_behavior
"uncrustify" start time: Mar 07 10:40 CET
Output:
----------------------------------------------------------
-- run_test.py: invoking following command in '/home/alumnos/josetost/colcon_ws/src/navigation-grupo-dia-libre-1/bt_behavior':
 - /opt/ros/foxy/bin/ament_uncrustify --xunit-file /home/alumnos/josetost/colcon_ws/src/navigation-grupo-dia-libre-1/build/bt_behavior/test_results/bt_behavior/uncrustify.xunit.xml
Code style divergence in file 'include/bt_behavior/GetNextWaypoint.hpp':

--- include/bt_behavior/GetNextWaypoint.hpp
+++ include/bt_behavior/GetNextWaypoint.hpp.uncrustify
@@ -56 +56 @@
-#endif  // BT_BEHAVIOR__GETNEXTWAYPOINT_HPP_
+#endif  // BT_BEHAVIOR__GETNEXTWAYPOINT_HPP_

1 files with code style divergence
No code style divergence in file 'include/bt_behavior/IsRaceFinished.hpp'

No code style divergence in file 'include/bt_behavior/Move.hpp'

No code style divergence in file 'include/bt_behavior/ctrl_support/BTActionNode.hpp'

No code style divergence in file 'include/bt_behavior/ctrl_support/BTLifecycleCtrlNode.hpp'

No code style divergence in file 'src/bt_behavior/GetNextWaypoint.cpp'

No code style divergence in file 'src/bt_behavior/IsRaceFinished.cpp'

No code style divergence in file 'src/bt_behavior/Move.cpp'

No code style divergence in file 'src/nav_wp.cpp'

No code style divergence in file 'tests/bt_action_test.cpp'

-- run_test.py: return code 1
-- run_test.py: verify result file '/home/alumnos/josetost/colcon_ws/src/navigation-grupo-dia-libre-1/build/bt_behavior/test_results/bt_behavior/uncrustify.xunit.xml'
<end of output>
Test time =   0.54 sec
----------------------------------------------------------
Test Failed.
"uncrustify" end time: Mar 07 10:40 CET
"uncrustify" time elapsed: 00:00:00
----------------------------------------------------------

8/9 Testing: xmllint
8/9 Test: xmllint
Command: "/usr/bin/python3" "-u" "/opt/ros/foxy/share/ament_cmake_test/cmake/run_test.py" "/home/alumnos/josetost/colcon_ws/src/navigation-grupo-dia-libre-1/build/bt_behavior/test_results/bt_behavior/xmllint.xunit.xml" "--package-name" "bt_behavior" "--output-file" "/home/alumnos/josetost/colcon_ws/src/navigation-grupo-dia-libre-1/build/bt_behavior/ament_xmllint/xmllint.txt" "--command" "/opt/ros/foxy/bin/ament_xmllint" "--xunit-file" "/home/alumnos/josetost/colcon_ws/src/navigation-grupo-dia-libre-1/build/bt_behavior/test_results/bt_behavior/xmllint.xunit.xml"
Directory: /home/alumnos/josetost/colcon_ws/src/navigation-grupo-dia-libre-1/bt_behavior
"xmllint" start time: Mar 07 10:40 CET
Output:
----------------------------------------------------------
-- run_test.py: invoking following command in '/home/alumnos/josetost/colcon_ws/src/navigation-grupo-dia-libre-1/bt_behavior':
 - /opt/ros/foxy/bin/ament_xmllint --xunit-file /home/alumnos/josetost/colcon_ws/src/navigation-grupo-dia-libre-1/build/bt_behavior/test_results/bt_behavior/xmllint.xunit.xml
File 'package.xml' is valid

File 'behavior_tree_xml/behavior.xml' is valid

No problems found
-- run_test.py: return code 0
-- run_test.py: verify result file '/home/alumnos/josetost/colcon_ws/src/navigation-grupo-dia-libre-1/build/bt_behavior/test_results/bt_behavior/xmllint.xunit.xml'
<end of output>
Test time =   0.89 sec
----------------------------------------------------------
Test Passed.
"xmllint" end time: Mar 07 10:40 CET
"xmllint" time elapsed: 00:00:00
----------------------------------------------------------

9/9 Testing: bt_action_test
9/9 Test: bt_action_test
Command: "/usr/bin/python3" "-u" "/opt/ros/foxy/share/ament_cmake_test/cmake/run_test.py" "/home/alumnos/josetost/colcon_ws/src/navigation-grupo-dia-libre-1/build/bt_behavior/test_results/bt_behavior/bt_action_test.gtest.xml" "--package-name" "bt_behavior" "--output-file" "/home/alumnos/josetost/colcon_ws/src/navigation-grupo-dia-libre-1/build/bt_behavior/ament_cmake_gtest/bt_action_test.txt" "--command" "/home/alumnos/josetost/colcon_ws/src/navigation-grupo-dia-libre-1/build/bt_behavior/tests/bt_action_test" "--gtest_output=xml:/home/alumnos/josetost/colcon_ws/src/navigation-grupo-dia-libre-1/build/bt_behavior/test_results/bt_behavior/bt_action_test.gtest.xml"
Directory: /home/alumnos/josetost/colcon_ws/src/navigation-grupo-dia-libre-1/build/bt_behavior/tests
"bt_action_test" start time: Mar 07 10:40 CET
Output:
----------------------------------------------------------
-- run_test.py: invoking following command in '/home/alumnos/josetost/colcon_ws/src/navigation-grupo-dia-libre-1/build/bt_behavior/tests':
 - /home/alumnos/josetost/colcon_ws/src/navigation-grupo-dia-libre-1/build/bt_behavior/tests/bt_action_test --gtest_output=xml:/home/alumnos/josetost/colcon_ws/src/navigation-grupo-dia-libre-1/build/bt_behavior/test_results/bt_behavior/bt_action_test.gtest.xml
[==========] Running 2 tests from 1 test case.
[----------] Global test environment set-up.
[----------] 2 tests from bt_action
[ RUN      ] bt_action.patrol_btn
unknown file: Failure
C++ exception with description "Could not load library: libbr2_patrol_bt_node.so: cannot open shared object file: No such file or directory" thrown in the test body.
[  FAILED  ] bt_action.patrol_btn (15 ms)
[ RUN      ] bt_action.move_btn
[INFO] [1646646057.498899500] [move_btn_node]: Waiting for "navigate_to_pose" action server
[INFO] [1646646057.499028834] [move_btn_node]: "move" BtActionNode initialized
[INFO] [1646646057.500447570] [move_btn_node]: Waiting for "navigate_to_pose" action server
-- run_test.py: return code -11
-- run_test.py: generate result file '/home/alumnos/josetost/colcon_ws/src/navigation-grupo-dia-libre-1/build/bt_behavior/test_results/bt_behavior/bt_action_test.gtest.xml' with failed test
-- run_test.py: verify result file '/home/alumnos/josetost/colcon_ws/src/navigation-grupo-dia-libre-1/build/bt_behavior/test_results/bt_behavior/bt_action_test.gtest.xml'
<end of output>
Test time =   1.33 sec
----------------------------------------------------------
Test Failed.
"bt_action_test" end time: Mar 07 10:40 CET
"bt_action_test" time elapsed: 00:00:01
----------------------------------------------------------

End testing: Mar 07 10:40 CET

copyright =   0.61 sec*proc

cppcheck =   0.55 sec*proc

cpplint =   0.86 sec*proc

flake8 =   0.69 sec*proc

gtest =   1.33 sec*proc

lint_cmake =   0.46 sec*proc

linter =   5.10 sec*proc

pep257 =   0.51 sec*proc

uncrustify =   0.54 sec*proc

xmllint =   0.89 sec*proc

