Start testing: Mar 07 10:48 CET
----------------------------------------------------------
1/9 Testing: copyright
1/9 Test: copyright
Command: "/usr/bin/python3" "-u" "/opt/ros/foxy/share/ament_cmake_test/cmake/run_test.py" "/home/alumnos/josetost/colcon_ws/src/navigation-grupo-dia-libre-1/build/bt_behavior/test_results/bt_behavior/copyright.xunit.xml" "--package-name" "bt_behavior" "--output-file" "/home/alumnos/josetost/colcon_ws/src/navigation-grupo-dia-libre-1/build/bt_behavior/ament_copyright/copyright.txt" "--command" "/opt/ros/foxy/bin/ament_copyright" "--xunit-file" "/home/alumnos/josetost/colcon_ws/src/navigation-grupo-dia-libre-1/build/bt_behavior/test_results/bt_behavior/copyright.xunit.xml"
Directory: /home/alumnos/josetost/colcon_ws/src/navigation-grupo-dia-libre-1/bt_behavior
"copyright" start time: Mar 07 10:48 CET
Output:
----------------------------------------------------------
-- run_test.py: invoking following command in '/home/alumnos/josetost/colcon_ws/src/navigation-grupo-dia-libre-1/bt_behavior':
 - /opt/ros/foxy/bin/ament_copyright --xunit-file /home/alumnos/josetost/colcon_ws/src/navigation-grupo-dia-libre-1/build/bt_behavior/test_results/bt_behavior/copyright.xunit.xml
No problems found, checked 12 files
-- run_test.py: return code 0
-- run_test.py: verify result file '/home/alumnos/josetost/colcon_ws/src/navigation-grupo-dia-libre-1/build/bt_behavior/test_results/bt_behavior/copyright.xunit.xml'
<end of output>
Test time =   0.56 sec
----------------------------------------------------------
Test Passed.
"copyright" end time: Mar 07 10:48 CET
"copyright" time elapsed: 00:00:00
----------------------------------------------------------

2/9 Testing: cppcheck
2/9 Test: cppcheck
Command: "/usr/bin/python3" "-u" "/opt/ros/foxy/share/ament_cmake_test/cmake/run_test.py" "/home/alumnos/josetost/colcon_ws/src/navigation-grupo-dia-libre-1/build/bt_behavior/test_results/bt_behavior/cppcheck.xunit.xml" "--package-name" "bt_behavior" "--output-file" "/home/alumnos/josetost/colcon_ws/src/navigation-grupo-dia-libre-1/build/bt_behavior/ament_cppcheck/cppcheck.txt" "--command" "/opt/ros/foxy/bin/ament_cppcheck" "--xunit-file" "/home/alumnos/josetost/colcon_ws/src/navigation-grupo-dia-libre-1/build/bt_behavior/test_results/bt_behavior/cppcheck.xunit.xml" "--include_dirs" "/home/alumnos/josetost/colcon_ws/src/navigation-grupo-dia-libre-1/bt_behavior/include"
Directory: /home/alumnos/josetost/colcon_ws/src/navigation-grupo-dia-libre-1/bt_behavior
"cppcheck" start time: Mar 07 10:48 CET
Output:
----------------------------------------------------------
-- run_test.py: invoking following command in '/home/alumnos/josetost/colcon_ws/src/navigation-grupo-dia-libre-1/bt_behavior':
 - /opt/ros/foxy/bin/ament_cppcheck --xunit-file /home/alumnos/josetost/colcon_ws/src/navigation-grupo-dia-libre-1/build/bt_behavior/test_results/bt_behavior/cppcheck.xunit.xml --include_dirs /home/alumnos/josetost/colcon_ws/src/navigation-grupo-dia-libre-1/bt_behavior/include
No problems found
-- run_test.py: return code 0
-- run_test.py: verify result file '/home/alumnos/josetost/colcon_ws/src/navigation-grupo-dia-libre-1/build/bt_behavior/test_results/bt_behavior/cppcheck.xunit.xml'
<end of output>
Test time =   0.56 sec
----------------------------------------------------------
Test Passed.
"cppcheck" end time: Mar 07 10:48 CET
"cppcheck" time elapsed: 00:00:00
----------------------------------------------------------

3/9 Testing: cpplint
3/9 Test: cpplint
Command: "/usr/bin/python3" "-u" "/opt/ros/foxy/share/ament_cmake_test/cmake/run_test.py" "/home/alumnos/josetost/colcon_ws/src/navigation-grupo-dia-libre-1/build/bt_behavior/test_results/bt_behavior/cpplint.xunit.xml" "--package-name" "bt_behavior" "--output-file" "/home/alumnos/josetost/colcon_ws/src/navigation-grupo-dia-libre-1/build/bt_behavior/ament_cpplint/cpplint.txt" "--command" "/opt/ros/foxy/bin/ament_cpplint" "--xunit-file" "/home/alumnos/josetost/colcon_ws/src/navigation-grupo-dia-libre-1/build/bt_behavior/test_results/bt_behavior/cpplint.xunit.xml"
Directory: /home/alumnos/josetost/colcon_ws/src/navigation-grupo-dia-libre-1/bt_behavior
"cpplint" start time: Mar 07 10:48 CET
Output:
----------------------------------------------------------
-- run_test.py: invoking following command in '/home/alumnos/josetost/colcon_ws/src/navigation-grupo-dia-libre-1/bt_behavior':
 - /opt/ros/foxy/bin/ament_cpplint --xunit-file /home/alumnos/josetost/colcon_ws/src/navigation-grupo-dia-libre-1/build/bt_behavior/test_results/bt_behavior/cpplint.xunit.xml
/home/alumnos/josetost/colcon_ws/src/navigation-grupo-dia-libre-1/bt_behavior/src/bt_behavior/Move.cpp:55:  Lines should be <= 100 characters long  [whitespace/line_length] [2]
/home/alumnos/josetost/colcon_ws/src/navigation-grupo-dia-libre-1/bt_behavior/src/bt_behavior/Move.cpp:71:  Lines should be <= 100 characters long  [whitespace/line_length] [2]
/home/alumnos/josetost/colcon_ws/src/navigation-grupo-dia-libre-1/bt_behavior/src/bt_behavior/Move.cpp:87:  Lines should be <= 100 characters long  [whitespace/line_length] [2]
Category 'whitespace/line_length' errors found: 3
Total errors found: 3
Using '--root=..' argument

Done processing /home/alumnos/josetost/colcon_ws/src/navigation-grupo-dia-libre-1/bt_behavior/tests/bt_action_test.cpp

Using '--root=/home/alumnos/josetost/colcon_ws/src/navigation-grupo-dia-libre-1/bt_behavior/include' argument

Done processing /home/alumnos/josetost/colcon_ws/src/navigation-grupo-dia-libre-1/bt_behavior/include/bt_behavior/GetNextWaypoint.hpp

Done processing /home/alumnos/josetost/colcon_ws/src/navigation-grupo-dia-libre-1/bt_behavior/include/bt_behavior/IsRaceFinished.hpp

Done processing /home/alumnos/josetost/colcon_ws/src/navigation-grupo-dia-libre-1/bt_behavior/include/bt_behavior/Move.hpp

Done processing /home/alumnos/josetost/colcon_ws/src/navigation-grupo-dia-libre-1/bt_behavior/include/bt_behavior/ctrl_support/BTActionNode.hpp

Done processing /home/alumnos/josetost/colcon_ws/src/navigation-grupo-dia-libre-1/bt_behavior/include/bt_behavior/ctrl_support/BTLifecycleCtrlNode.hpp

Using '--root=/home/alumnos/josetost/colcon_ws/src/navigation-grupo-dia-libre-1/bt_behavior/src' argument

Done processing /home/alumnos/josetost/colcon_ws/src/navigation-grupo-dia-libre-1/bt_behavior/src/nav_wp.cpp

Done processing /home/alumnos/josetost/colcon_ws/src/navigation-grupo-dia-libre-1/bt_behavior/src/bt_behavior/GetNextWaypoint.cpp

Done processing /home/alumnos/josetost/colcon_ws/src/navigation-grupo-dia-libre-1/bt_behavior/src/bt_behavior/IsRaceFinished.cpp

Done processing /home/alumnos/josetost/colcon_ws/src/navigation-grupo-dia-libre-1/bt_behavior/src/bt_behavior/Move.cpp

-- run_test.py: return code 1
-- run_test.py: verify result file '/home/alumnos/josetost/colcon_ws/src/navigation-grupo-dia-libre-1/build/bt_behavior/test_results/bt_behavior/cpplint.xunit.xml'
<end of output>
Test time =   0.89 sec
----------------------------------------------------------
Test Failed.
"cpplint" end time: Mar 07 10:48 CET
"cpplint" time elapsed: 00:00:00
----------------------------------------------------------

4/9 Testing: flake8
4/9 Test: flake8
Command: "/usr/bin/python3" "-u" "/opt/ros/foxy/share/ament_cmake_test/cmake/run_test.py" "/home/alumnos/josetost/colcon_ws/src/navigation-grupo-dia-libre-1/build/bt_behavior/test_results/bt_behavior/flake8.xunit.xml" "--package-name" "bt_behavior" "--output-file" "/home/alumnos/josetost/colcon_ws/src/navigation-grupo-dia-libre-1/build/bt_behavior/ament_flake8/flake8.txt" "--command" "/opt/ros/foxy/bin/ament_flake8" "--xunit-file" "/home/alumnos/josetost/colcon_ws/src/navigation-grupo-dia-libre-1/build/bt_behavior/test_results/bt_behavior/flake8.xunit.xml"
Directory: /home/alumnos/josetost/colcon_ws/src/navigation-grupo-dia-libre-1/bt_behavior
"flake8" start time: Mar 07 10:48 CET
Output:
----------------------------------------------------------
-- run_test.py: invoking following command in '/home/alumnos/josetost/colcon_ws/src/navigation-grupo-dia-libre-1/bt_behavior':
 - /opt/ros/foxy/bin/ament_flake8 --xunit-file /home/alumnos/josetost/colcon_ws/src/navigation-grupo-dia-libre-1/build/bt_behavior/test_results/bt_behavior/flake8.xunit.xml

1 files checked
No problems found

Checked files:

* ./launch/patrolling.launch.py
-- run_test.py: return code 0
-- run_test.py: verify result file '/home/alumnos/josetost/colcon_ws/src/navigation-grupo-dia-libre-1/build/bt_behavior/test_results/bt_behavior/flake8.xunit.xml'
<end of output>
Test time =   0.72 sec
----------------------------------------------------------
Test Passed.
"flake8" end time: Mar 07 10:48 CET
"flake8" time elapsed: 00:00:00
----------------------------------------------------------

5/9 Testing: lint_cmake
5/9 Test: lint_cmake
Command: "/usr/bin/python3" "-u" "/opt/ros/foxy/share/ament_cmake_test/cmake/run_test.py" "/home/alumnos/josetost/colcon_ws/src/navigation-grupo-dia-libre-1/build/bt_behavior/test_results/bt_behavior/lint_cmake.xunit.xml" "--package-name" "bt_behavior" "--output-file" "/home/alumnos/josetost/colcon_ws/src/navigation-grupo-dia-libre-1/build/bt_behavior/ament_lint_cmake/lint_cmake.txt" "--command" "/opt/ros/foxy/bin/ament_lint_cmake" "--xunit-file" "/home/alumnos/josetost/colcon_ws/src/navigation-grupo-dia-libre-1/build/bt_behavior/test_results/bt_behavior/lint_cmake.xunit.xml"
Directory: /home/alumnos/josetost/colcon_ws/src/navigation-grupo-dia-libre-1/bt_behavior
"lint_cmake" start time: Mar 07 10:48 CET
Output:
----------------------------------------------------------
-- run_test.py: invoking following command in '/home/alumnos/josetost/colcon_ws/src/navigation-grupo-dia-libre-1/bt_behavior':
 - /opt/ros/foxy/bin/ament_lint_cmake --xunit-file /home/alumnos/josetost/colcon_ws/src/navigation-grupo-dia-libre-1/build/bt_behavior/test_results/bt_behavior/lint_cmake.xunit.xml
CMakeLists.txt:40: Line ends in whitespace [whitespace/eol]


1 errors
-- run_test.py: return code 1
-- run_test.py: verify result file '/home/alumnos/josetost/colcon_ws/src/navigation-grupo-dia-libre-1/build/bt_behavior/test_results/bt_behavior/lint_cmake.xunit.xml'
<end of output>
Test time =   0.49 sec
----------------------------------------------------------
Test Failed.
"lint_cmake" end time: Mar 07 10:48 CET
"lint_cmake" time elapsed: 00:00:00
----------------------------------------------------------

6/9 Testing: pep257
6/9 Test: pep257
Command: "/usr/bin/python3" "-u" "/opt/ros/foxy/share/ament_cmake_test/cmake/run_test.py" "/home/alumnos/josetost/colcon_ws/src/navigation-grupo-dia-libre-1/build/bt_behavior/test_results/bt_behavior/pep257.xunit.xml" "--package-name" "bt_behavior" "--output-file" "/home/alumnos/josetost/colcon_ws/src/navigation-grupo-dia-libre-1/build/bt_behavior/ament_pep257/pep257.txt" "--command" "/opt/ros/foxy/bin/ament_pep257" "--xunit-file" "/home/alumnos/josetost/colcon_ws/src/navigation-grupo-dia-libre-1/build/bt_behavior/test_results/bt_behavior/pep257.xunit.xml"
Directory: /home/alumnos/josetost/colcon_ws/src/navigation-grupo-dia-libre-1/bt_behavior
"pep257" start time: Mar 07 10:48 CET
Output:
----------------------------------------------------------
-- run_test.py: invoking following command in '/home/alumnos/josetost/colcon_ws/src/navigation-grupo-dia-libre-1/bt_behavior':
 - /opt/ros/foxy/bin/ament_pep257 --xunit-file /home/alumnos/josetost/colcon_ws/src/navigation-grupo-dia-libre-1/build/bt_behavior/test_results/bt_behavior/pep257.xunit.xml
checking ./launch/patrolling.launch.py
No problems found
-- run_test.py: return code 0
-- run_test.py: verify result file '/home/alumnos/josetost/colcon_ws/src/navigation-grupo-dia-libre-1/build/bt_behavior/test_results/bt_behavior/pep257.xunit.xml'
<end of output>
Test time =   0.54 sec
----------------------------------------------------------
Test Passed.
"pep257" end time: Mar 07 10:48 CET
"pep257" time elapsed: 00:00:00
----------------------------------------------------------

7/9 Testing: uncrustify
7/9 Test: uncrustify
Command: "/usr/bin/python3" "-u" "/opt/ros/foxy/share/ament_cmake_test/cmake/run_test.py" "/home/alumnos/josetost/colcon_ws/src/navigation-grupo-dia-libre-1/build/bt_behavior/test_results/bt_behavior/uncrustify.xunit.xml" "--package-name" "bt_behavior" "--output-file" "/home/alumnos/josetost/colcon_ws/src/navigation-grupo-dia-libre-1/build/bt_behavior/ament_uncrustify/uncrustify.txt" "--command" "/opt/ros/foxy/bin/ament_uncrustify" "--xunit-file" "/home/alumnos/josetost/colcon_ws/src/navigation-grupo-dia-libre-1/build/bt_behavior/test_results/bt_behavior/uncrustify.xunit.xml"
Directory: /home/alumnos/josetost/colcon_ws/src/navigation-grupo-dia-libre-1/bt_behavior
"uncrustify" start time: Mar 07 10:48 CET
Output:
----------------------------------------------------------
-- run_test.py: invoking following command in '/home/alumnos/josetost/colcon_ws/src/navigation-grupo-dia-libre-1/bt_behavior':
 - /opt/ros/foxy/bin/ament_uncrustify --xunit-file /home/alumnos/josetost/colcon_ws/src/navigation-grupo-dia-libre-1/build/bt_behavior/test_results/bt_behavior/uncrustify.xunit.xml
Code style divergence in file 'src/bt_behavior/Move.cpp':

--- src/bt_behavior/Move.cpp
+++ src/bt_behavior/Move.cpp.uncrustify
@@ -55 +55,2 @@
-  auto success_pub = success_node->create_publisher<kobuki_ros_interfaces::msg::Sound>("/commands/sound", 10);
+  auto success_pub = success_node->create_publisher<kobuki_ros_interfaces::msg::Sound>(
+    "/commands/sound", 10);
@@ -71 +72,3 @@
-  auto fail_pub = fail_node->create_publisher<kobuki_ros_interfaces::msg::Sound>("/commands/sound", 10);
+  auto fail_pub = fail_node->create_publisher<kobuki_ros_interfaces::msg::Sound>(
+    "/commands/sound",
+    10);
@@ -87 +90,2 @@
-  auto cancel_pub = cancel_node->create_publisher<kobuki_ros_interfaces::msg::Sound>("/commands/sound", 10);
+  auto cancel_pub = cancel_node->create_publisher<kobuki_ros_interfaces::msg::Sound>(
+    "/commands/sound", 10);

1 files with code style divergence
No code style divergence in file 'include/bt_behavior/GetNextWaypoint.hpp'

No code style divergence in file 'include/bt_behavior/IsRaceFinished.hpp'

No code style divergence in file 'include/bt_behavior/Move.hpp'

No code style divergence in file 'include/bt_behavior/ctrl_support/BTActionNode.hpp'

No code style divergence in file 'include/bt_behavior/ctrl_support/BTLifecycleCtrlNode.hpp'

No code style divergence in file 'src/bt_behavior/GetNextWaypoint.cpp'

No code style divergence in file 'src/bt_behavior/IsRaceFinished.cpp'

No code style divergence in file 'src/nav_wp.cpp'

No code style divergence in file 'tests/bt_action_test.cpp'

-- run_test.py: return code 1
-- run_test.py: verify result file '/home/alumnos/josetost/colcon_ws/src/navigation-grupo-dia-libre-1/build/bt_behavior/test_results/bt_behavior/uncrustify.xunit.xml'
<end of output>
Test time =   0.51 sec
----------------------------------------------------------
Test Failed.
"uncrustify" end time: Mar 07 10:48 CET
"uncrustify" time elapsed: 00:00:00
----------------------------------------------------------

8/9 Testing: xmllint
8/9 Test: xmllint
Command: "/usr/bin/python3" "-u" "/opt/ros/foxy/share/ament_cmake_test/cmake/run_test.py" "/home/alumnos/josetost/colcon_ws/src/navigation-grupo-dia-libre-1/build/bt_behavior/test_results/bt_behavior/xmllint.xunit.xml" "--package-name" "bt_behavior" "--output-file" "/home/alumnos/josetost/colcon_ws/src/navigation-grupo-dia-libre-1/build/bt_behavior/ament_xmllint/xmllint.txt" "--command" "/opt/ros/foxy/bin/ament_xmllint" "--xunit-file" "/home/alumnos/josetost/colcon_ws/src/navigation-grupo-dia-libre-1/build/bt_behavior/test_results/bt_behavior/xmllint.xunit.xml"
Directory: /home/alumnos/josetost/colcon_ws/src/navigation-grupo-dia-libre-1/bt_behavior
"xmllint" start time: Mar 07 10:48 CET
Output:
----------------------------------------------------------
-- run_test.py: invoking following command in '/home/alumnos/josetost/colcon_ws/src/navigation-grupo-dia-libre-1/bt_behavior':
 - /opt/ros/foxy/bin/ament_xmllint --xunit-file /home/alumnos/josetost/colcon_ws/src/navigation-grupo-dia-libre-1/build/bt_behavior/test_results/bt_behavior/xmllint.xunit.xml
File 'package.xml' is valid

File 'behavior_tree_xml/behavior.xml' is valid

No problems found
-- run_test.py: return code 0
-- run_test.py: verify result file '/home/alumnos/josetost/colcon_ws/src/navigation-grupo-dia-libre-1/build/bt_behavior/test_results/bt_behavior/xmllint.xunit.xml'
<end of output>
Test time =   0.74 sec
----------------------------------------------------------
Test Passed.
"xmllint" end time: Mar 07 10:48 CET
"xmllint" time elapsed: 00:00:00
----------------------------------------------------------

9/9 Testing: bt_action_test
9/9 Test: bt_action_test
Command: "/usr/bin/python3" "-u" "/opt/ros/foxy/share/ament_cmake_test/cmake/run_test.py" "/home/alumnos/josetost/colcon_ws/src/navigation-grupo-dia-libre-1/build/bt_behavior/test_results/bt_behavior/bt_action_test.gtest.xml" "--package-name" "bt_behavior" "--output-file" "/home/alumnos/josetost/colcon_ws/src/navigation-grupo-dia-libre-1/build/bt_behavior/ament_cmake_gtest/bt_action_test.txt" "--command" "/home/alumnos/josetost/colcon_ws/src/navigation-grupo-dia-libre-1/build/bt_behavior/tests/bt_action_test" "--gtest_output=xml:/home/alumnos/josetost/colcon_ws/src/navigation-grupo-dia-libre-1/build/bt_behavior/test_results/bt_behavior/bt_action_test.gtest.xml"
Directory: /home/alumnos/josetost/colcon_ws/src/navigation-grupo-dia-libre-1/build/bt_behavior/tests
"bt_action_test" start time: Mar 07 10:48 CET
Output:
----------------------------------------------------------
-- run_test.py: invoking following command in '/home/alumnos/josetost/colcon_ws/src/navigation-grupo-dia-libre-1/build/bt_behavior/tests':
 - /home/alumnos/josetost/colcon_ws/src/navigation-grupo-dia-libre-1/build/bt_behavior/tests/bt_action_test --gtest_output=xml:/home/alumnos/josetost/colcon_ws/src/navigation-grupo-dia-libre-1/build/bt_behavior/test_results/bt_behavior/bt_action_test.gtest.xml
[==========] Running 2 tests from 1 test case.
[----------] Global test environment set-up.
[----------] 2 tests from bt_action
[ RUN      ] bt_action.patrol_btn
unknown file: Failure
C++ exception with description "Could not load library: libbr2_patrol_bt_node.so: cannot open shared object file: No such file or directory" thrown in the test body.
[  FAILED  ] bt_action.patrol_btn (14 ms)
[ RUN      ] bt_action.move_btn
[INFO] [1646646498.008245646] [move_btn_node]: Waiting for "navigate_to_pose" action server
[INFO] [1646646498.008367909] [move_btn_node]: "move" BtActionNode initialized
[INFO] [1646646498.009815765] [move_btn_node]: Waiting for "navigate_to_pose" action server
[INFO] [1646646504.208588145] [move_btn_node]: navigation Suceeded
[       OK ] bt_action.move_btn (6316 ms)
[----------] 2 tests from bt_action (6330 ms total)

[----------] Global test environment tear-down
[==========] 2 tests from 1 test case ran. (6330 ms total)
[  PASSED  ] 1 test.
[  FAILED  ] 1 test, listed below:
[  FAILED  ] bt_action.patrol_btn

 1 FAILED TEST
-- run_test.py: return code 1
-- run_test.py: inject classname prefix into gtest result file '/home/alumnos/josetost/colcon_ws/src/navigation-grupo-dia-libre-1/build/bt_behavior/test_results/bt_behavior/bt_action_test.gtest.xml'
-- run_test.py: verify result file '/home/alumnos/josetost/colcon_ws/src/navigation-grupo-dia-libre-1/build/bt_behavior/test_results/bt_behavior/bt_action_test.gtest.xml'
<end of output>
Test time =   6.46 sec
----------------------------------------------------------
Test Failed.
"bt_action_test" end time: Mar 07 10:48 CET
"bt_action_test" time elapsed: 00:00:06
----------------------------------------------------------

End testing: Mar 07 10:48 CET

copyright =   0.56 sec*proc

cppcheck =   0.56 sec*proc

cpplint =   0.89 sec*proc

flake8 =   0.72 sec*proc

gtest =   6.46 sec*proc

lint_cmake =   0.49 sec*proc

linter =   5.01 sec*proc

pep257 =   0.54 sec*proc

uncrustify =   0.51 sec*proc

xmllint =   0.74 sec*proc

