[0.190s] Invoking command in '/home/alumnos/josetost/colcon_ws/src/navigation-grupo-dia-libre-1/build/bt_behavior': AMENT_PREFIX_PATH=/home/alumnos/josetost/colcon_ws/src/navigation-grupo-dia-libre-1/install/bt_behavior:${AMENT_PREFIX_PATH} CMAKE_PREFIX_PATH=/home/alumnos/josetost/colcon_ws/src/navigation-grupo-dia-libre-1/install/bt_behavior LD_LIBRARY_PATH=/home/alumnos/josetost/colcon_ws/src/navigation-grupo-dia-libre-1/install/bt_behavior/lib:${LD_LIBRARY_PATH} /usr/bin/ctest -C Release -D ExperimentalTest --no-compress-output -V --force-new-ctest-process
[0.198s] UpdateCTestConfiguration  from :/home/alumnos/josetost/colcon_ws/src/navigation-grupo-dia-libre-1/build/bt_behavior/CTestConfiguration.ini
[0.198s] Parse Config file:/home/alumnos/josetost/colcon_ws/src/navigation-grupo-dia-libre-1/build/bt_behavior/CTestConfiguration.ini
[0.199s]    Site: f-l3210-pc24
[0.199s]    Build name: (empty)
[0.199s]  Add coverage exclude regular expressions.
[0.199s] SetCTestConfiguration:CMakeCommand:/usr/bin/cmake
[0.211s] Create new tag: 20220307-0950 - Experimental
[0.212s] UpdateCTestConfiguration  from :/home/alumnos/josetost/colcon_ws/src/navigation-grupo-dia-libre-1/build/bt_behavior/CTestConfiguration.ini
[0.213s] Parse Config file:/home/alumnos/josetost/colcon_ws/src/navigation-grupo-dia-libre-1/build/bt_behavior/CTestConfiguration.ini
[0.213s] Test project /home/alumnos/josetost/colcon_ws/src/navigation-grupo-dia-libre-1/build/bt_behavior
[0.214s] Constructing a list of tests
[0.214s] Done constructing a list of tests
[0.215s] Updating test list for fixtures
[0.215s] Added 0 tests to meet fixture requirements
[0.215s] Checking test dependency graph...
[0.216s] Checking test dependency graph end
[0.216s] test 1
[0.216s]     Start 1: copyright
[0.216s] 
[0.217s] 1: Test command: /usr/bin/python3 "-u" "/opt/ros/foxy/share/ament_cmake_test/cmake/run_test.py" "/home/alumnos/josetost/colcon_ws/src/navigation-grupo-dia-libre-1/build/bt_behavior/test_results/bt_behavior/copyright.xunit.xml" "--package-name" "bt_behavior" "--output-file" "/home/alumnos/josetost/colcon_ws/src/navigation-grupo-dia-libre-1/build/bt_behavior/ament_copyright/copyright.txt" "--command" "/opt/ros/foxy/bin/ament_copyright" "--xunit-file" "/home/alumnos/josetost/colcon_ws/src/navigation-grupo-dia-libre-1/build/bt_behavior/test_results/bt_behavior/copyright.xunit.xml"
[0.217s] 1: Test timeout computed to be: 60
[0.289s] 1: -- run_test.py: invoking following command in '/home/alumnos/josetost/colcon_ws/src/navigation-grupo-dia-libre-1/bt_behavior':
[0.289s] 1:  - /opt/ros/foxy/bin/ament_copyright --xunit-file /home/alumnos/josetost/colcon_ws/src/navigation-grupo-dia-libre-1/build/bt_behavior/test_results/bt_behavior/copyright.xunit.xml
[0.693s] 1: No problems found, checked 12 files
[0.711s] 1: -- run_test.py: return code 0
[0.713s] 1: -- run_test.py: verify result file '/home/alumnos/josetost/colcon_ws/src/navigation-grupo-dia-libre-1/build/bt_behavior/test_results/bt_behavior/copyright.xunit.xml'
[0.726s] 1/9 Test #1: copyright ........................   Passed    0.51 sec
[0.729s] test 2
[0.729s]     Start 2: cppcheck
[0.729s] 
[0.730s] 2: Test command: /usr/bin/python3 "-u" "/opt/ros/foxy/share/ament_cmake_test/cmake/run_test.py" "/home/alumnos/josetost/colcon_ws/src/navigation-grupo-dia-libre-1/build/bt_behavior/test_results/bt_behavior/cppcheck.xunit.xml" "--package-name" "bt_behavior" "--output-file" "/home/alumnos/josetost/colcon_ws/src/navigation-grupo-dia-libre-1/build/bt_behavior/ament_cppcheck/cppcheck.txt" "--command" "/opt/ros/foxy/bin/ament_cppcheck" "--xunit-file" "/home/alumnos/josetost/colcon_ws/src/navigation-grupo-dia-libre-1/build/bt_behavior/test_results/bt_behavior/cppcheck.xunit.xml" "--include_dirs" "/home/alumnos/josetost/colcon_ws/src/navigation-grupo-dia-libre-1/bt_behavior/include"
[0.730s] 2: Test timeout computed to be: 300
[0.796s] 2: -- run_test.py: invoking following command in '/home/alumnos/josetost/colcon_ws/src/navigation-grupo-dia-libre-1/bt_behavior':
[0.797s] 2:  - /opt/ros/foxy/bin/ament_cppcheck --xunit-file /home/alumnos/josetost/colcon_ws/src/navigation-grupo-dia-libre-1/build/bt_behavior/test_results/bt_behavior/cppcheck.xunit.xml --include_dirs /home/alumnos/josetost/colcon_ws/src/navigation-grupo-dia-libre-1/bt_behavior/include
[1.190s] 2: No problems found
[1.207s] 2: -- run_test.py: return code 0
[1.208s] 2: -- run_test.py: verify result file '/home/alumnos/josetost/colcon_ws/src/navigation-grupo-dia-libre-1/build/bt_behavior/test_results/bt_behavior/cppcheck.xunit.xml'
[1.222s] 2/9 Test #2: cppcheck .........................   Passed    0.49 sec
[1.224s] test 3
[1.225s]     Start 3: cpplint
[1.225s] 
[1.226s] 3: Test command: /usr/bin/python3 "-u" "/opt/ros/foxy/share/ament_cmake_test/cmake/run_test.py" "/home/alumnos/josetost/colcon_ws/src/navigation-grupo-dia-libre-1/build/bt_behavior/test_results/bt_behavior/cpplint.xunit.xml" "--package-name" "bt_behavior" "--output-file" "/home/alumnos/josetost/colcon_ws/src/navigation-grupo-dia-libre-1/build/bt_behavior/ament_cpplint/cpplint.txt" "--command" "/opt/ros/foxy/bin/ament_cpplint" "--xunit-file" "/home/alumnos/josetost/colcon_ws/src/navigation-grupo-dia-libre-1/build/bt_behavior/test_results/bt_behavior/cpplint.xunit.xml"
[1.226s] 3: Test timeout computed to be: 120
[1.300s] 3: -- run_test.py: invoking following command in '/home/alumnos/josetost/colcon_ws/src/navigation-grupo-dia-libre-1/bt_behavior':
[1.300s] 3:  - /opt/ros/foxy/bin/ament_cpplint --xunit-file /home/alumnos/josetost/colcon_ws/src/navigation-grupo-dia-libre-1/build/bt_behavior/test_results/bt_behavior/cpplint.xunit.xml
[2.137s] 3: Using '--root=..' argument
[2.138s] 3: 
[2.138s] 3: Done processing /home/alumnos/josetost/colcon_ws/src/navigation-grupo-dia-libre-1/bt_behavior/tests/bt_action_test.cpp
[2.138s] 3: 
[2.138s] 3: Using '--root=/home/alumnos/josetost/colcon_ws/src/navigation-grupo-dia-libre-1/bt_behavior/include' argument
[2.139s] 3: 
[2.139s] 3: Done processing /home/alumnos/josetost/colcon_ws/src/navigation-grupo-dia-libre-1/bt_behavior/include/bt_behavior/GetNextWaypoint.hpp
[2.139s] 3: 
[2.139s] 3: Done processing /home/alumnos/josetost/colcon_ws/src/navigation-grupo-dia-libre-1/bt_behavior/include/bt_behavior/IsRaceFinished.hpp
[2.139s] 3: 
[2.140s] 3: Done processing /home/alumnos/josetost/colcon_ws/src/navigation-grupo-dia-libre-1/bt_behavior/include/bt_behavior/Move.hpp
[2.141s] 3: 
[2.141s] 3: Done processing /home/alumnos/josetost/colcon_ws/src/navigation-grupo-dia-libre-1/bt_behavior/include/bt_behavior/ctrl_support/BTActionNode.hpp
[2.141s] 3: 
[2.141s] 3: Done processing /home/alumnos/josetost/colcon_ws/src/navigation-grupo-dia-libre-1/bt_behavior/include/bt_behavior/ctrl_support/BTLifecycleCtrlNode.hpp
[2.142s] 3: 
[2.142s] 3: Using '--root=/home/alumnos/josetost/colcon_ws/src/navigation-grupo-dia-libre-1/bt_behavior/src' argument
[2.143s] 3: 
[2.144s] 3: Done processing /home/alumnos/josetost/colcon_ws/src/navigation-grupo-dia-libre-1/bt_behavior/src/nav_wp.cpp
[2.144s] 3: 
[2.145s] 3: Done processing /home/alumnos/josetost/colcon_ws/src/navigation-grupo-dia-libre-1/bt_behavior/src/bt_behavior/GetNextWaypoint.cpp
[2.145s] 3: 
[2.146s] 3: Done processing /home/alumnos/josetost/colcon_ws/src/navigation-grupo-dia-libre-1/bt_behavior/src/bt_behavior/IsRaceFinished.cpp
[2.146s] 3: 
[2.146s] 3: Done processing /home/alumnos/josetost/colcon_ws/src/navigation-grupo-dia-libre-1/bt_behavior/src/bt_behavior/Move.cpp
[2.147s] 3: 
[2.147s] 3: No problems found
[2.153s] 3: -- run_test.py: return code 0
[2.155s] 3: -- run_test.py: verify result file '/home/alumnos/josetost/colcon_ws/src/navigation-grupo-dia-libre-1/build/bt_behavior/test_results/bt_behavior/cpplint.xunit.xml'
[2.167s] 3/9 Test #3: cpplint ..........................   Passed    0.94 sec
[2.168s] test 4
[2.169s]     Start 4: flake8
[2.169s] 
[2.170s] 4: Test command: /usr/bin/python3 "-u" "/opt/ros/foxy/share/ament_cmake_test/cmake/run_test.py" "/home/alumnos/josetost/colcon_ws/src/navigation-grupo-dia-libre-1/build/bt_behavior/test_results/bt_behavior/flake8.xunit.xml" "--package-name" "bt_behavior" "--output-file" "/home/alumnos/josetost/colcon_ws/src/navigation-grupo-dia-libre-1/build/bt_behavior/ament_flake8/flake8.txt" "--command" "/opt/ros/foxy/bin/ament_flake8" "--xunit-file" "/home/alumnos/josetost/colcon_ws/src/navigation-grupo-dia-libre-1/build/bt_behavior/test_results/bt_behavior/flake8.xunit.xml"
[2.170s] 4: Test timeout computed to be: 60
[2.246s] 4: -- run_test.py: invoking following command in '/home/alumnos/josetost/colcon_ws/src/navigation-grupo-dia-libre-1/bt_behavior':
[2.246s] 4:  - /opt/ros/foxy/bin/ament_flake8 --xunit-file /home/alumnos/josetost/colcon_ws/src/navigation-grupo-dia-libre-1/build/bt_behavior/test_results/bt_behavior/flake8.xunit.xml
[2.871s] 4: 
[2.871s] 4: 1 files checked
[2.871s] 4: No problems found
[2.872s] 4: 
[2.872s] 4: Checked files:
[2.872s] 4: 
[2.872s] 4: * ./launch/patrolling.launch.py
[2.901s] 4: -- run_test.py: return code 0
[2.903s] 4: -- run_test.py: verify result file '/home/alumnos/josetost/colcon_ws/src/navigation-grupo-dia-libre-1/build/bt_behavior/test_results/bt_behavior/flake8.xunit.xml'
[2.918s] 4/9 Test #4: flake8 ...........................   Passed    0.75 sec
[2.920s] test 5
[2.921s]     Start 5: lint_cmake
[2.921s] 
[2.922s] 5: Test command: /usr/bin/python3 "-u" "/opt/ros/foxy/share/ament_cmake_test/cmake/run_test.py" "/home/alumnos/josetost/colcon_ws/src/navigation-grupo-dia-libre-1/build/bt_behavior/test_results/bt_behavior/lint_cmake.xunit.xml" "--package-name" "bt_behavior" "--output-file" "/home/alumnos/josetost/colcon_ws/src/navigation-grupo-dia-libre-1/build/bt_behavior/ament_lint_cmake/lint_cmake.txt" "--command" "/opt/ros/foxy/bin/ament_lint_cmake" "--xunit-file" "/home/alumnos/josetost/colcon_ws/src/navigation-grupo-dia-libre-1/build/bt_behavior/test_results/bt_behavior/lint_cmake.xunit.xml"
[2.922s] 5: Test timeout computed to be: 60
[2.997s] 5: -- run_test.py: invoking following command in '/home/alumnos/josetost/colcon_ws/src/navigation-grupo-dia-libre-1/bt_behavior':
[2.997s] 5:  - /opt/ros/foxy/bin/ament_lint_cmake --xunit-file /home/alumnos/josetost/colcon_ws/src/navigation-grupo-dia-libre-1/build/bt_behavior/test_results/bt_behavior/lint_cmake.xunit.xml
[3.379s] 5: CMakeLists.txt:40: Line ends in whitespace [whitespace/eol]
[3.379s] 5: 
[3.380s] 5: 
[3.380s] 5: 1 errors
[3.394s] 5: -- run_test.py: return code 1
[3.396s] 5: -- run_test.py: verify result file '/home/alumnos/josetost/colcon_ws/src/navigation-grupo-dia-libre-1/build/bt_behavior/test_results/bt_behavior/lint_cmake.xunit.xml'
[3.409s] 5/9 Test #5: lint_cmake .......................***Failed    0.49 sec
[3.412s] test 6
[3.412s]     Start 6: pep257
[3.413s] 
[3.413s] 6: Test command: /usr/bin/python3 "-u" "/opt/ros/foxy/share/ament_cmake_test/cmake/run_test.py" "/home/alumnos/josetost/colcon_ws/src/navigation-grupo-dia-libre-1/build/bt_behavior/test_results/bt_behavior/pep257.xunit.xml" "--package-name" "bt_behavior" "--output-file" "/home/alumnos/josetost/colcon_ws/src/navigation-grupo-dia-libre-1/build/bt_behavior/ament_pep257/pep257.txt" "--command" "/opt/ros/foxy/bin/ament_pep257" "--xunit-file" "/home/alumnos/josetost/colcon_ws/src/navigation-grupo-dia-libre-1/build/bt_behavior/test_results/bt_behavior/pep257.xunit.xml"
[3.413s] 6: Test timeout computed to be: 60
[3.485s] 6: -- run_test.py: invoking following command in '/home/alumnos/josetost/colcon_ws/src/navigation-grupo-dia-libre-1/bt_behavior':
[3.486s] 6:  - /opt/ros/foxy/bin/ament_pep257 --xunit-file /home/alumnos/josetost/colcon_ws/src/navigation-grupo-dia-libre-1/build/bt_behavior/test_results/bt_behavior/pep257.xunit.xml
[3.961s] 6: checking ./launch/patrolling.launch.py
[3.961s] 6: No problems found
[3.982s] 6: -- run_test.py: return code 0
[3.983s] 6: -- run_test.py: verify result file '/home/alumnos/josetost/colcon_ws/src/navigation-grupo-dia-libre-1/build/bt_behavior/test_results/bt_behavior/pep257.xunit.xml'
[3.997s] 6/9 Test #6: pep257 ...........................   Passed    0.58 sec
[3.999s] test 7
[4.000s]     Start 7: uncrustify
[4.000s] 
[4.001s] 7: Test command: /usr/bin/python3 "-u" "/opt/ros/foxy/share/ament_cmake_test/cmake/run_test.py" "/home/alumnos/josetost/colcon_ws/src/navigation-grupo-dia-libre-1/build/bt_behavior/test_results/bt_behavior/uncrustify.xunit.xml" "--package-name" "bt_behavior" "--output-file" "/home/alumnos/josetost/colcon_ws/src/navigation-grupo-dia-libre-1/build/bt_behavior/ament_uncrustify/uncrustify.txt" "--command" "/opt/ros/foxy/bin/ament_uncrustify" "--xunit-file" "/home/alumnos/josetost/colcon_ws/src/navigation-grupo-dia-libre-1/build/bt_behavior/test_results/bt_behavior/uncrustify.xunit.xml"
[4.002s] 7: Test timeout computed to be: 60
[4.074s] 7: -- run_test.py: invoking following command in '/home/alumnos/josetost/colcon_ws/src/navigation-grupo-dia-libre-1/bt_behavior':
[4.074s] 7:  - /opt/ros/foxy/bin/ament_uncrustify --xunit-file /home/alumnos/josetost/colcon_ws/src/navigation-grupo-dia-libre-1/build/bt_behavior/test_results/bt_behavior/uncrustify.xunit.xml
[4.481s] 7: No code style divergence in file 'include/bt_behavior/GetNextWaypoint.hpp'
[4.481s] 7: 
[4.482s] 7: No code style divergence in file 'include/bt_behavior/IsRaceFinished.hpp'
[4.482s] 7: 
[4.482s] 7: No code style divergence in file 'include/bt_behavior/Move.hpp'
[4.482s] 7: 
[4.482s] 7: No code style divergence in file 'include/bt_behavior/ctrl_support/BTActionNode.hpp'
[4.482s] 7: 
[4.483s] 7: No code style divergence in file 'include/bt_behavior/ctrl_support/BTLifecycleCtrlNode.hpp'
[4.483s] 7: 
[4.483s] 7: No code style divergence in file 'src/bt_behavior/GetNextWaypoint.cpp'
[4.484s] 7: 
[4.484s] 7: No code style divergence in file 'src/bt_behavior/IsRaceFinished.cpp'
[4.484s] 7: 
[4.484s] 7: No code style divergence in file 'src/bt_behavior/Move.cpp'
[4.485s] 7: 
[4.485s] 7: No code style divergence in file 'src/nav_wp.cpp'
[4.485s] 7: 
[4.486s] 7: No code style divergence in file 'tests/bt_action_test.cpp'
[4.486s] 7: 
[4.486s] 7: No problems found
[4.498s] 7: -- run_test.py: return code 0
[4.500s] 7: -- run_test.py: verify result file '/home/alumnos/josetost/colcon_ws/src/navigation-grupo-dia-libre-1/build/bt_behavior/test_results/bt_behavior/uncrustify.xunit.xml'
[4.516s] 7/9 Test #7: uncrustify .......................   Passed    0.52 sec
[4.518s] test 8
[4.519s]     Start 8: xmllint
[4.519s] 
[4.520s] 8: Test command: /usr/bin/python3 "-u" "/opt/ros/foxy/share/ament_cmake_test/cmake/run_test.py" "/home/alumnos/josetost/colcon_ws/src/navigation-grupo-dia-libre-1/build/bt_behavior/test_results/bt_behavior/xmllint.xunit.xml" "--package-name" "bt_behavior" "--output-file" "/home/alumnos/josetost/colcon_ws/src/navigation-grupo-dia-libre-1/build/bt_behavior/ament_xmllint/xmllint.txt" "--command" "/opt/ros/foxy/bin/ament_xmllint" "--xunit-file" "/home/alumnos/josetost/colcon_ws/src/navigation-grupo-dia-libre-1/build/bt_behavior/test_results/bt_behavior/xmllint.xunit.xml"
[4.520s] 8: Test timeout computed to be: 60
[4.602s] 8: -- run_test.py: invoking following command in '/home/alumnos/josetost/colcon_ws/src/navigation-grupo-dia-libre-1/bt_behavior':
[4.602s] 8:  - /opt/ros/foxy/bin/ament_xmllint --xunit-file /home/alumnos/josetost/colcon_ws/src/navigation-grupo-dia-libre-1/build/bt_behavior/test_results/bt_behavior/xmllint.xunit.xml
[5.255s] 8: File 'package.xml' is valid
[5.255s] 8: 
[5.255s] 8: File 'behavior_tree_xml/behavior.xml' is valid
[5.255s] 8: 
[5.256s] 8: No problems found
[5.273s] 8: -- run_test.py: return code 0
[5.275s] 8: -- run_test.py: verify result file '/home/alumnos/josetost/colcon_ws/src/navigation-grupo-dia-libre-1/build/bt_behavior/test_results/bt_behavior/xmllint.xunit.xml'
[5.288s] 8/9 Test #8: xmllint ..........................   Passed    0.77 sec
[5.290s] test 9
[5.291s]     Start 9: bt_action_test
[5.291s] 
[5.291s] 9: Test command: /usr/bin/python3 "-u" "/opt/ros/foxy/share/ament_cmake_test/cmake/run_test.py" "/home/alumnos/josetost/colcon_ws/src/navigation-grupo-dia-libre-1/build/bt_behavior/test_results/bt_behavior/bt_action_test.gtest.xml" "--package-name" "bt_behavior" "--output-file" "/home/alumnos/josetost/colcon_ws/src/navigation-grupo-dia-libre-1/build/bt_behavior/ament_cmake_gtest/bt_action_test.txt" "--command" "/home/alumnos/josetost/colcon_ws/src/navigation-grupo-dia-libre-1/build/bt_behavior/tests/bt_action_test" "--gtest_output=xml:/home/alumnos/josetost/colcon_ws/src/navigation-grupo-dia-libre-1/build/bt_behavior/test_results/bt_behavior/bt_action_test.gtest.xml"
[5.292s] 9: Test timeout computed to be: 60
[5.365s] 9: -- run_test.py: invoking following command in '/home/alumnos/josetost/colcon_ws/src/navigation-grupo-dia-libre-1/build/bt_behavior/tests':
[5.366s] 9:  - /home/alumnos/josetost/colcon_ws/src/navigation-grupo-dia-libre-1/build/bt_behavior/tests/bt_action_test --gtest_output=xml:/home/alumnos/josetost/colcon_ws/src/navigation-grupo-dia-libre-1/build/bt_behavior/test_results/bt_behavior/bt_action_test.gtest.xml
[5.384s] 9: [==========] Running 2 tests from 1 test case.
[5.384s] 9: [----------] Global test environment set-up.
[5.384s] 9: [----------] 2 tests from bt_action
[5.384s] 9: [ RUN      ] bt_action.patrol_btn
[5.397s] 9: unknown file: Failure
[5.397s] 9: C++ exception with description "Could not load library: libbr2_patrol_bt_node.so: cannot open shared object file: No such file or directory" thrown in the test body.
[5.397s] 9: [  FAILED  ] bt_action.patrol_btn (14 ms)
[5.397s] 9: [ RUN      ] bt_action.move_btn
[5.408s] 9: [INFO] [1646646627.138339764] [move_btn_node]: Waiting for "navigate_to_pose" action server
[5.409s] 9: [INFO] [1646646627.138475520] [move_btn_node]: "move" BtActionNode initialized
[5.410s] 9: [INFO] [1646646627.140128602] [move_btn_node]: Waiting for "navigate_to_pose" action server
[11.609s] 9: [INFO] [1646646633.338764294] [move_btn_node]: navigation Suceeded
[11.714s] 9: [       OK ] bt_action.move_btn (6317 ms)
[11.715s] 9: [----------] 2 tests from bt_action (6331 ms total)
[11.715s] 9: 
[11.715s] 9: [----------] Global test environment tear-down
[11.717s] 9: [==========] 2 tests from 1 test case ran. (6331 ms total)
[11.718s] 9: [  PASSED  ] 1 test.
[11.718s] 9: [  FAILED  ] 1 test, listed below:
[11.718s] 9: [  FAILED  ] bt_action.patrol_btn
[11.719s] 9: 
[11.719s] 9:  1 FAILED TEST
[11.721s] 9: -- run_test.py: return code 1
[11.722s] 9: -- run_test.py: inject classname prefix into gtest result file '/home/alumnos/josetost/colcon_ws/src/navigation-grupo-dia-libre-1/build/bt_behavior/test_results/bt_behavior/bt_action_test.gtest.xml'
[11.724s] 9: -- run_test.py: verify result file '/home/alumnos/josetost/colcon_ws/src/navigation-grupo-dia-libre-1/build/bt_behavior/test_results/bt_behavior/bt_action_test.gtest.xml'
[11.735s] 9/9 Test #9: bt_action_test ...................***Failed    6.44 sec
[11.741s] 
[11.741s] 78% tests passed[0;0m, [0;31m2 tests failed[0;0m out of 9
[11.741s] 
[11.741s] Label Time Summary:
[11.742s] copyright     =   0.51 sec*proc (1 test)
[11.745s] cppcheck      =   0.49 sec*proc (1 test)
[11.746s] cpplint       =   0.94 sec*proc (1 test)
[11.746s] flake8        =   0.75 sec*proc (1 test)
[11.746s] gtest         =   6.44 sec*proc (1 test)
[11.746s] lint_cmake    =   0.49 sec*proc (1 test)
[11.747s] linter        =   5.05 sec*proc (8 tests)
[11.747s] pep257        =   0.58 sec*proc (1 test)
[11.748s] uncrustify    =   0.52 sec*proc (1 test)
[11.748s] xmllint       =   0.77 sec*proc (1 test)
[11.748s] 
[11.749s] Total Test time (real) =  11.53 sec
[11.749s] 
[11.749s] The following tests FAILED:
[11.749s] 	[0;31m  5 - lint_cmake (Failed)[0;0m
[11.750s] 	[0;31m  9 - bt_action_test (Failed)[0;0m
[11.801s] Errors while running CTest
[11.803s] Invoked command in '/home/alumnos/josetost/colcon_ws/src/navigation-grupo-dia-libre-1/build/bt_behavior' returned '8': AMENT_PREFIX_PATH=/home/alumnos/josetost/colcon_ws/src/navigation-grupo-dia-libre-1/install/bt_behavior:${AMENT_PREFIX_PATH} CMAKE_PREFIX_PATH=/home/alumnos/josetost/colcon_ws/src/navigation-grupo-dia-libre-1/install/bt_behavior LD_LIBRARY_PATH=/home/alumnos/josetost/colcon_ws/src/navigation-grupo-dia-libre-1/install/bt_behavior/lib:${LD_LIBRARY_PATH} /usr/bin/ctest -C Release -D ExperimentalTest --no-compress-output -V --force-new-ctest-process
