[0.000000] (-) TimerEvent: {}
[0.000328] (bt_behavior) JobQueued: {'identifier': 'bt_behavior', 'dependencies': OrderedDict([('bt_behavior', '/home/alumnos/josetost/colcon_ws/src/navigation-grupo-dia-libre-1/install/bt_behavior')])}
[0.000967] (kobuki_navigation) JobQueued: {'identifier': 'kobuki_navigation', 'dependencies': OrderedDict([('kobuki_navigation', '/home/alumnos/josetost/colcon_ws/src/navigation-grupo-dia-libre-1/install/kobuki_navigation')])}
[0.001047] (bt_behavior) JobStarted: {'identifier': 'bt_behavior'}
[0.099065] (-) TimerEvent: {}
[0.109102] (kobuki_navigation) JobStarted: {'identifier': 'kobuki_navigation'}
[0.161942] (kobuki_navigation) JobEnded: {'identifier': 'kobuki_navigation', 'rc': 0}
[0.167928] (bt_behavior) Command: {'cmd': ['/usr/bin/ctest', '-C', 'Release', '-D', 'ExperimentalTest', '--no-compress-output', '-V', '--force-new-ctest-process'], 'cwd': '/home/alumnos/josetost/colcon_ws/src/navigation-grupo-dia-libre-1/build/bt_behavior', 'env': OrderedDict([('GJS_DEBUG_TOPICS', 'JS ERROR;JS LOG'), ('USER', 'josetost'), ('SSH_AGENT_PID', '101560'), ('XDG_SESSION_TYPE', 'x11'), ('SHLVL', '1'), ('LD_LIBRARY_PATH', '/home/alumnos/josetost/colcon_ws/src/navigation-grupo-dia-libre-1/install/bt_behavior/lib:/usr/lib/x86_64-linux-gnu/gazebo-11/plugins:/opt/ros/foxy/opt/yaml_cpp_vendor/lib:/opt/ros/foxy/opt/rviz_ogre_vendor/lib:/opt/ros/foxy/lib/x86_64-linux-gnu:/opt/ros/foxy/lib'), ('HOME', '/home/alumnos/josetost'), ('OLDPWD', '/home/alumnos/josetost/colcon_ws/src'), ('DESKTOP_SESSION', 'ubuntu'), ('ROS_PYTHON_VERSION', '3'), ('GNOME_SHELL_SESSION_MODE', 'ubuntu'), ('GTK_MODULES', 'gail:atk-bridge'), ('MANAGERPID', '101376'), ('GOROOT', '/usr/lib/go'), ('DBUS_SESSION_BUS_ADDRESS', 'unix:path=/run/user/9374/bus'), ('MESG', 'y'), ('COLORTERM', 'truecolor'), ('MANDATORY_PATH', '/usr/share/gconf/ubuntu.mandatory.path'), ('IM_CONFIG_PHASE', '1'), ('COLCON_PREFIX_PATH', '/home/alumnos/josetost/colcon_ws/install'), ('ROS_DISTRO', 'foxy'), ('LOGNAME', 'josetost'), ('JOURNAL_STREAM', '8:438354'), ('_', '/usr/bin/colcon'), ('ROS_VERSION', '2'), ('XDG_SESSION_CLASS', 'user'), ('DEFAULTS_PATH', '/usr/share/gconf/ubuntu.default.path'), ('USERNAME', 'josetost'), ('TERM', 'xterm-256color'), ('GNOME_DESKTOP_SESSION_ID', 'this-is-deprecated'), ('ROS_LOCALHOST_ONLY', '0'), ('WINDOWPATH', '2'), ('PATH', '/opt/ros/foxy/bin:/usr/local/sbin:/usr/local/bin:/usr/sbin:/usr/bin:/sbin:/bin:/usr/games:/usr/local/games:/usr/lib/go/bin:/opt/puppetlabs/bin/:./'), ('SESSION_MANAGER', 'local/f-l3210-pc24:@/tmp/.ICE-unix/101600,unix/f-l3210-pc24:/tmp/.ICE-unix/101600'), ('INVOCATION_ID', 'efc7516a5ce74a559c7c41caa41e7e04'), ('XDG_MENU_PREFIX', 'gnome-'), ('GNOME_TERMINAL_SCREEN', '/org/gnome/Terminal/screen/3a0758d9_5180_400d_b53e_98a4498e02ac'), ('XDG_RUNTIME_DIR', '/run/user/9374'), ('DISPLAY', ':0'), ('LANG', 'es_ES.UTF-8'), ('XDG_CURRENT_DESKTOP', 'ubuntu:GNOME'), ('XMODIFIERS', '@im=ibus'), ('XDG_SESSION_DESKTOP', 'ubuntu'), ('XAUTHORITY', '/run/user/9374/gdm/Xauthority'), ('GNOME_TERMINAL_SERVICE', ':1.109'), ('SSH_AUTH_SOCK', '/run/user/9374/keyring/ssh'), ('ROS_DOMAIN_ID', '22'), ('AMENT_PREFIX_PATH', '/home/alumnos/josetost/colcon_ws/src/navigation-grupo-dia-libre-1/install/bt_behavior:/opt/ros/foxy'), ('SHELL', '/bin/bash'), ('QT_ACCESSIBILITY', '1'), ('ROS_MASTER_URI', 'http://f-l3202-pc24:11332/'), ('GDMSESSION', 'ubuntu'), ('GPG_AGENT_INFO', '/run/user/9374/gnupg/S.gpg-agent:0:1'), ('GJS_DEBUG_OUTPUT', 'stderr'), ('QT_IM_MODULE', 'ibus'), ('PWD', '/home/alumnos/josetost/colcon_ws/src/navigation-grupo-dia-libre-1/build/bt_behavior'), ('XDG_CONFIG_DIRS', '/etc/xdg/xdg-ubuntu:/etc/xdg'), ('XDG_DATA_DIRS', '/usr/share/ubuntu:/usr/local/share/:/usr/share/'), ('PYTHONPATH', '/opt/ros/foxy/lib/python3.8/site-packages'), ('COLCON', '1'), ('MANPATH', ':/opt/puppetlabs/puppet/share/man'), ('VTE_VERSION', '6003'), ('EDITOR', '/usr/bin/vim'), ('CMAKE_PREFIX_PATH', '/home/alumnos/josetost/colcon_ws/src/navigation-grupo-dia-libre-1/install/bt_behavior')]), 'shell': False}
[0.181881] (bt_behavior) StdoutLine: {'line': b'UpdateCTestConfiguration  from :/home/alumnos/josetost/colcon_ws/src/navigation-grupo-dia-libre-1/build/bt_behavior/CTestConfiguration.ini\n'}
[0.182204] (bt_behavior) StdoutLine: {'line': b'Parse Config file:/home/alumnos/josetost/colcon_ws/src/navigation-grupo-dia-libre-1/build/bt_behavior/CTestConfiguration.ini\n'}
[0.182883] (bt_behavior) StdoutLine: {'line': b'   Site: f-l3210-pc24\n'}
[0.183498] (bt_behavior) StdoutLine: {'line': b'   Build name: (empty)\n'}
[0.183637] (bt_behavior) StdoutLine: {'line': b' Add coverage exclude regular expressions.\n'}
[0.184213] (bt_behavior) StdoutLine: {'line': b'SetCTestConfiguration:CMakeCommand:/usr/bin/cmake\n'}
[0.184364] (bt_behavior) StdoutLine: {'line': b'Create new tag: 20220307-0940 - Experimental\n'}
[0.184738] (bt_behavior) StdoutLine: {'line': b'UpdateCTestConfiguration  from :/home/alumnos/josetost/colcon_ws/src/navigation-grupo-dia-libre-1/build/bt_behavior/CTestConfiguration.ini\n'}
[0.184870] (bt_behavior) StdoutLine: {'line': b'Parse Config file:/home/alumnos/josetost/colcon_ws/src/navigation-grupo-dia-libre-1/build/bt_behavior/CTestConfiguration.ini\n'}
[0.185013] (bt_behavior) StdoutLine: {'line': b'Test project /home/alumnos/josetost/colcon_ws/src/navigation-grupo-dia-libre-1/build/bt_behavior\n'}
[0.185482] (bt_behavior) StdoutLine: {'line': b'Constructing a list of tests\n'}
[0.186552] (bt_behavior) StdoutLine: {'line': b'Done constructing a list of tests\n'}
[0.186744] (bt_behavior) StdoutLine: {'line': b'Updating test list for fixtures\n'}
[0.187205] (bt_behavior) StdoutLine: {'line': b'Added 0 tests to meet fixture requirements\n'}
[0.187759] (bt_behavior) StdoutLine: {'line': b'Checking test dependency graph...\n'}
[0.187996] (bt_behavior) StdoutLine: {'line': b'Checking test dependency graph end\n'}
[0.188615] (bt_behavior) StdoutLine: {'line': b'test 1\n'}
[0.189281] (bt_behavior) StdoutLine: {'line': b'    Start 1: copyright\n'}
[0.189970] (bt_behavior) StdoutLine: {'line': b'\n'}
[0.190189] (bt_behavior) StdoutLine: {'line': b'1: Test command: /usr/bin/python3 "-u" "/opt/ros/foxy/share/ament_cmake_test/cmake/run_test.py" "/home/alumnos/josetost/colcon_ws/src/navigation-grupo-dia-libre-1/build/bt_behavior/test_results/bt_behavior/copyright.xunit.xml" "--package-name" "bt_behavior" "--output-file" "/home/alumnos/josetost/colcon_ws/src/navigation-grupo-dia-libre-1/build/bt_behavior/ament_copyright/copyright.txt" "--command" "/opt/ros/foxy/bin/ament_copyright" "--xunit-file" "/home/alumnos/josetost/colcon_ws/src/navigation-grupo-dia-libre-1/build/bt_behavior/test_results/bt_behavior/copyright.xunit.xml"\n'}
[0.190791] (bt_behavior) StdoutLine: {'line': b'1: Test timeout computed to be: 60\n'}
[0.199181] (-) TimerEvent: {}
[0.271260] (bt_behavior) StdoutLine: {'line': b"1: -- run_test.py: invoking following command in '/home/alumnos/josetost/colcon_ws/src/navigation-grupo-dia-libre-1/bt_behavior':\n"}
[0.271532] (bt_behavior) StdoutLine: {'line': b'1:  - /opt/ros/foxy/bin/ament_copyright --xunit-file /home/alumnos/josetost/colcon_ws/src/navigation-grupo-dia-libre-1/build/bt_behavior/test_results/bt_behavior/copyright.xunit.xml\n'}
[0.299285] (-) TimerEvent: {}
[0.399614] (-) TimerEvent: {}
[0.500002] (-) TimerEvent: {}
[0.600417] (-) TimerEvent: {}
[0.700776] (-) TimerEvent: {}
[0.762194] (bt_behavior) StdoutLine: {'line': b'1: No problems found, checked 12 files\n'}
[0.777175] (bt_behavior) StdoutLine: {'line': b'1: -- run_test.py: return code 0\n'}
[0.778416] (bt_behavior) StdoutLine: {'line': b"1: -- run_test.py: verify result file '/home/alumnos/josetost/colcon_ws/src/navigation-grupo-dia-libre-1/build/bt_behavior/test_results/bt_behavior/copyright.xunit.xml'\n"}
[0.793454] (bt_behavior) StdoutLine: {'line': b'1/9 Test #1: copyright ........................   Passed    0.61 sec\n'}
[0.795981] (bt_behavior) StdoutLine: {'line': b'test 2\n'}
[0.796195] (bt_behavior) StdoutLine: {'line': b'    Start 2: cppcheck\n'}
[0.796964] (bt_behavior) StdoutLine: {'line': b'\n'}
[0.797733] (bt_behavior) StdoutLine: {'line': b'2: Test command: /usr/bin/python3 "-u" "/opt/ros/foxy/share/ament_cmake_test/cmake/run_test.py" "/home/alumnos/josetost/colcon_ws/src/navigation-grupo-dia-libre-1/build/bt_behavior/test_results/bt_behavior/cppcheck.xunit.xml" "--package-name" "bt_behavior" "--output-file" "/home/alumnos/josetost/colcon_ws/src/navigation-grupo-dia-libre-1/build/bt_behavior/ament_cppcheck/cppcheck.txt" "--command" "/opt/ros/foxy/bin/ament_cppcheck" "--xunit-file" "/home/alumnos/josetost/colcon_ws/src/navigation-grupo-dia-libre-1/build/bt_behavior/test_results/bt_behavior/cppcheck.xunit.xml" "--include_dirs" "/home/alumnos/josetost/colcon_ws/src/navigation-grupo-dia-libre-1/bt_behavior/include"\n'}
[0.797927] (bt_behavior) StdoutLine: {'line': b'2: Test timeout computed to be: 300\n'}
[0.800872] (-) TimerEvent: {}
[0.868083] (bt_behavior) StdoutLine: {'line': b"2: -- run_test.py: invoking following command in '/home/alumnos/josetost/colcon_ws/src/navigation-grupo-dia-libre-1/bt_behavior':\n"}
[0.868291] (bt_behavior) StdoutLine: {'line': b'2:  - /opt/ros/foxy/bin/ament_cppcheck --xunit-file /home/alumnos/josetost/colcon_ws/src/navigation-grupo-dia-libre-1/build/bt_behavior/test_results/bt_behavior/cppcheck.xunit.xml --include_dirs /home/alumnos/josetost/colcon_ws/src/navigation-grupo-dia-libre-1/bt_behavior/include\n'}
[0.902274] (-) TimerEvent: {}
[1.002629] (-) TimerEvent: {}
[1.102967] (-) TimerEvent: {}
[1.203280] (-) TimerEvent: {}
[1.303632] (-) TimerEvent: {}
[1.312200] (bt_behavior) StdoutLine: {'line': b'2: No problems found\n'}
[1.329762] (bt_behavior) StdoutLine: {'line': b'2: -- run_test.py: return code 0\n'}
[1.330965] (bt_behavior) StdoutLine: {'line': b"2: -- run_test.py: verify result file '/home/alumnos/josetost/colcon_ws/src/navigation-grupo-dia-libre-1/build/bt_behavior/test_results/bt_behavior/cppcheck.xunit.xml'\n"}
[1.343301] (bt_behavior) StdoutLine: {'line': b'2/9 Test #2: cppcheck .........................   Passed    0.55 sec\n'}
[1.345978] (bt_behavior) StdoutLine: {'line': b'test 3\n'}
[1.346233] (bt_behavior) StdoutLine: {'line': b'    Start 3: cpplint\n'}
[1.346812] (bt_behavior) StdoutLine: {'line': b'\n'}
[1.346985] (bt_behavior) StdoutLine: {'line': b'3: Test command: /usr/bin/python3 "-u" "/opt/ros/foxy/share/ament_cmake_test/cmake/run_test.py" "/home/alumnos/josetost/colcon_ws/src/navigation-grupo-dia-libre-1/build/bt_behavior/test_results/bt_behavior/cpplint.xunit.xml" "--package-name" "bt_behavior" "--output-file" "/home/alumnos/josetost/colcon_ws/src/navigation-grupo-dia-libre-1/build/bt_behavior/ament_cpplint/cpplint.txt" "--command" "/opt/ros/foxy/bin/ament_cpplint" "--xunit-file" "/home/alumnos/josetost/colcon_ws/src/navigation-grupo-dia-libre-1/build/bt_behavior/test_results/bt_behavior/cpplint.xunit.xml"\n'}
[1.347566] (bt_behavior) StdoutLine: {'line': b'3: Test timeout computed to be: 120\n'}
[1.403724] (-) TimerEvent: {}
[1.421185] (bt_behavior) StdoutLine: {'line': b"3: -- run_test.py: invoking following command in '/home/alumnos/josetost/colcon_ws/src/navigation-grupo-dia-libre-1/bt_behavior':\n"}
[1.421419] (bt_behavior) StdoutLine: {'line': b'3:  - /opt/ros/foxy/bin/ament_cpplint --xunit-file /home/alumnos/josetost/colcon_ws/src/navigation-grupo-dia-libre-1/build/bt_behavior/test_results/bt_behavior/cpplint.xunit.xml\n'}
[1.503881] (-) TimerEvent: {}
[1.604195] (-) TimerEvent: {}
[1.704514] (-) TimerEvent: {}
[1.804845] (-) TimerEvent: {}
[1.905159] (-) TimerEvent: {}
[2.005503] (-) TimerEvent: {}
[2.105835] (-) TimerEvent: {}
[2.174133] (bt_behavior) StdoutLine: {'line': b'3: /home/alumnos/josetost/colcon_ws/src/navigation-grupo-dia-libre-1/bt_behavior/include/bt_behavior/GetNextWaypoint.hpp:23:  Found C++ system header after other header. Should be: GetNextWaypoint.h, c system, c++ system, other.  [build/include_order] [4]\n'}
[2.174344] (bt_behavior) StdoutLine: {'line': b'3: /home/alumnos/josetost/colcon_ws/src/navigation-grupo-dia-libre-1/bt_behavior/include/bt_behavior/GetNextWaypoint.hpp:56:  Could not find a newline character at the end of the file.  [whitespace/ending_newline] [5]\n'}
[2.174465] (bt_behavior) StdoutLine: {'line': b'3: /home/alumnos/josetost/colcon_ws/src/navigation-grupo-dia-libre-1/bt_behavior/include/bt_behavior/IsRaceFinished.hpp:26:  Found C++ system header after other header. Should be: IsRaceFinished.h, c system, c++ system, other.  [build/include_order] [4]\n'}
[2.174848] (bt_behavior) StdoutLine: {'line': b'3: /home/alumnos/josetost/colcon_ws/src/navigation-grupo-dia-libre-1/bt_behavior/src/nav_wp.cpp:42:  Add #include <vector> for vector<>  [build/include_what_you_use] [4]\n'}
[2.175030] (bt_behavior) StdoutLine: {'line': b'3: /home/alumnos/josetost/colcon_ws/src/navigation-grupo-dia-libre-1/bt_behavior/src/bt_behavior/GetNextWaypoint.cpp:28:  Found C++ system header after other header. Should be: GetNextWaypoint.h, c system, c++ system, other.  [build/include_order] [4]\n'}
[2.175137] (bt_behavior) StdoutLine: {'line': b'3: /home/alumnos/josetost/colcon_ws/src/navigation-grupo-dia-libre-1/bt_behavior/src/bt_behavior/GetNextWaypoint.cpp:55:  Redundant blank line at the start of a code block should be deleted.  [whitespace/blank_line] [2]\n'}
[2.175241] (bt_behavior) StdoutLine: {'line': b'3: /home/alumnos/josetost/colcon_ws/src/navigation-grupo-dia-libre-1/bt_behavior/src/bt_behavior/GetNextWaypoint.cpp:73:  Redundant blank line at the start of a code block should be deleted.  [whitespace/blank_line] [2]\n'}
[2.175343] (bt_behavior) StdoutLine: {'line': b'3: /home/alumnos/josetost/colcon_ws/src/navigation-grupo-dia-libre-1/bt_behavior/src/bt_behavior/GetNextWaypoint.cpp:115:  Add #include <vector> for vector<>  [build/include_what_you_use] [4]\n'}
[2.175443] (bt_behavior) StdoutLine: {'line': b'3: /home/alumnos/josetost/colcon_ws/src/navigation-grupo-dia-libre-1/bt_behavior/src/bt_behavior/IsRaceFinished.cpp:48:  Redundant blank line at the start of a code block should be deleted.  [whitespace/blank_line] [2]\n'}
[2.175573] (bt_behavior) StdoutLine: {'line': b'3: /home/alumnos/josetost/colcon_ws/src/navigation-grupo-dia-libre-1/bt_behavior/src/bt_behavior/IsRaceFinished.cpp:52:  Add #include <vector> for vector<>  [build/include_what_you_use] [4]\n'}
[2.175957] (bt_behavior) StdoutLine: {'line': b'3: /home/alumnos/josetost/colcon_ws/src/navigation-grupo-dia-libre-1/bt_behavior/src/bt_behavior/Move.cpp:55:  Lines should be <= 100 characters long  [whitespace/line_length] [2]\n'}
[2.176628] (bt_behavior) StdoutLine: {'line': b'3: /home/alumnos/josetost/colcon_ws/src/navigation-grupo-dia-libre-1/bt_behavior/src/bt_behavior/Move.cpp:57:  Should have a space between // and comment  [whitespace/comments] [4]\n'}
[2.176738] (bt_behavior) StdoutLine: {'line': b'3: /home/alumnos/josetost/colcon_ws/src/navigation-grupo-dia-libre-1/bt_behavior/src/bt_behavior/Move.cpp:58:  Should have a space between // and comment  [whitespace/comments] [4]\n'}
[2.177428] (bt_behavior) StdoutLine: {'line': b'3: /home/alumnos/josetost/colcon_ws/src/navigation-grupo-dia-libre-1/bt_behavior/src/bt_behavior/Move.cpp:60:  Should have a space between // and comment  [whitespace/comments] [4]\n'}
[2.177643] (bt_behavior) StdoutLine: {'line': b'3: /home/alumnos/josetost/colcon_ws/src/navigation-grupo-dia-libre-1/bt_behavior/src/bt_behavior/Move.cpp:71:  Lines should be <= 100 characters long  [whitespace/line_length] [2]\n'}
[2.178158] (bt_behavior) StdoutLine: {'line': b'3: /home/alumnos/josetost/colcon_ws/src/navigation-grupo-dia-libre-1/bt_behavior/src/bt_behavior/Move.cpp:71:  Should have a space between // and comment  [whitespace/comments] [4]\n'}
[2.178268] (bt_behavior) StdoutLine: {'line': b'3: /home/alumnos/josetost/colcon_ws/src/navigation-grupo-dia-libre-1/bt_behavior/src/bt_behavior/Move.cpp:73:  Should have a space between // and comment  [whitespace/comments] [4]\n'}
[2.179092] (bt_behavior) StdoutLine: {'line': b'3: /home/alumnos/josetost/colcon_ws/src/navigation-grupo-dia-libre-1/bt_behavior/src/bt_behavior/Move.cpp:74:  Should have a space between // and comment  [whitespace/comments] [4]\n'}
[2.179406] (bt_behavior) StdoutLine: {'line': b'3: /home/alumnos/josetost/colcon_ws/src/navigation-grupo-dia-libre-1/bt_behavior/src/bt_behavior/Move.cpp:76:  Should have a space between // and comment  [whitespace/comments] [4]\n'}
[2.180084] (bt_behavior) StdoutLine: {'line': b'3: /home/alumnos/josetost/colcon_ws/src/navigation-grupo-dia-libre-1/bt_behavior/src/bt_behavior/Move.cpp:87:  Lines should be <= 100 characters long  [whitespace/line_length] [2]\n'}
[2.181078] (bt_behavior) StdoutLine: {'line': b'3: /home/alumnos/josetost/colcon_ws/src/navigation-grupo-dia-libre-1/bt_behavior/src/bt_behavior/Move.cpp:87:  Should have a space between // and comment  [whitespace/comments] [4]\n'}
[2.181256] (bt_behavior) StdoutLine: {'line': b'3: /home/alumnos/josetost/colcon_ws/src/navigation-grupo-dia-libre-1/bt_behavior/src/bt_behavior/Move.cpp:89:  Should have a space between // and comment  [whitespace/comments] [4]\n'}
[2.182107] (bt_behavior) StdoutLine: {'line': b'3: /home/alumnos/josetost/colcon_ws/src/navigation-grupo-dia-libre-1/bt_behavior/src/bt_behavior/Move.cpp:90:  Should have a space between // and comment  [whitespace/comments] [4]\n'}
[2.182290] (bt_behavior) StdoutLine: {'line': b'3: /home/alumnos/josetost/colcon_ws/src/navigation-grupo-dia-libre-1/bt_behavior/src/bt_behavior/Move.cpp:92:  Should have a space between // and comment  [whitespace/comments] [4]\n'}
[2.190145] (bt_behavior) StdoutLine: {'line': b"3: Category 'build/include_order' errors found: 3\n"}
[2.190352] (bt_behavior) StdoutLine: {'line': b"3: Category 'build/include_what_you_use' errors found: 3\n"}
[2.191100] (bt_behavior) StdoutLine: {'line': b"3: Category 'whitespace/blank_line' errors found: 3\n"}
[2.191219] (bt_behavior) StdoutLine: {'line': b"3: Category 'whitespace/comments' errors found: 11\n"}
[2.191323] (bt_behavior) StdoutLine: {'line': b"3: Category 'whitespace/ending_newline' errors found: 1\n"}
[2.191425] (bt_behavior) StdoutLine: {'line': b"3: Category 'whitespace/line_length' errors found: 3\n"}
[2.191523] (bt_behavior) StdoutLine: {'line': b'3: Total errors found: 24\n'}
[2.191620] (bt_behavior) StdoutLine: {'line': b"3: Using '--root=..' argument\n"}
[2.191719] (bt_behavior) StdoutLine: {'line': b'3: \n'}
[2.191876] (bt_behavior) StdoutLine: {'line': b'3: Done processing /home/alumnos/josetost/colcon_ws/src/navigation-grupo-dia-libre-1/bt_behavior/tests/bt_action_test.cpp\n'}
[2.191987] (bt_behavior) StdoutLine: {'line': b'3: \n'}
[2.192579] (bt_behavior) StdoutLine: {'line': b"3: Using '--root=/home/alumnos/josetost/colcon_ws/src/navigation-grupo-dia-libre-1/bt_behavior/include' argument\n"}
[2.192690] (bt_behavior) StdoutLine: {'line': b'3: \n'}
[2.193401] (bt_behavior) StdoutLine: {'line': b'3: Done processing /home/alumnos/josetost/colcon_ws/src/navigation-grupo-dia-libre-1/bt_behavior/include/bt_behavior/GetNextWaypoint.hpp\n'}
[2.193504] (bt_behavior) StdoutLine: {'line': b'3: \n'}
[2.194144] (bt_behavior) StdoutLine: {'line': b'3: Done processing /home/alumnos/josetost/colcon_ws/src/navigation-grupo-dia-libre-1/bt_behavior/include/bt_behavior/IsRaceFinished.hpp\n'}
[2.194277] (bt_behavior) StdoutLine: {'line': b'3: \n'}
[2.194380] (bt_behavior) StdoutLine: {'line': b'3: Done processing /home/alumnos/josetost/colcon_ws/src/navigation-grupo-dia-libre-1/bt_behavior/include/bt_behavior/Move.hpp\n'}
[2.194994] (bt_behavior) StdoutLine: {'line': b'3: \n'}
[2.195144] (bt_behavior) StdoutLine: {'line': b'3: Done processing /home/alumnos/josetost/colcon_ws/src/navigation-grupo-dia-libre-1/bt_behavior/include/bt_behavior/ctrl_support/BTActionNode.hpp\n'}
[2.195648] (bt_behavior) StdoutLine: {'line': b'3: \n'}
[2.195755] (bt_behavior) StdoutLine: {'line': b'3: Done processing /home/alumnos/josetost/colcon_ws/src/navigation-grupo-dia-libre-1/bt_behavior/include/bt_behavior/ctrl_support/BTLifecycleCtrlNode.hpp\n'}
[2.196500] (bt_behavior) StdoutLine: {'line': b'3: \n'}
[2.196627] (bt_behavior) StdoutLine: {'line': b"3: Using '--root=/home/alumnos/josetost/colcon_ws/src/navigation-grupo-dia-libre-1/bt_behavior/src' argument\n"}
[2.197316] (bt_behavior) StdoutLine: {'line': b'3: \n'}
[2.197451] (bt_behavior) StdoutLine: {'line': b'3: Done processing /home/alumnos/josetost/colcon_ws/src/navigation-grupo-dia-libre-1/bt_behavior/src/nav_wp.cpp\n'}
[2.197592] (bt_behavior) StdoutLine: {'line': b'3: \n'}
[2.198181] (bt_behavior) StdoutLine: {'line': b'3: Done processing /home/alumnos/josetost/colcon_ws/src/navigation-grupo-dia-libre-1/bt_behavior/src/bt_behavior/GetNextWaypoint.cpp\n'}
[2.198288] (bt_behavior) StdoutLine: {'line': b'3: \n'}
[2.198408] (bt_behavior) StdoutLine: {'line': b'3: Done processing /home/alumnos/josetost/colcon_ws/src/navigation-grupo-dia-libre-1/bt_behavior/src/bt_behavior/IsRaceFinished.cpp\n'}
[2.199044] (bt_behavior) StdoutLine: {'line': b'3: \n'}
[2.199148] (bt_behavior) StdoutLine: {'line': b'3: Done processing /home/alumnos/josetost/colcon_ws/src/navigation-grupo-dia-libre-1/bt_behavior/src/bt_behavior/Move.cpp\n'}
[2.199253] (bt_behavior) StdoutLine: {'line': b'3: \n'}
[2.199851] (bt_behavior) StdoutLine: {'line': b'3: -- run_test.py: return code 1\n'}
[2.199952] (bt_behavior) StdoutLine: {'line': b"3: -- run_test.py: verify result file '/home/alumnos/josetost/colcon_ws/src/navigation-grupo-dia-libre-1/build/bt_behavior/test_results/bt_behavior/cpplint.xunit.xml'\n"}
[2.203447] (bt_behavior) StdoutLine: {'line': b'3/9 Test #3: cpplint ..........................***Failed    0.86 sec\n'}
[2.204984] (bt_behavior) StdoutLine: {'line': b'test 4\n'}
[2.205638] (bt_behavior) StdoutLine: {'line': b'    Start 4: flake8\n'}
[2.205770] (bt_behavior) StdoutLine: {'line': b'\n'}
[2.206283] (-) TimerEvent: {}
[2.206435] (bt_behavior) StdoutLine: {'line': b'4: Test command: /usr/bin/python3 "-u" "/opt/ros/foxy/share/ament_cmake_test/cmake/run_test.py" "/home/alumnos/josetost/colcon_ws/src/navigation-grupo-dia-libre-1/build/bt_behavior/test_results/bt_behavior/flake8.xunit.xml" "--package-name" "bt_behavior" "--output-file" "/home/alumnos/josetost/colcon_ws/src/navigation-grupo-dia-libre-1/build/bt_behavior/ament_flake8/flake8.txt" "--command" "/opt/ros/foxy/bin/ament_flake8" "--xunit-file" "/home/alumnos/josetost/colcon_ws/src/navigation-grupo-dia-libre-1/build/bt_behavior/test_results/bt_behavior/flake8.xunit.xml"\n'}
[2.206618] (bt_behavior) StdoutLine: {'line': b'4: Test timeout computed to be: 60\n'}
[2.278700] (bt_behavior) StdoutLine: {'line': b"4: -- run_test.py: invoking following command in '/home/alumnos/josetost/colcon_ws/src/navigation-grupo-dia-libre-1/bt_behavior':\n"}
[2.278913] (bt_behavior) StdoutLine: {'line': b'4:  - /opt/ros/foxy/bin/ament_flake8 --xunit-file /home/alumnos/josetost/colcon_ws/src/navigation-grupo-dia-libre-1/build/bt_behavior/test_results/bt_behavior/flake8.xunit.xml\n'}
[2.306387] (-) TimerEvent: {}
[2.406689] (-) TimerEvent: {}
[2.507020] (-) TimerEvent: {}
[2.607361] (-) TimerEvent: {}
[2.707695] (-) TimerEvent: {}
[2.808048] (-) TimerEvent: {}
[2.848639] (bt_behavior) StdoutLine: {'line': b'4: \n'}
[2.848880] (bt_behavior) StdoutLine: {'line': b'4: 1 files checked\n'}
[2.849162] (bt_behavior) StdoutLine: {'line': b'4: No problems found\n'}
[2.849276] (bt_behavior) StdoutLine: {'line': b'4: \n'}
[2.849380] (bt_behavior) StdoutLine: {'line': b'4: Checked files:\n'}
[2.849482] (bt_behavior) StdoutLine: {'line': b'4: \n'}
[2.849583] (bt_behavior) StdoutLine: {'line': b'4: * ./launch/patrolling.launch.py\n'}
[2.875525] (bt_behavior) StdoutLine: {'line': b'4: -- run_test.py: return code 0\n'}
[2.877147] (bt_behavior) StdoutLine: {'line': b"4: -- run_test.py: verify result file '/home/alumnos/josetost/colcon_ws/src/navigation-grupo-dia-libre-1/build/bt_behavior/test_results/bt_behavior/flake8.xunit.xml'\n"}
[2.890799] (bt_behavior) StdoutLine: {'line': b'4/9 Test #4: flake8 ...........................   Passed    0.69 sec\n'}
[2.893417] (bt_behavior) StdoutLine: {'line': b'test 5\n'}
[2.894273] (bt_behavior) StdoutLine: {'line': b'    Start 5: lint_cmake\n'}
[2.894950] (bt_behavior) StdoutLine: {'line': b'\n'}
[2.895623] (bt_behavior) StdoutLine: {'line': b'5: Test command: /usr/bin/python3 "-u" "/opt/ros/foxy/share/ament_cmake_test/cmake/run_test.py" "/home/alumnos/josetost/colcon_ws/src/navigation-grupo-dia-libre-1/build/bt_behavior/test_results/bt_behavior/lint_cmake.xunit.xml" "--package-name" "bt_behavior" "--output-file" "/home/alumnos/josetost/colcon_ws/src/navigation-grupo-dia-libre-1/build/bt_behavior/ament_lint_cmake/lint_cmake.txt" "--command" "/opt/ros/foxy/bin/ament_lint_cmake" "--xunit-file" "/home/alumnos/josetost/colcon_ws/src/navigation-grupo-dia-libre-1/build/bt_behavior/test_results/bt_behavior/lint_cmake.xunit.xml"\n'}
[2.895929] (bt_behavior) StdoutLine: {'line': b'5: Test timeout computed to be: 60\n'}
[2.908160] (-) TimerEvent: {}
[2.975673] (bt_behavior) StdoutLine: {'line': b"5: -- run_test.py: invoking following command in '/home/alumnos/josetost/colcon_ws/src/navigation-grupo-dia-libre-1/bt_behavior':\n"}
[2.975900] (bt_behavior) StdoutLine: {'line': b'5:  - /opt/ros/foxy/bin/ament_lint_cmake --xunit-file /home/alumnos/josetost/colcon_ws/src/navigation-grupo-dia-libre-1/build/bt_behavior/test_results/bt_behavior/lint_cmake.xunit.xml\n'}
[3.008255] (-) TimerEvent: {}
[3.108564] (-) TimerEvent: {}
[3.208894] (-) TimerEvent: {}
[3.309216] (-) TimerEvent: {}
[3.331550] (bt_behavior) StdoutLine: {'line': b'5: CMakeLists.txt:40: Line ends in whitespace [whitespace/eol]\n'}
[3.331769] (bt_behavior) StdoutLine: {'line': b'5: \n'}
[3.331925] (bt_behavior) StdoutLine: {'line': b'5: \n'}
[3.332064] (bt_behavior) StdoutLine: {'line': b'5: 1 errors\n'}
[3.344096] (bt_behavior) StdoutLine: {'line': b'5: -- run_test.py: return code 1\n'}
[3.345458] (bt_behavior) StdoutLine: {'line': b"5: -- run_test.py: verify result file '/home/alumnos/josetost/colcon_ws/src/navigation-grupo-dia-libre-1/build/bt_behavior/test_results/bt_behavior/lint_cmake.xunit.xml'\n"}
[3.356257] (bt_behavior) StdoutLine: {'line': b'5/9 Test #5: lint_cmake .......................***Failed    0.46 sec\n'}
[3.358384] (bt_behavior) StdoutLine: {'line': b'test 6\n'}
[3.358884] (bt_behavior) StdoutLine: {'line': b'    Start 6: pep257\n'}
[3.359016] (bt_behavior) StdoutLine: {'line': b'\n'}
[3.359151] (bt_behavior) StdoutLine: {'line': b'6: Test command: /usr/bin/python3 "-u" "/opt/ros/foxy/share/ament_cmake_test/cmake/run_test.py" "/home/alumnos/josetost/colcon_ws/src/navigation-grupo-dia-libre-1/build/bt_behavior/test_results/bt_behavior/pep257.xunit.xml" "--package-name" "bt_behavior" "--output-file" "/home/alumnos/josetost/colcon_ws/src/navigation-grupo-dia-libre-1/build/bt_behavior/ament_pep257/pep257.txt" "--command" "/opt/ros/foxy/bin/ament_pep257" "--xunit-file" "/home/alumnos/josetost/colcon_ws/src/navigation-grupo-dia-libre-1/build/bt_behavior/test_results/bt_behavior/pep257.xunit.xml"\n'}
[3.359650] (bt_behavior) StdoutLine: {'line': b'6: Test timeout computed to be: 60\n'}
[3.409313] (-) TimerEvent: {}
[3.422115] (bt_behavior) StdoutLine: {'line': b"6: -- run_test.py: invoking following command in '/home/alumnos/josetost/colcon_ws/src/navigation-grupo-dia-libre-1/bt_behavior':\n"}
[3.422304] (bt_behavior) StdoutLine: {'line': b'6:  - /opt/ros/foxy/bin/ament_pep257 --xunit-file /home/alumnos/josetost/colcon_ws/src/navigation-grupo-dia-libre-1/build/bt_behavior/test_results/bt_behavior/pep257.xunit.xml\n'}
[3.509409] (-) TimerEvent: {}
[3.609752] (-) TimerEvent: {}
[3.710042] (-) TimerEvent: {}
[3.810358] (-) TimerEvent: {}
[3.838467] (bt_behavior) StdoutLine: {'line': b'6: checking ./launch/patrolling.launch.py\n'}
[3.838699] (bt_behavior) StdoutLine: {'line': b'6: No problems found\n'}
[3.856375] (bt_behavior) StdoutLine: {'line': b'6: -- run_test.py: return code 0\n'}
[3.857737] (bt_behavior) StdoutLine: {'line': b"6: -- run_test.py: verify result file '/home/alumnos/josetost/colcon_ws/src/navigation-grupo-dia-libre-1/build/bt_behavior/test_results/bt_behavior/pep257.xunit.xml'\n"}
[3.870913] (bt_behavior) StdoutLine: {'line': b'6/9 Test #6: pep257 ...........................   Passed    0.51 sec\n'}
[3.872989] (bt_behavior) StdoutLine: {'line': b'test 7\n'}
[3.873449] (bt_behavior) StdoutLine: {'line': b'    Start 7: uncrustify\n'}
[3.873641] (bt_behavior) StdoutLine: {'line': b'\n'}
[3.874242] (bt_behavior) StdoutLine: {'line': b'7: Test command: /usr/bin/python3 "-u" "/opt/ros/foxy/share/ament_cmake_test/cmake/run_test.py" "/home/alumnos/josetost/colcon_ws/src/navigation-grupo-dia-libre-1/build/bt_behavior/test_results/bt_behavior/uncrustify.xunit.xml" "--package-name" "bt_behavior" "--output-file" "/home/alumnos/josetost/colcon_ws/src/navigation-grupo-dia-libre-1/build/bt_behavior/ament_uncrustify/uncrustify.txt" "--command" "/opt/ros/foxy/bin/ament_uncrustify" "--xunit-file" "/home/alumnos/josetost/colcon_ws/src/navigation-grupo-dia-libre-1/build/bt_behavior/test_results/bt_behavior/uncrustify.xunit.xml"\n'}
[3.874420] (bt_behavior) StdoutLine: {'line': b'7: Test timeout computed to be: 60\n'}
[3.910430] (-) TimerEvent: {}
[3.948881] (bt_behavior) StdoutLine: {'line': b"7: -- run_test.py: invoking following command in '/home/alumnos/josetost/colcon_ws/src/navigation-grupo-dia-libre-1/bt_behavior':\n"}
[3.949214] (bt_behavior) StdoutLine: {'line': b'7:  - /opt/ros/foxy/bin/ament_uncrustify --xunit-file /home/alumnos/josetost/colcon_ws/src/navigation-grupo-dia-libre-1/build/bt_behavior/test_results/bt_behavior/uncrustify.xunit.xml\n'}
[4.010535] (-) TimerEvent: {}
[4.110849] (-) TimerEvent: {}
[4.211200] (-) TimerEvent: {}
[4.311622] (-) TimerEvent: {}
[4.378652] (bt_behavior) StdoutLine: {'line': b"7: Code style divergence in file 'include/bt_behavior/GetNextWaypoint.hpp':\n"}
[4.378976] (bt_behavior) StdoutLine: {'line': b'7: \n'}
[4.379412] (bt_behavior) StdoutLine: {'line': b'7: --- include/bt_behavior/GetNextWaypoint.hpp\n'}
[4.379551] (bt_behavior) StdoutLine: {'line': b'7: +++ include/bt_behavior/GetNextWaypoint.hpp.uncrustify\n'}
[4.379676] (bt_behavior) StdoutLine: {'line': b'7: @@ -56 +56 @@\n'}
[4.379871] (bt_behavior) StdoutLine: {'line': b'7: -#endif  // BT_BEHAVIOR__GETNEXTWAYPOINT_HPP_\n'}
[4.379995] (bt_behavior) StdoutLine: {'line': b'7: +#endif  // BT_BEHAVIOR__GETNEXTWAYPOINT_HPP_\n'}
[4.380618] (bt_behavior) StdoutLine: {'line': b'7: \n'}
[4.380751] (bt_behavior) StdoutLine: {'line': b'7: 1 files with code style divergence\n'}
[4.381232] (bt_behavior) StdoutLine: {'line': b"7: No code style divergence in file 'include/bt_behavior/IsRaceFinished.hpp'\n"}
[4.381356] (bt_behavior) StdoutLine: {'line': b'7: \n'}
[4.381475] (bt_behavior) StdoutLine: {'line': b"7: No code style divergence in file 'include/bt_behavior/Move.hpp'\n"}
[4.382032] (bt_behavior) StdoutLine: {'line': b'7: \n'}
[4.382169] (bt_behavior) StdoutLine: {'line': b"7: No code style divergence in file 'include/bt_behavior/ctrl_support/BTActionNode.hpp'\n"}
[4.382661] (bt_behavior) StdoutLine: {'line': b'7: \n'}
[4.382787] (bt_behavior) StdoutLine: {'line': b"7: No code style divergence in file 'include/bt_behavior/ctrl_support/BTLifecycleCtrlNode.hpp'\n"}
[4.382907] (bt_behavior) StdoutLine: {'line': b'7: \n'}
[4.383025] (bt_behavior) StdoutLine: {'line': b"7: No code style divergence in file 'src/bt_behavior/GetNextWaypoint.cpp'\n"}
[4.383143] (bt_behavior) StdoutLine: {'line': b'7: \n'}
[4.383260] (bt_behavior) StdoutLine: {'line': b"7: No code style divergence in file 'src/bt_behavior/IsRaceFinished.cpp'\n"}
[4.383377] (bt_behavior) StdoutLine: {'line': b'7: \n'}
[4.383492] (bt_behavior) StdoutLine: {'line': b"7: No code style divergence in file 'src/bt_behavior/Move.cpp'\n"}
[4.383608] (bt_behavior) StdoutLine: {'line': b'7: \n'}
[4.383725] (bt_behavior) StdoutLine: {'line': b"7: No code style divergence in file 'src/nav_wp.cpp'\n"}
[4.384186] (bt_behavior) StdoutLine: {'line': b'7: \n'}
[4.384294] (bt_behavior) StdoutLine: {'line': b"7: No code style divergence in file 'tests/bt_action_test.cpp'\n"}
[4.384400] (bt_behavior) StdoutLine: {'line': b'7: \n'}
[4.396261] (bt_behavior) StdoutLine: {'line': b'7: -- run_test.py: return code 1\n'}
[4.397591] (bt_behavior) StdoutLine: {'line': b"7: -- run_test.py: verify result file '/home/alumnos/josetost/colcon_ws/src/navigation-grupo-dia-libre-1/build/bt_behavior/test_results/bt_behavior/uncrustify.xunit.xml'\n"}
[4.411720] (bt_behavior) StdoutLine: {'line': b'7/9 Test #7: uncrustify .......................***Failed    0.54 sec\n'}
[4.412063] (-) TimerEvent: {}
[4.414516] (bt_behavior) StdoutLine: {'line': b'test 8\n'}
[4.414974] (bt_behavior) StdoutLine: {'line': b'    Start 8: xmllint\n'}
[4.415437] (bt_behavior) StdoutLine: {'line': b'\n'}
[4.416229] (bt_behavior) StdoutLine: {'line': b'8: Test command: /usr/bin/python3 "-u" "/opt/ros/foxy/share/ament_cmake_test/cmake/run_test.py" "/home/alumnos/josetost/colcon_ws/src/navigation-grupo-dia-libre-1/build/bt_behavior/test_results/bt_behavior/xmllint.xunit.xml" "--package-name" "bt_behavior" "--output-file" "/home/alumnos/josetost/colcon_ws/src/navigation-grupo-dia-libre-1/build/bt_behavior/ament_xmllint/xmllint.txt" "--command" "/opt/ros/foxy/bin/ament_xmllint" "--xunit-file" "/home/alumnos/josetost/colcon_ws/src/navigation-grupo-dia-libre-1/build/bt_behavior/test_results/bt_behavior/xmllint.xunit.xml"\n'}
[4.417066] (bt_behavior) StdoutLine: {'line': b'8: Test timeout computed to be: 60\n'}
[4.489436] (bt_behavior) StdoutLine: {'line': b"8: -- run_test.py: invoking following command in '/home/alumnos/josetost/colcon_ws/src/navigation-grupo-dia-libre-1/bt_behavior':\n"}
[4.489642] (bt_behavior) StdoutLine: {'line': b'8:  - /opt/ros/foxy/bin/ament_xmllint --xunit-file /home/alumnos/josetost/colcon_ws/src/navigation-grupo-dia-libre-1/build/bt_behavior/test_results/bt_behavior/xmllint.xunit.xml\n'}
[4.512163] (-) TimerEvent: {}
[4.612461] (-) TimerEvent: {}
[4.712782] (-) TimerEvent: {}
[4.813091] (-) TimerEvent: {}
[4.913458] (-) TimerEvent: {}
[5.014010] (-) TimerEvent: {}
[5.114531] (-) TimerEvent: {}
[5.215081] (-) TimerEvent: {}
[5.274364] (bt_behavior) StdoutLine: {'line': b"8: File 'package.xml' is valid\n"}
[5.274598] (bt_behavior) StdoutLine: {'line': b'8: \n'}
[5.274740] (bt_behavior) StdoutLine: {'line': b"8: File 'behavior_tree_xml/behavior.xml' is valid\n"}
[5.274974] (bt_behavior) StdoutLine: {'line': b'8: \n'}
[5.275108] (bt_behavior) StdoutLine: {'line': b'8: No problems found\n'}
[5.289365] (bt_behavior) StdoutLine: {'line': b'8: -- run_test.py: return code 0\n'}
[5.290738] (bt_behavior) StdoutLine: {'line': b"8: -- run_test.py: verify result file '/home/alumnos/josetost/colcon_ws/src/navigation-grupo-dia-libre-1/build/bt_behavior/test_results/bt_behavior/xmllint.xunit.xml'\n"}
[5.301669] (bt_behavior) StdoutLine: {'line': b'8/9 Test #8: xmllint ..........................   Passed    0.89 sec\n'}
[5.303580] (bt_behavior) StdoutLine: {'line': b'test 9\n'}
[5.304101] (bt_behavior) StdoutLine: {'line': b'    Start 9: bt_action_test\n'}
[5.304240] (bt_behavior) StdoutLine: {'line': b'\n'}
[5.304853] (bt_behavior) StdoutLine: {'line': b'9: Test command: /usr/bin/python3 "-u" "/opt/ros/foxy/share/ament_cmake_test/cmake/run_test.py" "/home/alumnos/josetost/colcon_ws/src/navigation-grupo-dia-libre-1/build/bt_behavior/test_results/bt_behavior/bt_action_test.gtest.xml" "--package-name" "bt_behavior" "--output-file" "/home/alumnos/josetost/colcon_ws/src/navigation-grupo-dia-libre-1/build/bt_behavior/ament_cmake_gtest/bt_action_test.txt" "--command" "/home/alumnos/josetost/colcon_ws/src/navigation-grupo-dia-libre-1/build/bt_behavior/tests/bt_action_test" "--gtest_output=xml:/home/alumnos/josetost/colcon_ws/src/navigation-grupo-dia-libre-1/build/bt_behavior/test_results/bt_behavior/bt_action_test.gtest.xml"\n'}
[5.305028] (bt_behavior) StdoutLine: {'line': b'9: Test timeout computed to be: 60\n'}
[5.315153] (-) TimerEvent: {}
[5.375258] (bt_behavior) StdoutLine: {'line': b"9: -- run_test.py: invoking following command in '/home/alumnos/josetost/colcon_ws/src/navigation-grupo-dia-libre-1/build/bt_behavior/tests':\n"}
[5.375533] (bt_behavior) StdoutLine: {'line': b'9:  - /home/alumnos/josetost/colcon_ws/src/navigation-grupo-dia-libre-1/build/bt_behavior/tests/bt_action_test --gtest_output=xml:/home/alumnos/josetost/colcon_ws/src/navigation-grupo-dia-libre-1/build/bt_behavior/test_results/bt_behavior/bt_action_test.gtest.xml\n'}
[5.399223] (bt_behavior) StdoutLine: {'line': b'9: [==========] Running 2 tests from 1 test case.\n'}
[5.399572] (bt_behavior) StdoutLine: {'line': b'9: [----------] Global test environment set-up.\n'}
[5.399733] (bt_behavior) StdoutLine: {'line': b'9: [----------] 2 tests from bt_action\n'}
[5.399918] (bt_behavior) StdoutLine: {'line': b'9: [ RUN      ] bt_action.patrol_btn\n'}
[5.413656] (bt_behavior) StdoutLine: {'line': b'9: unknown file: Failure\n'}
[5.413906] (bt_behavior) StdoutLine: {'line': b'9: C++ exception with description "Could not load library: libbr2_patrol_bt_node.so: cannot open shared object file: No such file or directory" thrown in the test body.\n'}
[5.414016] (bt_behavior) StdoutLine: {'line': b'9: [  FAILED  ] bt_action.patrol_btn (15 ms)\n'}
[5.414134] (bt_behavior) StdoutLine: {'line': b'9: [ RUN      ] bt_action.move_btn\n'}
[5.415221] (-) TimerEvent: {}
[5.424120] (bt_behavior) StdoutLine: {'line': b'9: [INFO] [1646646057.498899500] [move_btn_node]: Waiting for "navigate_to_pose" action server\n'}
[5.424481] (bt_behavior) StdoutLine: {'line': b'9: [INFO] [1646646057.499028834] [move_btn_node]: "move" BtActionNode initialized\n'}
[5.425518] (bt_behavior) StdoutLine: {'line': b'9: [INFO] [1646646057.500447570] [move_btn_node]: Waiting for "navigate_to_pose" action server\n'}
[5.515349] (-) TimerEvent: {}
[5.615671] (-) TimerEvent: {}
[5.716030] (-) TimerEvent: {}
[5.816380] (-) TimerEvent: {}
[5.916703] (-) TimerEvent: {}
[6.017017] (-) TimerEvent: {}
[6.117326] (-) TimerEvent: {}
[6.217635] (-) TimerEvent: {}
[6.318024] (-) TimerEvent: {}
[6.418387] (-) TimerEvent: {}
[6.518761] (-) TimerEvent: {}
[6.614227] (bt_behavior) StdoutLine: {'line': b'9: -- run_test.py: return code -11\n'}
[6.616887] (bt_behavior) StdoutLine: {'line': b"9: -- run_test.py: generate result file '/home/alumnos/josetost/colcon_ws/src/navigation-grupo-dia-libre-1/build/bt_behavior/test_results/bt_behavior/bt_action_test.gtest.xml' with failed test\n"}
[6.618871] (-) TimerEvent: {}
[6.619839] (bt_behavior) StdoutLine: {'line': b"9: -- run_test.py: verify result file '/home/alumnos/josetost/colcon_ws/src/navigation-grupo-dia-libre-1/build/bt_behavior/test_results/bt_behavior/bt_action_test.gtest.xml'\n"}
[6.631591] (bt_behavior) StdoutLine: {'line': b'9/9 Test #9: bt_action_test ...................***Failed    1.33 sec\n'}
[6.637985] (bt_behavior) StdoutLine: {'line': b'\n'}
[6.638543] (bt_behavior) StdoutLine: {'line': b'56% tests passed\x1b[0;0m, \x1b[0;31m4 tests failed\x1b[0;0m out of 9\n'}
[6.638783] (bt_behavior) StdoutLine: {'line': b'\n'}
[6.639023] (bt_behavior) StdoutLine: {'line': b'Label Time Summary:\n'}
[6.639881] (bt_behavior) StdoutLine: {'line': b'copyright     =   0.61 sec*proc (1 test)\n'}
[6.640311] (bt_behavior) StdoutLine: {'line': b'cppcheck      =   0.55 sec*proc (1 test)\n'}
[6.640538] (bt_behavior) StdoutLine: {'line': b'cpplint       =   0.86 sec*proc (1 test)\n'}
[6.641057] (bt_behavior) StdoutLine: {'line': b'flake8        =   0.69 sec*proc (1 test)\n'}
[6.641697] (bt_behavior) StdoutLine: {'line': b'gtest         =   1.33 sec*proc (1 test)\n'}
[6.641979] (bt_behavior) StdoutLine: {'line': b'lint_cmake    =   0.46 sec*proc (1 test)\n'}
[6.642615] (bt_behavior) StdoutLine: {'line': b'linter        =   5.10 sec*proc (8 tests)\n'}
[6.643156] (bt_behavior) StdoutLine: {'line': b'pep257        =   0.51 sec*proc (1 test)\n'}
[6.643792] (bt_behavior) StdoutLine: {'line': b'uncrustify    =   0.54 sec*proc (1 test)\n'}
[6.644698] (bt_behavior) StdoutLine: {'line': b'xmllint       =   0.89 sec*proc (1 test)\n'}
[6.644930] (bt_behavior) StdoutLine: {'line': b'\n'}
[6.645715] (bt_behavior) StdoutLine: {'line': b'Total Test time (real) =   6.45 sec\n'}
[6.646492] (bt_behavior) StdoutLine: {'line': b'\n'}
[6.646727] (bt_behavior) StdoutLine: {'line': b'The following tests FAILED:\n'}
[6.647287] (bt_behavior) StdoutLine: {'line': b'\t\x1b[0;31m  3 - cpplint (Failed)\x1b[0;0m\n'}
[6.647503] (bt_behavior) StdoutLine: {'line': b'\t\x1b[0;31m  5 - lint_cmake (Failed)\x1b[0;0m\n'}
[6.648129] (bt_behavior) StdoutLine: {'line': b'\t\x1b[0;31m  7 - uncrustify (Failed)\x1b[0;0m\n'}
[6.648356] (bt_behavior) StdoutLine: {'line': b'\t\x1b[0;31m  9 - bt_action_test (Failed)\x1b[0;0m\n'}
[6.694660] (bt_behavior) StderrLine: {'line': b'Errors while running CTest\n'}
[6.697391] (bt_behavior) CommandEnded: {'returncode': 8}
[6.698240] (bt_behavior) TestFailure: {'identifier': 'bt_behavior'}
[6.698535] (bt_behavior) JobEnded: {'identifier': 'bt_behavior', 'rc': 0}
[6.704025] (-) EventReactorShutdown: {}
