[0.180s] Invoking command in '/home/alumnos/josetost/colcon_ws/src/navigation-grupo-dia-libre-1/build/bt_behavior': AMENT_PREFIX_PATH=/home/alumnos/josetost/colcon_ws/src/navigation-grupo-dia-libre-1/install/bt_behavior:${AMENT_PREFIX_PATH} CMAKE_PREFIX_PATH=/home/alumnos/josetost/colcon_ws/src/navigation-grupo-dia-libre-1/install/bt_behavior LD_LIBRARY_PATH=/home/alumnos/josetost/colcon_ws/src/navigation-grupo-dia-libre-1/install/bt_behavior/lib:${LD_LIBRARY_PATH} /usr/bin/ctest -C Release -D ExperimentalTest --no-compress-output -V --force-new-ctest-process
[0.189s] UpdateCTestConfiguration  from :/home/alumnos/josetost/colcon_ws/src/navigation-grupo-dia-libre-1/build/bt_behavior/CTestConfiguration.ini
[0.189s] Parse Config file:/home/alumnos/josetost/colcon_ws/src/navigation-grupo-dia-libre-1/build/bt_behavior/CTestConfiguration.ini
[0.189s]    Site: f-l3210-pc24
[0.190s]    Build name: (empty)
[0.190s]  Add coverage exclude regular expressions.
[0.190s] SetCTestConfiguration:CMakeCommand:/usr/bin/cmake
[0.197s] Create new tag: 20220307-0844 - Experimental
[0.201s] UpdateCTestConfiguration  from :/home/alumnos/josetost/colcon_ws/src/navigation-grupo-dia-libre-1/build/bt_behavior/CTestConfiguration.ini
[0.202s] Parse Config file:/home/alumnos/josetost/colcon_ws/src/navigation-grupo-dia-libre-1/build/bt_behavior/CTestConfiguration.ini
[0.202s] Test project /home/alumnos/josetost/colcon_ws/src/navigation-grupo-dia-libre-1/build/bt_behavior
[0.204s] Constructing a list of tests
[0.204s] Done constructing a list of tests
[0.205s] Updating test list for fixtures
[0.205s] Added 0 tests to meet fixture requirements
[0.206s] Checking test dependency graph...
[0.206s] Checking test dependency graph end
[0.207s] test 1
[0.207s]     Start 1: copyright
[0.208s] 
[0.208s] 1: Test command: /usr/bin/python3 "-u" "/opt/ros/foxy/share/ament_cmake_test/cmake/run_test.py" "/home/alumnos/josetost/colcon_ws/src/navigation-grupo-dia-libre-1/build/bt_behavior/test_results/bt_behavior/copyright.xunit.xml" "--package-name" "bt_behavior" "--output-file" "/home/alumnos/josetost/colcon_ws/src/navigation-grupo-dia-libre-1/build/bt_behavior/ament_copyright/copyright.txt" "--command" "/opt/ros/foxy/bin/ament_copyright" "--xunit-file" "/home/alumnos/josetost/colcon_ws/src/navigation-grupo-dia-libre-1/build/bt_behavior/test_results/bt_behavior/copyright.xunit.xml"
[0.209s] 1: Test timeout computed to be: 60
[0.286s] 1: -- run_test.py: invoking following command in '/home/alumnos/josetost/colcon_ws/src/navigation-grupo-dia-libre-1/bt_behavior':
[0.287s] 1:  - /opt/ros/foxy/bin/ament_copyright --xunit-file /home/alumnos/josetost/colcon_ws/src/navigation-grupo-dia-libre-1/build/bt_behavior/test_results/bt_behavior/copyright.xunit.xml
[0.733s] 1: No problems found, checked 12 files
[0.748s] 1: -- run_test.py: return code 0
[0.749s] 1: -- run_test.py: verify result file '/home/alumnos/josetost/colcon_ws/src/navigation-grupo-dia-libre-1/build/bt_behavior/test_results/bt_behavior/copyright.xunit.xml'
[0.764s] 1/9 Test #1: copyright ........................   Passed    0.56 sec
[0.767s] test 2
[0.767s]     Start 2: cppcheck
[0.768s] 
[0.768s] 2: Test command: /usr/bin/python3 "-u" "/opt/ros/foxy/share/ament_cmake_test/cmake/run_test.py" "/home/alumnos/josetost/colcon_ws/src/navigation-grupo-dia-libre-1/build/bt_behavior/test_results/bt_behavior/cppcheck.xunit.xml" "--package-name" "bt_behavior" "--output-file" "/home/alumnos/josetost/colcon_ws/src/navigation-grupo-dia-libre-1/build/bt_behavior/ament_cppcheck/cppcheck.txt" "--command" "/opt/ros/foxy/bin/ament_cppcheck" "--xunit-file" "/home/alumnos/josetost/colcon_ws/src/navigation-grupo-dia-libre-1/build/bt_behavior/test_results/bt_behavior/cppcheck.xunit.xml" "--include_dirs" "/home/alumnos/josetost/colcon_ws/src/navigation-grupo-dia-libre-1/bt_behavior/include"
[0.769s] 2: Test timeout computed to be: 300
[0.846s] 2: -- run_test.py: invoking following command in '/home/alumnos/josetost/colcon_ws/src/navigation-grupo-dia-libre-1/bt_behavior':
[0.846s] 2:  - /opt/ros/foxy/bin/ament_cppcheck --xunit-file /home/alumnos/josetost/colcon_ws/src/navigation-grupo-dia-libre-1/build/bt_behavior/test_results/bt_behavior/cppcheck.xunit.xml --include_dirs /home/alumnos/josetost/colcon_ws/src/navigation-grupo-dia-libre-1/bt_behavior/include
[1.304s] 2: No problems found
[1.324s] 2: -- run_test.py: return code 0
[1.325s] 2: -- run_test.py: verify result file '/home/alumnos/josetost/colcon_ws/src/navigation-grupo-dia-libre-1/build/bt_behavior/test_results/bt_behavior/cppcheck.xunit.xml'
[1.338s] 2/9 Test #2: cppcheck .........................   Passed    0.57 sec
[1.341s] test 3
[1.341s]     Start 3: cpplint
[1.342s] 
[1.343s] 3: Test command: /usr/bin/python3 "-u" "/opt/ros/foxy/share/ament_cmake_test/cmake/run_test.py" "/home/alumnos/josetost/colcon_ws/src/navigation-grupo-dia-libre-1/build/bt_behavior/test_results/bt_behavior/cpplint.xunit.xml" "--package-name" "bt_behavior" "--output-file" "/home/alumnos/josetost/colcon_ws/src/navigation-grupo-dia-libre-1/build/bt_behavior/ament_cpplint/cpplint.txt" "--command" "/opt/ros/foxy/bin/ament_cpplint" "--xunit-file" "/home/alumnos/josetost/colcon_ws/src/navigation-grupo-dia-libre-1/build/bt_behavior/test_results/bt_behavior/cpplint.xunit.xml"
[1.343s] 3: Test timeout computed to be: 120
[1.414s] 3: -- run_test.py: invoking following command in '/home/alumnos/josetost/colcon_ws/src/navigation-grupo-dia-libre-1/bt_behavior':
[1.414s] 3:  - /opt/ros/foxy/bin/ament_cpplint --xunit-file /home/alumnos/josetost/colcon_ws/src/navigation-grupo-dia-libre-1/build/bt_behavior/test_results/bt_behavior/cpplint.xunit.xml
[2.203s] 3: /home/alumnos/josetost/colcon_ws/src/navigation-grupo-dia-libre-1/bt_behavior/include/bt_behavior/GetNextWaypoint.hpp:25:  Found C++ system header after other header. Should be: GetNextWaypoint.h, c system, c++ system, other.  [build/include_order] [4]
[2.203s] 3: /home/alumnos/josetost/colcon_ws/src/navigation-grupo-dia-libre-1/bt_behavior/include/bt_behavior/GetNextWaypoint.hpp:55:  Redundant blank line at the end of a code block should be deleted.  [whitespace/blank_line] [3]
[2.203s] 3: /home/alumnos/josetost/colcon_ws/src/navigation-grupo-dia-libre-1/bt_behavior/include/bt_behavior/IsRaceFinished.hpp:26:  Found C++ system header after other header. Should be: IsRaceFinished.h, c system, c++ system, other.  [build/include_order] [4]
[2.204s] 3: /home/alumnos/josetost/colcon_ws/src/navigation-grupo-dia-libre-1/bt_behavior/src/nav_wp.cpp:32:  Should have a space between // and comment  [whitespace/comments] [4]
[2.204s] 3: /home/alumnos/josetost/colcon_ws/src/navigation-grupo-dia-libre-1/bt_behavior/src/nav_wp.cpp:49:  Should have a space between // and comment  [whitespace/comments] [4]
[2.204s] 3: /home/alumnos/josetost/colcon_ws/src/navigation-grupo-dia-libre-1/bt_behavior/src/nav_wp.cpp:58:  Should have a space between // and comment  [whitespace/comments] [4]
[2.204s] 3: /home/alumnos/josetost/colcon_ws/src/navigation-grupo-dia-libre-1/bt_behavior/src/nav_wp.cpp:63:  Should have a space between // and comment  [whitespace/comments] [4]
[2.204s] 3: /home/alumnos/josetost/colcon_ws/src/navigation-grupo-dia-libre-1/bt_behavior/src/nav_wp.cpp:42:  Add #include <vector> for vector<>  [build/include_what_you_use] [4]
[2.205s] 3: /home/alumnos/josetost/colcon_ws/src/navigation-grupo-dia-libre-1/bt_behavior/src/nav_wp.cpp:94:  Could not find a newline character at the end of the file.  [whitespace/ending_newline] [5]
[2.211s] 3: /home/alumnos/josetost/colcon_ws/src/navigation-grupo-dia-libre-1/bt_behavior/src/bt_behavior/GetNextWaypoint.cpp:27:  "rclcpp/rclcpp.hpp" already included at /home/alumnos/josetost/colcon_ws/src/navigation-grupo-dia-libre-1/bt_behavior/src/bt_behavior/GetNextWaypoint.cpp:24  [build/include] [4]
[2.211s] 3: /home/alumnos/josetost/colcon_ws/src/navigation-grupo-dia-libre-1/bt_behavior/src/bt_behavior/GetNextWaypoint.cpp:29:  Found C++ system header after other header. Should be: GetNextWaypoint.h, c system, c++ system, other.  [build/include_order] [4]
[2.212s] 3: /home/alumnos/josetost/colcon_ws/src/navigation-grupo-dia-libre-1/bt_behavior/src/bt_behavior/GetNextWaypoint.cpp:31:  "nav_msgs/msg/occupancy_grid.hpp" already included at /home/alumnos/josetost/colcon_ws/src/navigation-grupo-dia-libre-1/bt_behavior/src/bt_behavior/GetNextWaypoint.cpp:25  [build/include] [4]
[2.212s] 3: /home/alumnos/josetost/colcon_ws/src/navigation-grupo-dia-libre-1/bt_behavior/src/bt_behavior/GetNextWaypoint.cpp:32:  "std_msgs/msg/string.hpp" already included at /home/alumnos/josetost/colcon_ws/src/navigation-grupo-dia-libre-1/bt_behavior/src/bt_behavior/GetNextWaypoint.cpp:28  [build/include] [4]
[2.213s] 3: /home/alumnos/josetost/colcon_ws/src/navigation-grupo-dia-libre-1/bt_behavior/src/bt_behavior/GetNextWaypoint.cpp:33:  "memory" already included at /home/alumnos/josetost/colcon_ws/src/navigation-grupo-dia-libre-1/bt_behavior/src/bt_behavior/GetNextWaypoint.cpp:29  [build/include] [4]
[2.213s] 3: /home/alumnos/josetost/colcon_ws/src/navigation-grupo-dia-libre-1/bt_behavior/src/bt_behavior/GetNextWaypoint.cpp:36:  Should have a space between // and comment  [whitespace/comments] [4]
[2.214s] 3: /home/alumnos/josetost/colcon_ws/src/navigation-grupo-dia-libre-1/bt_behavior/src/bt_behavior/GetNextWaypoint.cpp:42:  Should have a space between // and comment  [whitespace/comments] [4]
[2.215s] 3: /home/alumnos/josetost/colcon_ws/src/navigation-grupo-dia-libre-1/bt_behavior/src/bt_behavior/GetNextWaypoint.cpp:60:  Redundant blank line at the start of a code block should be deleted.  [whitespace/blank_line] [2]
[2.215s] 3: /home/alumnos/josetost/colcon_ws/src/navigation-grupo-dia-libre-1/bt_behavior/src/bt_behavior/GetNextWaypoint.cpp:61:  Should have a space between // and comment  [whitespace/comments] [4]
[2.219s] 3: /home/alumnos/josetost/colcon_ws/src/navigation-grupo-dia-libre-1/bt_behavior/src/bt_behavior/GetNextWaypoint.cpp:78:  Redundant blank line at the start of a code block should be deleted.  [whitespace/blank_line] [2]
[2.219s] 3: /home/alumnos/josetost/colcon_ws/src/navigation-grupo-dia-libre-1/bt_behavior/src/bt_behavior/GetNextWaypoint.cpp:120:  Add #include <vector> for vector<>  [build/include_what_you_use] [4]
[2.220s] 3: /home/alumnos/josetost/colcon_ws/src/navigation-grupo-dia-libre-1/bt_behavior/src/bt_behavior/IsRaceFinished.cpp:48:  Redundant blank line at the start of a code block should be deleted.  [whitespace/blank_line] [2]
[2.220s] 3: /home/alumnos/josetost/colcon_ws/src/navigation-grupo-dia-libre-1/bt_behavior/src/bt_behavior/IsRaceFinished.cpp:52:  Add #include <vector> for vector<>  [build/include_what_you_use] [4]
[2.220s] 3: /home/alumnos/josetost/colcon_ws/src/navigation-grupo-dia-libre-1/bt_behavior/src/bt_behavior/Move.cpp:55:  Lines should be <= 100 characters long  [whitespace/line_length] [2]
[2.221s] 3: /home/alumnos/josetost/colcon_ws/src/navigation-grupo-dia-libre-1/bt_behavior/src/bt_behavior/Move.cpp:57:  Should have a space between // and comment  [whitespace/comments] [4]
[2.221s] 3: /home/alumnos/josetost/colcon_ws/src/navigation-grupo-dia-libre-1/bt_behavior/src/bt_behavior/Move.cpp:58:  Should have a space between // and comment  [whitespace/comments] [4]
[2.221s] 3: /home/alumnos/josetost/colcon_ws/src/navigation-grupo-dia-libre-1/bt_behavior/src/bt_behavior/Move.cpp:60:  Should have a space between // and comment  [whitespace/comments] [4]
[2.221s] 3: /home/alumnos/josetost/colcon_ws/src/navigation-grupo-dia-libre-1/bt_behavior/src/bt_behavior/Move.cpp:71:  Lines should be <= 100 characters long  [whitespace/line_length] [2]
[2.221s] 3: /home/alumnos/josetost/colcon_ws/src/navigation-grupo-dia-libre-1/bt_behavior/src/bt_behavior/Move.cpp:71:  Should have a space between // and comment  [whitespace/comments] [4]
[2.222s] 3: /home/alumnos/josetost/colcon_ws/src/navigation-grupo-dia-libre-1/bt_behavior/src/bt_behavior/Move.cpp:72:  Line ends in whitespace.  Consider deleting these extra spaces.  [whitespace/end_of_line] [4]
[2.222s] 3: /home/alumnos/josetost/colcon_ws/src/navigation-grupo-dia-libre-1/bt_behavior/src/bt_behavior/Move.cpp:73:  Should have a space between // and comment  [whitespace/comments] [4]
[2.222s] 3: /home/alumnos/josetost/colcon_ws/src/navigation-grupo-dia-libre-1/bt_behavior/src/bt_behavior/Move.cpp:74:  Should have a space between // and comment  [whitespace/comments] [4]
[2.222s] 3: /home/alumnos/josetost/colcon_ws/src/navigation-grupo-dia-libre-1/bt_behavior/src/bt_behavior/Move.cpp:76:  Should have a space between // and comment  [whitespace/comments] [4]
[2.222s] 3: /home/alumnos/josetost/colcon_ws/src/navigation-grupo-dia-libre-1/bt_behavior/src/bt_behavior/Move.cpp:87:  Lines should be <= 100 characters long  [whitespace/line_length] [2]
[2.223s] 3: /home/alumnos/josetost/colcon_ws/src/navigation-grupo-dia-libre-1/bt_behavior/src/bt_behavior/Move.cpp:87:  Should have a space between // and comment  [whitespace/comments] [4]
[2.223s] 3: /home/alumnos/josetost/colcon_ws/src/navigation-grupo-dia-libre-1/bt_behavior/src/bt_behavior/Move.cpp:88:  Line ends in whitespace.  Consider deleting these extra spaces.  [whitespace/end_of_line] [4]
[2.223s] 3: /home/alumnos/josetost/colcon_ws/src/navigation-grupo-dia-libre-1/bt_behavior/src/bt_behavior/Move.cpp:89:  Should have a space between // and comment  [whitespace/comments] [4]
[2.224s] 3: /home/alumnos/josetost/colcon_ws/src/navigation-grupo-dia-libre-1/bt_behavior/src/bt_behavior/Move.cpp:90:  Should have a space between // and comment  [whitespace/comments] [4]
[2.224s] 3: /home/alumnos/josetost/colcon_ws/src/navigation-grupo-dia-libre-1/bt_behavior/src/bt_behavior/Move.cpp:92:  Should have a space between // and comment  [whitespace/comments] [4]
[2.224s] 3: Category 'build/include' errors found: 4
[2.225s] 3: Category 'build/include_order' errors found: 3
[2.225s] 3: Category 'build/include_what_you_use' errors found: 3
[2.225s] 3: Category 'whitespace/blank_line' errors found: 4
[2.225s] 3: Category 'whitespace/comments' errors found: 18
[2.226s] 3: Category 'whitespace/end_of_line' errors found: 2
[2.226s] 3: Category 'whitespace/ending_newline' errors found: 1
[2.226s] 3: Category 'whitespace/line_length' errors found: 3
[2.227s] 3: Total errors found: 38
[2.227s] 3: Using '--root=..' argument
[2.227s] 3: 
[2.228s] 3: Done processing /home/alumnos/josetost/colcon_ws/src/navigation-grupo-dia-libre-1/bt_behavior/tests/bt_action_test.cpp
[2.228s] 3: 
[2.229s] 3: Using '--root=/home/alumnos/josetost/colcon_ws/src/navigation-grupo-dia-libre-1/bt_behavior/include' argument
[2.229s] 3: 
[2.229s] 3: Done processing /home/alumnos/josetost/colcon_ws/src/navigation-grupo-dia-libre-1/bt_behavior/include/bt_behavior/GetNextWaypoint.hpp
[2.230s] 3: 
[2.230s] 3: Done processing /home/alumnos/josetost/colcon_ws/src/navigation-grupo-dia-libre-1/bt_behavior/include/bt_behavior/IsRaceFinished.hpp
[2.231s] 3: 
[2.231s] 3: Done processing /home/alumnos/josetost/colcon_ws/src/navigation-grupo-dia-libre-1/bt_behavior/include/bt_behavior/Move.hpp
[2.231s] 3: 
[2.232s] 3: Done processing /home/alumnos/josetost/colcon_ws/src/navigation-grupo-dia-libre-1/bt_behavior/include/bt_behavior/ctrl_support/BTActionNode.hpp
[2.232s] 3: 
[2.232s] 3: Done processing /home/alumnos/josetost/colcon_ws/src/navigation-grupo-dia-libre-1/bt_behavior/include/bt_behavior/ctrl_support/BTLifecycleCtrlNode.hpp
[2.232s] 3: 
[2.233s] 3: Using '--root=/home/alumnos/josetost/colcon_ws/src/navigation-grupo-dia-libre-1/bt_behavior/src' argument
[2.233s] 3: 
[2.233s] 3: Done processing /home/alumnos/josetost/colcon_ws/src/navigation-grupo-dia-libre-1/bt_behavior/src/nav_wp.cpp
[2.234s] 3: 
[2.234s] 3: Done processing /home/alumnos/josetost/colcon_ws/src/navigation-grupo-dia-libre-1/bt_behavior/src/bt_behavior/GetNextWaypoint.cpp
[2.234s] 3: 
[2.235s] 3: Done processing /home/alumnos/josetost/colcon_ws/src/navigation-grupo-dia-libre-1/bt_behavior/src/bt_behavior/IsRaceFinished.cpp
[2.235s] 3: 
[2.235s] 3: Done processing /home/alumnos/josetost/colcon_ws/src/navigation-grupo-dia-libre-1/bt_behavior/src/bt_behavior/Move.cpp
[2.236s] 3: 
[2.236s] 3: -- run_test.py: return code 1
[2.236s] 3: -- run_test.py: verify result file '/home/alumnos/josetost/colcon_ws/src/navigation-grupo-dia-libre-1/build/bt_behavior/test_results/bt_behavior/cpplint.xunit.xml'
[2.237s] 3/9 Test #3: cpplint ..........................***Failed    0.89 sec
[2.237s] test 4
[2.238s]     Start 4: flake8
[2.238s] 
[2.239s] 4: Test command: /usr/bin/python3 "-u" "/opt/ros/foxy/share/ament_cmake_test/cmake/run_test.py" "/home/alumnos/josetost/colcon_ws/src/navigation-grupo-dia-libre-1/build/bt_behavior/test_results/bt_behavior/flake8.xunit.xml" "--package-name" "bt_behavior" "--output-file" "/home/alumnos/josetost/colcon_ws/src/navigation-grupo-dia-libre-1/build/bt_behavior/ament_flake8/flake8.txt" "--command" "/opt/ros/foxy/bin/ament_flake8" "--xunit-file" "/home/alumnos/josetost/colcon_ws/src/navigation-grupo-dia-libre-1/build/bt_behavior/test_results/bt_behavior/flake8.xunit.xml"
[2.239s] 4: Test timeout computed to be: 60
[2.311s] 4: -- run_test.py: invoking following command in '/home/alumnos/josetost/colcon_ws/src/navigation-grupo-dia-libre-1/bt_behavior':
[2.312s] 4:  - /opt/ros/foxy/bin/ament_flake8 --xunit-file /home/alumnos/josetost/colcon_ws/src/navigation-grupo-dia-libre-1/build/bt_behavior/test_results/bt_behavior/flake8.xunit.xml
[2.931s] 4: 
[2.931s] 4: 1 files checked
[2.931s] 4: No problems found
[2.931s] 4: 
[2.932s] 4: Checked files:
[2.932s] 4: 
[2.932s] 4: * ./launch/patrolling.launch.py
[2.959s] 4: -- run_test.py: return code 0
[2.960s] 4: -- run_test.py: verify result file '/home/alumnos/josetost/colcon_ws/src/navigation-grupo-dia-libre-1/build/bt_behavior/test_results/bt_behavior/flake8.xunit.xml'
[2.974s] 4/9 Test #4: flake8 ...........................   Passed    0.74 sec
[2.977s] test 5
[2.978s]     Start 5: lint_cmake
[2.978s] 
[2.979s] 5: Test command: /usr/bin/python3 "-u" "/opt/ros/foxy/share/ament_cmake_test/cmake/run_test.py" "/home/alumnos/josetost/colcon_ws/src/navigation-grupo-dia-libre-1/build/bt_behavior/test_results/bt_behavior/lint_cmake.xunit.xml" "--package-name" "bt_behavior" "--output-file" "/home/alumnos/josetost/colcon_ws/src/navigation-grupo-dia-libre-1/build/bt_behavior/ament_lint_cmake/lint_cmake.txt" "--command" "/opt/ros/foxy/bin/ament_lint_cmake" "--xunit-file" "/home/alumnos/josetost/colcon_ws/src/navigation-grupo-dia-libre-1/build/bt_behavior/test_results/bt_behavior/lint_cmake.xunit.xml"
[2.979s] 5: Test timeout computed to be: 60
[3.053s] 5: -- run_test.py: invoking following command in '/home/alumnos/josetost/colcon_ws/src/navigation-grupo-dia-libre-1/bt_behavior':
[3.053s] 5:  - /opt/ros/foxy/bin/ament_lint_cmake --xunit-file /home/alumnos/josetost/colcon_ws/src/navigation-grupo-dia-libre-1/build/bt_behavior/test_results/bt_behavior/lint_cmake.xunit.xml
[3.409s] 5: CMakeLists.txt:40: Line ends in whitespace [whitespace/eol]
[3.409s] 5: 
[3.410s] 5: 
[3.410s] 5: 1 errors
[3.421s] 5: -- run_test.py: return code 1
[3.423s] 5: -- run_test.py: verify result file '/home/alumnos/josetost/colcon_ws/src/navigation-grupo-dia-libre-1/build/bt_behavior/test_results/bt_behavior/lint_cmake.xunit.xml'
[3.434s] 5/9 Test #5: lint_cmake .......................***Failed    0.46 sec
[3.436s] test 6
[3.436s]     Start 6: pep257
[3.436s] 
[3.437s] 6: Test command: /usr/bin/python3 "-u" "/opt/ros/foxy/share/ament_cmake_test/cmake/run_test.py" "/home/alumnos/josetost/colcon_ws/src/navigation-grupo-dia-libre-1/build/bt_behavior/test_results/bt_behavior/pep257.xunit.xml" "--package-name" "bt_behavior" "--output-file" "/home/alumnos/josetost/colcon_ws/src/navigation-grupo-dia-libre-1/build/bt_behavior/ament_pep257/pep257.txt" "--command" "/opt/ros/foxy/bin/ament_pep257" "--xunit-file" "/home/alumnos/josetost/colcon_ws/src/navigation-grupo-dia-libre-1/build/bt_behavior/test_results/bt_behavior/pep257.xunit.xml"
[3.437s] 6: Test timeout computed to be: 60
[3.507s] 6: -- run_test.py: invoking following command in '/home/alumnos/josetost/colcon_ws/src/navigation-grupo-dia-libre-1/bt_behavior':
[3.507s] 6:  - /opt/ros/foxy/bin/ament_pep257 --xunit-file /home/alumnos/josetost/colcon_ws/src/navigation-grupo-dia-libre-1/build/bt_behavior/test_results/bt_behavior/pep257.xunit.xml
[3.956s] 6: checking ./launch/patrolling.launch.py
[3.957s] 6: No problems found
[3.977s] 6: -- run_test.py: return code 0
[3.978s] 6: -- run_test.py: verify result file '/home/alumnos/josetost/colcon_ws/src/navigation-grupo-dia-libre-1/build/bt_behavior/test_results/bt_behavior/pep257.xunit.xml'
[3.989s] 6/9 Test #6: pep257 ...........................   Passed    0.55 sec
[3.992s] test 7
[3.992s]     Start 7: uncrustify
[3.992s] 
[3.992s] 7: Test command: /usr/bin/python3 "-u" "/opt/ros/foxy/share/ament_cmake_test/cmake/run_test.py" "/home/alumnos/josetost/colcon_ws/src/navigation-grupo-dia-libre-1/build/bt_behavior/test_results/bt_behavior/uncrustify.xunit.xml" "--package-name" "bt_behavior" "--output-file" "/home/alumnos/josetost/colcon_ws/src/navigation-grupo-dia-libre-1/build/bt_behavior/ament_uncrustify/uncrustify.txt" "--command" "/opt/ros/foxy/bin/ament_uncrustify" "--xunit-file" "/home/alumnos/josetost/colcon_ws/src/navigation-grupo-dia-libre-1/build/bt_behavior/test_results/bt_behavior/uncrustify.xunit.xml"
[3.993s] 7: Test timeout computed to be: 60
[4.069s] 7: -- run_test.py: invoking following command in '/home/alumnos/josetost/colcon_ws/src/navigation-grupo-dia-libre-1/bt_behavior':
[4.069s] 7:  - /opt/ros/foxy/bin/ament_uncrustify --xunit-file /home/alumnos/josetost/colcon_ws/src/navigation-grupo-dia-libre-1/build/bt_behavior/test_results/bt_behavior/uncrustify.xunit.xml
[4.497s] 7: Code style divergence in file 'src/bt_behavior/Move.cpp':
[4.497s] 7: 
[4.498s] 7: --- src/bt_behavior/Move.cpp
[4.498s] 7: +++ src/bt_behavior/Move.cpp.uncrustify
[4.498s] 7: @@ -60 +60 @@
[4.498s] 7: - //success_pub->publish(beep);
[4.498s] 7: +  //success_pub->publish(beep);
[4.498s] 7: @@ -72 +72 @@
[4.499s] 7: - 
[4.499s] 7: +
[4.499s] 7: @@ -88 +88 @@
[4.500s] 7: - 
[4.500s] 7: +
[4.500s] 7: 
[4.501s] 7: Code style divergence in file 'src/nav_wp.cpp':
[4.501s] 7: 
[4.501s] 7: --- src/nav_wp.cpp
[4.501s] 7: +++ src/nav_wp.cpp.uncrustify
[4.502s] 7: @@ -94 +94 @@
[4.502s] 7: -// ros2 run pkg node --ros-args --params-file ruta absoluta
[4.503s] 7: +// ros2 run pkg node --ros-args --params-file ruta absoluta
[4.503s] 7: 
[4.503s] 7: 2 files with code style divergence
[4.503s] 7: No code style divergence in file 'include/bt_behavior/GetNextWaypoint.hpp'
[4.503s] 7: 
[4.504s] 7: No code style divergence in file 'include/bt_behavior/IsRaceFinished.hpp'
[4.504s] 7: 
[4.504s] 7: No code style divergence in file 'include/bt_behavior/Move.hpp'
[4.504s] 7: 
[4.505s] 7: No code style divergence in file 'include/bt_behavior/ctrl_support/BTActionNode.hpp'
[4.505s] 7: 
[4.505s] 7: No code style divergence in file 'include/bt_behavior/ctrl_support/BTLifecycleCtrlNode.hpp'
[4.505s] 7: 
[4.505s] 7: No code style divergence in file 'src/bt_behavior/GetNextWaypoint.cpp'
[4.505s] 7: 
[4.505s] 7: No code style divergence in file 'src/bt_behavior/IsRaceFinished.cpp'
[4.506s] 7: 
[4.506s] 7: No code style divergence in file 'tests/bt_action_test.cpp'
[4.506s] 7: 
[4.514s] 7: -- run_test.py: return code 1
[4.515s] 7: -- run_test.py: verify result file '/home/alumnos/josetost/colcon_ws/src/navigation-grupo-dia-libre-1/build/bt_behavior/test_results/bt_behavior/uncrustify.xunit.xml'
[4.526s] 7/9 Test #7: uncrustify .......................***Failed    0.53 sec
[4.528s] test 8
[4.529s]     Start 8: xmllint
[4.529s] 
[4.530s] 8: Test command: /usr/bin/python3 "-u" "/opt/ros/foxy/share/ament_cmake_test/cmake/run_test.py" "/home/alumnos/josetost/colcon_ws/src/navigation-grupo-dia-libre-1/build/bt_behavior/test_results/bt_behavior/xmllint.xunit.xml" "--package-name" "bt_behavior" "--output-file" "/home/alumnos/josetost/colcon_ws/src/navigation-grupo-dia-libre-1/build/bt_behavior/ament_xmllint/xmllint.txt" "--command" "/opt/ros/foxy/bin/ament_xmllint" "--xunit-file" "/home/alumnos/josetost/colcon_ws/src/navigation-grupo-dia-libre-1/build/bt_behavior/test_results/bt_behavior/xmllint.xunit.xml"
[4.530s] 8: Test timeout computed to be: 60
[4.602s] 8: -- run_test.py: invoking following command in '/home/alumnos/josetost/colcon_ws/src/navigation-grupo-dia-libre-1/bt_behavior':
[4.603s] 8:  - /opt/ros/foxy/bin/ament_xmllint --xunit-file /home/alumnos/josetost/colcon_ws/src/navigation-grupo-dia-libre-1/build/bt_behavior/test_results/bt_behavior/xmllint.xunit.xml
[5.279s] 8: File 'package.xml' is valid
[5.279s] 8: 
[5.280s] 8: File 'behavior_tree_xml/behavior.xml' is valid
[5.281s] 8: 
[5.281s] 8: No problems found
[5.297s] 8: -- run_test.py: return code 0
[5.299s] 8: -- run_test.py: verify result file '/home/alumnos/josetost/colcon_ws/src/navigation-grupo-dia-libre-1/build/bt_behavior/test_results/bt_behavior/xmllint.xunit.xml'
[5.312s] 8/9 Test #8: xmllint ..........................   Passed    0.78 sec
[5.314s] test 9
[5.314s]     Start 9: bt_action_test
[5.314s] 
[5.314s] 9: Test command: /usr/bin/python3 "-u" "/opt/ros/foxy/share/ament_cmake_test/cmake/run_test.py" "/home/alumnos/josetost/colcon_ws/src/navigation-grupo-dia-libre-1/build/bt_behavior/test_results/bt_behavior/bt_action_test.gtest.xml" "--package-name" "bt_behavior" "--output-file" "/home/alumnos/josetost/colcon_ws/src/navigation-grupo-dia-libre-1/build/bt_behavior/ament_cmake_gtest/bt_action_test.txt" "--command" "/home/alumnos/josetost/colcon_ws/src/navigation-grupo-dia-libre-1/build/bt_behavior/tests/bt_action_test" "--gtest_output=xml:/home/alumnos/josetost/colcon_ws/src/navigation-grupo-dia-libre-1/build/bt_behavior/test_results/bt_behavior/bt_action_test.gtest.xml"
[5.315s] 9: Test timeout computed to be: 60
[5.390s] 9: -- run_test.py: invoking following command in '/home/alumnos/josetost/colcon_ws/src/navigation-grupo-dia-libre-1/build/bt_behavior/tests':
[5.390s] 9:  - /home/alumnos/josetost/colcon_ws/src/navigation-grupo-dia-libre-1/build/bt_behavior/tests/bt_action_test --gtest_output=xml:/home/alumnos/josetost/colcon_ws/src/navigation-grupo-dia-libre-1/build/bt_behavior/test_results/bt_behavior/bt_action_test.gtest.xml
[5.411s] 9: [==========] Running 2 tests from 1 test case.
[5.411s] 9: [----------] Global test environment set-up.
[5.412s] 9: [----------] 2 tests from bt_action
[5.412s] 9: [ RUN      ] bt_action.patrol_btn
[5.424s] 9: unknown file: Failure
[5.424s] 9: C++ exception with description "Could not load library: libbr2_patrol_bt_node.so: cannot open shared object file: No such file or directory" thrown in the test body.
[5.424s] 9: [  FAILED  ] bt_action.patrol_btn (12 ms)
[5.424s] 9: [ RUN      ] bt_action.move_btn
[5.433s] 9: [INFO] [1646642703.353706313] [move_btn_node]: Waiting for "navigate_to_pose" action server
[5.433s] 9: [INFO] [1646642703.353829336] [move_btn_node]: "move" BtActionNode initialized
[5.435s] 9: [INFO] [1646642703.355248205] [move_btn_node]: Waiting for "navigate_to_pose" action server
[11.634s] 9: [INFO] [1646642709.554041972] [move_btn_node]: navigation Suceeded
[11.738s] 9: [       OK ] bt_action.move_btn (6315 ms)
[11.738s] 9: [----------] 2 tests from bt_action (6327 ms total)
[11.738s] 9: 
[11.738s] 9: [----------] Global test environment tear-down
[11.741s] 9: [==========] 2 tests from 1 test case ran. (6327 ms total)
[11.741s] 9: [  PASSED  ] 1 test.
[11.741s] 9: [  FAILED  ] 1 test, listed below:
[11.742s] 9: [  FAILED  ] bt_action.patrol_btn
[11.742s] 9: 
[11.743s] 9:  1 FAILED TEST
[11.744s] 9: -- run_test.py: return code 1
[11.746s] 9: -- run_test.py: inject classname prefix into gtest result file '/home/alumnos/josetost/colcon_ws/src/navigation-grupo-dia-libre-1/build/bt_behavior/test_results/bt_behavior/bt_action_test.gtest.xml'
[11.747s] 9: -- run_test.py: verify result file '/home/alumnos/josetost/colcon_ws/src/navigation-grupo-dia-libre-1/build/bt_behavior/test_results/bt_behavior/bt_action_test.gtest.xml'
[11.758s] 9/9 Test #9: bt_action_test ...................***Failed    6.44 sec
[11.764s] 
[11.764s] 56% tests passed[0;0m, [0;31m4 tests failed[0;0m out of 9
[11.764s] 
[11.764s] Label Time Summary:
[11.764s] copyright     =   0.56 sec*proc (1 test)
[11.765s] cppcheck      =   0.57 sec*proc (1 test)
[11.769s] cpplint       =   0.89 sec*proc (1 test)
[11.769s] flake8        =   0.74 sec*proc (1 test)
[11.769s] gtest         =   6.44 sec*proc (1 test)
[11.769s] lint_cmake    =   0.46 sec*proc (1 test)
[11.770s] linter        =   5.09 sec*proc (8 tests)
[11.770s] pep257        =   0.55 sec*proc (1 test)
[11.770s] uncrustify    =   0.53 sec*proc (1 test)
[11.771s] xmllint       =   0.78 sec*proc (1 test)
[11.771s] 
[11.771s] Total Test time (real) =  11.57 sec
[11.772s] 
[11.772s] The following tests FAILED:
[11.772s] 	[0;31m  3 - cpplint (Failed)[0;0m
[11.772s] 	[0;31m  5 - lint_cmake (Failed)[0;0m
[11.776s] 	[0;31m  7 - uncrustify (Failed)[0;0m
[11.776s] 	[0;31m  9 - bt_action_test (Failed)[0;0m
[11.810s] Errors while running CTest
[11.813s] Invoked command in '/home/alumnos/josetost/colcon_ws/src/navigation-grupo-dia-libre-1/build/bt_behavior' returned '8': AMENT_PREFIX_PATH=/home/alumnos/josetost/colcon_ws/src/navigation-grupo-dia-libre-1/install/bt_behavior:${AMENT_PREFIX_PATH} CMAKE_PREFIX_PATH=/home/alumnos/josetost/colcon_ws/src/navigation-grupo-dia-libre-1/install/bt_behavior LD_LIBRARY_PATH=/home/alumnos/josetost/colcon_ws/src/navigation-grupo-dia-libre-1/install/bt_behavior/lib:${LD_LIBRARY_PATH} /usr/bin/ctest -C Release -D ExperimentalTest --no-compress-output -V --force-new-ctest-process
