[0.179s] Invoking command in '/home/alumnos/josetost/colcon_ws/src/navigation-grupo-dia-libre-1/build/bt_behavior': AMENT_PREFIX_PATH=/home/alumnos/josetost/colcon_ws/src/navigation-grupo-dia-libre-1/install/bt_behavior:${AMENT_PREFIX_PATH} CMAKE_PREFIX_PATH=/home/alumnos/josetost/colcon_ws/src/navigation-grupo-dia-libre-1/install/bt_behavior LD_LIBRARY_PATH=/home/alumnos/josetost/colcon_ws/src/navigation-grupo-dia-libre-1/install/bt_behavior/lib:${LD_LIBRARY_PATH} /usr/bin/ctest -C Release -D ExperimentalTest --no-compress-output -V --force-new-ctest-process
[0.193s] UpdateCTestConfiguration  from :/home/alumnos/josetost/colcon_ws/src/navigation-grupo-dia-libre-1/build/bt_behavior/CTestConfiguration.ini
[0.194s] Parse Config file:/home/alumnos/josetost/colcon_ws/src/navigation-grupo-dia-libre-1/build/bt_behavior/CTestConfiguration.ini
[0.194s]    Site: f-l3210-pc24
[0.199s]    Build name: (empty)
[0.203s]  Add coverage exclude regular expressions.
[0.203s] SetCTestConfiguration:CMakeCommand:/usr/bin/cmake
[0.204s] Create new tag: 20220307-0843 - Experimental
[0.205s] UpdateCTestConfiguration  from :/home/alumnos/josetost/colcon_ws/src/navigation-grupo-dia-libre-1/build/bt_behavior/CTestConfiguration.ini
[0.206s] Parse Config file:/home/alumnos/josetost/colcon_ws/src/navigation-grupo-dia-libre-1/build/bt_behavior/CTestConfiguration.ini
[0.206s] Test project /home/alumnos/josetost/colcon_ws/src/navigation-grupo-dia-libre-1/build/bt_behavior
[0.207s] Constructing a list of tests
[0.207s] Done constructing a list of tests
[0.207s] Updating test list for fixtures
[0.208s] Added 0 tests to meet fixture requirements
[0.208s] Checking test dependency graph...
[0.209s] Checking test dependency graph end
[0.210s] test 1
[0.210s]     Start 1: copyright
[0.211s] 
[0.211s] 1: Test command: /usr/bin/python3 "-u" "/opt/ros/foxy/share/ament_cmake_test/cmake/run_test.py" "/home/alumnos/josetost/colcon_ws/src/navigation-grupo-dia-libre-1/build/bt_behavior/test_results/bt_behavior/copyright.xunit.xml" "--package-name" "bt_behavior" "--output-file" "/home/alumnos/josetost/colcon_ws/src/navigation-grupo-dia-libre-1/build/bt_behavior/ament_copyright/copyright.txt" "--command" "/opt/ros/foxy/bin/ament_copyright" "--xunit-file" "/home/alumnos/josetost/colcon_ws/src/navigation-grupo-dia-libre-1/build/bt_behavior/test_results/bt_behavior/copyright.xunit.xml"
[0.211s] 1: Test timeout computed to be: 60
[0.278s] 1: -- run_test.py: invoking following command in '/home/alumnos/josetost/colcon_ws/src/navigation-grupo-dia-libre-1/bt_behavior':
[0.278s] 1:  - /opt/ros/foxy/bin/ament_copyright --xunit-file /home/alumnos/josetost/colcon_ws/src/navigation-grupo-dia-libre-1/build/bt_behavior/test_results/bt_behavior/copyright.xunit.xml
[0.733s] 1: No problems found, checked 12 files
[0.749s] 1: -- run_test.py: return code 0
[0.750s] 1: -- run_test.py: verify result file '/home/alumnos/josetost/colcon_ws/src/navigation-grupo-dia-libre-1/build/bt_behavior/test_results/bt_behavior/copyright.xunit.xml'
[0.763s] 1/9 Test #1: copyright ........................   Passed    0.56 sec
[0.765s] test 2
[0.766s]     Start 2: cppcheck
[0.767s] 
[0.768s] 2: Test command: /usr/bin/python3 "-u" "/opt/ros/foxy/share/ament_cmake_test/cmake/run_test.py" "/home/alumnos/josetost/colcon_ws/src/navigation-grupo-dia-libre-1/build/bt_behavior/test_results/bt_behavior/cppcheck.xunit.xml" "--package-name" "bt_behavior" "--output-file" "/home/alumnos/josetost/colcon_ws/src/navigation-grupo-dia-libre-1/build/bt_behavior/ament_cppcheck/cppcheck.txt" "--command" "/opt/ros/foxy/bin/ament_cppcheck" "--xunit-file" "/home/alumnos/josetost/colcon_ws/src/navigation-grupo-dia-libre-1/build/bt_behavior/test_results/bt_behavior/cppcheck.xunit.xml" "--include_dirs" "/home/alumnos/josetost/colcon_ws/src/navigation-grupo-dia-libre-1/bt_behavior/include"
[0.768s] 2: Test timeout computed to be: 300
[0.838s] 2: -- run_test.py: invoking following command in '/home/alumnos/josetost/colcon_ws/src/navigation-grupo-dia-libre-1/bt_behavior':
[0.839s] 2:  - /opt/ros/foxy/bin/ament_cppcheck --xunit-file /home/alumnos/josetost/colcon_ws/src/navigation-grupo-dia-libre-1/build/bt_behavior/test_results/bt_behavior/cppcheck.xunit.xml --include_dirs /home/alumnos/josetost/colcon_ws/src/navigation-grupo-dia-libre-1/bt_behavior/include
[1.276s] 2: No problems found
[1.296s] 2: -- run_test.py: return code 0
[1.297s] 2: -- run_test.py: verify result file '/home/alumnos/josetost/colcon_ws/src/navigation-grupo-dia-libre-1/build/bt_behavior/test_results/bt_behavior/cppcheck.xunit.xml'
[1.310s] 2/9 Test #2: cppcheck .........................   Passed    0.54 sec
[1.312s] test 3
[1.313s]     Start 3: cpplint
[1.313s] 
[1.314s] 3: Test command: /usr/bin/python3 "-u" "/opt/ros/foxy/share/ament_cmake_test/cmake/run_test.py" "/home/alumnos/josetost/colcon_ws/src/navigation-grupo-dia-libre-1/build/bt_behavior/test_results/bt_behavior/cpplint.xunit.xml" "--package-name" "bt_behavior" "--output-file" "/home/alumnos/josetost/colcon_ws/src/navigation-grupo-dia-libre-1/build/bt_behavior/ament_cpplint/cpplint.txt" "--command" "/opt/ros/foxy/bin/ament_cpplint" "--xunit-file" "/home/alumnos/josetost/colcon_ws/src/navigation-grupo-dia-libre-1/build/bt_behavior/test_results/bt_behavior/cpplint.xunit.xml"
[1.314s] 3: Test timeout computed to be: 120
[1.387s] 3: -- run_test.py: invoking following command in '/home/alumnos/josetost/colcon_ws/src/navigation-grupo-dia-libre-1/bt_behavior':
[1.388s] 3:  - /opt/ros/foxy/bin/ament_cpplint --xunit-file /home/alumnos/josetost/colcon_ws/src/navigation-grupo-dia-libre-1/build/bt_behavior/test_results/bt_behavior/cpplint.xunit.xml
[2.170s] 3: /home/alumnos/josetost/colcon_ws/src/navigation-grupo-dia-libre-1/bt_behavior/include/bt_behavior/GetNextWaypoint.hpp:25:  Found C++ system header after other header. Should be: GetNextWaypoint.h, c system, c++ system, other.  [build/include_order] [4]
[2.170s] 3: /home/alumnos/josetost/colcon_ws/src/navigation-grupo-dia-libre-1/bt_behavior/include/bt_behavior/GetNextWaypoint.hpp:55:  Redundant blank line at the end of a code block should be deleted.  [whitespace/blank_line] [3]
[2.170s] 3: /home/alumnos/josetost/colcon_ws/src/navigation-grupo-dia-libre-1/bt_behavior/include/bt_behavior/IsRaceFinished.hpp:26:  Found C++ system header after other header. Should be: IsRaceFinished.h, c system, c++ system, other.  [build/include_order] [4]
[2.170s] 3: /home/alumnos/josetost/colcon_ws/src/navigation-grupo-dia-libre-1/bt_behavior/src/nav_wp.cpp:32:  Should have a space between // and comment  [whitespace/comments] [4]
[2.171s] 3: /home/alumnos/josetost/colcon_ws/src/navigation-grupo-dia-libre-1/bt_behavior/src/nav_wp.cpp:49:  Should have a space between // and comment  [whitespace/comments] [4]
[2.171s] 3: /home/alumnos/josetost/colcon_ws/src/navigation-grupo-dia-libre-1/bt_behavior/src/nav_wp.cpp:58:  Should have a space between // and comment  [whitespace/comments] [4]
[2.171s] 3: /home/alumnos/josetost/colcon_ws/src/navigation-grupo-dia-libre-1/bt_behavior/src/nav_wp.cpp:63:  Should have a space between // and comment  [whitespace/comments] [4]
[2.171s] 3: /home/alumnos/josetost/colcon_ws/src/navigation-grupo-dia-libre-1/bt_behavior/src/nav_wp.cpp:42:  Add #include <vector> for vector<>  [build/include_what_you_use] [4]
[2.171s] 3: /home/alumnos/josetost/colcon_ws/src/navigation-grupo-dia-libre-1/bt_behavior/src/nav_wp.cpp:94:  Could not find a newline character at the end of the file.  [whitespace/ending_newline] [5]
[2.171s] 3: /home/alumnos/josetost/colcon_ws/src/navigation-grupo-dia-libre-1/bt_behavior/src/bt_behavior/GetNextWaypoint.cpp:27:  "rclcpp/rclcpp.hpp" already included at /home/alumnos/josetost/colcon_ws/src/navigation-grupo-dia-libre-1/bt_behavior/src/bt_behavior/GetNextWaypoint.cpp:24  [build/include] [4]
[2.172s] 3: /home/alumnos/josetost/colcon_ws/src/navigation-grupo-dia-libre-1/bt_behavior/src/bt_behavior/GetNextWaypoint.cpp:29:  Found C++ system header after other header. Should be: GetNextWaypoint.h, c system, c++ system, other.  [build/include_order] [4]
[2.172s] 3: /home/alumnos/josetost/colcon_ws/src/navigation-grupo-dia-libre-1/bt_behavior/src/bt_behavior/GetNextWaypoint.cpp:31:  "nav_msgs/msg/occupancy_grid.hpp" already included at /home/alumnos/josetost/colcon_ws/src/navigation-grupo-dia-libre-1/bt_behavior/src/bt_behavior/GetNextWaypoint.cpp:25  [build/include] [4]
[2.172s] 3: /home/alumnos/josetost/colcon_ws/src/navigation-grupo-dia-libre-1/bt_behavior/src/bt_behavior/GetNextWaypoint.cpp:32:  "std_msgs/msg/string.hpp" already included at /home/alumnos/josetost/colcon_ws/src/navigation-grupo-dia-libre-1/bt_behavior/src/bt_behavior/GetNextWaypoint.cpp:28  [build/include] [4]
[2.173s] 3: /home/alumnos/josetost/colcon_ws/src/navigation-grupo-dia-libre-1/bt_behavior/src/bt_behavior/GetNextWaypoint.cpp:33:  "memory" already included at /home/alumnos/josetost/colcon_ws/src/navigation-grupo-dia-libre-1/bt_behavior/src/bt_behavior/GetNextWaypoint.cpp:29  [build/include] [4]
[2.173s] 3: /home/alumnos/josetost/colcon_ws/src/navigation-grupo-dia-libre-1/bt_behavior/src/bt_behavior/GetNextWaypoint.cpp:36:  Should have a space between // and comment  [whitespace/comments] [4]
[2.173s] 3: /home/alumnos/josetost/colcon_ws/src/navigation-grupo-dia-libre-1/bt_behavior/src/bt_behavior/GetNextWaypoint.cpp:42:  Should have a space between // and comment  [whitespace/comments] [4]
[2.178s] 3: /home/alumnos/josetost/colcon_ws/src/navigation-grupo-dia-libre-1/bt_behavior/src/bt_behavior/GetNextWaypoint.cpp:60:  Redundant blank line at the start of a code block should be deleted.  [whitespace/blank_line] [2]
[2.178s] 3: /home/alumnos/josetost/colcon_ws/src/navigation-grupo-dia-libre-1/bt_behavior/src/bt_behavior/GetNextWaypoint.cpp:61:  Should have a space between // and comment  [whitespace/comments] [4]
[2.178s] 3: /home/alumnos/josetost/colcon_ws/src/navigation-grupo-dia-libre-1/bt_behavior/src/bt_behavior/GetNextWaypoint.cpp:78:  Redundant blank line at the start of a code block should be deleted.  [whitespace/blank_line] [2]
[2.178s] 3: /home/alumnos/josetost/colcon_ws/src/navigation-grupo-dia-libre-1/bt_behavior/src/bt_behavior/GetNextWaypoint.cpp:114:  Line ends in whitespace.  Consider deleting these extra spaces.  [whitespace/end_of_line] [4]
[2.179s] 3: /home/alumnos/josetost/colcon_ws/src/navigation-grupo-dia-libre-1/bt_behavior/src/bt_behavior/GetNextWaypoint.cpp:130:  Line ends in whitespace.  Consider deleting these extra spaces.  [whitespace/end_of_line] [4]
[2.179s] 3: /home/alumnos/josetost/colcon_ws/src/navigation-grupo-dia-libre-1/bt_behavior/src/bt_behavior/GetNextWaypoint.cpp:133:  Line ends in whitespace.  Consider deleting these extra spaces.  [whitespace/end_of_line] [4]
[2.183s] 3: /home/alumnos/josetost/colcon_ws/src/navigation-grupo-dia-libre-1/bt_behavior/src/bt_behavior/GetNextWaypoint.cpp:120:  Add #include <vector> for vector<>  [build/include_what_you_use] [4]
[2.183s] 3: /home/alumnos/josetost/colcon_ws/src/navigation-grupo-dia-libre-1/bt_behavior/src/bt_behavior/IsRaceFinished.cpp:48:  Redundant blank line at the start of a code block should be deleted.  [whitespace/blank_line] [2]
[2.183s] 3: /home/alumnos/josetost/colcon_ws/src/navigation-grupo-dia-libre-1/bt_behavior/src/bt_behavior/IsRaceFinished.cpp:52:  Add #include <vector> for vector<>  [build/include_what_you_use] [4]
[2.186s] 3: /home/alumnos/josetost/colcon_ws/src/navigation-grupo-dia-libre-1/bt_behavior/src/bt_behavior/Move.cpp:55:  Lines should be <= 100 characters long  [whitespace/line_length] [2]
[2.186s] 3: /home/alumnos/josetost/colcon_ws/src/navigation-grupo-dia-libre-1/bt_behavior/src/bt_behavior/Move.cpp:57:  Should have a space between // and comment  [whitespace/comments] [4]
[2.190s] 3: /home/alumnos/josetost/colcon_ws/src/navigation-grupo-dia-libre-1/bt_behavior/src/bt_behavior/Move.cpp:58:  Should have a space between // and comment  [whitespace/comments] [4]
[2.190s] 3: /home/alumnos/josetost/colcon_ws/src/navigation-grupo-dia-libre-1/bt_behavior/src/bt_behavior/Move.cpp:60:  Should have a space between // and comment  [whitespace/comments] [4]
[2.190s] 3: /home/alumnos/josetost/colcon_ws/src/navigation-grupo-dia-libre-1/bt_behavior/src/bt_behavior/Move.cpp:71:  Lines should be <= 100 characters long  [whitespace/line_length] [2]
[2.191s] 3: /home/alumnos/josetost/colcon_ws/src/navigation-grupo-dia-libre-1/bt_behavior/src/bt_behavior/Move.cpp:71:  Should have a space between // and comment  [whitespace/comments] [4]
[2.191s] 3: /home/alumnos/josetost/colcon_ws/src/navigation-grupo-dia-libre-1/bt_behavior/src/bt_behavior/Move.cpp:72:  Line ends in whitespace.  Consider deleting these extra spaces.  [whitespace/end_of_line] [4]
[2.191s] 3: /home/alumnos/josetost/colcon_ws/src/navigation-grupo-dia-libre-1/bt_behavior/src/bt_behavior/Move.cpp:73:  Should have a space between // and comment  [whitespace/comments] [4]
[2.192s] 3: /home/alumnos/josetost/colcon_ws/src/navigation-grupo-dia-libre-1/bt_behavior/src/bt_behavior/Move.cpp:74:  Should have a space between // and comment  [whitespace/comments] [4]
[2.192s] 3: /home/alumnos/josetost/colcon_ws/src/navigation-grupo-dia-libre-1/bt_behavior/src/bt_behavior/Move.cpp:76:  Should have a space between // and comment  [whitespace/comments] [4]
[2.192s] 3: /home/alumnos/josetost/colcon_ws/src/navigation-grupo-dia-libre-1/bt_behavior/src/bt_behavior/Move.cpp:87:  Lines should be <= 100 characters long  [whitespace/line_length] [2]
[2.193s] 3: /home/alumnos/josetost/colcon_ws/src/navigation-grupo-dia-libre-1/bt_behavior/src/bt_behavior/Move.cpp:87:  Should have a space between // and comment  [whitespace/comments] [4]
[2.193s] 3: /home/alumnos/josetost/colcon_ws/src/navigation-grupo-dia-libre-1/bt_behavior/src/bt_behavior/Move.cpp:88:  Line ends in whitespace.  Consider deleting these extra spaces.  [whitespace/end_of_line] [4]
[2.193s] 3: /home/alumnos/josetost/colcon_ws/src/navigation-grupo-dia-libre-1/bt_behavior/src/bt_behavior/Move.cpp:89:  Should have a space between // and comment  [whitespace/comments] [4]
[2.193s] 3: /home/alumnos/josetost/colcon_ws/src/navigation-grupo-dia-libre-1/bt_behavior/src/bt_behavior/Move.cpp:90:  Should have a space between // and comment  [whitespace/comments] [4]
[2.197s] 3: /home/alumnos/josetost/colcon_ws/src/navigation-grupo-dia-libre-1/bt_behavior/src/bt_behavior/Move.cpp:92:  Should have a space between // and comment  [whitespace/comments] [4]
[2.198s] 3: Category 'build/include' errors found: 4
[2.198s] 3: Category 'build/include_order' errors found: 3
[2.199s] 3: Category 'build/include_what_you_use' errors found: 3
[2.199s] 3: Category 'whitespace/blank_line' errors found: 4
[2.200s] 3: Category 'whitespace/comments' errors found: 18
[2.200s] 3: Category 'whitespace/end_of_line' errors found: 5
[2.201s] 3: Category 'whitespace/ending_newline' errors found: 1
[2.202s] 3: Category 'whitespace/line_length' errors found: 3
[2.202s] 3: Total errors found: 41
[2.202s] 3: Using '--root=..' argument
[2.202s] 3: 
[2.202s] 3: Done processing /home/alumnos/josetost/colcon_ws/src/navigation-grupo-dia-libre-1/bt_behavior/tests/bt_action_test.cpp
[2.203s] 3: 
[2.203s] 3: Using '--root=/home/alumnos/josetost/colcon_ws/src/navigation-grupo-dia-libre-1/bt_behavior/include' argument
[2.204s] 3: 
[2.204s] 3: Done processing /home/alumnos/josetost/colcon_ws/src/navigation-grupo-dia-libre-1/bt_behavior/include/bt_behavior/GetNextWaypoint.hpp
[2.204s] 3: 
[2.205s] 3: Done processing /home/alumnos/josetost/colcon_ws/src/navigation-grupo-dia-libre-1/bt_behavior/include/bt_behavior/IsRaceFinished.hpp
[2.205s] 3: 
[2.206s] 3: Done processing /home/alumnos/josetost/colcon_ws/src/navigation-grupo-dia-libre-1/bt_behavior/include/bt_behavior/Move.hpp
[2.206s] 3: 
[2.206s] 3: Done processing /home/alumnos/josetost/colcon_ws/src/navigation-grupo-dia-libre-1/bt_behavior/include/bt_behavior/ctrl_support/BTActionNode.hpp
[2.207s] 3: 
[2.207s] 3: Done processing /home/alumnos/josetost/colcon_ws/src/navigation-grupo-dia-libre-1/bt_behavior/include/bt_behavior/ctrl_support/BTLifecycleCtrlNode.hpp
[2.208s] 3: 
[2.208s] 3: Using '--root=/home/alumnos/josetost/colcon_ws/src/navigation-grupo-dia-libre-1/bt_behavior/src' argument
[2.209s] 3: 
[2.209s] 3: Done processing /home/alumnos/josetost/colcon_ws/src/navigation-grupo-dia-libre-1/bt_behavior/src/nav_wp.cpp
[2.209s] 3: 
[2.209s] 3: Done processing /home/alumnos/josetost/colcon_ws/src/navigation-grupo-dia-libre-1/bt_behavior/src/bt_behavior/GetNextWaypoint.cpp
[2.210s] 3: 
[2.210s] 3: Done processing /home/alumnos/josetost/colcon_ws/src/navigation-grupo-dia-libre-1/bt_behavior/src/bt_behavior/IsRaceFinished.cpp
[2.210s] 3: 
[2.210s] 3: Done processing /home/alumnos/josetost/colcon_ws/src/navigation-grupo-dia-libre-1/bt_behavior/src/bt_behavior/Move.cpp
[2.210s] 3: 
[2.211s] 3: -- run_test.py: return code 1
[2.211s] 3: -- run_test.py: verify result file '/home/alumnos/josetost/colcon_ws/src/navigation-grupo-dia-libre-1/build/bt_behavior/test_results/bt_behavior/cpplint.xunit.xml'
[2.219s] 3/9 Test #3: cpplint ..........................***Failed    0.91 sec
[2.221s] test 4
[2.221s]     Start 4: flake8
[2.221s] 
[2.222s] 4: Test command: /usr/bin/python3 "-u" "/opt/ros/foxy/share/ament_cmake_test/cmake/run_test.py" "/home/alumnos/josetost/colcon_ws/src/navigation-grupo-dia-libre-1/build/bt_behavior/test_results/bt_behavior/flake8.xunit.xml" "--package-name" "bt_behavior" "--output-file" "/home/alumnos/josetost/colcon_ws/src/navigation-grupo-dia-libre-1/build/bt_behavior/ament_flake8/flake8.txt" "--command" "/opt/ros/foxy/bin/ament_flake8" "--xunit-file" "/home/alumnos/josetost/colcon_ws/src/navigation-grupo-dia-libre-1/build/bt_behavior/test_results/bt_behavior/flake8.xunit.xml"
[2.222s] 4: Test timeout computed to be: 60
[2.297s] 4: -- run_test.py: invoking following command in '/home/alumnos/josetost/colcon_ws/src/navigation-grupo-dia-libre-1/bt_behavior':
[2.297s] 4:  - /opt/ros/foxy/bin/ament_flake8 --xunit-file /home/alumnos/josetost/colcon_ws/src/navigation-grupo-dia-libre-1/build/bt_behavior/test_results/bt_behavior/flake8.xunit.xml
[2.894s] 4: 
[2.894s] 4: 1 files checked
[2.894s] 4: No problems found
[2.895s] 4: 
[2.895s] 4: Checked files:
[2.895s] 4: 
[2.895s] 4: * ./launch/patrolling.launch.py
[2.922s] 4: -- run_test.py: return code 0
[2.924s] 4: -- run_test.py: verify result file '/home/alumnos/josetost/colcon_ws/src/navigation-grupo-dia-libre-1/build/bt_behavior/test_results/bt_behavior/flake8.xunit.xml'
[2.935s] 4/9 Test #4: flake8 ...........................   Passed    0.71 sec
[2.940s] test 5
[2.941s]     Start 5: lint_cmake
[2.941s] 
[2.941s] 5: Test command: /usr/bin/python3 "-u" "/opt/ros/foxy/share/ament_cmake_test/cmake/run_test.py" "/home/alumnos/josetost/colcon_ws/src/navigation-grupo-dia-libre-1/build/bt_behavior/test_results/bt_behavior/lint_cmake.xunit.xml" "--package-name" "bt_behavior" "--output-file" "/home/alumnos/josetost/colcon_ws/src/navigation-grupo-dia-libre-1/build/bt_behavior/ament_lint_cmake/lint_cmake.txt" "--command" "/opt/ros/foxy/bin/ament_lint_cmake" "--xunit-file" "/home/alumnos/josetost/colcon_ws/src/navigation-grupo-dia-libre-1/build/bt_behavior/test_results/bt_behavior/lint_cmake.xunit.xml"
[2.941s] 5: Test timeout computed to be: 60
[3.012s] 5: -- run_test.py: invoking following command in '/home/alumnos/josetost/colcon_ws/src/navigation-grupo-dia-libre-1/bt_behavior':
[3.012s] 5:  - /opt/ros/foxy/bin/ament_lint_cmake --xunit-file /home/alumnos/josetost/colcon_ws/src/navigation-grupo-dia-libre-1/build/bt_behavior/test_results/bt_behavior/lint_cmake.xunit.xml
[3.388s] 5: CMakeLists.txt:40: Line ends in whitespace [whitespace/eol]
[3.389s] 5: 
[3.390s] 5: 
[3.391s] 5: 1 errors
[3.401s] 5: -- run_test.py: return code 1
[3.403s] 5: -- run_test.py: verify result file '/home/alumnos/josetost/colcon_ws/src/navigation-grupo-dia-libre-1/build/bt_behavior/test_results/bt_behavior/lint_cmake.xunit.xml'
[3.416s] 5/9 Test #5: lint_cmake .......................***Failed    0.47 sec
[3.418s] test 6
[3.418s]     Start 6: pep257
[3.419s] 
[3.419s] 6: Test command: /usr/bin/python3 "-u" "/opt/ros/foxy/share/ament_cmake_test/cmake/run_test.py" "/home/alumnos/josetost/colcon_ws/src/navigation-grupo-dia-libre-1/build/bt_behavior/test_results/bt_behavior/pep257.xunit.xml" "--package-name" "bt_behavior" "--output-file" "/home/alumnos/josetost/colcon_ws/src/navigation-grupo-dia-libre-1/build/bt_behavior/ament_pep257/pep257.txt" "--command" "/opt/ros/foxy/bin/ament_pep257" "--xunit-file" "/home/alumnos/josetost/colcon_ws/src/navigation-grupo-dia-libre-1/build/bt_behavior/test_results/bt_behavior/pep257.xunit.xml"
[3.420s] 6: Test timeout computed to be: 60
[3.494s] 6: -- run_test.py: invoking following command in '/home/alumnos/josetost/colcon_ws/src/navigation-grupo-dia-libre-1/bt_behavior':
[3.494s] 6:  - /opt/ros/foxy/bin/ament_pep257 --xunit-file /home/alumnos/josetost/colcon_ws/src/navigation-grupo-dia-libre-1/build/bt_behavior/test_results/bt_behavior/pep257.xunit.xml
[3.901s] 6: checking ./launch/patrolling.launch.py
[3.902s] 6: No problems found
[3.925s] 6: -- run_test.py: return code 0
[3.927s] 6: -- run_test.py: verify result file '/home/alumnos/josetost/colcon_ws/src/navigation-grupo-dia-libre-1/build/bt_behavior/test_results/bt_behavior/pep257.xunit.xml'
[3.939s] 6/9 Test #6: pep257 ...........................   Passed    0.52 sec
[3.941s] test 7
[3.941s]     Start 7: uncrustify
[3.941s] 
[3.942s] 7: Test command: /usr/bin/python3 "-u" "/opt/ros/foxy/share/ament_cmake_test/cmake/run_test.py" "/home/alumnos/josetost/colcon_ws/src/navigation-grupo-dia-libre-1/build/bt_behavior/test_results/bt_behavior/uncrustify.xunit.xml" "--package-name" "bt_behavior" "--output-file" "/home/alumnos/josetost/colcon_ws/src/navigation-grupo-dia-libre-1/build/bt_behavior/ament_uncrustify/uncrustify.txt" "--command" "/opt/ros/foxy/bin/ament_uncrustify" "--xunit-file" "/home/alumnos/josetost/colcon_ws/src/navigation-grupo-dia-libre-1/build/bt_behavior/test_results/bt_behavior/uncrustify.xunit.xml"
[3.942s] 7: Test timeout computed to be: 60
[4.021s] 7: -- run_test.py: invoking following command in '/home/alumnos/josetost/colcon_ws/src/navigation-grupo-dia-libre-1/bt_behavior':
[4.021s] 7:  - /opt/ros/foxy/bin/ament_uncrustify --xunit-file /home/alumnos/josetost/colcon_ws/src/navigation-grupo-dia-libre-1/build/bt_behavior/test_results/bt_behavior/uncrustify.xunit.xml
[4.423s] 7: Code style divergence in file 'src/bt_behavior/GetNextWaypoint.cpp':
[4.423s] 7: 
[4.424s] 7: --- src/bt_behavior/GetNextWaypoint.cpp
[4.424s] 7: +++ src/bt_behavior/GetNextWaypoint.cpp.uncrustify
[4.424s] 7: @@ -114 +114 @@
[4.425s] 7: -{ 
[4.425s] 7: +{
[4.426s] 7: @@ -128 +128 @@
[4.432s] 7: -  "]" << std::endl;
[4.433s] 7: +    "]" << std::endl;
[4.433s] 7: @@ -130 +130 @@
[4.434s] 7: -  
[4.435s] 7: +
[4.435s] 7: @@ -133 +133 @@
[4.436s] 7: -  
[4.436s] 7: +
[4.436s] 7: 
[4.437s] 7: Code style divergence in file 'src/bt_behavior/Move.cpp':
[4.437s] 7: 
[4.437s] 7: --- src/bt_behavior/Move.cpp
[4.438s] 7: +++ src/bt_behavior/Move.cpp.uncrustify
[4.438s] 7: @@ -60 +60 @@
[4.438s] 7: - //success_pub->publish(beep);
[4.439s] 7: +  //success_pub->publish(beep);
[4.439s] 7: @@ -72 +72 @@
[4.439s] 7: - 
[4.440s] 7: +
[4.440s] 7: @@ -88 +88 @@
[4.440s] 7: - 
[4.441s] 7: +
[4.441s] 7: 
[4.442s] 7: Code style divergence in file 'src/nav_wp.cpp':
[4.443s] 7: 
[4.443s] 7: --- src/nav_wp.cpp
[4.443s] 7: +++ src/nav_wp.cpp.uncrustify
[4.444s] 7: @@ -94 +94 @@
[4.444s] 7: -// ros2 run pkg node --ros-args --params-file ruta absoluta
[4.444s] 7: +// ros2 run pkg node --ros-args --params-file ruta absoluta
[4.444s] 7: 
[4.445s] 7: 3 files with code style divergence
[4.446s] 7: No code style divergence in file 'include/bt_behavior/GetNextWaypoint.hpp'
[4.446s] 7: 
[4.446s] 7: No code style divergence in file 'include/bt_behavior/IsRaceFinished.hpp'
[4.447s] 7: 
[4.447s] 7: No code style divergence in file 'include/bt_behavior/Move.hpp'
[4.448s] 7: 
[4.448s] 7: No code style divergence in file 'include/bt_behavior/ctrl_support/BTActionNode.hpp'
[4.448s] 7: 
[4.449s] 7: No code style divergence in file 'include/bt_behavior/ctrl_support/BTLifecycleCtrlNode.hpp'
[4.449s] 7: 
[4.449s] 7: No code style divergence in file 'src/bt_behavior/IsRaceFinished.cpp'
[4.450s] 7: 
[4.450s] 7: No code style divergence in file 'tests/bt_action_test.cpp'
[4.450s] 7: 
[4.451s] 7: -- run_test.py: return code 1
[4.452s] 7: -- run_test.py: verify result file '/home/alumnos/josetost/colcon_ws/src/navigation-grupo-dia-libre-1/build/bt_behavior/test_results/bt_behavior/uncrustify.xunit.xml'
[4.455s] 7/9 Test #7: uncrustify .......................***Failed    0.51 sec
[4.457s] test 8
[4.457s]     Start 8: xmllint
[4.457s] 
[4.457s] 8: Test command: /usr/bin/python3 "-u" "/opt/ros/foxy/share/ament_cmake_test/cmake/run_test.py" "/home/alumnos/josetost/colcon_ws/src/navigation-grupo-dia-libre-1/build/bt_behavior/test_results/bt_behavior/xmllint.xunit.xml" "--package-name" "bt_behavior" "--output-file" "/home/alumnos/josetost/colcon_ws/src/navigation-grupo-dia-libre-1/build/bt_behavior/ament_xmllint/xmllint.txt" "--command" "/opt/ros/foxy/bin/ament_xmllint" "--xunit-file" "/home/alumnos/josetost/colcon_ws/src/navigation-grupo-dia-libre-1/build/bt_behavior/test_results/bt_behavior/xmllint.xunit.xml"
[4.458s] 8: Test timeout computed to be: 60
[4.529s] 8: -- run_test.py: invoking following command in '/home/alumnos/josetost/colcon_ws/src/navigation-grupo-dia-libre-1/bt_behavior':
[4.529s] 8:  - /opt/ros/foxy/bin/ament_xmllint --xunit-file /home/alumnos/josetost/colcon_ws/src/navigation-grupo-dia-libre-1/build/bt_behavior/test_results/bt_behavior/xmllint.xunit.xml
[5.148s] 8: File 'package.xml' is valid
[5.148s] 8: 
[5.148s] 8: File 'behavior_tree_xml/behavior.xml' is valid
[5.148s] 8: 
[5.148s] 8: No problems found
[5.163s] 8: -- run_test.py: return code 0
[5.165s] 8: -- run_test.py: verify result file '/home/alumnos/josetost/colcon_ws/src/navigation-grupo-dia-libre-1/build/bt_behavior/test_results/bt_behavior/xmllint.xunit.xml'
[5.176s] 8/9 Test #8: xmllint ..........................   Passed    0.72 sec
[5.178s] test 9
[5.179s]     Start 9: bt_action_test
[5.179s] 
[5.180s] 9: Test command: /usr/bin/python3 "-u" "/opt/ros/foxy/share/ament_cmake_test/cmake/run_test.py" "/home/alumnos/josetost/colcon_ws/src/navigation-grupo-dia-libre-1/build/bt_behavior/test_results/bt_behavior/bt_action_test.gtest.xml" "--package-name" "bt_behavior" "--output-file" "/home/alumnos/josetost/colcon_ws/src/navigation-grupo-dia-libre-1/build/bt_behavior/ament_cmake_gtest/bt_action_test.txt" "--command" "/home/alumnos/josetost/colcon_ws/src/navigation-grupo-dia-libre-1/build/bt_behavior/tests/bt_action_test" "--gtest_output=xml:/home/alumnos/josetost/colcon_ws/src/navigation-grupo-dia-libre-1/build/bt_behavior/test_results/bt_behavior/bt_action_test.gtest.xml"
[5.180s] 9: Test timeout computed to be: 60
[5.253s] 9: -- run_test.py: invoking following command in '/home/alumnos/josetost/colcon_ws/src/navigation-grupo-dia-libre-1/build/bt_behavior/tests':
[5.253s] 9:  - /home/alumnos/josetost/colcon_ws/src/navigation-grupo-dia-libre-1/build/bt_behavior/tests/bt_action_test --gtest_output=xml:/home/alumnos/josetost/colcon_ws/src/navigation-grupo-dia-libre-1/build/bt_behavior/test_results/bt_behavior/bt_action_test.gtest.xml
[5.277s] 9: [==========] Running 2 tests from 1 test case.
[5.277s] 9: [----------] Global test environment set-up.
[5.278s] 9: [----------] 2 tests from bt_action
[5.278s] 9: [ RUN      ] bt_action.patrol_btn
[5.291s] 9: unknown file: Failure
[5.291s] 9: C++ exception with description "Could not load library: libbr2_patrol_bt_node.so: cannot open shared object file: No such file or directory" thrown in the test body.
[5.291s] 9: [  FAILED  ] bt_action.patrol_btn (13 ms)
[5.291s] 9: [ RUN      ] bt_action.move_btn
[5.301s] 9: [INFO] [1646642608.784947327] [move_btn_node]: Waiting for "navigate_to_pose" action server
[5.301s] 9: [INFO] [1646642608.785103216] [move_btn_node]: "move" BtActionNode initialized
[5.302s] 9: [INFO] [1646642608.786354806] [move_btn_node]: Waiting for "navigate_to_pose" action server
[11.501s] 9: [INFO] [1646642614.985323780] [move_btn_node]: navigation Suceeded
[11.608s] 9: [       OK ] bt_action.move_btn (6317 ms)
[11.608s] 9: [----------] 2 tests from bt_action (6330 ms total)
[11.608s] 9: 
[11.609s] 9: [----------] Global test environment tear-down
[11.611s] 9: [==========] 2 tests from 1 test case ran. (6330 ms total)
[11.611s] 9: [  PASSED  ] 1 test.
[11.611s] 9: [  FAILED  ] 1 test, listed below:
[11.612s] 9: [  FAILED  ] bt_action.patrol_btn
[11.612s] 9: 
[11.613s] 9:  1 FAILED TEST
[11.616s] 9: -- run_test.py: return code 1
[11.618s] 9: -- run_test.py: inject classname prefix into gtest result file '/home/alumnos/josetost/colcon_ws/src/navigation-grupo-dia-libre-1/build/bt_behavior/test_results/bt_behavior/bt_action_test.gtest.xml'
[11.619s] 9: -- run_test.py: verify result file '/home/alumnos/josetost/colcon_ws/src/navigation-grupo-dia-libre-1/build/bt_behavior/test_results/bt_behavior/bt_action_test.gtest.xml'
[11.631s] 9/9 Test #9: bt_action_test ...................***Failed    6.45 sec
[11.638s] 
[11.638s] 56% tests passed[0;0m, [0;31m4 tests failed[0;0m out of 9
[11.638s] 
[11.639s] Label Time Summary:
[11.639s] copyright     =   0.56 sec*proc (1 test)
[11.640s] cppcheck      =   0.54 sec*proc (1 test)
[11.640s] cpplint       =   0.91 sec*proc (1 test)
[11.641s] flake8        =   0.71 sec*proc (1 test)
[11.641s] gtest         =   6.45 sec*proc (1 test)
[11.642s] lint_cmake    =   0.47 sec*proc (1 test)
[11.642s] linter        =   4.96 sec*proc (8 tests)
[11.643s] pep257        =   0.52 sec*proc (1 test)
[11.644s] uncrustify    =   0.51 sec*proc (1 test)
[11.644s] xmllint       =   0.72 sec*proc (1 test)
[11.645s] 
[11.645s] Total Test time (real) =  11.44 sec
[11.646s] 
[11.647s] The following tests FAILED:
[11.647s] 	[0;31m  3 - cpplint (Failed)[0;0m
[11.647s] 	[0;31m  5 - lint_cmake (Failed)[0;0m
[11.648s] 	[0;31m  7 - uncrustify (Failed)[0;0m
[11.648s] 	[0;31m  9 - bt_action_test (Failed)[0;0m
[11.675s] Errors while running CTest
[11.677s] Invoked command in '/home/alumnos/josetost/colcon_ws/src/navigation-grupo-dia-libre-1/build/bt_behavior' returned '8': AMENT_PREFIX_PATH=/home/alumnos/josetost/colcon_ws/src/navigation-grupo-dia-libre-1/install/bt_behavior:${AMENT_PREFIX_PATH} CMAKE_PREFIX_PATH=/home/alumnos/josetost/colcon_ws/src/navigation-grupo-dia-libre-1/install/bt_behavior LD_LIBRARY_PATH=/home/alumnos/josetost/colcon_ws/src/navigation-grupo-dia-libre-1/install/bt_behavior/lib:${LD_LIBRARY_PATH} /usr/bin/ctest -C Release -D ExperimentalTest --no-compress-output -V --force-new-ctest-process
